
                                                   14:17:20 29.01.16


           *********************************************
           *          PROGRAM WAVE                     *
           *                                           *
           *          VERSION 3.03/01 13.11.2015       *
           *                                           *
           *          Michael Scheer                   *
           *              BESSY                        *
           *********************************************

      USER COMMENT:

      U49 Peter Baumgaertel                                            

      CURRENT NUMBER:         345


      USER NAMELIST:



      MODE FLAGS:

      IUNDULATOR,IWIGGLER:            1           0



      CONTROL FLAGS:


      IUNAME,IUSTEP,IUOUT:            0           0           0
      IOPTIC,IGENFUN:                 0           0
      IMAGSPLN:                   -9999
      IEMIT,IEMIAHW:                  0           0
      IWLSOPT,IBEAMPOL:               0           0
      IENELOSS, IEFIELD:             -1           0
      IPOWER,ISPEC:                   0           1
      IVELOFIELD,ISPECMODE:           0           3
         IWFILL0,IRFILL0:                      0           0
         ISPECINT,IPIN:                        0           1
         IUSEM,ISTOKES:                        0           1
         IBRILL:                               1
         IPINCIRC,IRPHI:                       0           0
         IFOLD,ISIGUSR:                        0           1
         IF1DIM,IPOLA:                         0           0
         IWFILSP0,IWFILSPF:                    0           0
         IRFILSP0,IRFILSTO:                    0           0
         IWFILSTO,IWFLSTOF:                    0           0
         ISPECANA,ISPECANAF:                   0           0
         IAMPLI,IAMPSKIP:                      0           0
         IWFILFL0,IWFILFLF:                    0           0
         IWFILS,IWFILSF:                       0           0
         IWFILSE,IWFILSEF:                     0           0
         IWFILB,IWFILBF:                       0           0
         IWFILBE,IWFILBEF:                     0           0
         IWFILINT,IPINALL:                     0           0
         IRFILOB,IFILTER:                      0           0
         IWFILRAY,IDESYNC:                     1           0
         IPHASE,IPHASEANA:                     0           0
         IDOSE,IEFOLD:                         0           0
         ISPECDIP,IBL0CUT:                     0           0
         IEFFI,IFILMUL:                        0           0
         IBUNCH:                               0
      IWFILF:                         0


      MAGNETIC FIELD FLAGS:



      ICHARGE,IBMASK,JBMASK:          -1           0           0
      IBSUPER,IBERROR:                 1           0
      ICUTFIBO:                        1

      IPERIODG,IBSYM:                 0           0
      IBSYMY,IBSYMZ:                  0           0
      KBEXTERN,KBFELD:                0           0
      KHALBA,KHALBASY:                0           0
      KUCROSS,IRFILP:                 0           0
      KMAGSEQ,IMGSQF:                 0           0
             KMAGCOR:                 1
      IRFILF,IRBTAB:                  0           0
      IRBTABZY,KELLIP:                0           1
      KBPOLYH,KBPOLY3D:               0           0
      KBREC,KELLANA:                  0           0
      KBPOLYMAG,KBGENESIS:            0           0
      KBAMWLS:                        0



      HISTOGRAM FLAGS:

      IHBOOK,IHINDEX:                 1           0


      OTHER OPTIONS:


      IWBTAB,IWFILT0:                 0           0
      IWSECTMAGS:                     0
      IJUST,ISNORDER:                 0           0
      IWBMAP,IWBPOLY3D:               0           0
      IWBPOLY2DH,IWBPHARM:            0           0


      SR BELLIP, Parameters of elliptical undulator:
      horizontal and vertical peak field [T]:   0.00000000      0.166676208    
      number of periods, period and device length [m]:
         84.0000000       4.94000018E-02   4.14960003    
      shift parameter [periods], B_h/B_v:       0.00000000       0.00000000    
      B0_eff [T], deflection parameter K:  0.166676208      0.768814266    
      1. harmonical [nm] and [eV]:   2.81786799       440.000000    
      critical energy [eV]:   328.683929    

      longitudinal position of device center [m]:   0.0000000000000000     

      scaling factor for taper:   0.0000000000000000     

  
      Subroutine photon (quantum fluctuations):
  
       number of sampling bins (NBING1)        1000
       max. photon energy normalized to characteristic energy (EECMAXG1):
          5.0000000000000000     
  

      Number of tracking steps per meter (MYINUM):         5000

      Start and end of the trajectory [m](XSTART,XSTOP):
        -2.07480001       2.07480001    

      BMOVECUT:   1.00000001E-07

      Initial energy [GeV] and gamma:    1.72200000       3369.8702546331497     
      Final energy [GeV] and gamma:      1.72199988       3369.8699893620214     
      Relative change:                  -7.87185002E-08
      number of photons, RMS (keV) and rel. RMS of quantum fluctuation:
                 3   7.96064362E-02   4.62290579E-08


      B-rho [Tm], current [A]:   -5.74397326      0.100000001    

      Offset for vert. and hori. magnetic field (BYGOFF, BZGOFF):
          0.00000000       0.00000000    
      Global scaling factor for mag. field (B0SCGLOB,A0SCGLOB):
          1.00000000       1.00000000    

      Long. shift [m] of device (X(e-) -> X(e-)+XSHIFT):    0.00000000    
      Vert. shift [m] of device (Y(e-) -> Y(e-)+VSHIFT):    0.00000000    
      Hori. shift [m] of device (Z(e-) -> Z(e-)+HSHIFT):    0.00000000    
      Rotation angle [degree] of device:                    0.00000000    
      Y(e-) -> Y(e-)*sin(XROTD) + Y(e-)*cos(XROTD)
      Z(e-) -> Z(e-)*cos(XROTD) - Y(e-)*sin(XROTD)


      Magnetic field [T] at starting point:
         0.00000000       0.00000000       0.00000000    

      Vector potential [T-m] at starting point:
         0.00000000       0.00000000       0.00000000    


      Magnetic field [T] at stopping point:
         0.00000000       0.00000000       0.00000000    

      Vector potential [T-m] at stopping point:
         0.00000000       0.00000000       0.00000000    

      Extrema of magnetic field [T] and the trajectory [m]:

      BXmax,BXmin:    0.00000000       0.00000000    
      BYmax,BYmin:   0.166662738     -0.166676208    
      BZmax,BZmin:    0.00000000       0.00000000    

      Xmax,Xmin:    2.07480001      -2.07480001    
      Ymax,Ymin:    0.00000000       0.00000000    
      Zmax,Zmin:    1.79369579E-06  -1.79352890E-06


      Extrema of magnetic field [T] and the trajectory [m] between
      XIANF and XIEND

      BXmaxAE,BXminAE:    0.00000000       0.00000000    
      BYmaxAE,BYminAE:   0.166662738     -0.166676208    
      BZmaxAE,BZminAE:    0.00000000       0.00000000    

      XmaxAE,XminAE:    2.07480001      -2.07480001    
      YmaxAE,YminAE:    0.00000000       0.00000000    
      ZmaxAE,ZminAE:    1.79369579E-06  -1.79352890E-06


      Start values (coordinates [m] and slopes) of trajectory:

      X0:   -2.0747999999999998     
      Y0:    0.0000000000000000     
      Z0:    0.0000000000000000     

      ZP0:   0.0000000000000000     
      YP0:   0.0000000000000000     

      VX0:   299792444.80029100     
      VY0:   0.0000000000000000     
      VZ0:   0.0000000000000000     

      Values for X=0 (coordinates [m] and slopes) of trajectory:

      YCEN:    0.0000000000000000     
      ZCEN:    1.7936831039553493E-006

      YPCEN:   0.0000000000000000     
      ZPCEN:   6.6908491263785383E-014

      End values (coordinates [m] and slopes) of trajectory:

      XF0:    2.0747999999999998     
      YF0:    0.0000000000000000     
      ZF0:    2.1506510037201676E-011


      ZPF0:    1.0884793333765555E-011
      YPF0:    0.0000000000000000     

      VXF0:    299792449.00542736     
      VYF0:    0.0000000000000000     
      VZF0:    3.2631788504475256E-003


      Values for X=XIANF (coordinates [m] and slopes) of trajectory:

      XIANF:   -1.0000000000000000E+030
      YIANF:   -9999.0000000000000     
      ZIANF:   -9999.0000000000000     

      YPIANF:  -9999.0000000000000     
      ZPIANF:  -9999.0000000000000     



      Values for X=XIEND (coordinates [m] and slopes) of trajectory:

      XIEND:    1.0000000000000000E+030
      YIEND:   -9999.0000000000000     
      ZIEND:   -9999.0000000000000     

      YPIEND:  -9999.0000000000000     
      ZPIEND:  -9999.0000000000000     


      ZF0/(XSTOP-XSTART):    5.1827911213614997E-012
      YF0/(XSTOP-XSTART):    0.0000000000000000     

      YF0-Y0:   0.0000000000000000     
      ZF0-Z0:   2.1506510037201676E-011

      YPF0-YP0:   0.0000000000000000     
      ZPF0-ZP0:   1.0884793333765555E-011

      Straight line fit of z(x):
      offset:  -7.9985697769028338E-009
      slope:   4.3725490211276830E-012

      Straight line fit of vz(x)/vx(x):
      offset:   1.2312884850895156E-012
      slope:   5.5813507957627572E-009

      Straight line fit of y(x):
      offset:   0.0000000000000000     
      slope:   0.0000000000000000     

      Straight line fit of vy(x)/vx(x):
      offset:   0.0000000000000000     
      slope:   0.0000000000000000     

      1. magnetic integral [T-m]:    0.00000000       5.72539466E-13   0.00000000    
      2. mag. integral [T-m**2]:    0.00000000      -3.91920078E-14   0.00000000    

      Integrated By**2 [T**2-m]:                      5.72968498E-02
      Energy irradiated by the device per e- [MeV]:   2.14990185E-04
      Rel. energy loss:                               1.24849123E-07
      Power irradiated by the device [kWATT]:         2.14990191E-02

      Length of trajectory (BINT0) [m]:
         4.1496000535481627     
      Integrated (YP**2+ZP**2)/2 of trajectory (WTRA2I) [m]:
         5.3548431483115365E-008
      corresponding phase advance [nm and eV]:
         236.25322733003080        5.2480211070496612     
      dE/E and corresponding dL = 2 * dE/E * L [nm]:
         1.00000005E-03  0.107096866    
      Circumference of the ring [m]:                 240.000000    
      Rel. change of total circumference (from BINT0):         
         2.23117344E-10
      Rel. change of total circumference (from WTRA2I):
         2.23118468E-10

      Max. and min. deflection angle [rad]:    2.28145160E-04  -2.28145145E-04


      SPECTRUM
      ===========

      Start and end of points [m] of integration for spectrum
      calculations (XIANF,XIEND):  -1.00000002E+30   1.00000002E+30


      SR WFILL0:

      Parameters:
      WGWINFC:   2646.6899088765672     
      WBL0CUT:   0.0000000000000000     
      WBL0HYS:   1.0000000000000000     

      Pinhole of collimators:
      (X,Y,Z), width, height:

        1.0000E+01  0.0000E+00  0.0000E+00  1.0000E+03  1.0000E+03
        1.0000E+01  0.0000E+00  0.0000E+00  1.0000E+03  1.0000E+03

      Number of sources:           1
      Begin and end of sources (x,y,z):

                 1  -2.07480001       0.00000000       0.00000000    
                 1   2.07480001       0.00000000       2.15065101E-11

      Horiz., vert. slopes and mag. field
      at begin and end of sources:

                 1   0.00000000       0.00000000       0.00000000    
                 1   1.08847931E-11   0.00000000       4.35235181E-13


      SR COHEREN:
      Minimum and maximum number of phases  between
      photons and electrons:
         31.0133362       31.3349247    


       selected observation point:

          10.0000000       0.00000000       0.00000000    


      Source number, mean mag. field (sign from By), abs. mean and rel. rms
      for sources, and critical photon energy [eV] or wavelength [nm]
      (with respect to abs. mean):

           1  -5.14057059E-13  0.105666623      0.486472636       208.373596    

      Photon energy cut-off (SPECCUT):   0.00000000    

      Max. field and photon energy cuts for source points:

           1  0.166676298       0.00000000    

      Data-file written for program RAY
      File: wave_ray.dat                                                                                                                    
      (Device center is assumed at (0,0,0)
      Photon energy:   1310.58997    


      Results of spectrum calculations
      ================================


      Reflectivity coefficients (complex):

       (  1.0000000000000000     ,  0.0000000000000000     )
       (  1.0000000000000000     ,  0.0000000000000000     )
       (  1.0000000000000000     ,  0.0000000000000000     )



      Buffer size for integration (NDWSOU):       20849

      Provided number of integration steps for each source
      (controlled by NLPOI)
      (not necessarily used)

       20747

      Bandwidth:   1.00000005E-03


      Pinhole position (x,y,z) [m]:
         10.0000000       0.00000000       0.00000000    

      Numbers defining inner vert. and hori. edges (MMEDGEY,MMEDGEZ):            0           0
      Numbers defining outerer vert. and hori. edges (MEDGEY,MEDGEZ):            1           1
      Total number of vert. and hori. points:                    73          73
      Number of vert. and horiz. points inside pinhole:          71          71

      Vertical and horizontal grid size [m]:        2.85714286E-05   2.85714286E-05
      Vertical and horizontal size [m x m]:         2.00000009E-03   2.00000009E-03
      Total vert. and horiz. size [m x m]:          2.05714279E-03   2.05714279E-03

      Photon energy or wavelength and flux through pinhole:
      (for all sources and sum)

      1310.58997       3.12368651E+13   3.12368651E+13
      1310.75989       3.13173748E+13   3.13173748E+13
      1310.92981       3.13929771E+13   3.13929771E+13
      1311.09961       3.14633764E+13   3.14633764E+13
      1311.26953       3.15284364E+13   3.15284364E+13
      1311.43933       3.15882136E+13   3.15882136E+13
      1311.60925       3.16429555E+13   3.16429555E+13
      1311.77917       3.16931110E+13   3.16931110E+13
      1311.94897       3.17393281E+13   3.17393281E+13
      1312.11890       3.17824329E+13   3.17824329E+13
      1312.28870       3.18234176E+13   3.18234176E+13
      1312.45862       3.18634061E+13   3.18634061E+13
      1312.62854       3.19036273E+13   3.19036273E+13
      1312.79834       3.19453586E+13   3.19453586E+13
      1312.96826       3.19898874E+13   3.19898874E+13
      1313.13818       3.20384532E+13   3.20384532E+13
      1313.30798       3.20921865E+13   3.20921865E+13
      1313.47791       3.21520497E+13   3.21520497E+13
      1313.64771       3.22187748E+13   3.22187748E+13
      1313.81763       3.22928084E+13   3.22928084E+13
      1313.98755       3.23742492E+13   3.23742492E+13
      1314.15735       3.24627994E+13   3.24627994E+13
      1314.32727       3.25577123E+13   3.25577123E+13
      1314.49707       3.26577737E+13   3.26577737E+13
      1314.66699       3.27612598E+13   3.27612598E+13
      1314.83691       3.28659286E+13   3.28659286E+13
      1315.00671       3.29690204E+13   3.29690204E+13
      1315.17664       3.30672720E+13   3.30672720E+13
      1315.34656       3.31569399E+13   3.31569399E+13
      1315.51636       3.32338383E+13   3.32338383E+13
      1315.68628       3.32934037E+13   3.32934037E+13
      1315.85608       3.33307519E+13   3.33307519E+13
      1316.02600       3.33407658E+13   3.33407658E+13
      1316.19592       3.33181836E+13   3.33181836E+13
      1316.36572       3.32576934E+13   3.32576934E+13
      1316.53564       3.31540479E+13   3.31540479E+13
      1316.70544       3.30021680E+13   3.30021680E+13
      1316.87537       3.27972574E+13   3.27972574E+13
      1317.04529       3.25349204E+13   3.25349204E+13
      1317.21509       3.22112565E+13   3.22112565E+13
      1317.38501       3.18229751E+13   3.18229751E+13
      1317.55493       3.13674862E+13   3.13674862E+13
      1317.72473       3.08429759E+13   3.08429759E+13
      1317.89465       3.02484837E+13   3.02484837E+13
      1318.06445       2.95839486E+13   2.95839486E+13
      1318.23438       2.88502537E+13   2.88502537E+13
      1318.40430       2.80492297E+13   2.80492297E+13
      1318.57410       2.71836743E+13   2.71836743E+13
      1318.74402       2.62573077E+13   2.62573077E+13
      1318.91382       2.52747585E+13   2.52747585E+13
      1319.08374       2.42414833E+13   2.42414833E+13
      1319.25366       2.31637023E+13   2.31637023E+13
      1319.42346       2.20483090E+13   2.20483090E+13
      1319.59338       2.09027565E+13   2.09027565E+13
      1319.76331       1.97349427E+13   1.97349427E+13
      1319.93311       1.85530906E+13   1.85530906E+13
      1320.10303       1.73656055E+13   1.73656055E+13
      1320.27283       1.61809370E+13   1.61809370E+13
      1320.44275       1.50074494E+13   1.50074494E+13
      1320.61267       1.38532807E+13   1.38532807E+13
      1320.78247       1.27262114E+13   1.27262114E+13
      1320.95239       1.16335449E+13   1.16335449E+13
      1321.12219       1.05819962E+13   1.05819962E+13
      1321.29211       9.57759252E+12   9.57759252E+12
      1321.46204       8.62558932E+12   8.62558932E+12
      1321.63184       7.73040374E+12   7.73040374E+12
      1321.80176       6.89556790E+12   6.89556790E+12
      1321.97168       6.12369537E+12   6.12369537E+12
      1322.14148       5.41647123E+12   5.41647123E+12
      1322.31140       4.77465674E+12   4.77465674E+12
      1322.48120       4.19811767E+12   4.19811767E+12
      1322.65112       3.68586234E+12   3.68586234E+12
      1322.82104       3.23610162E+12   3.23610162E+12
      1322.99084       2.84631892E+12   2.84631892E+12
      1323.16077       2.51335252E+12   2.51335252E+12
      1323.33057       2.23348942E+12   2.23348942E+12
      1323.50049       2.00256428E+12   2.00256428E+12
      1323.67041       1.81606272E+12   1.81606272E+12
      1323.84021       1.66922853E+12   1.66922853E+12
      1324.01013       1.55716839E+12   1.55716839E+12
      1324.18005       1.47495518E+12   1.47495518E+12

      Estimated maximum:

         1315.99329       3.33413718E+13


      Flux density for selected point:

               1310.58997       4.17939873E+18   4.17939873E+18
               1310.75989       5.32290182E+18   5.32290182E+18
               1310.92981       6.55030754E+18   6.55030754E+18
               1311.09961       7.82518522E+18   7.82518522E+18
               1311.26953       9.10696234E+18   9.10696234E+18
               1311.43933       1.03522098E+19   1.03522098E+19
               1311.60925       1.15161188E+19   1.15161188E+19
               1311.77917       1.25541358E+19   1.25541358E+19
               1311.94897       1.34237143E+19   1.34237143E+19
               1312.11890       1.40861183E+19   1.40861183E+19
               1312.28870       1.45082395E+19   1.45082395E+19
               1312.45862       1.46643504E+19   1.46643504E+19
               1312.62854       1.45377449E+19   1.45377449E+19
               1312.79834       1.41222065E+19   1.41222065E+19
               1312.96826       1.34232382E+19   1.34232382E+19
               1313.13818       1.24590105E+19   1.24590105E+19
               1313.30798       1.12609826E+19   1.12609826E+19
               1313.47791       9.87414548E+18   9.87414548E+18
               1313.64771       8.35687276E+18   8.35687276E+18
               1313.81763       6.78036000E+18   6.78036000E+18
               1313.98755       5.22763848E+18   5.22763848E+18
               1314.15735       3.79217382E+18   3.79217382E+18
               1314.32727       2.57607713E+18   2.57607713E+18
               1314.49707       1.68794524E+18   1.68794524E+18
               1314.66699       1.24038793E+18   1.24038793E+18
               1314.83691       1.34728767E+18   1.34728767E+18
               1315.00671       2.12086049E+18   2.12086049E+18
               1315.17664       3.66859119E+18   3.66859119E+18
               1315.34656       6.09012014E+18   6.09012014E+18
               1315.51636       9.47416624E+18   9.47416624E+18
               1315.68628       1.38955708E+19   1.38955708E+19
               1315.85608       1.94125485E+19   1.94125485E+19
               1316.02600       2.60642288E+19   2.60642288E+19
               1316.19592       3.38685513E+19   3.38685513E+19
               1316.36572       4.28206167E+19   4.28206167E+19
               1316.53564       5.28914923E+19   5.28914923E+19
               1316.70544       6.40276011E+19   6.40276011E+19
               1316.87537       7.61506624E+19   7.61506624E+19
               1317.04529       8.91582016E+19   8.91582016E+19
               1317.21509       1.02924703E+20   1.02924703E+20
               1317.38501       1.17303324E+20   1.17303324E+20
               1317.55493       1.32128154E+20   1.32128154E+20
               1317.72473       1.47216998E+20   1.47216998E+20
               1317.89465       1.62374611E+20   1.62374611E+20
               1318.06445       1.77396350E+20   1.77396350E+20
               1318.23438       1.92072068E+20   1.92072068E+20
               1318.40430       2.06190290E+20   2.06190290E+20
               1318.57410       2.19542407E+20   2.19542407E+20
               1318.74402       2.31927025E+20   2.31927025E+20
               1318.91382       2.43154094E+20   2.43154094E+20
               1319.08374       2.53048872E+20   2.53048872E+20
               1319.25366       2.61455720E+20   2.61455720E+20
               1319.42346       2.68241272E+20   2.68241272E+20
               1319.59338       2.73297390E+20   2.73297390E+20
               1319.76331       2.76543447E+20   2.76543447E+20
               1319.93311       2.77928005E+20   2.77928005E+20
               1320.10303       2.77429988E+20   2.77429988E+20
               1320.27283       2.75059018E+20   2.75059018E+20
               1320.44275       2.70855190E+20   2.70855190E+20
               1320.61267       2.64888167E+20   2.64888167E+20
               1320.78247       2.57255621E+20   2.57255621E+20
               1320.95239       2.48081120E+20   2.48081120E+20
               1321.12219       2.37511330E+20   2.37511330E+20
               1321.29211       2.25712954E+20   2.25712954E+20
               1321.46204       2.12869058E+20   2.12869058E+20
               1321.63184       1.99175282E+20   1.99175282E+20
               1321.80176       1.84835733E+20   1.84835733E+20
               1321.97168       1.70058719E+20   1.70058719E+20
               1322.14148       1.55052655E+20   1.55052655E+20
               1322.31140       1.40021873E+20   1.40021873E+20
               1322.48120       1.25162721E+20   1.25162721E+20
               1322.65112       1.10659961E+20   1.10659961E+20
               1322.82104       9.66833999E+19   9.66833999E+19
               1322.99084       8.33851323E+19   8.33851323E+19
               1323.16077       7.08971167E+19   7.08971167E+19
               1323.33057       5.93293836E+19   5.93293836E+19
               1323.50049       4.87687459E+19   4.87687459E+19
               1323.67041       3.92781178E+19   3.92781178E+19
               1323.84021       3.08964065E+19   3.08964065E+19
               1324.01013       2.36389524E+19   2.36389524E+19
               1324.18005       1.74985044E+19   1.74985044E+19

      Estimated maximum:

         1319.97314       2.77980201E+20


      Power through pinhole [W]:
      (for all sources and sum)
       4.42103577       4.42103577    


      Power density at selected point [W/m**2]:

                1272274.00       1272274.00    




      Photon energy or wavelength and normalized components S0, S1/S0,
      S2/S0, S3/S0 of STOKES vector and polarization for pinhole:

       1.3106E+03  3.1237E+13  9.9894E-01  2.7312E-09 -6.6785E-21  9.9894E-01
       1.3108E+03  3.1317E+13  9.9897E-01  3.5665E-09 -3.6162E-20  9.9897E-01
       1.3109E+03  3.1393E+13  9.9900E-01 -1.8930E-09  7.1200E-21  9.9900E-01
       1.3111E+03  3.1463E+13  9.9903E-01  4.4636E-09 -1.5155E-20  9.9903E-01
       1.3113E+03  3.1528E+13  9.9905E-01 -1.6326E-09  1.2288E-20  9.9905E-01
       1.3114E+03  3.1588E+13  9.9908E-01 -6.8208E-11  2.6417E-20  9.9908E-01
       1.3116E+03  3.1643E+13  9.9911E-01 -7.8662E-09 -2.1662E-20  9.9911E-01
       1.3118E+03  3.1693E+13  9.9913E-01  5.9435E-09  1.4105E-21  9.9913E-01
       1.3119E+03  3.1739E+13  9.9916E-01  3.8884E-10  4.9765E-20  9.9916E-01
       1.3121E+03  3.1782E+13  9.9918E-01 -6.2848E-09  6.2357E-20  9.9918E-01
       1.3123E+03  3.1823E+13  9.9921E-01 -3.2139E-09  2.3412E-20  9.9921E-01
       1.3125E+03  3.1863E+13  9.9923E-01  3.4353E-09  2.8527E-20  9.9923E-01
       1.3126E+03  3.1904E+13  9.9925E-01 -5.5040E-09  2.7791E-20  9.9925E-01
       1.3128E+03  3.1945E+13  9.9928E-01  6.5912E-10  3.7317E-21  9.9928E-01
       1.3130E+03  3.1990E+13  9.9930E-01 -4.8666E-09 -1.1412E-20  9.9930E-01
       1.3131E+03  3.2038E+13  9.9932E-01  1.7666E-09 -4.6510E-22  9.9932E-01
       1.3133E+03  3.2092E+13  9.9934E-01  9.1467E-10 -3.4824E-21  9.9934E-01
       1.3135E+03  3.2152E+13  9.9936E-01  2.9117E-09 -3.0125E-20  9.9936E-01
       1.3136E+03  3.2219E+13  9.9938E-01  5.4996E-10 -1.9656E-20  9.9938E-01
       1.3138E+03  3.2293E+13  9.9940E-01  6.0883E-09  7.8445E-21  9.9940E-01
       1.3140E+03  3.2374E+13  9.9941E-01  1.0148E-08 -5.2932E-21  9.9941E-01
       1.3142E+03  3.2463E+13  9.9943E-01  9.9149E-09  4.0394E-20  9.9943E-01
       1.3143E+03  3.2558E+13  9.9945E-01  1.7617E-09  2.4028E-20  9.9945E-01
       1.3145E+03  3.2658E+13  9.9947E-01  5.6182E-09 -3.4906E-20  9.9947E-01
       1.3147E+03  3.2761E+13  9.9948E-01 -1.2227E-09  1.2053E-20  9.9948E-01
       1.3148E+03  3.2866E+13  9.9950E-01 -8.8363E-10  1.8136E-21  9.9950E-01
       1.3150E+03  3.2969E+13  9.9951E-01  1.2235E-09  3.6158E-21  9.9951E-01
       1.3152E+03  3.3067E+13  9.9953E-01  4.9988E-09  2.4334E-20  9.9953E-01
       1.3153E+03  3.3157E+13  9.9954E-01  2.2057E-10  1.8426E-20  9.9954E-01
       1.3155E+03  3.3234E+13  9.9955E-01  2.4683E-09  4.4837E-22  9.9955E-01
       1.3157E+03  3.3293E+13  9.9957E-01  4.8501E-09 -5.3261E-20  9.9957E-01
       1.3159E+03  3.3331E+13  9.9958E-01  2.9609E-09  2.6824E-21  9.9958E-01
       1.3160E+03  3.3341E+13  9.9959E-01 -1.9245E-09 -4.4694E-22  9.9959E-01
       1.3162E+03  3.3318E+13  9.9960E-01  4.0733E-09  1.2970E-20  9.9960E-01
       1.3164E+03  3.3258E+13  9.9962E-01  4.4656E-09 -4.3013E-20  9.9962E-01
       1.3165E+03  3.3154E+13  9.9963E-01  6.3984E-09 -2.5619E-20  9.9963E-01
       1.3167E+03  3.3002E+13  9.9964E-01 -5.0249E-09 -1.3997E-20  9.9964E-01
       1.3169E+03  3.2797E+13  9.9964E-01 -4.3790E-10 -8.1782E-21  9.9964E-01
       1.3170E+03  3.2535E+13  9.9965E-01  7.9136E-10 -4.6259E-20  9.9965E-01
       1.3172E+03  3.2211E+13  9.9966E-01 -4.8912E-10  2.8219E-20  9.9966E-01
       1.3174E+03  3.1823E+13  9.9967E-01 -4.8263E-09  1.1706E-20  9.9967E-01
       1.3176E+03  3.1367E+13  9.9967E-01  2.8983E-09 -8.0759E-21  9.9967E-01
       1.3177E+03  3.0843E+13  9.9967E-01  1.2203E-09  1.6185E-20  9.9967E-01
       1.3179E+03  3.0248E+13  9.9968E-01 -7.9882E-09  8.3746E-21  9.9968E-01
       1.3181E+03  2.9584E+13  9.9968E-01 -9.4827E-10 -5.3643E-20  9.9968E-01
       1.3182E+03  2.8850E+13  9.9968E-01 -1.9444E-08 -3.0215E-20  9.9968E-01
       1.3184E+03  2.8049E+13  9.9967E-01 -7.3827E-09  1.5406E-20  9.9967E-01
       1.3186E+03  2.7184E+13  9.9967E-01  7.2235E-09  1.4800E-20  9.9967E-01
       1.3187E+03  2.6257E+13  9.9967E-01 -5.6562E-09  5.4481E-20  9.9967E-01
       1.3189E+03  2.5275E+13  9.9966E-01  1.2206E-08  4.7165E-21  9.9966E-01
       1.3191E+03  2.4241E+13  9.9965E-01  6.6823E-09 -1.5060E-20  9.9965E-01
       1.3193E+03  2.3164E+13  9.9964E-01 -1.3402E-09  3.7955E-20  9.9964E-01
       1.3194E+03  2.2048E+13  9.9962E-01  6.3037E-09  1.2841E-20  9.9962E-01
       1.3196E+03  2.0903E+13  9.9961E-01 -1.6692E-09  3.5644E-21  9.9961E-01
       1.3198E+03  1.9735E+13  9.9959E-01 -1.1230E-09 -1.5101E-20  9.9959E-01
       1.3199E+03  1.8553E+13  9.9957E-01  4.0080E-09 -8.8348E-21  9.9957E-01
       1.3201E+03  1.7366E+13  9.9954E-01 -5.5859E-09 -5.1485E-21  9.9954E-01
       1.3203E+03  1.6181E+13  9.9952E-01  1.4399E-09 -3.6836E-21  9.9952E-01
       1.3204E+03  1.5007E+13  9.9948E-01 -1.4248E-08  1.1915E-20  9.9948E-01
       1.3206E+03  1.3853E+13  9.9945E-01 -3.2032E-09 -1.3983E-20  9.9945E-01
       1.3208E+03  1.2726E+13  9.9941E-01 -6.1877E-11 -1.5222E-20  9.9941E-01
       1.3210E+03  1.1634E+13  9.9936E-01 -7.6437E-10 -3.3303E-20  9.9936E-01
       1.3211E+03  1.0582E+13  9.9930E-01 -5.7442E-09  1.6898E-20  9.9930E-01
       1.3213E+03  9.5776E+12  9.9924E-01  1.7241E-08 -3.1117E-21  9.9924E-01
       1.3215E+03  8.6256E+12  9.9917E-01 -1.3100E-09 -1.3820E-20  9.9917E-01
       1.3216E+03  7.7304E+12  9.9908E-01  3.4096E-10 -2.3131E-20  9.9908E-01
       1.3218E+03  6.8956E+12  9.9898E-01 -3.9479E-09 -1.2966E-20  9.9898E-01
       1.3220E+03  6.1237E+12  9.9887E-01  5.2269E-09 -4.8667E-21  9.9887E-01
       1.3221E+03  5.4165E+12  9.9874E-01 -6.6854E-09 -3.9891E-20  9.9874E-01
       1.3223E+03  4.7747E+12  9.9859E-01  1.0877E-08  2.3407E-20  9.9859E-01
       1.3225E+03  4.1981E+12  9.9841E-01  1.2379E-10  3.9044E-20  9.9841E-01
       1.3227E+03  3.6859E+12  9.9821E-01  5.9781E-09  1.6171E-20  9.9821E-01
       1.3228E+03  3.2361E+12  9.9797E-01 -1.7118E-09  1.1512E-20  9.9797E-01
       1.3230E+03  2.8463E+12  9.9771E-01 -1.0267E-09 -6.5441E-20  9.9771E-01
       1.3232E+03  2.5134E+12  9.9742E-01  6.2906E-10  1.7786E-20  9.9742E-01
       1.3233E+03  2.2335E+12  9.9711E-01  6.5732E-09 -8.3396E-20  9.9711E-01
       1.3235E+03  2.0026E+12  9.9679E-01  6.2867E-09  3.7205E-20  9.9679E-01
       1.3237E+03  1.8161E+12  9.9647E-01  2.9749E-09 -7.7949E-20  9.9647E-01
       1.3238E+03  1.6692E+12  9.9616E-01  1.9272E-09 -1.6515E-19  9.9616E-01
       1.3240E+03  1.5572E+12  9.9589E-01 -7.5359E-09  1.9139E-20  9.9589E-01
       1.3242E+03  1.4750E+12  9.9566E-01  3.0334E-09  1.0103E-20  9.9566E-01


      Photon energy [eV] or wavelength [nm] for selected point
      of pinhole, S0, S1/S0, S2/S0, S3/S0, P of
      STOKES vector per unit area [m**2]:


           Observation point (x,y,z) [m]:
              10.0000000       0.00000000       0.00000000    

       1.3106E+03  4.1794E+18  1.0000E+00  0.0000E+00  0.0000E+00  1.0000E+00
       1.3108E+03  5.3229E+18  1.0000E+00  0.0000E+00  0.0000E+00  1.0000E+00
       1.3109E+03  6.5503E+18  1.0000E+00  0.0000E+00  0.0000E+00  1.0000E+00
       1.3111E+03  7.8252E+18  1.0000E+00  0.0000E+00  0.0000E+00  1.0000E+00
       1.3113E+03  9.1070E+18  1.0000E+00  0.0000E+00  0.0000E+00  1.0000E+00
       1.3114E+03  1.0352E+19  1.0000E+00  0.0000E+00  0.0000E+00  1.0000E+00
       1.3116E+03  1.1516E+19  1.0000E+00  0.0000E+00  0.0000E+00  1.0000E+00
       1.3118E+03  1.2554E+19  1.0000E+00  0.0000E+00  0.0000E+00  1.0000E+00
       1.3119E+03  1.3424E+19  1.0000E+00  0.0000E+00  0.0000E+00  1.0000E+00
       1.3121E+03  1.4086E+19  1.0000E+00  0.0000E+00  0.0000E+00  1.0000E+00
       1.3123E+03  1.4508E+19  1.0000E+00  0.0000E+00  0.0000E+00  1.0000E+00
       1.3125E+03  1.4664E+19  1.0000E+00  0.0000E+00  0.0000E+00  1.0000E+00
       1.3126E+03  1.4538E+19  1.0000E+00  0.0000E+00  0.0000E+00  1.0000E+00
       1.3128E+03  1.4122E+19  1.0000E+00  0.0000E+00  0.0000E+00  1.0000E+00
       1.3130E+03  1.3423E+19  1.0000E+00  0.0000E+00  0.0000E+00  1.0000E+00
       1.3131E+03  1.2459E+19  1.0000E+00  0.0000E+00  0.0000E+00  1.0000E+00
       1.3133E+03  1.1261E+19  1.0000E+00  0.0000E+00  0.0000E+00  1.0000E+00
       1.3135E+03  9.8741E+18  1.0000E+00  0.0000E+00  0.0000E+00  1.0000E+00
       1.3136E+03  8.3569E+18  1.0000E+00  0.0000E+00  0.0000E+00  1.0000E+00
       1.3138E+03  6.7804E+18  1.0000E+00  0.0000E+00  0.0000E+00  1.0000E+00
       1.3140E+03  5.2276E+18  1.0000E+00  0.0000E+00  0.0000E+00  1.0000E+00
       1.3142E+03  3.7922E+18  1.0000E+00  0.0000E+00  0.0000E+00  1.0000E+00
       1.3143E+03  2.5761E+18  1.0000E+00  0.0000E+00  0.0000E+00  1.0000E+00
       1.3145E+03  1.6879E+18  1.0000E+00  0.0000E+00  0.0000E+00  1.0000E+00
       1.3147E+03  1.2404E+18  1.0000E+00  0.0000E+00  0.0000E+00  1.0000E+00
       1.3148E+03  1.3473E+18  1.0000E+00  0.0000E+00  0.0000E+00  1.0000E+00
       1.3150E+03  2.1209E+18  1.0000E+00  0.0000E+00  0.0000E+00  1.0000E+00
       1.3152E+03  3.6686E+18  1.0000E+00  0.0000E+00  0.0000E+00  1.0000E+00
       1.3153E+03  6.0901E+18  1.0000E+00  0.0000E+00  0.0000E+00  1.0000E+00
       1.3155E+03  9.4742E+18  1.0000E+00  0.0000E+00  0.0000E+00  1.0000E+00
       1.3157E+03  1.3896E+19  1.0000E+00  0.0000E+00  0.0000E+00  1.0000E+00
       1.3159E+03  1.9413E+19  1.0000E+00  0.0000E+00  0.0000E+00  1.0000E+00
       1.3160E+03  2.6064E+19  1.0000E+00  0.0000E+00  0.0000E+00  1.0000E+00
       1.3162E+03  3.3869E+19  1.0000E+00  0.0000E+00  0.0000E+00  1.0000E+00
       1.3164E+03  4.2821E+19  1.0000E+00  0.0000E+00  0.0000E+00  1.0000E+00
       1.3165E+03  5.2891E+19  1.0000E+00  0.0000E+00  0.0000E+00  1.0000E+00
       1.3167E+03  6.4028E+19  1.0000E+00  0.0000E+00  0.0000E+00  1.0000E+00
       1.3169E+03  7.6151E+19  1.0000E+00  0.0000E+00  0.0000E+00  1.0000E+00
       1.3170E+03  8.9158E+19  1.0000E+00  0.0000E+00  0.0000E+00  1.0000E+00
       1.3172E+03  1.0292E+20  1.0000E+00  0.0000E+00  0.0000E+00  1.0000E+00
       1.3174E+03  1.1730E+20  1.0000E+00  0.0000E+00  0.0000E+00  1.0000E+00
       1.3176E+03  1.3213E+20  1.0000E+00  0.0000E+00  0.0000E+00  1.0000E+00
       1.3177E+03  1.4722E+20  1.0000E+00  0.0000E+00  0.0000E+00  1.0000E+00
       1.3179E+03  1.6237E+20  1.0000E+00  0.0000E+00  0.0000E+00  1.0000E+00
       1.3181E+03  1.7740E+20  1.0000E+00  0.0000E+00  0.0000E+00  1.0000E+00
       1.3182E+03  1.9207E+20  1.0000E+00  0.0000E+00  0.0000E+00  1.0000E+00
       1.3184E+03  2.0619E+20  1.0000E+00  0.0000E+00  0.0000E+00  1.0000E+00
       1.3186E+03  2.1954E+20  1.0000E+00  0.0000E+00  0.0000E+00  1.0000E+00
       1.3187E+03  2.3193E+20  1.0000E+00  0.0000E+00  0.0000E+00  1.0000E+00
       1.3189E+03  2.4315E+20  1.0000E+00  0.0000E+00  0.0000E+00  1.0000E+00
       1.3191E+03  2.5305E+20  1.0000E+00  0.0000E+00  0.0000E+00  1.0000E+00
       1.3193E+03  2.6146E+20  1.0000E+00  0.0000E+00  0.0000E+00  1.0000E+00
       1.3194E+03  2.6824E+20  1.0000E+00  0.0000E+00  0.0000E+00  1.0000E+00
       1.3196E+03  2.7330E+20  1.0000E+00  0.0000E+00  0.0000E+00  1.0000E+00
       1.3198E+03  2.7654E+20  1.0000E+00  0.0000E+00  0.0000E+00  1.0000E+00
       1.3199E+03  2.7793E+20  1.0000E+00  0.0000E+00  0.0000E+00  1.0000E+00
       1.3201E+03  2.7743E+20  1.0000E+00  0.0000E+00  0.0000E+00  1.0000E+00
       1.3203E+03  2.7506E+20  1.0000E+00  0.0000E+00  0.0000E+00  1.0000E+00
       1.3204E+03  2.7086E+20  1.0000E+00  0.0000E+00  0.0000E+00  1.0000E+00
       1.3206E+03  2.6489E+20  1.0000E+00  0.0000E+00  0.0000E+00  1.0000E+00
       1.3208E+03  2.5726E+20  1.0000E+00  0.0000E+00  0.0000E+00  1.0000E+00
       1.3210E+03  2.4808E+20  1.0000E+00  0.0000E+00  0.0000E+00  1.0000E+00
       1.3211E+03  2.3751E+20  1.0000E+00  0.0000E+00  0.0000E+00  1.0000E+00
       1.3213E+03  2.2571E+20  1.0000E+00  0.0000E+00  0.0000E+00  1.0000E+00
       1.3215E+03  2.1287E+20  1.0000E+00  0.0000E+00  0.0000E+00  1.0000E+00
       1.3216E+03  1.9918E+20  1.0000E+00  0.0000E+00  0.0000E+00  1.0000E+00
       1.3218E+03  1.8484E+20  1.0000E+00  0.0000E+00  0.0000E+00  1.0000E+00
       1.3220E+03  1.7006E+20  1.0000E+00  0.0000E+00  0.0000E+00  1.0000E+00
       1.3221E+03  1.5505E+20  1.0000E+00  0.0000E+00  0.0000E+00  1.0000E+00
       1.3223E+03  1.4002E+20  1.0000E+00  0.0000E+00  0.0000E+00  1.0000E+00
       1.3225E+03  1.2516E+20  1.0000E+00  0.0000E+00  0.0000E+00  1.0000E+00
       1.3227E+03  1.1066E+20  1.0000E+00  0.0000E+00  0.0000E+00  1.0000E+00
       1.3228E+03  9.6683E+19  1.0000E+00  0.0000E+00  0.0000E+00  1.0000E+00
       1.3230E+03  8.3385E+19  1.0000E+00  0.0000E+00  0.0000E+00  1.0000E+00
       1.3232E+03  7.0897E+19  1.0000E+00  0.0000E+00  0.0000E+00  1.0000E+00
       1.3233E+03  5.9329E+19  1.0000E+00  0.0000E+00  0.0000E+00  1.0000E+00
       1.3235E+03  4.8769E+19  1.0000E+00  0.0000E+00  0.0000E+00  1.0000E+00
       1.3237E+03  3.9278E+19  1.0000E+00  0.0000E+00  0.0000E+00  1.0000E+00
       1.3238E+03  3.0896E+19  1.0000E+00  0.0000E+00  0.0000E+00  1.0000E+00
       1.3240E+03  2.3639E+19  1.0000E+00  0.0000E+00  0.0000E+00  1.0000E+00
       1.3242E+03  1.7499E+19  1.0000E+00  0.0000E+00  0.0000E+00  1.0000E+00

       Total absolut maxima found for Stokes-V. (z,y,Eph,fluxdens.)

        0.0000E+00  0.0000E+00  1.3199E+03  2.7793E+20
        0.0000E+00  0.0000E+00  1.3199E+03  2.7793E+20
        2.0000E-04  2.0000E-04  1.3106E+03  1.1449E+19
       -2.2857E-04 -2.0000E-04  1.3108E+03  1.7224E+18


       Estimated maxima of s0, s1, s2 ,s3 for selected point:
          1319.97314       2.77980183E+20
          1319.97314       2.77980201E+20
          0.00000000       0.00000000    
          0.00000000       0.00000000    


       Estimated maximum of s3*s3/s0 for selected point:
          0.00000000       0.00000000    


       Estimated maxima of fluxes s0, s1, s2 ,s3:
          1315.99329       3.33413718E+13
          1315.99536       3.33277131E+13
          1318.25146       565490.125    
          1312.07568       2.03495665E-06


       Estimated maxima of fluxes s3*s3/s0:
          1312.08447       1.26676665E-25



      Brilliance calculations:
      (only meaningful for undulators)

      sigr=sqrt(2*lambda*L)/2/pi*sigrc and 
      sigrp=sqrt(lambda/2/L)*sigrpc

       sigrc,sigrpc:   1.0000000000000000        1.0000000000000000     

      make sure that the device length agrees to the length
      of the trajectory
      (for rec-fields rangrec and rangpm are substracted by program)

      Observation point:

         10.0000000       0.00000000       0.00000000    

      considered device length [m]:   4.14960003    


      Brilliance [photons/sec/BW/mm**2/mrad**2]

          1310.6        0.33447E+18    0.33447E+18     0.0000         0.0000    
          1310.8        0.42603E+18    0.42603E+18     0.0000         0.0000    
          1310.9        0.52434E+18    0.52434E+18     0.0000         0.0000    
          1311.1        0.62647E+18    0.62647E+18     0.0000         0.0000    
          1311.3        0.72918E+18    0.72918E+18     0.0000         0.0000    
          1311.4        0.82899E+18    0.82899E+18     0.0000         0.0000    
          1311.6        0.92232E+18    0.92232E+18     0.0000         0.0000    
          1311.8        0.10056E+19    0.10056E+19     0.0000         0.0000    
          1311.9        0.10754E+19    0.10754E+19     0.0000         0.0000    
          1312.1        0.11286E+19    0.11286E+19     0.0000         0.0000    
          1312.3        0.11626E+19    0.11626E+19     0.0000         0.0000    
          1312.5        0.11752E+19    0.11752E+19     0.0000         0.0000    
          1312.6        0.11652E+19    0.11652E+19     0.0000         0.0000    
          1312.8        0.11321E+19    0.11321E+19     0.0000         0.0000    
          1313.0        0.10762E+19    0.10762E+19     0.0000         0.0000    
          1313.1        0.99900E+18    0.99900E+18     0.0000         0.0000    
          1313.3        0.90305E+18    0.90305E+18     0.0000         0.0000    
          1313.5        0.79194E+18    0.79194E+18     0.0000         0.0000    
          1313.6        0.67034E+18    0.67034E+18     0.0000         0.0000    
          1313.8        0.54395E+18    0.54395E+18     0.0000         0.0000    
          1314.0        0.41944E+18    0.41944E+18     0.0000         0.0000    
          1314.2        0.30430E+18    0.30430E+18     0.0000         0.0000    
          1314.3        0.20674E+18    0.20674E+18     0.0000         0.0000    
          1314.5        0.13548E+18    0.13548E+18     0.0000         0.0000    
          1314.7        0.99573E+17    0.99573E+17     0.0000         0.0000    
          1314.8        0.10817E+18    0.10817E+18     0.0000         0.0000    
          1315.0        0.17030E+18    0.17030E+18     0.0000         0.0000    
          1315.2        0.29461E+18    0.29461E+18     0.0000         0.0000    
          1315.3        0.48914E+18    0.48914E+18     0.0000         0.0000    
          1315.5        0.76104E+18    0.76104E+18     0.0000         0.0000    
          1315.7        0.11163E+19    0.11163E+19     0.0000         0.0000    
          1315.9        0.15598E+19    0.15598E+19     0.0000         0.0000    
          1316.0        0.20945E+19    0.20945E+19     0.0000         0.0000    
          1316.2        0.27220E+19    0.27220E+19     0.0000         0.0000    
          1316.4        0.34419E+19    0.34419E+19     0.0000         0.0000    
          1316.5        0.42520E+19    0.42520E+19     0.0000         0.0000    
          1316.7        0.51479E+19    0.51479E+19     0.0000         0.0000    
          1316.9        0.61233E+19    0.61233E+19     0.0000         0.0000    
          1317.0        0.71702E+19    0.71702E+19     0.0000         0.0000    
          1317.2        0.82784E+19    0.82784E+19     0.0000         0.0000    
          1317.4        0.94361E+19    0.94361E+19     0.0000         0.0000    
          1317.6        0.10630E+20    0.10630E+20     0.0000         0.0000    
          1317.7        0.11845E+20    0.11845E+20     0.0000         0.0000    
          1317.9        0.13067E+20    0.13067E+20     0.0000         0.0000    
          1318.1        0.14277E+20    0.14277E+20     0.0000         0.0000    
          1318.2        0.15461E+20    0.15461E+20     0.0000         0.0000    
          1318.4        0.16599E+20    0.16599E+20     0.0000         0.0000    
          1318.6        0.17676E+20    0.17676E+20     0.0000         0.0000    
          1318.7        0.18676E+20    0.18676E+20     0.0000         0.0000    
          1318.9        0.19583E+20    0.19583E+20     0.0000         0.0000    
          1319.1        0.20382E+20    0.20382E+20     0.0000         0.0000    
          1319.3        0.21062E+20    0.21062E+20     0.0000         0.0000    
          1319.4        0.21611E+20    0.21611E+20     0.0000         0.0000    
          1319.6        0.22021E+20    0.22021E+20     0.0000         0.0000    
          1319.8        0.22286E+20    0.22286E+20     0.0000         0.0000    
          1319.9        0.22400E+20    0.22400E+20     0.0000         0.0000    
          1320.1        0.22363E+20    0.22363E+20     0.0000         0.0000    
          1320.3        0.22175E+20    0.22175E+20     0.0000         0.0000    
          1320.4        0.21839E+20    0.21839E+20     0.0000         0.0000    
          1320.6        0.21360E+20    0.21360E+20     0.0000         0.0000    
          1320.8        0.20748E+20    0.20748E+20     0.0000         0.0000    
          1321.0        0.20010E+20    0.20010E+20     0.0000         0.0000    
          1321.1        0.19160E+20    0.19160E+20     0.0000         0.0000    
          1321.3        0.18211E+20    0.18211E+20     0.0000         0.0000    
          1321.5        0.17177E+20    0.17177E+20     0.0000         0.0000    
          1321.6        0.16074E+20    0.16074E+20     0.0000         0.0000    
          1321.8        0.14918E+20    0.14918E+20     0.0000         0.0000    
          1322.0        0.13727E+20    0.13727E+20     0.0000         0.0000    
          1322.1        0.12518E+20    0.12518E+20     0.0000         0.0000    
          1322.3        0.11306E+20    0.11306E+20     0.0000         0.0000    
          1322.5        0.10107E+20    0.10107E+20     0.0000         0.0000    
          1322.7        0.89373E+19    0.89373E+19     0.0000         0.0000    
          1322.8        0.78095E+19    0.78095E+19     0.0000         0.0000    
          1323.0        0.67362E+19    0.67362E+19     0.0000         0.0000    
          1323.2        0.57281E+19    0.57281E+19     0.0000         0.0000    
          1323.3        0.47941E+19    0.47941E+19     0.0000         0.0000    
          1323.5        0.39413E+19    0.39413E+19     0.0000         0.0000    
          1323.7        0.31747E+19    0.31747E+19     0.0000         0.0000    
          1323.8        0.24975E+19    0.24975E+19     0.0000         0.0000    
          1324.0        0.19111E+19    0.19111E+19     0.0000         0.0000    
          1324.2        0.14149E+19    0.14149E+19     0.0000         0.0000    


      estimated brilliance maxima, flux and flux-density of S0, S1, S2, S3:

          1320.0        0.22405E+20    0.19768E+14    0.27798E+17
          1320.0        0.22405E+20    0.19768E+14    0.27798E+17
          0.0000         0.0000         0.0000         0.0000    
          0.0000         0.0000         0.0000         0.0000    

      estimated brilliance maximum of S3*S3/S0:

          0.0000         0.0000    

      ---> flag IFOLD is not set, emittance effects are estimated
      from horizontal beam size [mm] and divergence [mrad]: 
         2.16000000E-04   2.47999997E-05
      vertical beam size [mm] and divergence [mrad]: 
         1.87000005E-05   4.29000011E-06


      Brilliance [photons/sec/BW/mm**2/mrad**2] with emittance

          1310.6        0.48140E+16    0.48140E+16     0.0000         0.0000    
          1310.8        0.61309E+16    0.61309E+16     0.0000         0.0000    
          1310.9        0.75443E+16    0.75443E+16     0.0000         0.0000    
          1311.1        0.90122E+16    0.90122E+16     0.0000         0.0000    
          1311.3        0.10488E+17    0.10488E+17     0.0000         0.0000    
          1311.4        0.11922E+17    0.11922E+17     0.0000         0.0000    
          1311.6        0.13261E+17    0.13261E+17     0.0000         0.0000    
          1311.8        0.14456E+17    0.14456E+17     0.0000         0.0000    
          1311.9        0.15457E+17    0.15457E+17     0.0000         0.0000    
          1312.1        0.16219E+17    0.16219E+17     0.0000         0.0000    
          1312.3        0.16704E+17    0.16704E+17     0.0000         0.0000    
          1312.5        0.16883E+17    0.16883E+17     0.0000         0.0000    
          1312.6        0.16737E+17    0.16737E+17     0.0000         0.0000    
          1312.8        0.16258E+17    0.16258E+17     0.0000         0.0000    
          1313.0        0.15453E+17    0.15453E+17     0.0000         0.0000    
          1313.1        0.14342E+17    0.14342E+17     0.0000         0.0000    
          1313.3        0.12962E+17    0.12962E+17     0.0000         0.0000    
          1313.5        0.11366E+17    0.11366E+17     0.0000         0.0000    
          1313.6        0.96188E+16    0.96188E+16     0.0000         0.0000    
          1313.8        0.78039E+16    0.78039E+16     0.0000         0.0000    
          1314.0        0.60166E+16    0.60166E+16     0.0000         0.0000    
          1314.2        0.43643E+16    0.43643E+16     0.0000         0.0000    
          1314.3        0.29646E+16    0.29646E+16     0.0000         0.0000    
          1314.5        0.19424E+16    0.19424E+16     0.0000         0.0000    
          1314.7        0.14274E+16    0.14274E+16     0.0000         0.0000    
          1314.8        0.15503E+16    0.15503E+16     0.0000         0.0000    
          1315.0        0.24403E+16    0.24403E+16     0.0000         0.0000    
          1315.2        0.42211E+16    0.42211E+16     0.0000         0.0000    
          1315.3        0.70070E+16    0.70070E+16     0.0000         0.0000    
          1315.5        0.10900E+17    0.10900E+17     0.0000         0.0000    
          1315.7        0.15986E+17    0.15986E+17     0.0000         0.0000    
          1315.9        0.22332E+17    0.22332E+17     0.0000         0.0000    
          1316.0        0.29983E+17    0.29983E+17     0.0000         0.0000    
          1316.2        0.38960E+17    0.38960E+17     0.0000         0.0000    
          1316.4        0.49255E+17    0.49255E+17     0.0000         0.0000    
          1316.5        0.60837E+17    0.60837E+17     0.0000         0.0000    
          1316.7        0.73643E+17    0.73643E+17     0.0000         0.0000    
          1316.9        0.87583E+17    0.87583E+17     0.0000         0.0000    
          1317.0        0.10254E+18    0.10254E+18     0.0000         0.0000    
          1317.2        0.11837E+18    0.11837E+18     0.0000         0.0000    
          1317.4        0.13490E+18    0.13490E+18     0.0000         0.0000    
          1317.6        0.15194E+18    0.15194E+18     0.0000         0.0000    
          1317.7        0.16929E+18    0.16929E+18     0.0000         0.0000    
          1317.9        0.18671E+18    0.18671E+18     0.0000         0.0000    
          1318.1        0.20397E+18    0.20397E+18     0.0000         0.0000    
          1318.2        0.22084E+18    0.22084E+18     0.0000         0.0000    
          1318.4        0.23706E+18    0.23706E+18     0.0000         0.0000    
          1318.6        0.25240E+18    0.25240E+18     0.0000         0.0000    
          1318.7        0.26663E+18    0.26663E+18     0.0000         0.0000    
          1318.9        0.27953E+18    0.27953E+18     0.0000         0.0000    
          1319.1        0.29089E+18    0.29089E+18     0.0000         0.0000    
          1319.3        0.30054E+18    0.30054E+18     0.0000         0.0000    
          1319.4        0.30833E+18    0.30833E+18     0.0000         0.0000    
          1319.6        0.31413E+18    0.31413E+18     0.0000         0.0000    
          1319.8        0.31785E+18    0.31785E+18     0.0000         0.0000    
          1319.9        0.31943E+18    0.31943E+18     0.0000         0.0000    
          1320.1        0.31884E+18    0.31884E+18     0.0000         0.0000    
          1320.3        0.31610E+18    0.31610E+18     0.0000         0.0000    
          1320.4        0.31126E+18    0.31126E+18     0.0000         0.0000    
          1320.6        0.30439E+18    0.30439E+18     0.0000         0.0000    
          1320.8        0.29561E+18    0.29561E+18     0.0000         0.0000    
          1321.0        0.28505E+18    0.28505E+18     0.0000         0.0000    
          1321.1        0.27290E+18    0.27290E+18     0.0000         0.0000    
          1321.3        0.25933E+18    0.25933E+18     0.0000         0.0000    
          1321.5        0.24456E+18    0.24456E+18     0.0000         0.0000    
          1321.6        0.22882E+18    0.22882E+18     0.0000         0.0000    
          1321.8        0.21234E+18    0.21234E+18     0.0000         0.0000    
          1322.0        0.19536E+18    0.19536E+18     0.0000         0.0000    
          1322.1        0.17811E+18    0.17811E+18     0.0000         0.0000    
          1322.3        0.16084E+18    0.16084E+18     0.0000         0.0000    
          1322.5        0.14376E+18    0.14376E+18     0.0000         0.0000    
          1322.7        0.12710E+18    0.12710E+18     0.0000         0.0000    
          1322.8        0.11104E+18    0.11104E+18     0.0000         0.0000    
          1323.0        0.95767E+17    0.95767E+17     0.0000         0.0000    
          1323.2        0.81421E+17    0.81421E+17     0.0000         0.0000    
          1323.3        0.68134E+17    0.68134E+17     0.0000         0.0000    
          1323.5        0.56003E+17    0.56004E+17     0.0000         0.0000    
          1323.7        0.45103E+17    0.45103E+17     0.0000         0.0000    
          1323.8        0.35477E+17    0.35477E+17     0.0000         0.0000    
          1324.0        0.27143E+17    0.27143E+17     0.0000         0.0000    
          1324.2        0.20091E+17    0.20091E+17     0.0000         0.0000    


      estimated brilliance maxima, flux and flux-density of S0, S1, S2, S3
      with emittance:

          1320.0        0.31948E+18    0.19768E+14    0.10164E+17
          1320.0        0.31948E+18    0.19768E+14    0.10164E+17
          0.0000         0.0000         0.0000         0.0000    
          0.0000         0.0000         0.0000         0.0000    

      estimated brilliance maximum of S3*S3/S0 with emittance:

          0.0000         0.0000    

      corresponding sigmas of source size [mm]
      and divergence [mrad] without and with emittance
      (including corr. factors sigrc,sigrpc):

      L/mm, lambda/mm:    4149.60010       9.39308450E-07
      without emit.:    1.40521368E-02   1.06386375E-02
         with emit.:    7.11561665E-02   1.75941009E-02
         (sigrf**2 = sigrxf*sigryf)


      LAST CHECK:

           BMAXGL:  0.16667621218037521     

           XBMAXGL:  -2.0501000011879564     
           YBMAXGL:   0.0000000000000000     
           ZBMAXGL:  -1.7938190733311940E-006


      CURRENT NUMBER:         345


                     --- Program WAVE completed ---



                                                   14:21:14 29.01.16

