
                                                   13:21:44 29.01.16


           *********************************************
           *          PROGRAM WAVE                     *
           *                                           *
           *          VERSION 3.03/01 13.11.2015       *
           *                                           *
           *          Michael Scheer                   *
           *              BESSY                        *
           *********************************************

      USER COMMENT:

      U49 Peter Baumgaertel                                            

      CURRENT NUMBER:         325


      USER NAMELIST:



      MODE FLAGS:

      IUNDULATOR,IWIGGLER:            1           0



      CONTROL FLAGS:


      IUNAME,IUSTEP,IUOUT:            0           0           0
      IOPTIC,IGENFUN:                 0           0
      IMAGSPLN:                   -9999
      IEMIT,IEMIAHW:                  0           0
      IWLSOPT,IBEAMPOL:               0           0
      IENELOSS, IEFIELD:             -1           0
      IPOWER,ISPEC:                   0           1
      IVELOFIELD,ISPECMODE:           0           3
         IWFILL0,IRFILL0:                      0           0
         ISPECINT,IPIN:                        0           1
         IUSEM,ISTOKES:                        0           1
         IBRILL:                               1
         IPINCIRC,IRPHI:                       0           0
         IFOLD,ISIGUSR:                        0           1
         IF1DIM,IPOLA:                         0           0
         IWFILSP0,IWFILSPF:                    0           0
         IRFILSP0,IRFILSTO:                    0           0
         IWFILSTO,IWFLSTOF:                    0           0
         ISPECANA,ISPECANAF:                   0           0
         IAMPLI,IAMPSKIP:                      0           0
         IWFILFL0,IWFILFLF:                    0           0
         IWFILS,IWFILSF:                       0           0
         IWFILSE,IWFILSEF:                     0           0
         IWFILB,IWFILBF:                       0           0
         IWFILBE,IWFILBEF:                     0           0
         IWFILINT,IPINALL:                     0           0
         IRFILOB,IFILTER:                      0           0
         IWFILRAY,IDESYNC:                     1           0
         IPHASE,IPHASEANA:                     0           0
         IDOSE,IEFOLD:                         0           0
         ISPECDIP,IBL0CUT:                     0           0
         IEFFI,IFILMUL:                        0           0
         IBUNCH:                               0
      IWFILF:                         0


      MAGNETIC FIELD FLAGS:



      ICHARGE,IBMASK,JBMASK:          -1           0           0
      IBSUPER,IBERROR:                 1           0
      ICUTFIBO:                        1

      IPERIODG,IBSYM:                 0           0
      IBSYMY,IBSYMZ:                  0           0
      KBEXTERN,KBFELD:                0           0
      KHALBA,KHALBASY:                0           0
      KUCROSS,IRFILP:                 0           0
      KMAGSEQ,IMGSQF:                 0           0
             KMAGCOR:                 1
      IRFILF,IRBTAB:                  0           0
      IRBTABZY,KELLIP:                0           1
      KBPOLYH,KBPOLY3D:               0           0
      KBREC,KELLANA:                  0           0
      KBPOLYMAG,KBGENESIS:            0           0
      KBAMWLS:                        0



      HISTOGRAM FLAGS:

      IHBOOK,IHINDEX:                 1           0


      OTHER OPTIONS:


      IWBTAB,IWFILT0:                 0           0
      IWSECTMAGS:                     0
      IJUST,ISNORDER:                 0           0
      IWBMAP,IWBPOLY3D:               0           0
      IWBPOLY2DH,IWBPHARM:            0           0


      SR BELLIP, Parameters of elliptical undulator:
      horizontal and vertical peak field [T]:   0.00000000      0.208312467    
      number of periods, period and device length [m]:
         84.0000000       4.94000018E-02   4.14960003    
      shift parameter [periods], B_h/B_v:       0.00000000       0.00000000    
      B0_eff [T], deflection parameter K:  0.208312467      0.960866570    
      1. harmonical [nm] and [eV]:   3.17913318       390.000000    
      critical energy [eV]:   410.790222    

      longitudinal position of device center [m]:   0.0000000000000000     

      scaling factor for taper:   0.0000000000000000     

  
      Subroutine photon (quantum fluctuations):
  
       number of sampling bins (NBING1)        1000
       max. photon energy normalized to characteristic energy (EECMAXG1):
          5.0000000000000000     
  

      Number of tracking steps per meter (MYINUM):         5000

      Start and end of the trajectory [m](XSTART,XSTOP):
        -2.07480001       2.07480001    

      BMOVECUT:   1.00000001E-07

      Initial energy [GeV] and gamma:    1.72200000       3369.8702546331497     
      Final energy [GeV] and gamma:      1.72199988       3369.8699165562634     
      Relative change:                  -1.00323412E-07
      number of photons, RMS (keV) and rel. RMS of quantum fluctuation:
                 3   9.77193788E-02   5.67476057E-08


      B-rho [Tm], current [A]:   -5.74397326      0.100000001    

      Offset for vert. and hori. magnetic field (BYGOFF, BZGOFF):
          0.00000000       0.00000000    
      Global scaling factor for mag. field (B0SCGLOB,A0SCGLOB):
          1.00000000       1.00000000    

      Long. shift [m] of device (X(e-) -> X(e-)+XSHIFT):    0.00000000    
      Vert. shift [m] of device (Y(e-) -> Y(e-)+VSHIFT):    0.00000000    
      Hori. shift [m] of device (Z(e-) -> Z(e-)+HSHIFT):    0.00000000    
      Rotation angle [degree] of device:                    0.00000000    
      Y(e-) -> Y(e-)*sin(XROTD) + Y(e-)*cos(XROTD)
      Z(e-) -> Z(e-)*cos(XROTD) - Y(e-)*sin(XROTD)


      Magnetic field [T] at starting point:
         0.00000000       0.00000000       0.00000000    

      Vector potential [T-m] at starting point:
         0.00000000       0.00000000       0.00000000    


      Magnetic field [T] at stopping point:
         0.00000000       0.00000000       0.00000000    

      Vector potential [T-m] at stopping point:
         0.00000000       0.00000000       0.00000000    

      Extrema of magnetic field [T] and the trajectory [m]:

      BXmax,BXmin:    0.00000000       0.00000000    
      BYmax,BYmin:   0.208295628     -0.208312467    
      BZmax,BZmin:    0.00000000       0.00000000    

      Xmax,Xmin:    2.07480001      -2.07480001    
      Ymax,Ymin:    0.00000000       0.00000000    
      Zmax,Zmin:    2.24174187E-06  -2.24159271E-06


      Extrema of magnetic field [T] and the trajectory [m] between
      XIANF and XIEND

      BXmaxAE,BXminAE:    0.00000000       0.00000000    
      BYmaxAE,BYminAE:   0.208295628     -0.208312467    
      BZmaxAE,BZminAE:    0.00000000       0.00000000    

      XmaxAE,XminAE:    2.07480001      -2.07480001    
      YmaxAE,YminAE:    0.00000000       0.00000000    
      ZmaxAE,ZminAE:    2.24174187E-06  -2.24159271E-06


      Start values (coordinates [m] and slopes) of trajectory:

      X0:   -2.0747999999999998     
      Y0:    0.0000000000000000     
      Z0:    0.0000000000000000     

      ZP0:   0.0000000000000000     
      YP0:   0.0000000000000000     

      VX0:   299792444.80029100     
      VY0:   0.0000000000000000     
      VZ0:   0.0000000000000000     

      Values for X=0 (coordinates [m] and slopes) of trajectory:

      YCEN:    0.0000000000000000     
      ZCEN:    2.2417218740154389E-006

      YPCEN:   0.0000000000000000     
      ZPCEN:   3.6974538114494410E-014

      End values (coordinates [m] and slopes) of trajectory:

      XF0:    2.0747999999999998     
      YF0:    0.0000000000000000     
      ZF0:   -2.7448602199461987E-011


      ZPF0:    1.7568358258779337E-011
      YPF0:    0.0000000000000000     

      VXF0:    299792450.05586171     
      VYF0:    0.0000000000000000     
      VZF0:    5.2668611658585902E-003


      Values for X=XIANF (coordinates [m] and slopes) of trajectory:

      XIANF:   -1.0000000000000000E+030
      YIANF:   -9999.0000000000000     
      ZIANF:   -9999.0000000000000     

      YPIANF:  -9999.0000000000000     
      ZPIANF:  -9999.0000000000000     



      Values for X=XIEND (coordinates [m] and slopes) of trajectory:

      XIEND:    1.0000000000000000E+030
      YIEND:   -9999.0000000000000     
      ZIEND:   -9999.0000000000000     

      YPIEND:  -9999.0000000000000     
      ZPIEND:  -9999.0000000000000     


      ZF0/(XSTOP-XSTART):   -6.6147585790105044E-012
      YF0/(XSTOP-XSTART):    0.0000000000000000     

      YF0-Y0:   0.0000000000000000     
      ZF0-Z0:  -2.7448602199461987E-011

      YPF0-YP0:   0.0000000000000000     
      ZPF0-ZP0:   1.7568358258779337E-011

      Straight line fit of z(x):
      offset:  -1.0025466484273174E-008
      slope:  -9.0516824051225541E-012

      Straight line fit of vz(x)/vx(x):
      offset:   1.9701164018952954E-012
      slope:   6.9761461565800383E-009

      Straight line fit of y(x):
      offset:   0.0000000000000000     
      slope:   0.0000000000000000     

      Straight line fit of vy(x)/vx(x):
      offset:   0.0000000000000000     
      slope:   0.0000000000000000     

      1. magnetic integral [T-m]:    0.00000000       2.12299897E-14   0.00000000    
      2. mag. integral [T-m**2]:    0.00000000      -5.64147558E-14   0.00000000    

      Integrated By**2 [T**2-m]:                      8.94981474E-02
      Energy irradiated by the device per e- [MeV]:   3.35816410E-04
      Rel. energy loss:                               1.95015346E-07
      Power irradiated by the device [kWATT]:         3.35816406E-02

      Length of trajectory (BINT0) [m]:
         4.1496000836428495     
      Integrated (YP**2+ZP**2)/2 of trajectory (WTRA2I) [m]:
         8.3643086459187477E-008
      corresponding phase advance [nm and eV]:
         266.34789020074669        4.6550469113989168     
      dE/E and corresponding dL = 2 * dE/E * L [nm]:
         1.00000005E-03  0.167286173    
      Circumference of the ring [m]:                 240.000000    
      Rel. change of total circumference (from BINT0):         
         3.48511886E-10
      Rel. change of total circumference (from WTRA2I):
         3.48512857E-10

      Max. and min. deflection angle [rad]:    2.85136572E-04  -2.85136543E-04


      SPECTRUM
      ===========

      Start and end of points [m] of integration for spectrum
      calculations (XIANF,XIEND):  -1.00000002E+30   1.00000002E+30


      SR WFILL0:

      Parameters:
      WGWINFC:   2646.6899088765672     
      WBL0CUT:   0.0000000000000000     
      WBL0HYS:   1.0000000000000000     

      Pinhole of collimators:
      (X,Y,Z), width, height:

        1.0000E+01  0.0000E+00  0.0000E+00  1.0000E+03  1.0000E+03
        1.0000E+01  0.0000E+00  0.0000E+00  1.0000E+03  1.0000E+03

      Number of sources:           1
      Begin and end of sources (x,y,z):

                 1  -2.07480001       0.00000000       0.00000000    
                 1   2.07480001       0.00000000      -2.74486024E-11

      Horiz., vert. slopes and mag. field
      at begin and end of sources:

                 1   0.00000000       0.00000000       0.00000000    
                 1   1.75683582E-11   0.00000000       1.91513472E-15


      SR COHEREN:
      Minimum and maximum number of phases  between
      photons and electrons:
         1.63478935       1.65176141    


       selected observation point:

          10.0000000       0.00000000       0.00000000    


      Source number, mean mag. field (sign from By), abs. mean and rel. rms
      for sources, and critical photon energy [eV] or wavelength [nm]
      (with respect to abs. mean):

           1  -1.17386515E-12  0.132062495      0.486472636       260.425995    

      Photon energy cut-off (SPECCUT):   0.00000000    

      Max. field and photon energy cuts for source points:

           1  0.208312571       0.00000000    

      Data-file written for program RAY
      File: wave_ray.dat                                                                                                                    
      (Device center is assumed at (0,0,0)
      Photon energy:   1161.65002    


      Results of spectrum calculations
      ================================


      Reflectivity coefficients (complex):

       (  1.0000000000000000     ,  0.0000000000000000     )
       (  1.0000000000000000     ,  0.0000000000000000     )
       (  1.0000000000000000     ,  0.0000000000000000     )



      Buffer size for integration (NDWSOU):       20849

      Provided number of integration steps for each source
      (controlled by NLPOI)
      (not necessarily used)

       20747

      Bandwidth:   1.00000005E-03


      Pinhole position (x,y,z) [m]:
         10.0000000       0.00000000       0.00000000    

      Numbers defining inner vert. and hori. edges (MMEDGEY,MMEDGEZ):            0           0
      Numbers defining outerer vert. and hori. edges (MEDGEY,MEDGEZ):            1           1
      Total number of vert. and hori. points:                    73          73
      Number of vert. and horiz. points inside pinhole:          71          71

      Vertical and horizontal grid size [m]:        2.85714286E-05   2.85714286E-05
      Vertical and horizontal size [m x m]:         2.00000009E-03   2.00000009E-03
      Total vert. and horiz. size [m x m]:          2.05714279E-03   2.05714279E-03

      Photon energy or wavelength and flux through pinhole:
      (for all sources and sum)

      1161.65002       7.41822725E+13   7.41822725E+13
      1161.80078       7.43872062E+13   7.43872062E+13
      1161.95154       7.45801525E+13   7.45801525E+13
      1162.10229       7.47603902E+13   7.47603902E+13
      1162.25305       7.49275835E+13   7.49275835E+13
      1162.40381       7.50818920E+13   7.50818920E+13
      1162.55444       7.52239363E+13   7.52239363E+13
      1162.70520       7.53548489E+13   7.53548489E+13
      1162.85596       7.54762320E+13   7.54762320E+13
      1163.00671       7.55901326E+13   7.55901326E+13
      1163.15747       7.56990083E+13   7.56990083E+13
      1163.30823       7.58056275E+13   7.58056275E+13
      1163.45898       7.59130185E+13   7.59130185E+13
      1163.60974       7.60243101E+13   7.60243101E+13
      1163.76050       7.61426482E+13   7.61426482E+13
      1163.91125       7.62710527E+13   7.62710527E+13
      1164.06201       7.64122581E+13   7.64122581E+13
      1164.21277       7.65685882E+13   7.65685882E+13
      1164.36353       7.67417962E+13   7.67417962E+13
      1164.51428       7.69329306E+13   7.69329306E+13
      1164.66504       7.71421593E+13   7.71421593E+13
      1164.81580       7.73687104E+13   7.73687104E+13
      1164.96655       7.76107217E+13   7.76107217E+13
      1165.11731       7.78651650E+13   7.78651650E+13
      1165.26794       7.81277955E+13   7.81277955E+13
      1165.41870       7.83931104E+13   7.83931104E+13
      1165.56946       7.86543652E+13   7.86543652E+13
      1165.72021       7.89035992E+13   7.89035992E+13
      1165.87097       7.91316938E+13   7.91316938E+13
      1166.02173       7.93285073E+13   7.93285073E+13
      1166.17249       7.94829752E+13   7.94829752E+13
      1166.32324       7.95832694E+13   7.95832694E+13
      1166.47400       7.96170419E+13   7.96170419E+13
      1166.62476       7.95715924E+13   7.95715924E+13
      1166.77551       7.94341367E+13   7.94341367E+13
      1166.92627       7.91920666E+13   7.91920666E+13
      1167.07703       7.88331852E+13   7.88331852E+13
      1167.22778       7.83460168E+13   7.83460168E+13
      1167.37854       7.77200253E+13   7.77200253E+13
      1167.52930       7.69459413E+13   7.69459413E+13
      1167.68005       7.60159299E+13   7.60159299E+13
      1167.83081       7.49238590E+13   7.49238590E+13
      1167.98145       7.36655007E+13   7.36655007E+13
      1168.13220       7.22386572E+13   7.22386572E+13
      1168.28296       7.06433033E+13   7.06433033E+13
      1168.43372       6.88816872E+13   6.88816872E+13
      1168.58447       6.69583472E+13   6.69583472E+13
      1168.73523       6.48801199E+13   6.48801199E+13
      1168.88599       6.26560818E+13   6.26560818E+13
      1169.03674       6.02974611E+13   6.02974611E+13
      1169.18750       5.78174866E+13   5.78174866E+13
      1169.33826       5.52312116E+13   5.52312116E+13
      1169.48901       5.25552792E+13   5.25552792E+13
      1169.63977       4.98076914E+13   4.98076914E+13
      1169.79053       4.70075027E+13   4.70075027E+13
      1169.94128       4.41745188E+13   4.41745188E+13
      1170.09204       4.13289813E+13   4.13289813E+13
      1170.24280       3.84912369E+13   3.84912369E+13
      1170.39355       3.56813971E+13   3.56813971E+13
      1170.54419       3.29190159E+13   3.29190159E+13
      1170.69495       3.02227810E+13   3.02227810E+13
      1170.84570       2.76102140E+13   2.76102140E+13
      1170.99646       2.50974044E+13   2.50974044E+13
      1171.14722       2.26987763E+13   2.26987763E+13
      1171.29797       2.04268791E+13   2.04268791E+13
      1171.44873       1.82922405E+13   1.82922405E+13
      1171.59949       1.63032355E+13   1.63032355E+13
      1171.75024       1.44660245E+13   1.44660245E+13
      1171.90100       1.27845196E+13   1.27845196E+13
      1172.05176       1.12604050E+13   1.12604050E+13
      1172.20251       9.89319922E+12   9.89319922E+12
      1172.35327       8.68035802E+12   8.68035802E+12
      1172.50403       7.61741391E+12   7.61741391E+12
      1172.65479       6.69814935E+12   6.69814935E+12
      1172.80554       5.91480278E+12   5.91480278E+12
      1172.95630       5.25829040E+12   5.25829040E+12
      1173.10706       4.71845149E+12   4.71845149E+12
      1173.25769       4.28430144E+12   4.28430144E+12
      1173.40845       3.94429124E+12   3.94429124E+12
      1173.55920       3.68656148E+12   3.68656148E+12
      1173.70996       3.49919563E+12   3.49919563E+12

      Estimated maximum:

         1166.46289       7.96172516E+13


      Flux density for selected point:

               1161.65002       8.83538352E+18   8.83538352E+18
               1161.80078       1.12580579E+19   1.12580579E+19
               1161.95154       1.38597663E+19   1.38597663E+19
               1162.10229       1.65631949E+19   1.65631949E+19
               1162.25305       1.92821706E+19   1.92821706E+19
               1162.40381       2.19243960E+19   2.19243960E+19
               1162.55444       2.43945896E+19   2.43945896E+19
               1162.70520       2.65979955E+19   2.65979955E+19
               1162.85596       2.84440953E+19   2.84440953E+19
               1163.00671       2.98504873E+19   2.98504873E+19
               1163.15747       3.07467520E+19   3.07467520E+19
               1163.30823       3.10782107E+19   3.10782107E+19
               1163.45898       3.08094307E+19   3.08094307E+19
               1163.60974       2.99273695E+19   2.99273695E+19
               1163.76050       2.84440030E+19   2.84440030E+19
               1163.91125       2.63983550E+19   2.63983550E+19
               1164.06201       2.38578212E+19   2.38578212E+19
               1164.21277       2.09186969E+19   2.09186969E+19
               1164.36353       1.77058448E+19   1.77058448E+19
               1164.51428       1.43714988E+19   1.43714988E+19
               1164.66504       1.10931344E+19   1.10931344E+19
               1164.81580       8.07047912E+18   8.07047912E+18
               1164.96655       5.52165723E+18   5.52165723E+18
               1165.11731       3.67857146E+18   3.67857146E+18
               1165.26794       2.78159015E+18   2.78159015E+18
               1165.41870       3.07367761E+18   3.07367761E+18
               1165.56946       4.79409170E+18   4.79409170E+18
               1165.72021       8.17181726E+18   8.17181726E+18
               1165.87097       1.34188962E+19   1.34188962E+19
               1166.02173       2.07238415E+19   2.07238415E+19
               1166.17249       3.02453109E+19   3.02453109E+19
               1166.32324       4.21062332E+19   4.21062332E+19
               1166.47400       5.63885462E+19   5.63885462E+19
               1166.62476       7.31287383E+19   7.31287383E+19
               1166.77551       9.23143102E+19   9.23143102E+19
               1166.92627       1.13881284E+20   1.13881284E+20
               1167.07703       1.37712908E+20   1.37712908E+20
               1167.22778       1.63639577E+20   1.63639577E+20
               1167.37854       1.91439981E+20   1.91439981E+20
               1167.52930       2.20843666E+20   2.20843666E+20
               1167.68005       2.51534659E+20   2.51534659E+20
               1167.83081       2.83156438E+20   2.83156438E+20
               1167.98145       3.15317945E+20   3.15317945E+20
               1168.13220       3.47600591E+20   3.47600591E+20
               1168.28296       3.79565980E+20   3.79565980E+20
               1168.43372       4.10764491E+20   4.10764491E+20
               1168.58447       4.40744109E+20   4.40744109E+20
               1168.73523       4.69059542E+20   4.69059542E+20
               1168.88599       4.95281399E+20   4.95281399E+20
               1169.03674       5.19005200E+20   5.19005200E+20
               1169.18750       5.39859787E+20   5.39859787E+20
               1169.33826       5.57515305E+20   5.57515305E+20
               1169.48901       5.71690209E+20   5.71690209E+20
               1169.63977       5.82157243E+20   5.82157243E+20
               1169.79053       5.88748507E+20   5.88748507E+20
               1169.94128       5.91358871E+20   5.91358871E+20
               1170.09204       5.89948329E+20   5.89948329E+20
               1170.24280       5.84542708E+20   5.84542708E+20
               1170.39355       5.75233064E+20   5.75233064E+20
               1170.54419       5.62173645E+20   5.62173645E+20
               1170.69495       5.45578444E+20   5.45578444E+20
               1170.84570       5.25716373E+20   5.25716373E+20
               1170.99646       5.02905500E+20   5.02905500E+20
               1171.14722       4.77506184E+20   4.77506184E+20
               1171.29797       4.49913156E+20   4.49913156E+20
               1171.44873       4.20547294E+20   4.20547294E+20
               1171.59949       3.89846819E+20   3.89846819E+20
               1171.75024       3.58258149E+20   3.58258149E+20
               1171.90100       3.26227000E+20   3.26227000E+20
               1172.05176       2.94189500E+20   2.94189500E+20
               1172.20251       2.62563887E+20   2.62563887E+20
               1172.35327       2.31742623E+20   2.31742623E+20
               1172.50403       2.02085575E+20   2.02085575E+20
               1172.65479       1.73913888E+20   1.73913888E+20
               1172.80554       1.47505035E+20   1.47505035E+20
               1172.95630       1.23089069E+20   1.23089069E+20
               1173.10706       1.00845975E+20   1.00845975E+20
               1173.25769       8.09043350E+19   8.09043350E+19
               1173.40845       6.33412684E+19   6.33412684E+19
               1173.55920       4.81834495E+19   4.81834495E+19
               1173.70996       3.54094047E+19   3.54094047E+19

      Estimated maximum:

         1169.96375       5.91403625E+20


      Power through pinhole [W]:
      (for all sources and sum)
       5.85582876       5.85582876    


      Power density at selected point [W/m**2]:

                1638350.88       1638350.88    




      Photon energy or wavelength and normalized components S0, S1/S0,
      S2/S0, S3/S0 of STOKES vector and polarization for pinhole:

       1.1617E+03  7.4182E+13  9.9883E-01 -9.2789E-09 -2.0188E-20  9.9883E-01
       1.1618E+03  7.4387E+13  9.9886E-01  1.0984E-08  2.9046E-21  9.9886E-01
       1.1620E+03  7.4580E+13  9.9889E-01  7.8623E-09 -2.8846E-20  9.9889E-01
       1.1621E+03  7.4760E+13  9.9892E-01 -4.7489E-10 -1.5946E-21  9.9892E-01
       1.1623E+03  7.4928E+13  9.9895E-01  4.2161E-09 -3.3709E-20  9.9895E-01
       1.1624E+03  7.5082E+13  9.9898E-01  8.2768E-09  2.8777E-20  9.9898E-01
       1.1626E+03  7.5224E+13  9.9901E-01 -2.4032E-09  3.3675E-21  9.9901E-01
       1.1627E+03  7.5355E+13  9.9904E-01 -4.5803E-09  3.1639E-20  9.9904E-01
       1.1629E+03  7.5476E+13  9.9906E-01 -2.3835E-09  3.8696E-20  9.9906E-01
       1.1630E+03  7.5590E+13  9.9909E-01 -1.1359E-08 -5.1254E-21  9.9909E-01
       1.1632E+03  7.5699E+13  9.9912E-01  4.3544E-09 -2.9527E-20  9.9912E-01
       1.1633E+03  7.5806E+13  9.9914E-01 -4.3425E-10 -9.8285E-21  9.9914E-01
       1.1635E+03  7.5913E+13  9.9917E-01 -1.0250E-09  5.3392E-20  9.9917E-01
       1.1636E+03  7.6024E+13  9.9919E-01 -2.7872E-09 -2.6265E-20  9.9919E-01
       1.1638E+03  7.6143E+13  9.9921E-01 -7.2649E-09 -5.5579E-20  9.9921E-01
       1.1639E+03  7.6271E+13  9.9924E-01  5.5737E-09  1.0159E-20  9.9924E-01
       1.1641E+03  7.6412E+13  9.9926E-01 -1.9101E-09 -3.8612E-20  9.9926E-01
       1.1642E+03  7.6569E+13  9.9928E-01  2.0531E-09 -1.7515E-20  9.9928E-01
       1.1644E+03  7.6742E+13  9.9931E-01  4.3254E-09  9.3203E-21  9.9931E-01
       1.1645E+03  7.6933E+13  9.9933E-01 -6.3471E-09  4.2031E-20  9.9933E-01
       1.1647E+03  7.7142E+13  9.9935E-01  1.8141E-09  2.8395E-20  9.9935E-01
       1.1648E+03  7.7369E+13  9.9937E-01 -2.5144E-09 -2.2149E-20  9.9937E-01
       1.1650E+03  7.7611E+13  9.9939E-01 -1.3596E-09 -6.2400E-21  9.9939E-01
       1.1651E+03  7.7865E+13  9.9942E-01 -4.5675E-09 -1.2463E-20  9.9942E-01
       1.1653E+03  7.8128E+13  9.9944E-01  2.1623E-09 -1.5115E-20  9.9944E-01
       1.1654E+03  7.8393E+13  9.9946E-01  2.5068E-09 -2.6374E-20  9.9946E-01
       1.1656E+03  7.8654E+13  9.9948E-01  3.9864E-09  2.3776E-20  9.9948E-01
       1.1657E+03  7.8904E+13  9.9949E-01 -2.7935E-09 -9.5843E-21  9.9949E-01
       1.1659E+03  7.9132E+13  9.9951E-01  1.9112E-09 -1.8925E-20  9.9951E-01
       1.1660E+03  7.9329E+13  9.9953E-01 -5.9326E-09 -1.8385E-20  9.9953E-01
       1.1662E+03  7.9483E+13  9.9954E-01  7.8953E-09 -2.2403E-20  9.9954E-01
       1.1663E+03  7.9583E+13  9.9956E-01 -9.5324E-10 -1.8256E-20  9.9956E-01
       1.1665E+03  7.9617E+13  9.9957E-01 -1.1187E-09  7.6736E-21  9.9957E-01
       1.1666E+03  7.9572E+13  9.9958E-01 -1.0316E-08  2.2847E-20  9.9958E-01
       1.1668E+03  7.9434E+13  9.9959E-01  3.9488E-10  2.2886E-20  9.9959E-01
       1.1669E+03  7.9192E+13  9.9960E-01 -1.3249E-09  6.3976E-21  9.9960E-01
       1.1671E+03  7.8833E+13  9.9961E-01  7.8968E-09  3.4024E-21  9.9961E-01
       1.1672E+03  7.8346E+13  9.9962E-01 -5.1368E-10 -1.6737E-20  9.9962E-01
       1.1674E+03  7.7720E+13  9.9963E-01 -3.6564E-09 -5.8669E-20  9.9963E-01
       1.1675E+03  7.6946E+13  9.9963E-01 -3.8215E-09 -7.3590E-21  9.9963E-01
       1.1677E+03  7.6016E+13  9.9964E-01  6.5076E-09  2.6268E-20  9.9964E-01
       1.1678E+03  7.4924E+13  9.9964E-01  6.2087E-10 -1.5911E-20  9.9964E-01
       1.1680E+03  7.3666E+13  9.9965E-01 -8.3026E-10  7.2821E-21  9.9965E-01
       1.1681E+03  7.2239E+13  9.9965E-01  1.0310E-09 -1.0726E-20  9.9965E-01
       1.1683E+03  7.0643E+13  9.9965E-01 -7.3028E-09 -2.1515E-20  9.9965E-01
       1.1684E+03  6.8882E+13  9.9965E-01 -7.7890E-09  2.1200E-20  9.9965E-01
       1.1686E+03  6.6958E+13  9.9965E-01 -7.9654E-11 -9.7919E-21  9.9965E-01
       1.1687E+03  6.4880E+13  9.9965E-01  7.3107E-09  2.2967E-21  9.9965E-01
       1.1689E+03  6.2656E+13  9.9964E-01  8.2159E-09  2.6161E-21  9.9964E-01
       1.1690E+03  6.0297E+13  9.9964E-01  1.0425E-08  5.7086E-20  9.9964E-01
       1.1692E+03  5.7817E+13  9.9963E-01 -5.2568E-09  2.5128E-20  9.9963E-01
       1.1693E+03  5.5231E+13  9.9962E-01 -2.6204E-09 -2.8329E-20  9.9962E-01
       1.1695E+03  5.2555E+13  9.9961E-01  4.7244E-09 -6.1314E-21  9.9961E-01
       1.1696E+03  4.9808E+13  9.9960E-01 -8.9260E-09  2.0119E-20  9.9960E-01
       1.1698E+03  4.7008E+13  9.9958E-01  9.3405E-09 -5.0165E-20  9.9958E-01
       1.1699E+03  4.4175E+13  9.9957E-01 -8.5561E-09  2.1673E-20  9.9957E-01
       1.1701E+03  4.1329E+13  9.9954E-01  2.0889E-09 -1.5729E-20  9.9954E-01
       1.1702E+03  3.8491E+13  9.9952E-01  1.5891E-09 -4.7085E-20  9.9952E-01
       1.1704E+03  3.5681E+13  9.9949E-01  4.9692E-09 -4.1762E-21  9.9949E-01
       1.1705E+03  3.2919E+13  9.9945E-01  5.8861E-09  1.7880E-20  9.9945E-01
       1.1707E+03  3.0223E+13  9.9941E-01 -2.9360E-09  3.9444E-21  9.9941E-01
       1.1708E+03  2.7610E+13  9.9936E-01 -5.2859E-10 -3.2382E-21  9.9936E-01
       1.1710E+03  2.5097E+13  9.9930E-01 -8.4390E-09  5.9373E-21  9.9930E-01
       1.1711E+03  2.2699E+13  9.9923E-01 -7.8184E-10 -4.0701E-20  9.9923E-01
       1.1713E+03  2.0427E+13  9.9915E-01  2.3956E-09 -3.7933E-20  9.9915E-01
       1.1714E+03  1.8292E+13  9.9905E-01 -1.1079E-08  2.1180E-20  9.9905E-01
       1.1716E+03  1.6303E+13  9.9895E-01  9.3244E-09 -2.7420E-20  9.9895E-01
       1.1718E+03  1.4466E+13  9.9882E-01  1.3134E-09  5.7684E-20  9.9882E-01
       1.1719E+03  1.2785E+13  9.9867E-01  1.7320E-09  3.2636E-20  9.9867E-01
       1.1721E+03  1.1260E+13  9.9850E-01 -1.2618E-08 -5.8226E-20  9.9850E-01
       1.1722E+03  9.8932E+12  9.9831E-01 -1.0999E-08 -1.0543E-19  9.9831E-01
       1.1724E+03  8.6804E+12  9.9809E-01 -8.7237E-09  2.7466E-20  9.9809E-01
       1.1725E+03  7.6174E+12  9.9784E-01  1.8419E-09  3.9124E-21  9.9784E-01
       1.1727E+03  6.6981E+12  9.9756E-01 -4.6466E-09  1.1568E-19  9.9756E-01
       1.1728E+03  5.9148E+12  9.9727E-01  2.3660E-10 -4.5347E-20  9.9727E-01
       1.1730E+03  5.2583E+12  9.9695E-01 -9.8138E-09 -5.6677E-21  9.9695E-01
       1.1731E+03  4.7185E+12  9.9664E-01  5.9259E-09 -7.8952E-20  9.9664E-01
       1.1733E+03  4.2843E+12  9.9634E-01 -9.1972E-09  1.3912E-19  9.9634E-01
       1.1734E+03  3.9443E+12  9.9606E-01  4.0372E-10 -9.0670E-20  9.9606E-01
       1.1736E+03  3.6866E+12  9.9582E-01  6.5749E-09  2.0210E-21  9.9582E-01
       1.1737E+03  3.4992E+12  9.9564E-01 -8.6779E-09  4.7908E-21  9.9564E-01


      Photon energy [eV] or wavelength [nm] for selected point
      of pinhole, S0, S1/S0, S2/S0, S3/S0, P of
      STOKES vector per unit area [m**2]:


           Observation point (x,y,z) [m]:
              10.0000000       0.00000000       0.00000000    

       1.1617E+03  8.8354E+18  1.0000E+00  0.0000E+00  0.0000E+00  1.0000E+00
       1.1618E+03  1.1258E+19  1.0000E+00  0.0000E+00  0.0000E+00  1.0000E+00
       1.1620E+03  1.3860E+19  1.0000E+00  0.0000E+00  0.0000E+00  1.0000E+00
       1.1621E+03  1.6563E+19  1.0000E+00  0.0000E+00  0.0000E+00  1.0000E+00
       1.1623E+03  1.9282E+19  1.0000E+00  0.0000E+00  0.0000E+00  1.0000E+00
       1.1624E+03  2.1924E+19  1.0000E+00  0.0000E+00  0.0000E+00  1.0000E+00
       1.1626E+03  2.4395E+19  1.0000E+00  0.0000E+00  0.0000E+00  1.0000E+00
       1.1627E+03  2.6598E+19  1.0000E+00  0.0000E+00  0.0000E+00  1.0000E+00
       1.1629E+03  2.8444E+19  1.0000E+00  0.0000E+00  0.0000E+00  1.0000E+00
       1.1630E+03  2.9850E+19  1.0000E+00  0.0000E+00  0.0000E+00  1.0000E+00
       1.1632E+03  3.0747E+19  1.0000E+00  0.0000E+00  0.0000E+00  1.0000E+00
       1.1633E+03  3.1078E+19  1.0000E+00  0.0000E+00  0.0000E+00  1.0000E+00
       1.1635E+03  3.0809E+19  1.0000E+00  0.0000E+00  0.0000E+00  1.0000E+00
       1.1636E+03  2.9927E+19  1.0000E+00  0.0000E+00  0.0000E+00  1.0000E+00
       1.1638E+03  2.8444E+19  1.0000E+00  0.0000E+00  0.0000E+00  1.0000E+00
       1.1639E+03  2.6398E+19  1.0000E+00  0.0000E+00  0.0000E+00  1.0000E+00
       1.1641E+03  2.3858E+19  1.0000E+00  0.0000E+00  0.0000E+00  1.0000E+00
       1.1642E+03  2.0919E+19  1.0000E+00  0.0000E+00  0.0000E+00  1.0000E+00
       1.1644E+03  1.7706E+19  1.0000E+00  0.0000E+00  0.0000E+00  1.0000E+00
       1.1645E+03  1.4371E+19  1.0000E+00  0.0000E+00  0.0000E+00  1.0000E+00
       1.1647E+03  1.1093E+19  1.0000E+00  0.0000E+00  0.0000E+00  1.0000E+00
       1.1648E+03  8.0705E+18  1.0000E+00  0.0000E+00  0.0000E+00  1.0000E+00
       1.1650E+03  5.5217E+18  1.0000E+00  0.0000E+00  0.0000E+00  1.0000E+00
       1.1651E+03  3.6786E+18  1.0000E+00  0.0000E+00  0.0000E+00  1.0000E+00
       1.1653E+03  2.7816E+18  1.0000E+00  0.0000E+00  0.0000E+00  1.0000E+00
       1.1654E+03  3.0737E+18  1.0000E+00  0.0000E+00  0.0000E+00  1.0000E+00
       1.1656E+03  4.7941E+18  1.0000E+00  0.0000E+00  0.0000E+00  1.0000E+00
       1.1657E+03  8.1718E+18  1.0000E+00  0.0000E+00  0.0000E+00  1.0000E+00
       1.1659E+03  1.3419E+19  1.0000E+00  0.0000E+00  0.0000E+00  1.0000E+00
       1.1660E+03  2.0724E+19  1.0000E+00  0.0000E+00  0.0000E+00  1.0000E+00
       1.1662E+03  3.0245E+19  1.0000E+00  0.0000E+00  0.0000E+00  1.0000E+00
       1.1663E+03  4.2106E+19  1.0000E+00  0.0000E+00  0.0000E+00  1.0000E+00
       1.1665E+03  5.6389E+19  1.0000E+00  0.0000E+00  0.0000E+00  1.0000E+00
       1.1666E+03  7.3129E+19  1.0000E+00  0.0000E+00  0.0000E+00  1.0000E+00
       1.1668E+03  9.2314E+19  1.0000E+00  0.0000E+00  0.0000E+00  1.0000E+00
       1.1669E+03  1.1388E+20  1.0000E+00  0.0000E+00  0.0000E+00  1.0000E+00
       1.1671E+03  1.3771E+20  1.0000E+00  0.0000E+00  0.0000E+00  1.0000E+00
       1.1672E+03  1.6364E+20  1.0000E+00  0.0000E+00  0.0000E+00  1.0000E+00
       1.1674E+03  1.9144E+20  1.0000E+00  0.0000E+00  0.0000E+00  1.0000E+00
       1.1675E+03  2.2084E+20  1.0000E+00  0.0000E+00  0.0000E+00  1.0000E+00
       1.1677E+03  2.5153E+20  1.0000E+00  0.0000E+00  0.0000E+00  1.0000E+00
       1.1678E+03  2.8316E+20  1.0000E+00  0.0000E+00  0.0000E+00  1.0000E+00
       1.1680E+03  3.1532E+20  1.0000E+00  0.0000E+00  0.0000E+00  1.0000E+00
       1.1681E+03  3.4760E+20  1.0000E+00  0.0000E+00  0.0000E+00  1.0000E+00
       1.1683E+03  3.7957E+20  1.0000E+00  0.0000E+00  0.0000E+00  1.0000E+00
       1.1684E+03  4.1076E+20  1.0000E+00  0.0000E+00  0.0000E+00  1.0000E+00
       1.1686E+03  4.4074E+20  1.0000E+00  0.0000E+00  0.0000E+00  1.0000E+00
       1.1687E+03  4.6906E+20  1.0000E+00  0.0000E+00  0.0000E+00  1.0000E+00
       1.1689E+03  4.9528E+20  1.0000E+00  0.0000E+00  0.0000E+00  1.0000E+00
       1.1690E+03  5.1901E+20  1.0000E+00  0.0000E+00  0.0000E+00  1.0000E+00
       1.1692E+03  5.3986E+20  1.0000E+00  0.0000E+00  0.0000E+00  1.0000E+00
       1.1693E+03  5.5752E+20  1.0000E+00  0.0000E+00  0.0000E+00  1.0000E+00
       1.1695E+03  5.7169E+20  1.0000E+00  0.0000E+00  0.0000E+00  1.0000E+00
       1.1696E+03  5.8216E+20  1.0000E+00  0.0000E+00  0.0000E+00  1.0000E+00
       1.1698E+03  5.8875E+20  1.0000E+00  0.0000E+00  0.0000E+00  1.0000E+00
       1.1699E+03  5.9136E+20  1.0000E+00  0.0000E+00  0.0000E+00  1.0000E+00
       1.1701E+03  5.8995E+20  1.0000E+00  0.0000E+00  0.0000E+00  1.0000E+00
       1.1702E+03  5.8454E+20  1.0000E+00  0.0000E+00  0.0000E+00  1.0000E+00
       1.1704E+03  5.7523E+20  1.0000E+00  0.0000E+00  0.0000E+00  1.0000E+00
       1.1705E+03  5.6217E+20  1.0000E+00  0.0000E+00  0.0000E+00  1.0000E+00
       1.1707E+03  5.4558E+20  1.0000E+00  0.0000E+00  0.0000E+00  1.0000E+00
       1.1708E+03  5.2572E+20  1.0000E+00  0.0000E+00  0.0000E+00  1.0000E+00
       1.1710E+03  5.0291E+20  1.0000E+00  0.0000E+00  0.0000E+00  1.0000E+00
       1.1711E+03  4.7751E+20  1.0000E+00  0.0000E+00  0.0000E+00  1.0000E+00
       1.1713E+03  4.4991E+20  1.0000E+00  0.0000E+00  0.0000E+00  1.0000E+00
       1.1714E+03  4.2055E+20  1.0000E+00  0.0000E+00  0.0000E+00  1.0000E+00
       1.1716E+03  3.8985E+20  1.0000E+00  0.0000E+00  0.0000E+00  1.0000E+00
       1.1718E+03  3.5826E+20  1.0000E+00  0.0000E+00  0.0000E+00  1.0000E+00
       1.1719E+03  3.2623E+20  1.0000E+00  0.0000E+00  0.0000E+00  1.0000E+00
       1.1721E+03  2.9419E+20  1.0000E+00  0.0000E+00  0.0000E+00  1.0000E+00
       1.1722E+03  2.6256E+20  1.0000E+00  0.0000E+00  0.0000E+00  1.0000E+00
       1.1724E+03  2.3174E+20  1.0000E+00  0.0000E+00  0.0000E+00  1.0000E+00
       1.1725E+03  2.0209E+20  1.0000E+00  0.0000E+00  0.0000E+00  1.0000E+00
       1.1727E+03  1.7391E+20  1.0000E+00  0.0000E+00  0.0000E+00  1.0000E+00
       1.1728E+03  1.4751E+20  1.0000E+00  0.0000E+00  0.0000E+00  1.0000E+00
       1.1730E+03  1.2309E+20  1.0000E+00  0.0000E+00  0.0000E+00  1.0000E+00
       1.1731E+03  1.0085E+20  1.0000E+00  0.0000E+00  0.0000E+00  1.0000E+00
       1.1733E+03  8.0904E+19  1.0000E+00  0.0000E+00  0.0000E+00  1.0000E+00
       1.1734E+03  6.3341E+19  1.0000E+00  0.0000E+00  0.0000E+00  1.0000E+00
       1.1736E+03  4.8183E+19  1.0000E+00  0.0000E+00  0.0000E+00  1.0000E+00
       1.1737E+03  3.5409E+19  1.0000E+00  0.0000E+00  0.0000E+00  1.0000E+00

       Total absolut maxima found for Stokes-V. (z,y,Eph,fluxdens.)

        0.0000E+00  0.0000E+00  1.1699E+03  5.9136E+20
        0.0000E+00  0.0000E+00  1.1699E+03  5.9136E+20
        2.2857E-04  2.0000E-04  1.1617E+03  2.5895E+19
       -2.2857E-04 -2.2857E-04  1.1618E+03  4.0080E+18


       Estimated maxima of s0, s1, s2 ,s3 for selected point:
          1169.96375       5.91403625E+20
          1169.96375       5.91403555E+20
          0.00000000       0.00000000    
          0.00000000       0.00000000    


       Estimated maximum of s3*s3/s0 for selected point:
          0.00000000       0.00000000    


       Estimated maxima of fluxes s0, s1, s2 ,s3:
          1166.46289       7.96172600E+13
          1166.46484       7.95829925E+13
          1163.01611       860958.500    
          1167.37073       4.56933685E-06


       Estimated maxima of fluxes s3*s3/s0:
          1167.37585       2.67593871E-25



      Brilliance calculations:
      (only meaningful for undulators)

      sigr=sqrt(2*lambda*L)/2/pi*sigrc and 
      sigrp=sqrt(lambda/2/L)*sigrpc

       sigrc,sigrpc:   1.0000000000000000        1.0000000000000000     

      make sure that the device length agrees to the length
      of the trajectory
      (for rec-fields rangrec and rangpm are substracted by program)

      Observation point:

         10.0000000       0.00000000       0.00000000    

      considered device length [m]:   4.14960003    


      Brilliance [photons/sec/BW/mm**2/mrad**2]

          1161.7        0.62672E+18    0.62672E+18     0.0000         0.0000    
          1161.8        0.79867E+18    0.79867E+18     0.0000         0.0000    
          1162.0        0.98336E+18    0.98336E+18     0.0000         0.0000    
          1162.1        0.11753E+19    0.11753E+19     0.0000         0.0000    
          1162.3        0.13684E+19    0.13684E+19     0.0000         0.0000    
          1162.4        0.15562E+19    0.15562E+19     0.0000         0.0000    
          1162.6        0.17317E+19    0.17317E+19     0.0000         0.0000    
          1162.7        0.18884E+19    0.18884E+19     0.0000         0.0000    
          1162.9        0.20197E+19    0.20197E+19     0.0000         0.0000    
          1163.0        0.21198E+19    0.21198E+19     0.0000         0.0000    
          1163.2        0.21838E+19    0.21838E+19     0.0000         0.0000    
          1163.3        0.22076E+19    0.22076E+19     0.0000         0.0000    
          1163.5        0.21888E+19    0.21888E+19     0.0000         0.0000    
          1163.6        0.21264E+19    0.21264E+19     0.0000         0.0000    
          1163.8        0.20213E+19    0.20213E+19     0.0000         0.0000    
          1163.9        0.18761E+19    0.18761E+19     0.0000         0.0000    
          1164.1        0.16958E+19    0.16958E+19     0.0000         0.0000    
          1164.2        0.14871E+19    0.14871E+19     0.0000         0.0000    
          1164.4        0.12589E+19    0.12589E+19     0.0000         0.0000    
          1164.5        0.10219E+19    0.10219E+19     0.0000         0.0000    
          1164.7        0.78891E+18    0.78891E+18     0.0000         0.0000    
          1164.8        0.57402E+18    0.57402E+18     0.0000         0.0000    
          1165.0        0.39278E+18    0.39278E+18     0.0000         0.0000    
          1165.1        0.26171E+18    0.26171E+18     0.0000         0.0000    
          1165.3        0.19792E+18    0.19792E+18     0.0000         0.0000    
          1165.4        0.21873E+18    0.21873E+18     0.0000         0.0000    
          1165.6        0.34120E+18    0.34120E+18     0.0000         0.0000    
          1165.7        0.58168E+18    0.58168E+18     0.0000         0.0000    
          1165.9        0.95530E+18    0.95530E+18     0.0000         0.0000    
          1166.0        0.14755E+19    0.14755E+19     0.0000         0.0000    
          1166.2        0.21537E+19    0.21537E+19     0.0000         0.0000    
          1166.3        0.29987E+19    0.29987E+19     0.0000         0.0000    
          1166.5        0.40164E+19    0.40164E+19     0.0000         0.0000    
          1166.6        0.52094E+19    0.52094E+19     0.0000         0.0000    
          1166.8        0.65770E+19    0.65770E+19     0.0000         0.0000    
          1166.9        0.81146E+19    0.81146E+19     0.0000         0.0000    
          1167.1        0.98140E+19    0.98140E+19     0.0000         0.0000    
          1167.2        0.11663E+20    0.11663E+20     0.0000         0.0000    
          1167.4        0.13646E+20    0.13646E+20     0.0000         0.0000    
          1167.5        0.15744E+20    0.15744E+20     0.0000         0.0000    
          1167.7        0.17935E+20    0.17935E+20     0.0000         0.0000    
          1167.8        0.20192E+20    0.20192E+20     0.0000         0.0000    
          1168.0        0.22488E+20    0.22488E+20     0.0000         0.0000    
          1168.1        0.24794E+20    0.24794E+20     0.0000         0.0000    
          1168.3        0.27077E+20    0.27077E+20     0.0000         0.0000    
          1168.4        0.29307E+20    0.29307E+20     0.0000         0.0000    
          1168.6        0.31450E+20    0.31450E+20     0.0000         0.0000    
          1168.7        0.33475E+20    0.33475E+20     0.0000         0.0000    
          1168.9        0.35350E+20    0.35350E+20     0.0000         0.0000    
          1169.0        0.37048E+20    0.37048E+20     0.0000         0.0000    
          1169.2        0.38542E+20    0.38542E+20     0.0000         0.0000    
          1169.3        0.39808E+20    0.39808E+20     0.0000         0.0000    
          1169.5        0.40825E+20    0.40825E+20     0.0000         0.0000    
          1169.6        0.41578E+20    0.41578E+20     0.0000         0.0000    
          1169.8        0.42054E+20    0.42054E+20     0.0000         0.0000    
          1169.9        0.42246E+20    0.42246E+20     0.0000         0.0000    
          1170.1        0.42151E+20    0.42151E+20     0.0000         0.0000    
          1170.2        0.41770E+20    0.41770E+20     0.0000         0.0000    
          1170.4        0.41110E+20    0.41110E+20     0.0000         0.0000    
          1170.5        0.40182E+20    0.40182E+20     0.0000         0.0000    
          1170.7        0.39001E+20    0.39001E+20     0.0000         0.0000    
          1170.8        0.37586E+20    0.37586E+20     0.0000         0.0000    
          1171.0        0.35959E+20    0.35959E+20     0.0000         0.0000    
          1171.1        0.34148E+20    0.34148E+20     0.0000         0.0000    
          1171.3        0.32179E+20    0.32179E+20     0.0000         0.0000    
          1171.4        0.30082E+20    0.30082E+20     0.0000         0.0000    
          1171.6        0.27890E+20    0.27890E+20     0.0000         0.0000    
          1171.8        0.25633E+20    0.25633E+20     0.0000         0.0000    
          1171.9        0.23344E+20    0.23344E+20     0.0000         0.0000    
          1172.1        0.21054E+20    0.21054E+20     0.0000         0.0000    
          1172.2        0.18794E+20    0.18794E+20     0.0000         0.0000    
          1172.4        0.16590E+20    0.16590E+20     0.0000         0.0000    
          1172.5        0.14468E+20    0.14468E+20     0.0000         0.0000    
          1172.7        0.12453E+20    0.12453E+20     0.0000         0.0000    
          1172.8        0.10563E+20    0.10563E+20     0.0000         0.0000    
          1173.0        0.88160E+19    0.88160E+19     0.0000         0.0000    
          1173.1        0.72238E+19    0.72238E+19     0.0000         0.0000    
          1173.3        0.57961E+19    0.57961E+19     0.0000         0.0000    
          1173.4        0.45384E+19    0.45384E+19     0.0000         0.0000    
          1173.6        0.34528E+19    0.34528E+19     0.0000         0.0000    
          1173.7        0.25378E+19    0.25378E+19     0.0000         0.0000    


      estimated brilliance maxima, flux and flux-density of S0, S1, S2, S3:

          1170.0        0.42250E+20    0.47449E+14    0.59140E+17
          1170.0        0.42250E+20    0.47449E+14    0.59140E+17
          0.0000         0.0000         0.0000         0.0000    
          0.0000         0.0000         0.0000         0.0000    

      estimated brilliance maximum of S3*S3/S0:

          0.0000         0.0000    

      ---> flag IFOLD is not set, emittance effects are estimated
      from horizontal beam size [mm] and divergence [mrad]: 
         2.16000000E-04   2.47999997E-05
      vertical beam size [mm] and divergence [mrad]: 
         1.87000005E-05   4.29000011E-06


      Brilliance [photons/sec/BW/mm**2/mrad**2] with emittance

          1161.7        0.10543E+17    0.10543E+17     0.0000         0.0000    
          1161.8        0.13434E+17    0.13434E+17     0.0000         0.0000    
          1162.0        0.16538E+17    0.16538E+17     0.0000         0.0000    
          1162.1        0.19763E+17    0.19763E+17     0.0000         0.0000    
          1162.3        0.23006E+17    0.23006E+17     0.0000         0.0000    
          1162.4        0.26158E+17    0.26158E+17     0.0000         0.0000    
          1162.6        0.29104E+17    0.29104E+17     0.0000         0.0000    
          1162.7        0.31731E+17    0.31731E+17     0.0000         0.0000    
          1162.9        0.33932E+17    0.33932E+17     0.0000         0.0000    
          1163.0        0.35609E+17    0.35609E+17     0.0000         0.0000    
          1163.2        0.36677E+17    0.36677E+17     0.0000         0.0000    
          1163.3        0.37071E+17    0.37071E+17     0.0000         0.0000    
          1163.5        0.36749E+17    0.36749E+17     0.0000         0.0000    
          1163.6        0.35696E+17    0.35695E+17     0.0000         0.0000    
          1163.8        0.33925E+17    0.33925E+17     0.0000         0.0000    
          1163.9        0.31484E+17    0.31484E+17     0.0000         0.0000    
          1164.1        0.28453E+17    0.28453E+17     0.0000         0.0000    
          1164.2        0.24947E+17    0.24947E+17     0.0000         0.0000    
          1164.4        0.21115E+17    0.21115E+17     0.0000         0.0000    
          1164.5        0.17138E+17    0.17138E+17     0.0000         0.0000    
          1164.7        0.13228E+17    0.13228E+17     0.0000         0.0000    
          1164.8        0.96232E+16    0.96232E+16     0.0000         0.0000    
          1165.0        0.65837E+16    0.65837E+16     0.0000         0.0000    
          1165.1        0.43860E+16    0.43860E+16     0.0000         0.0000    
          1165.3        0.33164E+16    0.33164E+16     0.0000         0.0000    
          1165.4        0.36645E+16    0.36645E+16     0.0000         0.0000    
          1165.6        0.57154E+16    0.57154E+16     0.0000         0.0000    
          1165.7        0.97419E+16    0.97419E+16     0.0000         0.0000    
          1165.9        0.15997E+17    0.15997E+17     0.0000         0.0000    
          1166.0        0.24704E+17    0.24704E+17     0.0000         0.0000    
          1166.2        0.36053E+17    0.36053E+17     0.0000         0.0000    
          1166.3        0.50189E+17    0.50189E+17     0.0000         0.0000    
          1166.5        0.67211E+17    0.67211E+17     0.0000         0.0000    
          1166.6        0.87160E+17    0.87160E+17     0.0000         0.0000    
          1166.8        0.11002E+18    0.11002E+18     0.0000         0.0000    
          1166.9        0.13572E+18    0.13572E+18     0.0000         0.0000    
          1167.1        0.16412E+18    0.16412E+18     0.0000         0.0000    
          1167.2        0.19501E+18    0.19501E+18     0.0000         0.0000    
          1167.4        0.22813E+18    0.22813E+18     0.0000         0.0000    
          1167.5        0.26316E+18    0.26316E+18     0.0000         0.0000    
          1167.7        0.29972E+18    0.29972E+18     0.0000         0.0000    
          1167.8        0.33739E+18    0.33739E+18     0.0000         0.0000    
          1168.0        0.37570E+18    0.37570E+18     0.0000         0.0000    
          1168.1        0.41415E+18    0.41415E+18     0.0000         0.0000    
          1168.3        0.45222E+18    0.45222E+18     0.0000         0.0000    
          1168.4        0.48937E+18    0.48937E+18     0.0000         0.0000    
          1168.6        0.52507E+18    0.52507E+18     0.0000         0.0000    
          1168.7        0.55878E+18    0.55878E+18     0.0000         0.0000    
          1168.9        0.58999E+18    0.58999E+18     0.0000         0.0000    
          1169.0        0.61823E+18    0.61823E+18     0.0000         0.0000    
          1169.2        0.64305E+18    0.64305E+18     0.0000         0.0000    
          1169.3        0.66406E+18    0.66406E+18     0.0000         0.0000    
          1169.5        0.68092E+18    0.68092E+18     0.0000         0.0000    
          1169.6        0.69336E+18    0.69336E+18     0.0000         0.0000    
          1169.8        0.70118E+18    0.70118E+18     0.0000         0.0000    
          1169.9        0.70427E+18    0.70427E+18     0.0000         0.0000    
          1170.1        0.70256E+18    0.70256E+18     0.0000         0.0000    
          1170.2        0.69610E+18    0.69610E+18     0.0000         0.0000    
          1170.4        0.68499E+18    0.68499E+18     0.0000         0.0000    
          1170.5        0.66941E+18    0.66941E+18     0.0000         0.0000    
          1170.7        0.64963E+18    0.64963E+18     0.0000         0.0000    
          1170.8        0.62596E+18    0.62596E+18     0.0000         0.0000    
          1171.0        0.59877E+18    0.59877E+18     0.0000         0.0000    
          1171.1        0.56851E+18    0.56851E+18     0.0000         0.0000    
          1171.3        0.53564E+18    0.53564E+18     0.0000         0.0000    
          1171.4        0.50066E+18    0.50066E+18     0.0000         0.0000    
          1171.6        0.46410E+18    0.46410E+18     0.0000         0.0000    
          1171.8        0.42648E+18    0.42648E+18     0.0000         0.0000    
          1171.9        0.38833E+18    0.38833E+18     0.0000         0.0000    
          1172.1        0.35018E+18    0.35018E+18     0.0000         0.0000    
          1172.2        0.31253E+18    0.31253E+18     0.0000         0.0000    
          1172.4        0.27583E+18    0.27583E+18     0.0000         0.0000    
          1172.5        0.24052E+18    0.24052E+18     0.0000         0.0000    
          1172.7        0.20698E+18    0.20698E+18     0.0000         0.0000    
          1172.8        0.17555E+18    0.17555E+18     0.0000         0.0000    
          1173.0        0.14648E+18    0.14648E+18     0.0000         0.0000    
          1173.1        0.12001E+18    0.12001E+18     0.0000         0.0000    
          1173.3        0.96275E+17    0.96275E+17     0.0000         0.0000    
          1173.4        0.75372E+17    0.75372E+17     0.0000         0.0000    
          1173.6        0.57333E+17    0.57333E+17     0.0000         0.0000    
          1173.7        0.42132E+17    0.42132E+17     0.0000         0.0000    


      estimated brilliance maxima, flux and flux-density of S0, S1, S2, S3
      with emittance:

          1170.0        0.70432E+18    0.47449E+14    0.22925E+17
          1170.0        0.70432E+18    0.47449E+14    0.22925E+17
          0.0000         0.0000         0.0000         0.0000    
          0.0000         0.0000         0.0000         0.0000    

      estimated brilliance maximum of S3*S3/S0 with emittance:

          0.0000         0.0000    

      corresponding sigmas of source size [mm]
      and divergence [mrad] without and with emittance
      (including corr. factors sigrc,sigrpc):

      L/mm, lambda/mm:    4149.60010       1.05974391E-06
      without emit.:    1.49258375E-02   1.13001019E-02
         with emit.:    7.19751194E-02   1.81496367E-02
         (sigrf**2 = sigrxf*sigryf)


      LAST CHECK:

           BMAXGL:  0.20831246700714592     

           XBMAXGL:  0.46930000011332690     
           YBMAXGL:   0.0000000000000000     
           ZBMAXGL:  -2.2419449577928389E-006


      CURRENT NUMBER:         325


                     --- Program WAVE completed ---



                                                   13:25:38 29.01.16

