
                                                   15:01:49 29.01.16


           *********************************************
           *          PROGRAM WAVE                     *
           *                                           *
           *          VERSION 3.03/01 13.11.2015       *
           *                                           *
           *          Michael Scheer                   *
           *              BESSY                        *
           *********************************************

      USER COMMENT:

      U49 Peter Baumgaertel                                            

      CURRENT NUMBER:         361


      USER NAMELIST:



      MODE FLAGS:

      IUNDULATOR,IWIGGLER:            1           0



      CONTROL FLAGS:


      IUNAME,IUSTEP,IUOUT:            0           0           0
      IOPTIC,IGENFUN:                 0           0
      IMAGSPLN:                   -9999
      IEMIT,IEMIAHW:                  0           0
      IWLSOPT,IBEAMPOL:               0           0
      IENELOSS, IEFIELD:             -1           0
      IPOWER,ISPEC:                   0           1
      IVELOFIELD,ISPECMODE:           0           3
         IWFILL0,IRFILL0:                      0           0
         ISPECINT,IPIN:                        0           1
         IUSEM,ISTOKES:                        0           1
         IBRILL:                               1
         IPINCIRC,IRPHI:                       0           0
         IFOLD,ISIGUSR:                        0           1
         IF1DIM,IPOLA:                         0           0
         IWFILSP0,IWFILSPF:                    0           0
         IRFILSP0,IRFILSTO:                    0           0
         IWFILSTO,IWFLSTOF:                    0           0
         ISPECANA,ISPECANAF:                   0           0
         IAMPLI,IAMPSKIP:                      0           0
         IWFILFL0,IWFILFLF:                    0           0
         IWFILS,IWFILSF:                       0           0
         IWFILSE,IWFILSEF:                     0           0
         IWFILB,IWFILBF:                       0           0
         IWFILBE,IWFILBEF:                     0           0
         IWFILINT,IPINALL:                     0           0
         IRFILOB,IFILTER:                      0           0
         IWFILRAY,IDESYNC:                     1           0
         IPHASE,IPHASEANA:                     0           0
         IDOSE,IEFOLD:                         0           0
         ISPECDIP,IBL0CUT:                     0           0
         IEFFI,IFILMUL:                        0           0
         IBUNCH:                               0
      IWFILF:                         0


      MAGNETIC FIELD FLAGS:



      ICHARGE,IBMASK,JBMASK:          -1           0           0
      IBSUPER,IBERROR:                 1           0
      ICUTFIBO:                        1

      IPERIODG,IBSYM:                 0           0
      IBSYMY,IBSYMZ:                  0           0
      KBEXTERN,KBFELD:                0           0
      KHALBA,KHALBASY:                0           0
      KUCROSS,IRFILP:                 0           0
      KMAGSEQ,IMGSQF:                 0           0
             KMAGCOR:                 1
      IRFILF,IRBTAB:                  0           0
      IRBTABZY,KELLIP:                0           1
      KBPOLYH,KBPOLY3D:               0           0
      KBREC,KELLANA:                  0           0
      KBPOLYMAG,KBGENESIS:            0           0
      KBAMWLS:                        0



      HISTOGRAM FLAGS:

      IHBOOK,IHINDEX:                 1           0


      OTHER OPTIONS:


      IWBTAB,IWFILT0:                 0           0
      IWSECTMAGS:                     0
      IJUST,ISNORDER:                 0           0
      IWBMAP,IWBPOLY3D:               0           0
      IWBPOLY2DH,IWBPHARM:            0           0


      SR BELLIP, Parameters of elliptical undulator:
      horizontal and vertical peak field [T]:   0.00000000      0.132787153    
      number of periods, period and device length [m]:
         84.0000000       4.94000018E-02   4.14960003    
      shift parameter [periods], B_h/B_v:       0.00000000       0.00000000    
      B0_eff [T], deflection parameter K:  0.132787153      0.612496912    
      1. harmonical [nm] and [eV]:   2.58304572       480.000000    
      critical energy [eV]:   261.855011    

      longitudinal position of device center [m]:   0.0000000000000000     

      scaling factor for taper:   0.0000000000000000     

  
      Subroutine photon (quantum fluctuations):
  
       number of sampling bins (NBING1)        1000
       max. photon energy normalized to characteristic energy (EECMAXG1):
          5.0000000000000000     
  

      Number of tracking steps per meter (MYINUM):         5000

      Start and end of the trajectory [m](XSTART,XSTOP):
        -2.07480001       2.07480001    

      BMOVECUT:   1.00000001E-07

      Initial energy [GeV] and gamma:    1.72200000       3369.8702546331497     
      Final energy [GeV] and gamma:      1.72199988       3369.8700432975475     
      Relative change:                  -6.27132763E-08
      number of photons, RMS (keV) and rel. RMS of quantum fluctuation:
                 3   6.34206235E-02   3.68296291E-08


      B-rho [Tm], current [A]:   -5.74397326      0.100000001    

      Offset for vert. and hori. magnetic field (BYGOFF, BZGOFF):
          0.00000000       0.00000000    
      Global scaling factor for mag. field (B0SCGLOB,A0SCGLOB):
          1.00000000       1.00000000    

      Long. shift [m] of device (X(e-) -> X(e-)+XSHIFT):    0.00000000    
      Vert. shift [m] of device (Y(e-) -> Y(e-)+VSHIFT):    0.00000000    
      Hori. shift [m] of device (Z(e-) -> Z(e-)+HSHIFT):    0.00000000    
      Rotation angle [degree] of device:                    0.00000000    
      Y(e-) -> Y(e-)*sin(XROTD) + Y(e-)*cos(XROTD)
      Z(e-) -> Z(e-)*cos(XROTD) - Y(e-)*sin(XROTD)


      Magnetic field [T] at starting point:
         0.00000000       0.00000000       0.00000000    

      Vector potential [T-m] at starting point:
         0.00000000       0.00000000       0.00000000    


      Magnetic field [T] at stopping point:
         0.00000000       0.00000000       0.00000000    

      Vector potential [T-m] at stopping point:
         0.00000000       0.00000000       0.00000000    

      Extrema of magnetic field [T] and the trajectory [m]:

      BXmax,BXmin:    0.00000000       0.00000000    
      BYmax,BYmin:   0.132776424     -0.132787153    
      BZmax,BZmin:    0.00000000       0.00000000    

      Xmax,Xmin:    2.07480001      -2.07480001    
      Ymax,Ymin:    0.00000000       0.00000000    
      Zmax,Zmin:    1.42898307E-06  -1.42887029E-06


      Extrema of magnetic field [T] and the trajectory [m] between
      XIANF and XIEND

      BXmaxAE,BXminAE:    0.00000000       0.00000000    
      BYmaxAE,BYminAE:   0.132776424     -0.132787153    
      BZmaxAE,BZminAE:    0.00000000       0.00000000    

      XmaxAE,XminAE:    2.07480001      -2.07480001    
      YmaxAE,YminAE:    0.00000000       0.00000000    
      ZmaxAE,ZminAE:    1.42898307E-06  -1.42887029E-06


      Start values (coordinates [m] and slopes) of trajectory:

      X0:   -2.0747999999999998     
      Y0:    0.0000000000000000     
      Z0:    0.0000000000000000     

      ZP0:   0.0000000000000000     
      YP0:   0.0000000000000000     

      VX0:   299792444.80029100     
      VY0:   0.0000000000000000     
      VZ0:   0.0000000000000000     

      Values for X=0 (coordinates [m] and slopes) of trajectory:

      YCEN:    0.0000000000000000     
      ZCEN:    1.4289787611135210E-006

      YPCEN:   0.0000000000000000     
      ZPCEN:   7.8923259947136146E-014

      End values (coordinates [m] and slopes) of trajectory:

      XF0:    2.0747999999999998     
      YF0:    0.0000000000000000     
      ZF0:   -6.7308211505006370E-012


      ZPF0:    6.8304834890852890E-012
      YPF0:    0.0000000000000000     

      VXF0:    299792448.15043730     
      VYF0:    0.0000000000000000     
      VZF0:    2.0477273672440195E-003


      Values for X=XIANF (coordinates [m] and slopes) of trajectory:

      XIANF:   -1.0000000000000000E+030
      YIANF:   -9999.0000000000000     
      ZIANF:   -9999.0000000000000     

      YPIANF:  -9999.0000000000000     
      ZPIANF:  -9999.0000000000000     



      Values for X=XIEND (coordinates [m] and slopes) of trajectory:

      XIEND:    1.0000000000000000E+030
      YIEND:   -9999.0000000000000     
      ZIEND:   -9999.0000000000000     

      YPIEND:  -9999.0000000000000     
      ZPIEND:  -9999.0000000000000     


      ZF0/(XSTOP-XSTART):   -1.6220409558754188E-012
      YF0/(XSTOP-XSTART):    0.0000000000000000     

      YF0-Y0:   0.0000000000000000     
      ZF0-Z0:  -6.7308211505006370E-012

      YPF0-YP0:   0.0000000000000000     
      ZPF0-ZP0:   6.8304834890852890E-012

      Straight line fit of z(x):
      offset:  -6.3809103443514365E-009
      slope:  -1.9263207333874529E-012

      Straight line fit of vz(x)/vx(x):
      offset:   7.8220643621294596E-013
      slope:   4.4462774408169855E-009

      Straight line fit of y(x):
      offset:   0.0000000000000000     
      slope:   0.0000000000000000     

      Straight line fit of vy(x)/vx(x):
      offset:   0.0000000000000000     
      slope:   0.0000000000000000     

      1. magnetic integral [T-m]:    0.00000000       8.16956637E-13   0.00000000    
      2. mag. integral [T-m**2]:    0.00000000      -2.74489446E-14   0.00000000    

      Integrated By**2 [T**2-m]:                      3.63660082E-02
      Energy irradiated by the device per e- [MeV]:   1.36453149E-04
      Rel. energy loss:                               7.92410830E-08
      Power irradiated by the device [kWATT]:         1.36453146E-02

      Length of trajectory (BINT0) [m]:
         4.1496000339868466     
      Integrated (YP**2+ZP**2)/2 of trajectory (WTRA2I) [m]:
         3.3986907538510188E-008
      corresponding phase advance [nm and eV]:
         216.69169753696318        5.7217786270981073     
      dE/E and corresponding dL = 2 * dE/E * L [nm]:
         1.00000005E-03   6.79738149E-02
      Circumference of the ring [m]:                 240.000000    
      Rel. change of total circumference (from BINT0):         
         1.41611861E-10
      Rel. change of total circumference (from WTRA2I):
         1.41612111E-10

      Max. and min. deflection angle [rad]:    1.81758063E-04  -1.81758063E-04


      SPECTRUM
      ===========

      Start and end of points [m] of integration for spectrum
      calculations (XIANF,XIEND):  -1.00000002E+30   1.00000002E+30


      SR WFILL0:

      Parameters:
      WGWINFC:   2646.6899088765672     
      WBL0CUT:   0.0000000000000000     
      WBL0HYS:   1.0000000000000000     

      Pinhole of collimators:
      (X,Y,Z), width, height:

        1.0000E+01  0.0000E+00  0.0000E+00  1.0000E+03  1.0000E+03
        1.0000E+01  0.0000E+00  0.0000E+00  1.0000E+03  1.0000E+03

      Number of sources:           1
      Begin and end of sources (x,y,z):

                 1  -2.07480001       0.00000000       0.00000000    
                 1   2.07480001       0.00000000      -6.73082120E-12

      Horiz., vert. slopes and mag. field
      at begin and end of sources:

                 1   0.00000000       0.00000000       0.00000000    
                 1   6.83048366E-12   0.00000000       1.08278664E-12


      SR COHEREN:
      Minimum and maximum number of phases  between
      photons and electrons:
         59.7879028       60.4080582    


       selected observation point:

          10.0000000       0.00000000       0.00000000    


      Source number, mean mag. field (sign from By), abs. mean and rel. rms
      for sources, and critical photon energy [eV] or wavelength [nm]
      (with respect to abs. mean):

           1  -1.65740807E-13   8.41822028E-02  0.486472666       166.006516    

      Photon energy cut-off (SPECCUT):   0.00000000    

      Max. field and photon energy cuts for source points:

           1  0.132787228       0.00000000    

      Data-file written for program RAY
      File: wave_ray.dat                                                                                                                    
      (Device center is assumed at (0,0,0)
      Photon energy:   1429.72998    


      Results of spectrum calculations
      ================================


      Reflectivity coefficients (complex):

       (  1.0000000000000000     ,  0.0000000000000000     )
       (  1.0000000000000000     ,  0.0000000000000000     )
       (  1.0000000000000000     ,  0.0000000000000000     )



      Buffer size for integration (NDWSOU):       20849

      Provided number of integration steps for each source
      (controlled by NLPOI)
      (not necessarily used)

       20747

      Bandwidth:   1.00000005E-03


      Pinhole position (x,y,z) [m]:
         10.0000000       0.00000000       0.00000000    

      Numbers defining inner vert. and hori. edges (MMEDGEY,MMEDGEZ):            0           0
      Numbers defining outerer vert. and hori. edges (MEDGEY,MEDGEZ):            1           1
      Total number of vert. and hori. points:                    73          73
      Number of vert. and horiz. points inside pinhole:          71          71

      Vertical and horizontal grid size [m]:        2.85714286E-05   2.85714286E-05
      Vertical and horizontal size [m x m]:         2.00000009E-03   2.00000009E-03
      Total vert. and horiz. size [m x m]:          2.05714279E-03   2.05714279E-03

      Photon energy or wavelength and flux through pinhole:
      (for all sources and sum)

      1429.72998       1.12398382E+13   1.12398382E+13
      1429.91541       1.12670760E+13   1.12670760E+13
      1430.10071       1.12924935E+13   1.12924935E+13
      1430.28613       1.13159858E+13   1.13159858E+13
      1430.47156       1.13375109E+13   1.13375109E+13
      1430.65686       1.13570942E+13   1.13570942E+13
      1430.84229       1.13748361E+13   1.13748361E+13
      1431.02759       1.13909086E+13   1.13909086E+13
      1431.21301       1.14055583E+13   1.14055583E+13
      1431.39832       1.14190944E+13   1.14190944E+13
      1431.58374       1.14318880E+13   1.14318880E+13
      1431.76917       1.14443566E+13   1.14443566E+13
      1431.95447       1.14569521E+13   1.14569521E+13
      1432.13989       1.14701443E+13   1.14701443E+13
      1432.32520       1.14844028E+13   1.14844028E+13
      1432.51062       1.15001744E+13   1.15001744E+13
      1432.69604       1.15178681E+13   1.15178681E+13
      1432.88135       1.15378236E+13   1.15378236E+13
      1433.06677       1.15602966E+13   1.15602966E+13
      1433.25208       1.15854331E+13   1.15854331E+13
      1433.43750       1.16132529E+13   1.16132529E+13
      1433.62292       1.16436270E+13   1.16436270E+13
      1433.80823       1.16762639E+13   1.16762639E+13
      1433.99365       1.17106991E+13   1.17106991E+13
      1434.17896       1.17462857E+13   1.17462857E+13
      1434.36438       1.17821890E+13   1.17821890E+13
      1434.54980       1.18173886E+13   1.18173886E+13
      1434.73511       1.18506830E+13   1.18506830E+13
      1434.92053       1.18807027E+13   1.18807027E+13
      1435.10583       1.19059230E+13   1.19059230E+13
      1435.29126       1.19246873E+13   1.19246873E+13
      1435.47668       1.19352307E+13   1.19352307E+13
      1435.66199       1.19357089E+13   1.19357089E+13
      1435.84741       1.19242333E+13   1.19242333E+13
      1436.03271       1.18989080E+13   1.18989080E+13
      1436.21814       1.18578647E+13   1.18578647E+13
      1436.40344       1.17993049E+13   1.17993049E+13
      1436.58887       1.17215383E+13   1.17215383E+13
      1436.77429       1.16230267E+13   1.16230267E+13
      1436.95959       1.15024152E+13   1.15024152E+13
      1437.14502       1.13585758E+13   1.13585758E+13
      1437.33032       1.11906338E+13   1.11906338E+13
      1437.51575       1.09979988E+13   1.09979988E+13
      1437.70117       1.07803868E+13   1.07803868E+13
      1437.88647       1.05378396E+13   1.05378396E+13
      1438.07190       1.02707327E+13   1.02707327E+13
      1438.25720       9.97978748E+12   9.97978748E+12
      1438.44263       9.66605983E+12   9.66605983E+12
      1438.62805       9.33093809E+12   9.33093809E+12
      1438.81335       8.97612618E+12   8.97612618E+12
      1438.99878       8.60362061E+12   8.60362061E+12
      1439.18408       8.21568419E+12   8.21568419E+12
      1439.36951       7.81480991E+12   7.81480991E+12
      1439.55493       7.40368476E+12   7.40368476E+12
      1439.74023       6.98514565E+12   6.98514565E+12
      1439.92566       6.56213436E+12   6.56213436E+12
      1440.11096       6.13765140E+12   6.13765140E+12
      1440.29639       5.71470355E+12   5.71470355E+12
      1440.48169       5.29625881E+12   5.29625881E+12
      1440.66711       4.88519605E+12   4.88519605E+12
      1440.85254       4.48426095E+12   4.48426095E+12
      1441.03784       4.09602150E+12   4.09602150E+12
      1441.22327       3.72283041E+12   3.72283041E+12
      1441.40857       3.36679141E+12   3.36679141E+12
      1441.59399       3.02972902E+12   3.02972902E+12
      1441.77942       2.71316707E+12   2.71316707E+12
      1441.96472       2.41831248E+12   2.41831248E+12
      1442.15015       2.14604395E+12   2.14604395E+12
      1442.33545       1.89691055E+12   1.89691055E+12
      1442.52087       1.67113392E+12   1.67113392E+12
      1442.70630       1.46861838E+12   1.46861838E+12
      1442.89160       1.28896637E+12   1.28896637E+12
      1443.07703       1.13150014E+12   1.13150014E+12
      1443.26233       9.95286778E+11   9.95286778E+11
      1443.44775       8.79168651E+11   8.79168651E+11
      1443.63318       7.81796704E+11   7.81796704E+11
      1443.81848       7.01665706E+11   7.01665706E+11
      1444.00391       6.37151937E+11   6.37151937E+11
      1444.18921       5.86550411E+11   5.86550411E+11
      1444.37463       5.48112564E+11   5.48112564E+11
      1444.56006       5.20082686E+11   5.20082686E+11

      Estimated maximum:

         1435.57678       1.19369735E+13


      Flux density for selected point:

               1429.72998       1.70698933E+18   1.70698933E+18
               1429.91541       2.16268426E+18   2.16268426E+18
               1430.10071       2.64948162E+18   2.64948162E+18
               1430.28613       3.15277977E+18   3.15277977E+18
               1430.47156       3.65642207E+18   3.65642207E+18
               1430.65686       4.14321298E+18   4.14321298E+18
               1430.84229       4.59551165E+18   4.59551165E+18
               1431.02759       4.99588122E+18   4.99588122E+18
               1431.21301       5.32778090E+18   5.32778090E+18
               1431.39832       5.57627602E+18   5.57627602E+18
               1431.58374       5.72874915E+18   5.72874915E+18
               1431.76917       5.77558010E+18   5.77558010E+18
               1431.95447       5.71078093E+18   5.71078093E+18
               1432.13989       5.53255614E+18   5.53255614E+18
               1432.32520       5.24376941E+18   5.24376941E+18
               1432.51062       4.85229215E+18   4.85229215E+18
               1432.69604       4.37122365E+18   4.37122365E+18
               1432.88135       3.81896205E+18   3.81896205E+18
               1433.06677       3.21911853E+18   3.21911853E+18
               1433.25208       2.60026886E+18   2.60026886E+18
               1433.43750       1.99554035E+18   1.99554035E+18
               1433.62292       1.44203822E+18   1.44203822E+18
               1433.80823       9.80118271E+17   9.80118271E+17
               1433.99365       6.52521806E+17   6.52521806E+17
               1434.17896       5.03388446E+17   5.03388446E+17
               1434.36438       5.77170556E+17   5.77170556E+17
               1434.54980       9.17474146E+17   9.17474146E+17
               1434.73511       1.56585588E+18   1.56585588E+18
               1434.92053       2.56060728E+18   2.56060728E+18
               1435.10583       3.93555921E+18   3.93555921E+18
               1435.29126       5.71893986E+18   5.71893986E+18
               1435.47668       7.93231834E+18   7.93231834E+18
               1435.66199       1.05896670E+19   1.05896670E+19
               1435.84741       1.36965713E+19   1.36965713E+19
               1436.03271       1.72496145E+19   1.72496145E+19
               1436.21814       2.12359544E+19   2.12359544E+19
               1436.40344       2.56331147E+19   2.56331147E+19
               1436.58887       3.04090040E+19   3.04090040E+19
               1436.77429       3.55221728E+19   3.55221728E+19
               1436.95959       4.09222747E+19   4.09222747E+19
               1437.14502       4.65507978E+19   4.65507978E+19
               1437.33032       5.23419696E+19   5.23419696E+19
               1437.51575       5.82238862E+19   5.82238862E+19
               1437.70117       6.41197886E+19   6.41197886E+19
               1437.88647       6.99495136E+19   6.99495136E+19
               1438.07190       7.56310332E+19   7.56310332E+19
               1438.25720       8.10820952E+19   8.10820952E+19
               1438.44263       8.62218371E+19   8.62218371E+19
               1438.62805       9.09725102E+19   9.09725102E+19
               1438.81335       9.52610277E+19   9.52610277E+19
               1438.99878       9.90205746E+19   9.90205746E+19
               1439.18408       1.02191944E+20   1.02191944E+20
               1439.36951       1.04724850E+20   1.04724850E+20
               1439.55493       1.06578969E+20   1.06578969E+20
               1439.74023       1.07724828E+20   1.07724828E+20
               1439.92566       1.08144384E+20   1.08144384E+20
               1440.11096       1.07831471E+20   1.07831471E+20
               1440.29639       1.06791844E+20   1.06791844E+20
               1440.48169       1.05043075E+20   1.05043075E+20
               1440.66711       1.02614139E+20   1.02614139E+20
               1440.85254       9.95447866E+19   9.95447866E+19
               1441.03784       9.58846443E+19   9.58846443E+19
               1441.22327       9.16921185E+19   9.16921185E+19
               1441.40857       8.70331887E+19   8.70331887E+19
               1441.59399       8.19799212E+19   8.19799212E+19
               1441.77942       7.66090268E+19   7.66090268E+19
               1441.96472       7.10001893E+19   7.10001893E+19
               1442.15015       6.52344735E+19   6.52344735E+19
               1442.33545       5.93926890E+19   5.93926890E+19
               1442.52087       5.35538073E+19   5.35538073E+19
               1442.70630       4.77934439E+19   4.77934439E+19
               1442.89160       4.21824821E+19   4.21824821E+19
               1443.07703       3.67858130E+19   3.67858130E+19
               1443.26233       3.16612730E+19   3.16612730E+19
               1443.44775       2.68587557E+19   2.68587557E+19
               1443.63318       2.24195369E+19   2.24195369E+19
               1443.81848       1.83758366E+19   1.83758366E+19
               1444.00391       1.47505719E+19   1.47505719E+19
               1444.18921       1.15573647E+19   1.15573647E+19
               1444.37463       8.80074396E+18   8.80074396E+18
               1444.56006       6.47655999E+18   6.47655999E+18

      Estimated maximum:

         1439.93909       1.08146328E+20


      Power through pinhole [W]:
      (for all sources and sum)
       3.21057940       3.21057940    


      Power density at selected point [W/m**2]:

                959855.750       959855.750    




      Photon energy or wavelength and normalized components S0, S1/S0,
      S2/S0, S3/S0 of STOKES vector and polarization for pinhole:

       1.4297E+03  1.1240E+13  9.9904E-01  2.6098E-09  3.4469E-20  9.9904E-01
       1.4299E+03  1.1267E+13  9.9906E-01 -7.8925E-09  2.6451E-20  9.9906E-01
       1.4301E+03  1.1292E+13  9.9909E-01 -4.1979E-09 -4.7174E-20  9.9909E-01
       1.4303E+03  1.1316E+13  9.9912E-01 -2.3862E-09  8.2301E-21  9.9912E-01
       1.4305E+03  1.1338E+13  9.9914E-01 -4.3298E-09  1.2618E-19  9.9914E-01
       1.4307E+03  1.1357E+13  9.9916E-01  4.1346E-09 -9.8404E-22  9.9916E-01
       1.4308E+03  1.1375E+13  9.9919E-01  7.3186E-09 -1.7358E-20  9.9919E-01
       1.4310E+03  1.1391E+13  9.9921E-01 -1.9615E-09 -1.6352E-21  9.9921E-01
       1.4312E+03  1.1406E+13  9.9923E-01 -2.5395E-09  5.3239E-20  9.9923E-01
       1.4314E+03  1.1419E+13  9.9925E-01 -5.5400E-09 -4.2084E-20  9.9925E-01
       1.4316E+03  1.1432E+13  9.9927E-01 -2.0712E-09  1.9552E-21  9.9927E-01
       1.4318E+03  1.1444E+13  9.9929E-01 -9.5448E-09 -5.2408E-20  9.9929E-01
       1.4320E+03  1.1457E+13  9.9931E-01 -1.3127E-09  1.5282E-20  9.9931E-01
       1.4321E+03  1.1470E+13  9.9933E-01  4.8867E-09 -4.8717E-20  9.9933E-01
       1.4323E+03  1.1484E+13  9.9935E-01  2.3171E-09 -6.8119E-21  9.9935E-01
       1.4325E+03  1.1500E+13  9.9937E-01  4.3253E-09 -5.8308E-21  9.9937E-01
       1.4327E+03  1.1518E+13  9.9938E-01  5.2816E-09  1.6172E-21  9.9938E-01
       1.4329E+03  1.1538E+13  9.9940E-01  6.6594E-09 -2.0341E-20  9.9940E-01
       1.4331E+03  1.1560E+13  9.9942E-01 -2.8006E-09  1.2890E-20  9.9942E-01
       1.4333E+03  1.1585E+13  9.9943E-01  3.1658E-09 -4.0515E-20  9.9943E-01
       1.4334E+03  1.1613E+13  9.9945E-01 -2.7121E-09 -3.2078E-21  9.9945E-01
       1.4336E+03  1.1644E+13  9.9946E-01  6.2411E-09 -1.1838E-20  9.9946E-01
       1.4338E+03  1.1676E+13  9.9948E-01 -2.6593E-09  2.3929E-20  9.9948E-01
       1.4340E+03  1.1711E+13  9.9950E-01 -6.0677E-09  1.3043E-20  9.9950E-01
       1.4342E+03  1.1746E+13  9.9951E-01 -4.9507E-09  4.3449E-20  9.9951E-01
       1.4344E+03  1.1782E+13  9.9953E-01 -3.3734E-09 -5.5648E-20  9.9953E-01
       1.4345E+03  1.1817E+13  9.9954E-01 -2.1866E-09 -2.2067E-20  9.9954E-01
       1.4347E+03  1.1851E+13  9.9956E-01 -5.7329E-09  7.2301E-21  9.9956E-01
       1.4349E+03  1.1881E+13  9.9957E-01  7.2863E-10  1.3797E-20  9.9957E-01
       1.4351E+03  1.1906E+13  9.9958E-01 -8.0089E-09  1.3454E-20  9.9958E-01
       1.4353E+03  1.1925E+13  9.9960E-01  1.7339E-10 -1.4995E-20  9.9960E-01
       1.4355E+03  1.1935E+13  9.9961E-01 -3.1623E-09  5.9304E-21  9.9961E-01
       1.4357E+03  1.1936E+13  9.9962E-01 -1.9618E-09 -1.2485E-21  9.9962E-01
       1.4358E+03  1.1924E+13  9.9963E-01  6.3287E-09 -4.1239E-20  9.9963E-01
       1.4360E+03  1.1899E+13  9.9964E-01 -6.2714E-09 -1.0019E-20  9.9964E-01
       1.4362E+03  1.1858E+13  9.9965E-01 -1.0704E-09 -2.5133E-20  9.9965E-01
       1.4364E+03  1.1799E+13  9.9966E-01 -2.3085E-09  2.0522E-20  9.9966E-01
       1.4366E+03  1.1722E+13  9.9966E-01 -1.1964E-08  7.9454E-21  9.9966E-01
       1.4368E+03  1.1623E+13  9.9967E-01  8.4956E-09 -7.6922E-21  9.9967E-01
       1.4370E+03  1.1502E+13  9.9968E-01 -1.0186E-08 -1.3279E-20  9.9968E-01
       1.4371E+03  1.1359E+13  9.9968E-01  4.1745E-09  4.5260E-20  9.9968E-01
       1.4373E+03  1.1191E+13  9.9968E-01 -1.5763E-09  8.3223E-21  9.9968E-01
       1.4375E+03  1.0998E+13  9.9968E-01 -4.9218E-09  1.3549E-20  9.9968E-01
       1.4377E+03  1.0780E+13  9.9968E-01  1.2448E-08  8.2935E-20  9.9968E-01
       1.4379E+03  1.0538E+13  9.9968E-01  1.0615E-08  2.4746E-21  9.9968E-01
       1.4381E+03  1.0271E+13  9.9968E-01 -1.3808E-09  4.8966E-20  9.9968E-01
       1.4383E+03  9.9798E+12  9.9968E-01  8.1242E-09  2.9863E-21  9.9968E-01
       1.4384E+03  9.6661E+12  9.9967E-01 -6.2133E-11 -2.1197E-20  9.9967E-01
       1.4386E+03  9.3309E+12  9.9966E-01 -2.2479E-09  7.1863E-21  9.9966E-01
       1.4388E+03  8.9761E+12  9.9966E-01 -4.8208E-10 -1.7431E-20  9.9966E-01
       1.4390E+03  8.6036E+12  9.9965E-01 -3.6896E-09  6.9279E-21  9.9965E-01
       1.4392E+03  8.2157E+12  9.9964E-01  1.6784E-09  1.5870E-20  9.9964E-01
       1.4394E+03  7.8148E+12  9.9962E-01  1.9397E-09  1.2394E-20  9.9962E-01
       1.4396E+03  7.4037E+12  9.9961E-01 -2.7881E-09 -6.5412E-21  9.9961E-01
       1.4397E+03  6.9851E+12  9.9959E-01 -1.4802E-09  3.3066E-20  9.9959E-01
       1.4399E+03  6.5621E+12  9.9957E-01  7.6055E-09  5.6769E-22  9.9957E-01
       1.4401E+03  6.1377E+12  9.9955E-01 -7.2233E-09  9.7113E-21  9.9955E-01
       1.4403E+03  5.7147E+12  9.9952E-01 -3.4111E-09  5.2150E-20  9.9952E-01
       1.4405E+03  5.2963E+12  9.9949E-01 -1.9352E-09  1.4068E-21  9.9949E-01
       1.4407E+03  4.8852E+12  9.9946E-01 -5.4880E-09 -3.6603E-20  9.9946E-01
       1.4409E+03  4.4843E+12  9.9942E-01  3.1895E-09 -2.9907E-20  9.9942E-01
       1.4410E+03  4.0960E+12  9.9937E-01 -4.2220E-09 -3.2742E-20  9.9937E-01
       1.4412E+03  3.7228E+12  9.9931E-01 -4.3825E-09 -3.0020E-21  9.9931E-01
       1.4414E+03  3.3668E+12  9.9925E-01  1.1991E-08 -6.6389E-21  9.9925E-01
       1.4416E+03  3.0297E+12  9.9918E-01 -1.0843E-08  2.7051E-20  9.9918E-01
       1.4418E+03  2.7132E+12  9.9909E-01 -3.0988E-09 -4.1191E-21  9.9909E-01
       1.4420E+03  2.4183E+12  9.9898E-01 -9.5465E-09 -4.7754E-20  9.9898E-01
       1.4422E+03  2.1460E+12  9.9886E-01  1.1636E-08  8.6794E-21  9.9886E-01
       1.4423E+03  1.8969E+12  9.9872E-01 -5.2025E-09  7.8555E-21  9.9872E-01
       1.4425E+03  1.6711E+12  9.9856E-01  9.9648E-09 -4.4584E-20  9.9856E-01
       1.4427E+03  1.4686E+12  9.9836E-01  1.2048E-08  2.5366E-21  9.9836E-01
       1.4429E+03  1.2890E+12  9.9814E-01  1.3995E-08  4.0462E-20  9.9814E-01
       1.4431E+03  1.1315E+12  9.9789E-01 -3.5778E-09  6.5847E-20  9.9789E-01
       1.4433E+03  9.9529E+11  9.9761E-01  1.7861E-10 -5.2401E-20  9.9761E-01
       1.4434E+03  8.7917E+11  9.9730E-01 -1.3937E-09 -2.9661E-20  9.9730E-01
       1.4436E+03  7.8180E+11  9.9697E-01  1.0537E-08 -7.6241E-20  9.9697E-01
       1.4438E+03  7.0167E+11  9.9663E-01 -2.8234E-09  1.6459E-19  9.9663E-01
       1.4440E+03  6.3715E+11  9.9630E-01 -1.0378E-08 -2.9234E-20  9.9630E-01
       1.4442E+03  5.8655E+11  9.9599E-01 -5.5546E-09 -8.8917E-20  9.9599E-01
       1.4444E+03  5.4811E+11  9.9573E-01 -3.7833E-09 -6.1169E-20  9.9573E-01
       1.4446E+03  5.2008E+11  9.9552E-01 -6.4998E-09  1.4326E-19  9.9552E-01


      Photon energy [eV] or wavelength [nm] for selected point
      of pinhole, S0, S1/S0, S2/S0, S3/S0, P of
      STOKES vector per unit area [m**2]:


           Observation point (x,y,z) [m]:
              10.0000000       0.00000000       0.00000000    

       1.4297E+03  1.7070E+18  1.0000E+00  0.0000E+00  0.0000E+00  1.0000E+00
       1.4299E+03  2.1627E+18  1.0000E+00  0.0000E+00  0.0000E+00  1.0000E+00
       1.4301E+03  2.6495E+18  1.0000E+00  0.0000E+00  0.0000E+00  1.0000E+00
       1.4303E+03  3.1528E+18  1.0000E+00  0.0000E+00  0.0000E+00  1.0000E+00
       1.4305E+03  3.6564E+18  1.0000E+00  0.0000E+00  0.0000E+00  1.0000E+00
       1.4307E+03  4.1432E+18  1.0000E+00  0.0000E+00  0.0000E+00  1.0000E+00
       1.4308E+03  4.5955E+18  1.0000E+00  0.0000E+00  0.0000E+00  1.0000E+00
       1.4310E+03  4.9959E+18  1.0000E+00  0.0000E+00  0.0000E+00  1.0000E+00
       1.4312E+03  5.3278E+18  1.0000E+00  0.0000E+00  0.0000E+00  1.0000E+00
       1.4314E+03  5.5763E+18  1.0000E+00  0.0000E+00  0.0000E+00  1.0000E+00
       1.4316E+03  5.7287E+18  1.0000E+00  0.0000E+00  0.0000E+00  1.0000E+00
       1.4318E+03  5.7756E+18  1.0000E+00  0.0000E+00  0.0000E+00  1.0000E+00
       1.4320E+03  5.7108E+18  1.0000E+00  0.0000E+00  0.0000E+00  1.0000E+00
       1.4321E+03  5.5326E+18  1.0000E+00  0.0000E+00  0.0000E+00  1.0000E+00
       1.4323E+03  5.2438E+18  1.0000E+00  0.0000E+00  0.0000E+00  1.0000E+00
       1.4325E+03  4.8523E+18  1.0000E+00  0.0000E+00  0.0000E+00  1.0000E+00
       1.4327E+03  4.3712E+18  1.0000E+00  0.0000E+00  0.0000E+00  1.0000E+00
       1.4329E+03  3.8190E+18  1.0000E+00  0.0000E+00  0.0000E+00  1.0000E+00
       1.4331E+03  3.2191E+18  1.0000E+00  0.0000E+00  0.0000E+00  1.0000E+00
       1.4333E+03  2.6003E+18  1.0000E+00  0.0000E+00  0.0000E+00  1.0000E+00
       1.4334E+03  1.9955E+18  1.0000E+00  0.0000E+00  0.0000E+00  1.0000E+00
       1.4336E+03  1.4420E+18  1.0000E+00  0.0000E+00  0.0000E+00  1.0000E+00
       1.4338E+03  9.8012E+17  1.0000E+00  0.0000E+00  0.0000E+00  1.0000E+00
       1.4340E+03  6.5252E+17  1.0000E+00  0.0000E+00  0.0000E+00  1.0000E+00
       1.4342E+03  5.0339E+17  1.0000E+00  0.0000E+00  0.0000E+00  1.0000E+00
       1.4344E+03  5.7717E+17  1.0000E+00  0.0000E+00  0.0000E+00  1.0000E+00
       1.4345E+03  9.1747E+17  1.0000E+00  0.0000E+00  0.0000E+00  1.0000E+00
       1.4347E+03  1.5659E+18  1.0000E+00  0.0000E+00  0.0000E+00  1.0000E+00
       1.4349E+03  2.5606E+18  1.0000E+00  0.0000E+00  0.0000E+00  1.0000E+00
       1.4351E+03  3.9356E+18  1.0000E+00  0.0000E+00  0.0000E+00  1.0000E+00
       1.4353E+03  5.7189E+18  1.0000E+00  0.0000E+00  0.0000E+00  1.0000E+00
       1.4355E+03  7.9323E+18  1.0000E+00  0.0000E+00  0.0000E+00  1.0000E+00
       1.4357E+03  1.0590E+19  1.0000E+00  0.0000E+00  0.0000E+00  1.0000E+00
       1.4358E+03  1.3697E+19  1.0000E+00  0.0000E+00  0.0000E+00  1.0000E+00
       1.4360E+03  1.7250E+19  1.0000E+00  0.0000E+00  0.0000E+00  1.0000E+00
       1.4362E+03  2.1236E+19  1.0000E+00  0.0000E+00  0.0000E+00  1.0000E+00
       1.4364E+03  2.5633E+19  1.0000E+00  0.0000E+00  0.0000E+00  1.0000E+00
       1.4366E+03  3.0409E+19  1.0000E+00  0.0000E+00  0.0000E+00  1.0000E+00
       1.4368E+03  3.5522E+19  1.0000E+00  0.0000E+00  0.0000E+00  1.0000E+00
       1.4370E+03  4.0922E+19  1.0000E+00  0.0000E+00  0.0000E+00  1.0000E+00
       1.4371E+03  4.6551E+19  1.0000E+00  0.0000E+00  0.0000E+00  1.0000E+00
       1.4373E+03  5.2342E+19  1.0000E+00  0.0000E+00  0.0000E+00  1.0000E+00
       1.4375E+03  5.8224E+19  1.0000E+00  0.0000E+00  0.0000E+00  1.0000E+00
       1.4377E+03  6.4120E+19  1.0000E+00  0.0000E+00  0.0000E+00  1.0000E+00
       1.4379E+03  6.9950E+19  1.0000E+00  0.0000E+00  0.0000E+00  1.0000E+00
       1.4381E+03  7.5631E+19  1.0000E+00  0.0000E+00  0.0000E+00  1.0000E+00
       1.4383E+03  8.1082E+19  1.0000E+00  0.0000E+00  0.0000E+00  1.0000E+00
       1.4384E+03  8.6222E+19  1.0000E+00  0.0000E+00  0.0000E+00  1.0000E+00
       1.4386E+03  9.0973E+19  1.0000E+00  0.0000E+00  0.0000E+00  1.0000E+00
       1.4388E+03  9.5261E+19  1.0000E+00  0.0000E+00  0.0000E+00  1.0000E+00
       1.4390E+03  9.9021E+19  1.0000E+00  0.0000E+00  0.0000E+00  1.0000E+00
       1.4392E+03  1.0219E+20  1.0000E+00  0.0000E+00  0.0000E+00  1.0000E+00
       1.4394E+03  1.0472E+20  1.0000E+00  0.0000E+00  0.0000E+00  1.0000E+00
       1.4396E+03  1.0658E+20  1.0000E+00  0.0000E+00  0.0000E+00  1.0000E+00
       1.4397E+03  1.0772E+20  1.0000E+00  0.0000E+00  0.0000E+00  1.0000E+00
       1.4399E+03  1.0814E+20  1.0000E+00  0.0000E+00  0.0000E+00  1.0000E+00
       1.4401E+03  1.0783E+20  1.0000E+00  0.0000E+00  0.0000E+00  1.0000E+00
       1.4403E+03  1.0679E+20  1.0000E+00  0.0000E+00  0.0000E+00  1.0000E+00
       1.4405E+03  1.0504E+20  1.0000E+00  0.0000E+00  0.0000E+00  1.0000E+00
       1.4407E+03  1.0261E+20  1.0000E+00  0.0000E+00  0.0000E+00  1.0000E+00
       1.4409E+03  9.9545E+19  1.0000E+00  0.0000E+00  0.0000E+00  1.0000E+00
       1.4410E+03  9.5885E+19  1.0000E+00  0.0000E+00  0.0000E+00  1.0000E+00
       1.4412E+03  9.1692E+19  1.0000E+00  0.0000E+00  0.0000E+00  1.0000E+00
       1.4414E+03  8.7033E+19  1.0000E+00  0.0000E+00  0.0000E+00  1.0000E+00
       1.4416E+03  8.1980E+19  1.0000E+00  0.0000E+00  0.0000E+00  1.0000E+00
       1.4418E+03  7.6609E+19  1.0000E+00  0.0000E+00  0.0000E+00  1.0000E+00
       1.4420E+03  7.1000E+19  1.0000E+00  0.0000E+00  0.0000E+00  1.0000E+00
       1.4422E+03  6.5234E+19  1.0000E+00  0.0000E+00  0.0000E+00  1.0000E+00
       1.4423E+03  5.9393E+19  1.0000E+00  0.0000E+00  0.0000E+00  1.0000E+00
       1.4425E+03  5.3554E+19  1.0000E+00  0.0000E+00  0.0000E+00  1.0000E+00
       1.4427E+03  4.7793E+19  1.0000E+00  0.0000E+00  0.0000E+00  1.0000E+00
       1.4429E+03  4.2182E+19  1.0000E+00  0.0000E+00  0.0000E+00  1.0000E+00
       1.4431E+03  3.6786E+19  1.0000E+00  0.0000E+00  0.0000E+00  1.0000E+00
       1.4433E+03  3.1661E+19  1.0000E+00  0.0000E+00  0.0000E+00  1.0000E+00
       1.4434E+03  2.6859E+19  1.0000E+00  0.0000E+00  0.0000E+00  1.0000E+00
       1.4436E+03  2.2420E+19  1.0000E+00  0.0000E+00  0.0000E+00  1.0000E+00
       1.4438E+03  1.8376E+19  1.0000E+00  0.0000E+00  0.0000E+00  1.0000E+00
       1.4440E+03  1.4751E+19  1.0000E+00  0.0000E+00  0.0000E+00  1.0000E+00
       1.4442E+03  1.1557E+19  1.0000E+00  0.0000E+00  0.0000E+00  1.0000E+00
       1.4444E+03  8.8007E+18  1.0000E+00  0.0000E+00  0.0000E+00  1.0000E+00
       1.4446E+03  6.4766E+18  1.0000E+00  0.0000E+00  0.0000E+00  1.0000E+00

       Total absolut maxima found for Stokes-V. (z,y,Eph,fluxdens.)

        0.0000E+00  0.0000E+00  1.4399E+03  1.0814E+20
        0.0000E+00  0.0000E+00  1.4399E+03  1.0814E+20
        2.0000E-04  1.7143E-04  1.4301E+03  4.1442E+18
       -2.0000E-04 -2.0000E-04  1.4305E+03  6.1332E+17


       Estimated maxima of s0, s1, s2 ,s3 for selected point:
          1439.93909       1.08146328E+20
          1439.93909       1.08146328E+20
          0.00000000       0.00000000    
          0.00000000       0.00000000    


       Estimated maximum of s3*s3/s0 for selected point:
          0.00000000       0.00000000    


       Estimated maxima of fluxes s0, s1, s2 ,s3:
          1435.57678       1.19369735E+13
          1435.57886       1.19323786E+13
          1436.63184       144371.734    
          1430.46875       1.43081604E-06


       Estimated maxima of fluxes s3*s3/s0:
          1430.47131       1.80495110E-25



      Brilliance calculations:
      (only meaningful for undulators)

      sigr=sqrt(2*lambda*L)/2/pi*sigrc and 
      sigrp=sqrt(lambda/2/L)*sigrpc

       sigrc,sigrpc:   1.0000000000000000        1.0000000000000000     

      make sure that the device length agrees to the length
      of the trajectory
      (for rec-fields rangrec and rangpm are substracted by program)

      Observation point:

         10.0000000       0.00000000       0.00000000    

      considered device length [m]:   4.14960003    


      Brilliance [photons/sec/BW/mm**2/mrad**2]

          1429.7        0.14902E+18    0.14902E+18     0.0000         0.0000    
          1429.9        0.18883E+18    0.18883E+18     0.0000         0.0000    
          1430.1        0.23137E+18    0.23137E+18     0.0000         0.0000    
          1430.3        0.27535E+18    0.27535E+18     0.0000         0.0000    
          1430.5        0.31938E+18    0.31938E+18     0.0000         0.0000    
          1430.7        0.36195E+18    0.36195E+18     0.0000         0.0000    
          1430.8        0.40151E+18    0.40151E+18     0.0000         0.0000    
          1431.0        0.43655E+18    0.43655E+18     0.0000         0.0000    
          1431.2        0.46561E+18    0.46561E+18     0.0000         0.0000    
          1431.4        0.48739E+18    0.48739E+18     0.0000         0.0000    
          1431.6        0.50078E+18    0.50078E+18     0.0000         0.0000    
          1431.8        0.50494E+18    0.50494E+18     0.0000         0.0000    
          1432.0        0.49934E+18    0.49934E+18     0.0000         0.0000    
          1432.1        0.48382E+18    0.48382E+18     0.0000         0.0000    
          1432.3        0.45862E+18    0.45862E+18     0.0000         0.0000    
          1432.5        0.42444E+18    0.42444E+18     0.0000         0.0000    
          1432.7        0.38241E+18    0.38241E+18     0.0000         0.0000    
          1432.9        0.33414E+18    0.33414E+18     0.0000         0.0000    
          1433.1        0.28169E+18    0.28169E+18     0.0000         0.0000    
          1433.3        0.22757E+18    0.22757E+18     0.0000         0.0000    
          1433.4        0.17467E+18    0.17467E+18     0.0000         0.0000    
          1433.6        0.12624E+18    0.12624E+18     0.0000         0.0000    
          1433.8        0.85810E+17    0.85810E+17     0.0000         0.0000    
          1434.0        0.57136E+17    0.57136E+17     0.0000         0.0000    
          1434.2        0.44084E+17    0.44084E+17     0.0000         0.0000    
          1434.4        0.50551E+17    0.50552E+17     0.0000         0.0000    
          1434.5        0.80367E+17    0.80367E+17     0.0000         0.0000    
          1434.7        0.13718E+18    0.13718E+18     0.0000         0.0000    
          1434.9        0.22436E+18    0.22436E+18     0.0000         0.0000    
          1435.1        0.34487E+18    0.34487E+18     0.0000         0.0000    
          1435.3        0.50122E+18    0.50122E+18     0.0000         0.0000    
          1435.5        0.69529E+18    0.69529E+18     0.0000         0.0000    
          1435.7        0.92834E+18    0.92834E+18     0.0000         0.0000    
          1435.8        0.12009E+19    0.12009E+19     0.0000         0.0000    
          1436.0        0.15126E+19    0.15126E+19     0.0000         0.0000    
          1436.2        0.18624E+19    0.18624E+19     0.0000         0.0000    
          1436.4        0.22483E+19    0.22483E+19     0.0000         0.0000    
          1436.6        0.26675E+19    0.26675E+19     0.0000         0.0000    
          1436.8        0.31164E+19    0.31164E+19     0.0000         0.0000    
          1437.0        0.35907E+19    0.35907E+19     0.0000         0.0000    
          1437.1        0.40851E+19    0.40851E+19     0.0000         0.0000    
          1437.3        0.45939E+19    0.45939E+19     0.0000         0.0000    
          1437.5        0.51107E+19    0.51107E+19     0.0000         0.0000    
          1437.7        0.56290E+19    0.56290E+19     0.0000         0.0000    
          1437.9        0.61416E+19    0.61416E+19     0.0000         0.0000    
          1438.1        0.66413E+19    0.66413E+19     0.0000         0.0000    
          1438.3        0.71208E+19    0.71208E+19     0.0000         0.0000    
          1438.4        0.75732E+19    0.75732E+19     0.0000         0.0000    
          1438.6        0.79915E+19    0.79915E+19     0.0000         0.0000    
          1438.8        0.83693E+19    0.83693E+19     0.0000         0.0000    
          1439.0        0.87007E+19    0.87007E+19     0.0000         0.0000    
          1439.2        0.89806E+19    0.89806E+19     0.0000         0.0000    
          1439.4        0.92043E+19    0.92043E+19     0.0000         0.0000    
          1439.6        0.93685E+19    0.93685E+19     0.0000         0.0000    
          1439.7        0.94704E+19    0.94704E+19     0.0000         0.0000    
          1439.9        0.95086E+19    0.95086E+19     0.0000         0.0000    
          1440.1        0.94823E+19    0.94823E+19     0.0000         0.0000    
          1440.3        0.93920E+19    0.93920E+19     0.0000         0.0000    
          1440.5        0.92394E+19    0.92394E+19     0.0000         0.0000    
          1440.7        0.90270E+19    0.90270E+19     0.0000         0.0000    
          1440.9        0.87581E+19    0.87581E+19     0.0000         0.0000    
          1441.0        0.84371E+19    0.84371E+19     0.0000         0.0000    
          1441.2        0.80693E+19    0.80693E+19     0.0000         0.0000    
          1441.4        0.76602E+19    0.76602E+19     0.0000         0.0000    
          1441.6        0.72164E+19    0.72164E+19     0.0000         0.0000    
          1441.8        0.67445E+19    0.67445E+19     0.0000         0.0000    
          1442.0        0.62515E+19    0.62515E+19     0.0000         0.0000    
          1442.2        0.57446E+19    0.57446E+19     0.0000         0.0000    
          1442.3        0.52308E+19    0.52308E+19     0.0000         0.0000    
          1442.5        0.47172E+19    0.47172E+19     0.0000         0.0000    
          1442.7        0.42103E+19    0.42103E+19     0.0000         0.0000    
          1442.9        0.37165E+19    0.37165E+19     0.0000         0.0000    
          1443.1        0.32415E+19    0.32415E+19     0.0000         0.0000    
          1443.3        0.27903E+19    0.27903E+19     0.0000         0.0000    
          1443.4        0.23673E+19    0.23673E+19     0.0000         0.0000    
          1443.6        0.19763E+19    0.19763E+19     0.0000         0.0000    
          1443.8        0.16201E+19    0.16201E+19     0.0000         0.0000    
          1444.0        0.13006E+19    0.13006E+19     0.0000         0.0000    
          1444.2        0.10192E+19    0.10192E+19     0.0000         0.0000    
          1444.4        0.77619E+18    0.77619E+18     0.0000         0.0000    
          1444.6        0.57128E+18    0.57128E+18     0.0000         0.0000    


      estimated brilliance maxima, flux and flux-density of S0, S1, S2, S3:

          1439.9        0.95088E+19    0.70499E+13    0.10815E+17
          1439.9        0.95088E+19    0.70499E+13    0.10815E+17
          0.0000         0.0000         0.0000         0.0000    
          0.0000         0.0000         0.0000         0.0000    

      estimated brilliance maximum of S3*S3/S0:

          0.0000         0.0000    

      ---> flag IFOLD is not set, emittance effects are estimated
      from horizontal beam size [mm] and divergence [mrad]: 
         2.16000000E-04   2.47999997E-05
      vertical beam size [mm] and divergence [mrad]: 
         1.87000005E-05   4.29000011E-06


      Brilliance [photons/sec/BW/mm**2/mrad**2] with emittance

          1429.7        0.19124E+16    0.19124E+16     0.0000         0.0000    
          1429.9        0.24229E+16    0.24229E+16     0.0000         0.0000    
          1430.1        0.29681E+16    0.29681E+16     0.0000         0.0000    
          1430.3        0.35318E+16    0.35318E+16     0.0000         0.0000    
          1430.5        0.40958E+16    0.40958E+16     0.0000         0.0000    
          1430.7        0.46409E+16    0.46409E+16     0.0000         0.0000    
          1430.8        0.51473E+16    0.51473E+16     0.0000         0.0000    
          1431.0        0.55955E+16    0.55955E+16     0.0000         0.0000    
          1431.2        0.59670E+16    0.59670E+16     0.0000         0.0000    
          1431.4        0.62450E+16    0.62450E+16     0.0000         0.0000    
          1431.6        0.64155E+16    0.64155E+16     0.0000         0.0000    
          1431.8        0.64677E+16    0.64677E+16     0.0000         0.0000    
          1432.0        0.63948E+16    0.63948E+16     0.0000         0.0000    
          1432.1        0.61950E+16    0.61950E+16     0.0000         0.0000    
          1432.3        0.58714E+16    0.58714E+16     0.0000         0.0000    
          1432.5        0.54328E+16    0.54328E+16     0.0000         0.0000    
          1432.7        0.48940E+16    0.48940E+16     0.0000         0.0000    
          1432.9        0.42755E+16    0.42755E+16     0.0000         0.0000    
          1433.1        0.36038E+16    0.36038E+16     0.0000         0.0000    
          1433.3        0.29109E+16    0.29109E+16     0.0000         0.0000    
          1433.4        0.22338E+16    0.22338E+16     0.0000         0.0000    
          1433.6        0.16141E+16    0.16141E+16     0.0000         0.0000    
          1433.8        0.10970E+16    0.10970E+16     0.0000         0.0000    
          1434.0        0.73034E+15    0.73034E+15     0.0000         0.0000    
          1434.2        0.56340E+15    0.56340E+15     0.0000         0.0000    
          1434.4        0.64595E+15    0.64595E+15     0.0000         0.0000    
          1434.5        0.10268E+16    0.10268E+16     0.0000         0.0000    
          1434.7        0.17523E+16    0.17523E+16     0.0000         0.0000    
          1434.9        0.28654E+16    0.28654E+16     0.0000         0.0000    
          1435.1        0.44038E+16    0.44038E+16     0.0000         0.0000    
          1435.3        0.63990E+16    0.63990E+16     0.0000         0.0000    
          1435.5        0.88753E+16    0.88753E+16     0.0000         0.0000    
          1435.7        0.11848E+17    0.11848E+17     0.0000         0.0000    
          1435.8        0.15323E+17    0.15323E+17     0.0000         0.0000    
          1436.0        0.19298E+17    0.19298E+17     0.0000         0.0000    
          1436.2        0.23756E+17    0.23756E+17     0.0000         0.0000    
          1436.4        0.28674E+17    0.28674E+17     0.0000         0.0000    
          1436.6        0.34015E+17    0.34015E+17     0.0000         0.0000    
          1436.8        0.39733E+17    0.39733E+17     0.0000         0.0000    
          1437.0        0.45771E+17    0.45771E+17     0.0000         0.0000    
          1437.1        0.52065E+17    0.52065E+17     0.0000         0.0000    
          1437.3        0.58539E+17    0.58539E+17     0.0000         0.0000    
          1437.5        0.65115E+17    0.65115E+17     0.0000         0.0000    
          1437.7        0.71705E+17    0.71705E+17     0.0000         0.0000    
          1437.9        0.78221E+17    0.78221E+17     0.0000         0.0000    
          1438.1        0.84571E+17    0.84571E+17     0.0000         0.0000    
          1438.3        0.90663E+17    0.90663E+17     0.0000         0.0000    
          1438.4        0.96406E+17    0.96406E+17     0.0000         0.0000    
          1438.6        0.10171E+18    0.10171E+18     0.0000         0.0000    
          1438.8        0.10650E+18    0.10650E+18     0.0000         0.0000    
          1439.0        0.11070E+18    0.11070E+18     0.0000         0.0000    
          1439.2        0.11424E+18    0.11424E+18     0.0000         0.0000    
          1439.4        0.11707E+18    0.11707E+18     0.0000         0.0000    
          1439.6        0.11914E+18    0.11914E+18     0.0000         0.0000    
          1439.7        0.12041E+18    0.12041E+18     0.0000         0.0000    
          1439.9        0.12088E+18    0.12088E+18     0.0000         0.0000    
          1440.1        0.12052E+18    0.12052E+18     0.0000         0.0000    
          1440.3        0.11935E+18    0.11935E+18     0.0000         0.0000    
          1440.5        0.11739E+18    0.11739E+18     0.0000         0.0000    
          1440.7        0.11468E+18    0.11468E+18     0.0000         0.0000    
          1440.9        0.11124E+18    0.11124E+18     0.0000         0.0000    
          1441.0        0.10715E+18    0.10715E+18     0.0000         0.0000    
          1441.2        0.10246E+18    0.10246E+18     0.0000         0.0000    
          1441.4        0.97247E+17    0.97247E+17     0.0000         0.0000    
          1441.6        0.91596E+17    0.91596E+17     0.0000         0.0000    
          1441.8        0.85592E+17    0.85592E+17     0.0000         0.0000    
          1442.0        0.79322E+17    0.79322E+17     0.0000         0.0000    
          1442.2        0.72877E+17    0.72877E+17     0.0000         0.0000    
          1442.3        0.66348E+17    0.66348E+17     0.0000         0.0000    
          1442.5        0.59823E+17    0.59823E+17     0.0000         0.0000    
          1442.7        0.53386E+17    0.53386E+17     0.0000         0.0000    
          1442.9        0.47117E+17    0.47117E+17     0.0000         0.0000    
          1443.1        0.41087E+17    0.41087E+17     0.0000         0.0000    
          1443.3        0.35362E+17    0.35362E+17     0.0000         0.0000    
          1443.4        0.29997E+17    0.29997E+17     0.0000         0.0000    
          1443.6        0.25038E+17    0.25038E+17     0.0000         0.0000    
          1443.8        0.20521E+17    0.20521E+17     0.0000         0.0000    
          1444.0        0.16472E+17    0.16472E+17     0.0000         0.0000    
          1444.2        0.12905E+17    0.12905E+17     0.0000         0.0000    
          1444.4        0.98268E+16    0.98268E+16     0.0000         0.0000    
          1444.6        0.72314E+16    0.72314E+16     0.0000         0.0000    


      estimated brilliance maxima, flux and flux-density of S0, S1, S2, S3
      with emittance:

          1439.9        0.12088E+18    0.70499E+13    0.37866E+16
          1439.9        0.12088E+18    0.70499E+13    0.37866E+16
          0.0000         0.0000         0.0000         0.0000    
          0.0000         0.0000         0.0000         0.0000    

      estimated brilliance maximum of S3*S3/S0 with emittance:

          0.0000         0.0000    

      corresponding sigmas of source size [mm]
      and divergence [mrad] without and with emittance
      (including corr. factors sigrc,sigrpc):

      L/mm, lambda/mm:    4149.60010       8.61051660E-07
      without emit.:    1.34540442E-02   1.01858312E-02
         with emit.:    7.06089661E-02   1.72138792E-02
         (sigrf**2 = sigrxf*sigryf)


      LAST CHECK:

           BMAXGL:  0.13278715666179980     

           XBMAXGL:  -2.0501000011512729     
           YBMAXGL:   0.0000000000000000     
           ZBMAXGL:  -1.4290932652033474E-006


      CURRENT NUMBER:         361


                     --- Program WAVE completed ---



                                                   15:05:42 29.01.16

