
                                                   12:25:56 29.01.16


           *********************************************
           *          PROGRAM WAVE                     *
           *                                           *
           *          VERSION 3.03/01 13.11.2015       *
           *                                           *
           *          Michael Scheer                   *
           *              BESSY                        *
           *********************************************

      USER COMMENT:

      U49 Peter Baumgaertel                                            

      CURRENT NUMBER:         305


      USER NAMELIST:



      MODE FLAGS:

      IUNDULATOR,IWIGGLER:            1           0



      CONTROL FLAGS:


      IUNAME,IUSTEP,IUOUT:            0           0           0
      IOPTIC,IGENFUN:                 0           0
      IMAGSPLN:                   -9999
      IEMIT,IEMIAHW:                  0           0
      IWLSOPT,IBEAMPOL:               0           0
      IENELOSS, IEFIELD:             -1           0
      IPOWER,ISPEC:                   0           1
      IVELOFIELD,ISPECMODE:           0           3
         IWFILL0,IRFILL0:                      0           0
         ISPECINT,IPIN:                        0           1
         IUSEM,ISTOKES:                        0           1
         IBRILL:                               1
         IPINCIRC,IRPHI:                       0           0
         IFOLD,ISIGUSR:                        0           1
         IF1DIM,IPOLA:                         0           0
         IWFILSP0,IWFILSPF:                    0           0
         IRFILSP0,IRFILSTO:                    0           0
         IWFILSTO,IWFLSTOF:                    0           0
         ISPECANA,ISPECANAF:                   0           0
         IAMPLI,IAMPSKIP:                      0           0
         IWFILFL0,IWFILFLF:                    0           0
         IWFILS,IWFILSF:                       0           0
         IWFILSE,IWFILSEF:                     0           0
         IWFILB,IWFILBF:                       0           0
         IWFILBE,IWFILBEF:                     0           0
         IWFILINT,IPINALL:                     0           0
         IRFILOB,IFILTER:                      0           0
         IWFILRAY,IDESYNC:                     1           0
         IPHASE,IPHASEANA:                     0           0
         IDOSE,IEFOLD:                         0           0
         ISPECDIP,IBL0CUT:                     0           0
         IEFFI,IFILMUL:                        0           0
         IBUNCH:                               0
      IWFILF:                         0


      MAGNETIC FIELD FLAGS:



      ICHARGE,IBMASK,JBMASK:          -1           0           0
      IBSUPER,IBERROR:                 1           0
      ICUTFIBO:                        1

      IPERIODG,IBSYM:                 0           0
      IBSYMY,IBSYMZ:                  0           0
      KBEXTERN,KBFELD:                0           0
      KHALBA,KHALBASY:                0           0
      KUCROSS,IRFILP:                 0           0
      KMAGSEQ,IMGSQF:                 0           0
             KMAGCOR:                 1
      IRFILF,IRBTAB:                  0           0
      IRBTABZY,KELLIP:                0           1
      KBPOLYH,KBPOLY3D:               0           0
      KBREC,KELLANA:                  0           0
      KBPOLYMAG,KBGENESIS:            0           0
      KBAMWLS:                        0



      HISTOGRAM FLAGS:

      IHBOOK,IHINDEX:                 1           0


      OTHER OPTIONS:


      IWBTAB,IWFILT0:                 0           0
      IWSECTMAGS:                     0
      IJUST,ISNORDER:                 0           0
      IWBMAP,IWBPOLY3D:               0           0
      IWBPOLY2DH,IWBPHARM:            0           0


      SR BELLIP, Parameters of elliptical undulator:
      horizontal and vertical peak field [T]:   0.00000000      0.252189010    
      number of periods, period and device length [m]:
         84.0000000       4.94000018E-02   4.14960003    
      shift parameter [periods], B_h/B_v:       0.00000000       0.00000000    
      B0_eff [T], deflection parameter K:  0.252189010       1.16325247    
      1. harmonical [nm] and [eV]:   3.64665270       340.000000    
      critical energy [eV]:   497.314392    

      longitudinal position of device center [m]:   0.0000000000000000     

      scaling factor for taper:   0.0000000000000000     

  
      Subroutine photon (quantum fluctuations):
  
       number of sampling bins (NBING1)        1000
       max. photon energy normalized to characteristic energy (EECMAXG1):
          5.0000000000000000     
  

      Number of tracking steps per meter (MYINUM):         5000

      Start and end of the trajectory [m](XSTART,XSTOP):
        -2.07480001       2.07480001    

      BMOVECUT:   1.00000001E-07

      Initial energy [GeV] and gamma:    1.72200000       3369.8702546331497     
      Final energy [GeV] and gamma:      1.72199965       3369.8695677234191     
      Relative change:                  -2.03838624E-07
      number of photons, RMS (keV) and rel. RMS of quantum fluctuation:
                 5  0.151747987       8.81231017E-08


      B-rho [Tm], current [A]:   -5.74397326      0.100000001    

      Offset for vert. and hori. magnetic field (BYGOFF, BZGOFF):
          0.00000000       0.00000000    
      Global scaling factor for mag. field (B0SCGLOB,A0SCGLOB):
          1.00000000       1.00000000    

      Long. shift [m] of device (X(e-) -> X(e-)+XSHIFT):    0.00000000    
      Vert. shift [m] of device (Y(e-) -> Y(e-)+VSHIFT):    0.00000000    
      Hori. shift [m] of device (Z(e-) -> Z(e-)+HSHIFT):    0.00000000    
      Rotation angle [degree] of device:                    0.00000000    
      Y(e-) -> Y(e-)*sin(XROTD) + Y(e-)*cos(XROTD)
      Z(e-) -> Z(e-)*cos(XROTD) - Y(e-)*sin(XROTD)


      Magnetic field [T] at starting point:
         0.00000000       0.00000000       0.00000000    

      Vector potential [T-m] at starting point:
         0.00000000       0.00000000       0.00000000    


      Magnetic field [T] at stopping point:
         0.00000000       0.00000000       0.00000000    

      Vector potential [T-m] at stopping point:
         0.00000000       0.00000000       0.00000000    

      Extrema of magnetic field [T] and the trajectory [m]:

      BXmax,BXmin:    0.00000000       0.00000000    
      BYmax,BYmin:   0.252168655     -0.252189010    
      BZmax,BZmin:    0.00000000       0.00000000    

      Xmax,Xmin:    2.07480001      -2.07480001    
      Ymax,Ymin:    0.00000000       0.00000000    
      Zmax,Zmin:    2.71391673E-06  -2.71370345E-06


      Extrema of magnetic field [T] and the trajectory [m] between
      XIANF and XIEND

      BXmaxAE,BXminAE:    0.00000000       0.00000000    
      BYmaxAE,BYminAE:   0.252168655     -0.252189010    
      BZmaxAE,BZminAE:    0.00000000       0.00000000    

      XmaxAE,XminAE:    2.07480001      -2.07480001    
      YmaxAE,YminAE:    0.00000000       0.00000000    
      ZmaxAE,ZminAE:    2.71391673E-06  -2.71370345E-06


      Start values (coordinates [m] and slopes) of trajectory:

      X0:   -2.0747999999999998     
      Y0:    0.0000000000000000     
      Z0:    0.0000000000000000     

      ZP0:   0.0000000000000000     
      YP0:   0.0000000000000000     

      VX0:   299792444.80029100     
      VY0:   0.0000000000000000     
      VZ0:   0.0000000000000000     

      Values for X=0 (coordinates [m] and slopes) of trajectory:

      YCEN:    0.0000000000000000     
      ZCEN:    2.7139159250116417E-006

      YPCEN:   0.0000000000000000     
      ZPCEN:   1.2016864666585539E-014

      End values (coordinates [m] and slopes) of trajectory:

      XF0:    2.0747999999999998     
      YF0:    0.0000000000000000     
      ZF0:   -6.3336973821192665E-012


      ZPF0:   -7.5303518841840337E-012
      YPF0:    0.0000000000000000     

      VXF0:    299792451.85704577     
      VYF0:    0.0000000000000000     
      VZF0:   -2.2575426547058559E-003


      Values for X=XIANF (coordinates [m] and slopes) of trajectory:

      XIANF:   -1.0000000000000000E+030
      YIANF:   -9999.0000000000000     
      ZIANF:   -9999.0000000000000     

      YPIANF:  -9999.0000000000000     
      ZPIANF:  -9999.0000000000000     



      Values for X=XIEND (coordinates [m] and slopes) of trajectory:

      XIEND:    1.0000000000000000E+030
      YIEND:   -9999.0000000000000     
      ZIEND:   -9999.0000000000000     

      YPIEND:  -9999.0000000000000     
      ZPIEND:  -9999.0000000000000     


      ZF0/(XSTOP-XSTART):   -1.5263392573065517E-012
      YF0/(XSTOP-XSTART):    0.0000000000000000     

      YF0-Y0:   0.0000000000000000     
      ZF0-Z0:  -6.3336973821192665E-012

      YPF0-YP0:   0.0000000000000000     
      ZPF0-ZP0:  -7.5303518841840337E-012

      Straight line fit of z(x):
      offset:  -1.2115547165549048E-008
      slope:  -1.6465329098425590E-012

      Straight line fit of vz(x)/vx(x):
      offset:  -2.1481846780961836E-012
      slope:   8.4402335014113800E-009

      Straight line fit of y(x):
      offset:   0.0000000000000000     
      slope:   0.0000000000000000     

      Straight line fit of vy(x)/vx(x):
      offset:   0.0000000000000000     
      slope:   0.0000000000000000     

      1. magnetic integral [T-m]:    0.00000000       1.45021788E-12   0.00000000    
      2. mag. integral [T-m**2]:    0.00000000      -6.23712778E-14   0.00000000    

      Integrated By**2 [T**2-m]:                     0.131170422    
      Energy irradiated by the device per e- [MeV]:   4.92179708E-04
      Rel. energy loss:                               2.85818658E-07
      Power irradiated by the device [kWATT]:         4.92179729E-02

      Length of trajectory (BINT0) [m]:
         4.1496001225892885     
      Integrated (YP**2+ZP**2)/2 of trajectory (WTRA2I) [m]:
         1.2258912190966315E-007
      corresponding phase advance [nm and eV]:
         305.29396347668620        4.0612068103707717     
      dE/E and corresponding dL = 2 * dE/E * L [nm]:
         1.00000005E-03  0.245178238    
      Circumference of the ring [m]:                 240.000000    
      Rel. change of total circumference (from BINT0):         
         5.10788689E-10
      Rel. change of total circumference (from WTRA2I):
         5.10788023E-10

      Max. and min. deflection angle [rad]:    3.45194479E-04  -3.45194509E-04


      SPECTRUM
      ===========

      Start and end of points [m] of integration for spectrum
      calculations (XIANF,XIEND):  -1.00000002E+30   1.00000002E+30


      SR WFILL0:

      Parameters:
      WGWINFC:   2646.6899088765672     
      WBL0CUT:   0.0000000000000000     
      WBL0HYS:   1.0000000000000000     

      Pinhole of collimators:
      (X,Y,Z), width, height:

        1.0000E+01  0.0000E+00  0.0000E+00  1.0000E+03  1.0000E+03
        1.0000E+01  0.0000E+00  0.0000E+00  1.0000E+03  1.0000E+03

      Number of sources:           1
      Begin and end of sources (x,y,z):

                 1  -2.07480001       0.00000000       0.00000000    
                 1   2.07480001       0.00000000      -6.33369746E-12

      Horiz., vert. slopes and mag. field
      at begin and end of sources:

                 1   0.00000000       0.00000000       0.00000000    
                 1  -7.53035221E-12   0.00000000       1.79717352E-12


      SR COHEREN:
      Minimum and maximum number of phases  between
      photons and electrons:
         39.5904045       40.0008774    


       selected observation point:

          10.0000000       0.00000000       0.00000000    


      Source number, mean mag. field (sign from By), abs. mean and rel. rms
      for sources, and critical photon energy [eV] or wavelength [nm]
      (with respect to abs. mean):

           1  -1.43958532E-12  0.159878626      0.486472636       315.279144    

      Photon energy cut-off (SPECCUT):   0.00000000    

      Max. field and photon energy cuts for source points:

           1  0.252189159       0.00000000    

      Data-file written for program RAY
      File: wave_ray.dat                                                                                                                    
      (Device center is assumed at (0,0,0)
      Photon energy:   1012.72998    


      Results of spectrum calculations
      ================================


      Reflectivity coefficients (complex):

       (  1.0000000000000000     ,  0.0000000000000000     )
       (  1.0000000000000000     ,  0.0000000000000000     )
       (  1.0000000000000000     ,  0.0000000000000000     )



      Buffer size for integration (NDWSOU):       20849

      Provided number of integration steps for each source
      (controlled by NLPOI)
      (not necessarily used)

       20747

      Bandwidth:   1.00000005E-03


      Pinhole position (x,y,z) [m]:
         10.0000000       0.00000000       0.00000000    

      Numbers defining inner vert. and hori. edges (MMEDGEY,MMEDGEZ):            0           0
      Numbers defining outerer vert. and hori. edges (MEDGEY,MEDGEZ):            1           1
      Total number of vert. and hori. points:                    73          73
      Number of vert. and horiz. points inside pinhole:          71          71

      Vertical and horizontal grid size [m]:        2.85714286E-05   2.85714286E-05
      Vertical and horizontal size [m x m]:         2.00000009E-03   2.00000009E-03
      Total vert. and horiz. size [m x m]:          2.05714279E-03   2.05714279E-03

      Photon energy or wavelength and flux through pinhole:
      (for all sources and sum)

      1012.72998       1.36701427E+14   1.36701427E+14
      1012.86127       1.37100180E+14   1.37100180E+14
      1012.99249       1.37477147E+14   1.37477147E+14
      1013.12378       1.37830962E+14   1.37830962E+14
      1013.25500       1.38161020E+14   1.38161020E+14
      1013.38623       1.38467548E+14   1.38467548E+14
      1013.51752       1.38751670E+14   1.38751670E+14
      1013.64874       1.39015408E+14   1.39015408E+14
      1013.78003       1.39261672E+14   1.39261672E+14
      1013.91125       1.39494179E+14   1.39494179E+14
      1014.04248       1.39717408E+14   1.39717408E+14
      1014.17377       1.39936427E+14   1.39936427E+14
      1014.30499       1.40156753E+14   1.40156753E+14
      1014.43628       1.40384160E+14   1.40384160E+14
      1014.56750       1.40624435E+14   1.40624435E+14
      1014.69873       1.40883148E+14   1.40883148E+14
      1014.83002       1.41165408E+14   1.41165408E+14
      1014.96124       1.41475535E+14   1.41475535E+14
      1015.09253       1.41816817E+14   1.41816817E+14
      1015.22375       1.42191284E+14   1.42191284E+14
      1015.35498       1.42599357E+14   1.42599357E+14
      1015.48627       1.43039708E+14   1.43039708E+14
      1015.61749       1.43509017E+14   1.43509017E+14
      1015.74878       1.44001814E+14   1.44001814E+14
      1015.88000       1.44510365E+14   1.44510365E+14
      1016.01123       1.45024621E+14   1.45024621E+14
      1016.14252       1.45532215E+14   1.45532215E+14
      1016.27374       1.46018503E+14   1.46018503E+14
      1016.40503       1.46466690E+14   1.46466690E+14
      1016.53625       1.46858018E+14   1.46858018E+14
      1016.66748       1.47172054E+14   1.47172054E+14
      1016.79877       1.47386869E+14   1.47386869E+14
      1016.92999       1.47479530E+14   1.47479530E+14
      1017.06128       1.47426447E+14   1.47426447E+14
      1017.19250       1.47203830E+14   1.47203830E+14
      1017.32373       1.46788107E+14   1.46788107E+14
      1017.45502       1.46156529E+14   1.46156529E+14
      1017.58624       1.45287587E+14   1.45287587E+14
      1017.71753       1.44161517E+14   1.44161517E+14
      1017.84875       1.42760821E+14   1.42760821E+14
      1017.97998       1.41070717E+14   1.41070717E+14
      1018.11127       1.39079522E+14   1.39079522E+14
      1018.24249       1.36779064E+14   1.36779064E+14
      1018.37378       1.34164964E+14   1.34164964E+14
      1018.50500       1.31236870E+14   1.31236870E+14
      1018.63623       1.27998641E+14   1.27998641E+14
      1018.76752       1.24458413E+14   1.24458413E+14
      1018.89874       1.20628602E+14   1.20628602E+14
      1019.03003       1.16525810E+14   1.16525810E+14
      1019.16125       1.12170654E+14   1.12170654E+14
      1019.29248       1.07587496E+14   1.07587496E+14
      1019.42377       1.02804127E+14   1.02804127E+14
      1019.55499       9.78513339E+13   9.78513339E+13
      1019.68628       9.27624352E+13   9.27624352E+13
      1019.81750       8.75727809E+13   8.75727809E+13
      1019.94873       8.23191216E+13   8.23191216E+13
      1020.08002       7.70390800E+13   7.70390800E+13
      1020.21124       7.17704890E+13   7.17704890E+13
      1020.34253       6.65507951E+13   6.65507951E+13
      1020.47375       6.14164469E+13   6.14164469E+13
      1020.60498       5.64023033E+13   5.64023033E+13
      1020.73627       5.15410881E+13   5.15410881E+13
      1020.86749       4.68628999E+13   4.68628999E+13
      1020.99878       4.23947498E+13   4.23947498E+13
      1021.13000       3.81602056E+13   3.81602056E+13
      1021.26123       3.41790813E+13   3.41790813E+13
      1021.39252       3.04672082E+13   3.04672082E+13
      1021.52374       2.70363095E+13   2.70363095E+13
      1021.65503       2.38939349E+13   2.38939349E+13
      1021.78625       2.10435026E+13   2.10435026E+13
      1021.91748       1.84843942E+13   1.84843942E+13
      1022.04877       1.62121552E+13   1.62121552E+13
      1022.17999       1.42187430E+13   1.42187430E+13
      1022.31128       1.24928519E+13   1.24928519E+13
      1022.44250       1.10202852E+13   1.10202852E+13
      1022.57373       9.78436961E+12   9.78436961E+12
      1022.70502       8.76640102E+12   8.76640102E+12
      1022.83624       7.94612046E+12   7.94612046E+12
      1022.96753       7.30218575E+12   7.30218575E+12
      1023.09875       6.81265070E+12   6.81265070E+12
      1023.22998       6.45542550E+12   6.45542550E+12

      Estimated maximum:

         1016.94781       1.47480872E+14


      Flux density for selected point:

               1012.72998       1.42975852E+19   1.42975852E+19
               1012.86127       1.82291914E+19   1.82291914E+19
               1012.99249       2.24540461E+19   2.24540461E+19
               1013.12378       2.68472130E+19   2.68472130E+19
               1013.25500       3.12692949E+19   3.12692949E+19
               1013.38623       3.55708504E+19   3.55708504E+19
               1013.51752       3.95974599E+19   3.95974599E+19
               1013.64874       4.31953742E+19   4.31953742E+19
               1013.78003       4.62175491E+19   4.62175491E+19
               1013.91125       4.85298924E+19   4.85298924E+19
               1014.04248       5.00175184E+19   5.00175184E+19
               1014.17377       5.05908698E+19   5.05908698E+19
               1014.30499       5.01913908E+19   5.01913908E+19
               1014.43628       4.87966295E+19   4.87966295E+19
               1014.56750       4.64245475E+19   4.64245475E+19
               1014.69873       4.31368274E+19   4.31368274E+19
               1014.83002       3.90410675E+19   3.90410675E+19
               1014.96124       3.42916698E+19   3.42916698E+19
               1015.09253       2.90893723E+19   2.90893723E+19
               1015.22375       2.36793463E+19   2.36793463E+19
               1015.35498       1.83478276E+19   1.83478276E+19
               1015.48627       1.34173118E+19   1.34173118E+19
               1015.61749       9.24037488E+18   9.24037488E+18
               1015.74878       6.19223728E+18   6.19223728E+18
               1015.88000       4.66220803E+18   4.66220803E+18
               1016.01123       5.04421025E+18   5.04421025E+18
               1016.14252       7.72660356E+18   7.72660356E+18
               1016.27374       1.30815616E+19   1.30815616E+19
               1016.40503       2.14542756E+19   2.14542756E+19
               1016.53625       3.31522745E+19   3.31522745E+19
               1016.66748       4.84351629E+19   4.84351629E+19
               1016.79877       6.75050529E+19   6.75050529E+19
               1016.92999       9.04980313E+19   9.04980313E+19
               1017.06128       1.17476810E+20   1.17476810E+20
               1017.19250       1.48424975E+20   1.48424975E+20
               1017.32373       1.83242849E+20   1.83242849E+20
               1017.45502       2.21745336E+20   2.21745336E+20
               1017.58624       2.63661569E+20   2.63661569E+20
               1017.71753       3.08636890E+20   3.08636890E+20
               1017.84875       3.56236595E+20   3.56236595E+20
               1017.97998       4.05952008E+20   4.05952008E+20
               1018.11127       4.57208249E+20   4.57208249E+20
               1018.24249       5.09373936E+20   5.09373936E+20
               1018.37378       5.61772403E+20   5.61772403E+20
               1018.50500       6.13694262E+20   6.13694262E+20
               1018.63623       6.64411198E+20   6.64411198E+20
               1018.76752       7.13190107E+20   7.13190107E+20
               1018.89874       7.59308164E+20   7.59308164E+20
               1019.03003       8.02067309E+20   8.02067309E+20
               1019.16125       8.40809173E+20   8.40809173E+20
               1019.29248       8.74928584E+20   8.74928584E+20
               1019.42377       9.03886730E+20   9.03886730E+20
               1019.55499       9.27222272E+20   9.27222272E+20
               1019.68628       9.44561553E+20   9.44561553E+20
               1019.81750       9.55626545E+20   9.55626545E+20
               1019.94873       9.60240835E+20   9.60240835E+20
               1020.08002       9.58333068E+20   9.58333068E+20
               1020.21124       9.49938992E+20   9.49938992E+20
               1020.34253       9.35199836E+20   9.35199836E+20
               1020.47375       9.14359781E+20   9.14359781E+20
               1020.60498       8.87759973E+20   8.87759973E+20
               1020.73627       8.55831281E+20   8.55831281E+20
               1020.86749       8.19084864E+20   8.19084864E+20
               1020.99878       7.78100981E+20   7.78100981E+20
               1021.13000       7.33516682E+20   7.33516682E+20
               1021.26123       6.86012080E+20   6.86012080E+20
               1021.39252       6.36296281E+20   6.36296281E+20
               1021.52374       5.85092921E+20   5.85092921E+20
               1021.65503       5.33125076E+20   5.33125076E+20
               1021.78625       4.81101463E+20   4.81101463E+20
               1021.91748       4.29702444E+20   4.29702444E+20
               1022.04877       3.79567669E+20   3.79567669E+20
               1022.17999       3.31284402E+20   3.31284402E+20
               1022.31128       2.85377874E+20   2.85377874E+20
               1022.44250       2.42303072E+20   2.42303072E+20
               1022.57373       2.02438369E+20   2.02438369E+20
               1022.70502       1.66081284E+20   1.66081284E+20
               1022.83624       1.33446134E+20   1.33446134E+20
               1022.96753       1.04663673E+20   1.04663673E+20
               1023.09875       7.97828243E+19   7.97828243E+19
               1023.22998       5.87740818E+19   5.87740818E+19

      Estimated maximum:

         1019.97601       9.60381221E+20


      Power through pinhole [W]:
      (for all sources and sum)
       7.30820417       7.30820417    


      Power density at selected point [W/m**2]:

                2013344.88       2013344.88    




      Photon energy or wavelength and normalized components S0, S1/S0,
      S2/S0, S3/S0 of STOKES vector and polarization for pinhole:

       1.0127E+03  1.3670E+14  9.9867E-01 -3.1328E-09 -3.6626E-20  9.9867E-01
       1.0129E+03  1.3710E+14  9.9871E-01 -3.0023E-09 -1.1130E-19  9.9871E-01
       1.0130E+03  1.3748E+14  9.9875E-01  5.2822E-09  2.5363E-20  9.9875E-01
       1.0131E+03  1.3783E+14  9.9878E-01  1.0174E-08  3.2434E-21  9.9878E-01
       1.0133E+03  1.3816E+14  9.9882E-01  1.3047E-09 -3.8935E-20  9.9882E-01
       1.0134E+03  1.3847E+14  9.9885E-01  2.8987E-10 -2.0877E-20  9.9885E-01
       1.0135E+03  1.3875E+14  9.9889E-01 -1.5928E-10 -4.7361E-20  9.9889E-01
       1.0136E+03  1.3902E+14  9.9892E-01  6.6522E-09  9.3792E-21  9.9892E-01
       1.0138E+03  1.3926E+14  9.9895E-01  7.5597E-09 -4.5703E-20  9.9895E-01
       1.0139E+03  1.3949E+14  9.9898E-01  8.5712E-09 -4.9032E-20  9.9898E-01
       1.0140E+03  1.3972E+14  9.9901E-01 -1.1485E-08 -2.7516E-20  9.9901E-01
       1.0142E+03  1.3994E+14  9.9904E-01 -7.4088E-09 -1.1074E-20  9.9904E-01
       1.0143E+03  1.4016E+14  9.9907E-01 -5.0617E-09  5.4328E-20  9.9907E-01
       1.0144E+03  1.4038E+14  9.9910E-01 -3.2598E-09 -2.5157E-20  9.9910E-01
       1.0146E+03  1.4062E+14  9.9913E-01 -5.4821E-10  2.5961E-20  9.9913E-01
       1.0147E+03  1.4088E+14  9.9916E-01  1.8059E-09  3.1414E-20  9.9916E-01
       1.0148E+03  1.4117E+14  9.9918E-01 -7.1007E-09 -1.2403E-20  9.9918E-01
       1.0150E+03  1.4148E+14  9.9921E-01 -1.7808E-09 -1.7642E-21  9.9921E-01
       1.0151E+03  1.4182E+14  9.9924E-01 -3.9736E-09  1.5144E-20  9.9924E-01
       1.0152E+03  1.4219E+14  9.9926E-01  1.1890E-09 -3.3325E-20  9.9926E-01
       1.0154E+03  1.4260E+14  9.9929E-01  5.8689E-09  9.1957E-21  9.9929E-01
       1.0155E+03  1.4304E+14  9.9931E-01 -5.9635E-09 -7.9173E-20  9.9931E-01
       1.0156E+03  1.4351E+14  9.9933E-01 -9.5585E-10 -4.9010E-20  9.9933E-01
       1.0157E+03  1.4400E+14  9.9936E-01 -6.2259E-09  5.2153E-20  9.9936E-01
       1.0159E+03  1.4451E+14  9.9938E-01  8.1838E-09 -4.5371E-21  9.9938E-01
       1.0160E+03  1.4502E+14  9.9940E-01 -4.4108E-09  7.7062E-20  9.9940E-01
       1.0161E+03  1.4553E+14  9.9942E-01  7.0290E-09  4.1571E-20  9.9942E-01
       1.0163E+03  1.4602E+14  9.9944E-01  2.1412E-09 -3.8779E-21  9.9944E-01
       1.0164E+03  1.4647E+14  9.9946E-01 -1.5216E-09 -2.5027E-20  9.9946E-01
       1.0165E+03  1.4686E+14  9.9948E-01  3.8683E-09 -1.5626E-20  9.9948E-01
       1.0167E+03  1.4717E+14  9.9950E-01  1.6921E-09 -1.4377E-20  9.9950E-01
       1.0168E+03  1.4739E+14  9.9951E-01 -3.1604E-09  1.0919E-20  9.9951E-01
       1.0169E+03  1.4748E+14  9.9953E-01 -5.8855E-09 -2.8291E-21  9.9953E-01
       1.0171E+03  1.4743E+14  9.9954E-01  3.5634E-09  3.2344E-20  9.9954E-01
       1.0172E+03  1.4720E+14  9.9956E-01  3.8592E-09 -1.4982E-20  9.9956E-01
       1.0173E+03  1.4679E+14  9.9957E-01  6.3940E-10 -3.4312E-20  9.9957E-01
       1.0175E+03  1.4616E+14  9.9958E-01 -5.1047E-09 -5.7604E-21  9.9958E-01
       1.0176E+03  1.4529E+14  9.9959E-01 -7.5330E-09 -2.4590E-20  9.9959E-01
       1.0177E+03  1.4416E+14  9.9960E-01  3.1442E-09 -8.6002E-21  9.9960E-01
       1.0178E+03  1.4276E+14  9.9961E-01 -2.1954E-09 -5.6130E-20  9.9961E-01
       1.0180E+03  1.4107E+14  9.9962E-01 -1.0509E-09 -1.5844E-20  9.9962E-01
       1.0181E+03  1.3908E+14  9.9963E-01  2.3006E-09 -3.1660E-20  9.9963E-01
       1.0182E+03  1.3678E+14  9.9963E-01 -6.1539E-09  2.4894E-20  9.9963E-01
       1.0184E+03  1.3416E+14  9.9963E-01  5.3541E-09  4.0039E-20  9.9963E-01
       1.0185E+03  1.3124E+14  9.9964E-01 -1.4851E-09 -3.4006E-20  9.9964E-01
       1.0186E+03  1.2800E+14  9.9964E-01 -3.9061E-09 -2.9453E-20  9.9964E-01
       1.0188E+03  1.2446E+14  9.9964E-01 -2.6305E-09  6.1084E-20  9.9964E-01
       1.0189E+03  1.2063E+14  9.9963E-01 -4.8344E-09 -7.9368E-21  9.9963E-01
       1.0190E+03  1.1653E+14  9.9963E-01  5.4680E-09  1.7264E-20  9.9963E-01
       1.0192E+03  1.1217E+14  9.9962E-01 -3.0338E-09  2.9226E-21  9.9962E-01
       1.0193E+03  1.0759E+14  9.9962E-01  7.9113E-09 -3.4072E-20  9.9962E-01
       1.0194E+03  1.0280E+14  9.9961E-01 -5.5764E-09 -6.0878E-21  9.9961E-01
       1.0196E+03  9.7851E+13  9.9959E-01  6.8041E-09 -8.2233E-21  9.9959E-01
       1.0197E+03  9.2762E+13  9.9958E-01  2.9063E-09  3.3413E-20  9.9958E-01
       1.0198E+03  8.7573E+13  9.9956E-01  5.8271E-09  4.3220E-20  9.9956E-01
       1.0199E+03  8.2319E+13  9.9954E-01 -2.4803E-09  2.3170E-20  9.9954E-01
       1.0201E+03  7.7039E+13  9.9952E-01 -4.9437E-09  3.0948E-21  9.9952E-01
       1.0202E+03  7.1770E+13  9.9949E-01  3.8931E-10  3.3220E-21  9.9949E-01
       1.0203E+03  6.6551E+13  9.9946E-01  1.6059E-08 -5.2842E-20  9.9946E-01
       1.0205E+03  6.1416E+13  9.9942E-01  1.5499E-08  7.1817E-20  9.9942E-01
       1.0206E+03  5.6402E+13  9.9938E-01 -9.3023E-09 -2.2721E-20  9.9938E-01
       1.0207E+03  5.1541E+13  9.9933E-01 -8.0922E-09 -2.3707E-20  9.9933E-01
       1.0209E+03  4.6863E+13  9.9928E-01 -8.3493E-09  2.5438E-21  9.9928E-01
       1.0210E+03  4.2395E+13  9.9921E-01 -7.4557E-09 -7.0297E-21  9.9921E-01
       1.0211E+03  3.8160E+13  9.9913E-01 -6.0807E-09 -1.2886E-20  9.9913E-01
       1.0213E+03  3.4179E+13  9.9904E-01  4.6809E-09 -2.7466E-20  9.9904E-01
       1.0214E+03  3.0467E+13  9.9894E-01  6.1490E-09  9.0481E-21  9.9894E-01
       1.0215E+03  2.7036E+13  9.9882E-01 -1.1637E-10  1.4054E-20  9.9882E-01
       1.0217E+03  2.3894E+13  9.9867E-01  3.0573E-10  3.5586E-20  9.9867E-01
       1.0218E+03  2.1044E+13  9.9851E-01  3.5920E-09 -5.3817E-20  9.9851E-01
       1.0219E+03  1.8484E+13  9.9832E-01 -4.4157E-09 -9.6738E-20  9.9832E-01
       1.0220E+03  1.6212E+13  9.9810E-01  7.4725E-09 -1.9761E-20  9.9810E-01
       1.0222E+03  1.4219E+13  9.9785E-01 -7.8223E-10 -4.2968E-20  9.9785E-01
       1.0223E+03  1.2493E+13  9.9757E-01  1.0073E-08  1.1033E-19  9.9757E-01
       1.0224E+03  1.1020E+13  9.9727E-01  3.2699E-09  6.3551E-20  9.9727E-01
       1.0226E+03  9.7844E+12  9.9694E-01 -1.1776E-08 -1.0623E-19  9.9694E-01
       1.0227E+03  8.7664E+12  9.9661E-01  7.9732E-09 -1.3428E-19  9.9661E-01
       1.0228E+03  7.9461E+12  9.9628E-01  1.6593E-09  9.5639E-20  9.9628E-01
       1.0230E+03  7.3022E+12  9.9598E-01  6.3576E-09  1.0203E-20  9.9598E-01
       1.0231E+03  6.8127E+12  9.9571E-01  2.9511E-09 -8.3117E-20  9.9571E-01
       1.0232E+03  6.4554E+12  9.9550E-01  6.7243E-09  2.4006E-19  9.9550E-01


      Photon energy [eV] or wavelength [nm] for selected point
      of pinhole, S0, S1/S0, S2/S0, S3/S0, P of
      STOKES vector per unit area [m**2]:


           Observation point (x,y,z) [m]:
              10.0000000       0.00000000       0.00000000    

       1.0127E+03  1.4298E+19  1.0000E+00  0.0000E+00  0.0000E+00  1.0000E+00
       1.0129E+03  1.8229E+19  1.0000E+00  0.0000E+00  0.0000E+00  1.0000E+00
       1.0130E+03  2.2454E+19  1.0000E+00  0.0000E+00  0.0000E+00  1.0000E+00
       1.0131E+03  2.6847E+19  1.0000E+00  0.0000E+00  0.0000E+00  1.0000E+00
       1.0133E+03  3.1269E+19  1.0000E+00  0.0000E+00  0.0000E+00  1.0000E+00
       1.0134E+03  3.5571E+19  1.0000E+00  0.0000E+00  0.0000E+00  1.0000E+00
       1.0135E+03  3.9597E+19  1.0000E+00  0.0000E+00  0.0000E+00  1.0000E+00
       1.0136E+03  4.3195E+19  1.0000E+00  0.0000E+00  0.0000E+00  1.0000E+00
       1.0138E+03  4.6218E+19  1.0000E+00  0.0000E+00  0.0000E+00  1.0000E+00
       1.0139E+03  4.8530E+19  1.0000E+00  0.0000E+00  0.0000E+00  1.0000E+00
       1.0140E+03  5.0018E+19  1.0000E+00  0.0000E+00  0.0000E+00  1.0000E+00
       1.0142E+03  5.0591E+19  1.0000E+00  0.0000E+00  0.0000E+00  1.0000E+00
       1.0143E+03  5.0191E+19  1.0000E+00  0.0000E+00  0.0000E+00  1.0000E+00
       1.0144E+03  4.8797E+19  1.0000E+00  0.0000E+00  0.0000E+00  1.0000E+00
       1.0146E+03  4.6425E+19  1.0000E+00  0.0000E+00  0.0000E+00  1.0000E+00
       1.0147E+03  4.3137E+19  1.0000E+00  0.0000E+00  0.0000E+00  1.0000E+00
       1.0148E+03  3.9041E+19  1.0000E+00  0.0000E+00  0.0000E+00  1.0000E+00
       1.0150E+03  3.4292E+19  1.0000E+00  0.0000E+00  0.0000E+00  1.0000E+00
       1.0151E+03  2.9089E+19  1.0000E+00  0.0000E+00  0.0000E+00  1.0000E+00
       1.0152E+03  2.3679E+19  1.0000E+00  0.0000E+00  0.0000E+00  1.0000E+00
       1.0154E+03  1.8348E+19  1.0000E+00  0.0000E+00  0.0000E+00  1.0000E+00
       1.0155E+03  1.3417E+19  1.0000E+00  0.0000E+00  0.0000E+00  1.0000E+00
       1.0156E+03  9.2404E+18  1.0000E+00  0.0000E+00  0.0000E+00  1.0000E+00
       1.0157E+03  6.1922E+18  1.0000E+00  0.0000E+00  0.0000E+00  1.0000E+00
       1.0159E+03  4.6622E+18  1.0000E+00  0.0000E+00  0.0000E+00  1.0000E+00
       1.0160E+03  5.0442E+18  1.0000E+00  0.0000E+00  0.0000E+00  1.0000E+00
       1.0161E+03  7.7266E+18  1.0000E+00  0.0000E+00  0.0000E+00  1.0000E+00
       1.0163E+03  1.3082E+19  1.0000E+00  0.0000E+00  0.0000E+00  1.0000E+00
       1.0164E+03  2.1454E+19  1.0000E+00  0.0000E+00  0.0000E+00  1.0000E+00
       1.0165E+03  3.3152E+19  1.0000E+00  0.0000E+00  0.0000E+00  1.0000E+00
       1.0167E+03  4.8435E+19  1.0000E+00  0.0000E+00  0.0000E+00  1.0000E+00
       1.0168E+03  6.7505E+19  1.0000E+00  0.0000E+00  0.0000E+00  1.0000E+00
       1.0169E+03  9.0498E+19  1.0000E+00  0.0000E+00  0.0000E+00  1.0000E+00
       1.0171E+03  1.1748E+20  1.0000E+00  0.0000E+00  0.0000E+00  1.0000E+00
       1.0172E+03  1.4842E+20  1.0000E+00  0.0000E+00  0.0000E+00  1.0000E+00
       1.0173E+03  1.8324E+20  1.0000E+00  0.0000E+00  0.0000E+00  1.0000E+00
       1.0175E+03  2.2175E+20  1.0000E+00  0.0000E+00  0.0000E+00  1.0000E+00
       1.0176E+03  2.6366E+20  1.0000E+00  0.0000E+00  0.0000E+00  1.0000E+00
       1.0177E+03  3.0864E+20  1.0000E+00  0.0000E+00  0.0000E+00  1.0000E+00
       1.0178E+03  3.5624E+20  1.0000E+00  0.0000E+00  0.0000E+00  1.0000E+00
       1.0180E+03  4.0595E+20  1.0000E+00  0.0000E+00  0.0000E+00  1.0000E+00
       1.0181E+03  4.5721E+20  1.0000E+00  0.0000E+00  0.0000E+00  1.0000E+00
       1.0182E+03  5.0937E+20  1.0000E+00  0.0000E+00  0.0000E+00  1.0000E+00
       1.0184E+03  5.6177E+20  1.0000E+00  0.0000E+00  0.0000E+00  1.0000E+00
       1.0185E+03  6.1369E+20  1.0000E+00  0.0000E+00  0.0000E+00  1.0000E+00
       1.0186E+03  6.6441E+20  1.0000E+00  0.0000E+00  0.0000E+00  1.0000E+00
       1.0188E+03  7.1319E+20  1.0000E+00  0.0000E+00  0.0000E+00  1.0000E+00
       1.0189E+03  7.5931E+20  1.0000E+00  0.0000E+00  0.0000E+00  1.0000E+00
       1.0190E+03  8.0207E+20  1.0000E+00  0.0000E+00  0.0000E+00  1.0000E+00
       1.0192E+03  8.4081E+20  1.0000E+00  0.0000E+00  0.0000E+00  1.0000E+00
       1.0193E+03  8.7493E+20  1.0000E+00  0.0000E+00  0.0000E+00  1.0000E+00
       1.0194E+03  9.0389E+20  1.0000E+00  0.0000E+00  0.0000E+00  1.0000E+00
       1.0196E+03  9.2722E+20  1.0000E+00  0.0000E+00  0.0000E+00  1.0000E+00
       1.0197E+03  9.4456E+20  1.0000E+00  0.0000E+00  0.0000E+00  1.0000E+00
       1.0198E+03  9.5563E+20  1.0000E+00  0.0000E+00  0.0000E+00  1.0000E+00
       1.0199E+03  9.6024E+20  1.0000E+00  0.0000E+00  0.0000E+00  1.0000E+00
       1.0201E+03  9.5833E+20  1.0000E+00  0.0000E+00  0.0000E+00  1.0000E+00
       1.0202E+03  9.4994E+20  1.0000E+00  0.0000E+00  0.0000E+00  1.0000E+00
       1.0203E+03  9.3520E+20  1.0000E+00  0.0000E+00  0.0000E+00  1.0000E+00
       1.0205E+03  9.1436E+20  1.0000E+00  0.0000E+00  0.0000E+00  1.0000E+00
       1.0206E+03  8.8776E+20  1.0000E+00  0.0000E+00  0.0000E+00  1.0000E+00
       1.0207E+03  8.5583E+20  1.0000E+00  0.0000E+00  0.0000E+00  1.0000E+00
       1.0209E+03  8.1908E+20  1.0000E+00  0.0000E+00  0.0000E+00  1.0000E+00
       1.0210E+03  7.7810E+20  1.0000E+00  0.0000E+00  0.0000E+00  1.0000E+00
       1.0211E+03  7.3352E+20  1.0000E+00  0.0000E+00  0.0000E+00  1.0000E+00
       1.0213E+03  6.8601E+20  1.0000E+00  0.0000E+00  0.0000E+00  1.0000E+00
       1.0214E+03  6.3630E+20  1.0000E+00  0.0000E+00  0.0000E+00  1.0000E+00
       1.0215E+03  5.8509E+20  1.0000E+00  0.0000E+00  0.0000E+00  1.0000E+00
       1.0217E+03  5.3313E+20  1.0000E+00  0.0000E+00  0.0000E+00  1.0000E+00
       1.0218E+03  4.8110E+20  1.0000E+00  0.0000E+00  0.0000E+00  1.0000E+00
       1.0219E+03  4.2970E+20  1.0000E+00  0.0000E+00  0.0000E+00  1.0000E+00
       1.0220E+03  3.7957E+20  1.0000E+00  0.0000E+00  0.0000E+00  1.0000E+00
       1.0222E+03  3.3128E+20  1.0000E+00  0.0000E+00  0.0000E+00  1.0000E+00
       1.0223E+03  2.8538E+20  1.0000E+00  0.0000E+00  0.0000E+00  1.0000E+00
       1.0224E+03  2.4230E+20  1.0000E+00  0.0000E+00  0.0000E+00  1.0000E+00
       1.0226E+03  2.0244E+20  1.0000E+00  0.0000E+00  0.0000E+00  1.0000E+00
       1.0227E+03  1.6608E+20  1.0000E+00  0.0000E+00  0.0000E+00  1.0000E+00
       1.0228E+03  1.3345E+20  1.0000E+00  0.0000E+00  0.0000E+00  1.0000E+00
       1.0230E+03  1.0466E+20  1.0000E+00  0.0000E+00  0.0000E+00  1.0000E+00
       1.0231E+03  7.9783E+19  1.0000E+00  0.0000E+00  0.0000E+00  1.0000E+00
       1.0232E+03  5.8774E+19  1.0000E+00  0.0000E+00  0.0000E+00  1.0000E+00

       Total absolut maxima found for Stokes-V. (z,y,Eph,fluxdens.)

        0.0000E+00  0.0000E+00  1.0199E+03  9.6024E+20
        0.0000E+00  0.0000E+00  1.0199E+03  9.6024E+20
        2.2857E-04  2.2857E-04  1.0127E+03  4.4356E+19
       -2.5714E-04 -2.2857E-04  1.0129E+03  7.2768E+18


       Estimated maxima of s0, s1, s2 ,s3 for selected point:
          1019.97601       9.60381221E+20
          1019.97595       9.60381150E+20
          0.00000000       0.00000000    
          0.00000000       0.00000000    


       Estimated maximum of s3*s3/s0 for selected point:
          0.00000000       0.00000000    


       Estimated maxima of fluxes s0, s1, s2 ,s3:
          1016.94781       1.47480872E+14
          1016.94989       1.47411784E+14
          1014.03180       1607920.75    
          1012.85675       1.52719003E-05


       Estimated maxima of fluxes s3*s3/s0:
          1012.85925       1.69861238E-24



      Brilliance calculations:
      (only meaningful for undulators)

      sigr=sqrt(2*lambda*L)/2/pi*sigrc and 
      sigrp=sqrt(lambda/2/L)*sigrpc

       sigrc,sigrpc:   1.0000000000000000        1.0000000000000000     

      make sure that the device length agrees to the length
      of the trajectory
      (for rec-fields rangrec and rangpm are substracted by program)

      Observation point:

         10.0000000       0.00000000       0.00000000    

      considered device length [m]:   4.14960003    


      Brilliance [photons/sec/BW/mm**2/mrad**2]

          1012.7        0.88415E+18    0.88415E+18     0.0000         0.0000    
          1012.9        0.11274E+19    0.11274E+19     0.0000         0.0000    
          1013.0        0.13889E+19    0.13889E+19     0.0000         0.0000    
          1013.1        0.16609E+19    0.16609E+19     0.0000         0.0000    
          1013.3        0.19347E+19    0.19347E+19     0.0000         0.0000    
          1013.4        0.22011E+19    0.22011E+19     0.0000         0.0000    
          1013.5        0.24506E+19    0.24506E+19     0.0000         0.0000    
          1013.6        0.26736E+19    0.26736E+19     0.0000         0.0000    
          1013.8        0.28610E+19    0.28610E+19     0.0000         0.0000    
          1013.9        0.30046E+19    0.30046E+19     0.0000         0.0000    
          1014.0        0.30971E+19    0.30971E+19     0.0000         0.0000    
          1014.2        0.31330E+19    0.31330E+19     0.0000         0.0000    
          1014.3        0.31086E+19    0.31086E+19     0.0000         0.0000    
          1014.4        0.30226E+19    0.30226E+19     0.0000         0.0000    
          1014.6        0.28761E+19    0.28761E+19     0.0000         0.0000    
          1014.7        0.26727E+19    0.26727E+19     0.0000         0.0000    
          1014.8        0.24193E+19    0.24193E+19     0.0000         0.0000    
          1015.0        0.21252E+19    0.21252E+19     0.0000         0.0000    
          1015.1        0.18031E+19    0.18031E+19     0.0000         0.0000    
          1015.2        0.14679E+19    0.14679E+19     0.0000         0.0000    
          1015.4        0.11376E+19    0.11376E+19     0.0000         0.0000    
          1015.5        0.83197E+18    0.83197E+18     0.0000         0.0000    
          1015.6        0.57305E+18    0.57305E+18     0.0000         0.0000    
          1015.7        0.38406E+18    0.38406E+18     0.0000         0.0000    
          1015.9        0.28920E+18    0.28920E+18     0.0000         0.0000    
          1016.0        0.31294E+18    0.31294E+18     0.0000         0.0000    
          1016.1        0.47942E+18    0.47942E+18     0.0000         0.0000    
          1016.3        0.81178E+18    0.81178E+18     0.0000         0.0000    
          1016.4        0.13315E+19    0.13315E+19     0.0000         0.0000    
          1016.5        0.20578E+19    0.20578E+19     0.0000         0.0000    
          1016.7        0.30068E+19    0.30068E+19     0.0000         0.0000    
          1016.8        0.41912E+19    0.41912E+19     0.0000         0.0000    
          1016.9        0.56195E+19    0.56195E+19     0.0000         0.0000    
          1017.1        0.72957E+19    0.72957E+19     0.0000         0.0000    
          1017.2        0.92189E+19    0.92189E+19     0.0000         0.0000    
          1017.3        0.11383E+20    0.11383E+20     0.0000         0.0000    
          1017.5        0.13777E+20    0.13777E+20     0.0000         0.0000    
          1017.6        0.16383E+20    0.16383E+20     0.0000         0.0000    
          1017.7        0.19180E+20    0.19180E+20     0.0000         0.0000    
          1017.8        0.22141E+20    0.22141E+20     0.0000         0.0000    
          1018.0        0.25234E+20    0.25234E+20     0.0000         0.0000    
          1018.1        0.28424E+20    0.28424E+20     0.0000         0.0000    
          1018.2        0.31671E+20    0.31671E+20     0.0000         0.0000    
          1018.4        0.34933E+20    0.34933E+20     0.0000         0.0000    
          1018.5        0.38167E+20    0.38167E+20     0.0000         0.0000    
          1018.6        0.41326E+20    0.41326E+20     0.0000         0.0000    
          1018.8        0.44366E+20    0.44366E+20     0.0000         0.0000    
          1018.9        0.47241E+20    0.47241E+20     0.0000         0.0000    
          1019.0        0.49908E+20    0.49908E+20     0.0000         0.0000    
          1019.2        0.52325E+20    0.52325E+20     0.0000         0.0000    
          1019.3        0.54455E+20    0.54455E+20     0.0000         0.0000    
          1019.4        0.56265E+20    0.56265E+20     0.0000         0.0000    
          1019.6        0.57725E+20    0.57725E+20     0.0000         0.0000    
          1019.7        0.58812E+20    0.58812E+20     0.0000         0.0000    
          1019.8        0.59509E+20    0.59509E+20     0.0000         0.0000    
          1019.9        0.59804E+20    0.59804E+20     0.0000         0.0000    
          1020.1        0.59693E+20    0.59693E+20     0.0000         0.0000    
          1020.2        0.59177E+20    0.59177E+20     0.0000         0.0000    
          1020.3        0.58267E+20    0.58267E+20     0.0000         0.0000    
          1020.5        0.56976E+20    0.56976E+20     0.0000         0.0000    
          1020.6        0.55325E+20    0.55325E+20     0.0000         0.0000    
          1020.7        0.53342E+20    0.53342E+20     0.0000         0.0000    
          1020.9        0.51059E+20    0.51059E+20     0.0000         0.0000    
          1021.0        0.48510E+20    0.48510E+20     0.0000         0.0000    
          1021.1        0.45736E+20    0.45736E+20     0.0000         0.0000    
          1021.3        0.42780E+20    0.42780E+20     0.0000         0.0000    
          1021.4        0.39685E+20    0.39685E+20     0.0000         0.0000    
          1021.5        0.36496E+20    0.36496E+20     0.0000         0.0000    
          1021.7        0.33259E+20    0.33259E+20     0.0000         0.0000    
          1021.8        0.30017E+20    0.30017E+20     0.0000         0.0000    
          1021.9        0.26814E+20    0.26814E+20     0.0000         0.0000    
          1022.0        0.23688E+20    0.23688E+20     0.0000         0.0000    
          1022.2        0.20678E+20    0.20678E+20     0.0000         0.0000    
          1022.3        0.17815E+20    0.17815E+20     0.0000         0.0000    
          1022.4        0.15128E+20    0.15128E+20     0.0000         0.0000    
          1022.6        0.12640E+20    0.12640E+20     0.0000         0.0000    
          1022.7        0.10371E+20    0.10371E+20     0.0000         0.0000    
          1022.8        0.83346E+19    0.83346E+19     0.0000         0.0000    
          1023.0        0.65377E+19    0.65377E+19     0.0000         0.0000    
          1023.1        0.49842E+19    0.49842E+19     0.0000         0.0000    
          1023.2        0.36722E+19    0.36722E+19     0.0000         0.0000    


      estimated brilliance maxima, flux and flux-density of S0, S1, S2, S3:

          1020.0        0.59814E+20    0.88383E+14    0.96038E+17
          1020.0        0.59814E+20    0.88383E+14    0.96038E+17
          0.0000         0.0000         0.0000         0.0000    
          0.0000         0.0000         0.0000         0.0000    

      estimated brilliance maximum of S3*S3/S0:

          0.0000         0.0000    

      ---> flag IFOLD is not set, emittance effects are estimated
      from horizontal beam size [mm] and divergence [mrad]: 
         2.16000000E-04   2.47999997E-05
      vertical beam size [mm] and divergence [mrad]: 
         1.87000005E-05   4.29000011E-06


      Brilliance [photons/sec/BW/mm**2/mrad**2] with emittance

          1012.7        0.17684E+17    0.17684E+17     0.0000         0.0000    
          1012.9        0.22546E+17    0.22546E+17     0.0000         0.0000    
          1013.0        0.27770E+17    0.27770E+17     0.0000         0.0000    
          1013.1        0.33202E+17    0.33202E+17     0.0000         0.0000    
          1013.3        0.38670E+17    0.38670E+17     0.0000         0.0000    
          1013.4        0.43988E+17    0.43988E+17     0.0000         0.0000    
          1013.5        0.48966E+17    0.48966E+17     0.0000         0.0000    
          1013.6        0.53414E+17    0.53414E+17     0.0000         0.0000    
          1013.8        0.57149E+17    0.57149E+17     0.0000         0.0000    
          1013.9        0.60006E+17    0.60006E+17     0.0000         0.0000    
          1014.0        0.61844E+17    0.61844E+17     0.0000         0.0000    
          1014.2        0.62551E+17    0.62551E+17     0.0000         0.0000    
          1014.3        0.62055E+17    0.62055E+17     0.0000         0.0000    
          1014.4        0.60329E+17    0.60329E+17     0.0000         0.0000    
          1014.6        0.57394E+17    0.57394E+17     0.0000         0.0000    
          1014.7        0.53328E+17    0.53328E+17     0.0000         0.0000    
          1014.8        0.48263E+17    0.48263E+17     0.0000         0.0000    
          1015.0        0.42390E+17    0.42390E+17     0.0000         0.0000    
          1015.1        0.35958E+17    0.35958E+17     0.0000         0.0000    
          1015.2        0.29270E+17    0.29270E+17     0.0000         0.0000    
          1015.4        0.22679E+17    0.22679E+17     0.0000         0.0000    
          1015.5        0.16584E+17    0.16584E+17     0.0000         0.0000    
          1015.6        0.11421E+17    0.11421E+17     0.0000         0.0000    
          1015.7        0.76532E+16    0.76532E+16     0.0000         0.0000    
          1015.9        0.57620E+16    0.57620E+16     0.0000         0.0000    
          1016.0        0.62339E+16    0.62339E+16     0.0000         0.0000    
          1016.1        0.95487E+16    0.95487E+16     0.0000         0.0000    
          1016.3        0.16166E+17    0.16166E+17     0.0000         0.0000    
          1016.4        0.26512E+17    0.26512E+17     0.0000         0.0000    
          1016.5        0.40966E+17    0.40966E+17     0.0000         0.0000    
          1016.7        0.59850E+17    0.59850E+17     0.0000         0.0000    
          1016.8        0.83411E+17    0.83411E+17     0.0000         0.0000    
          1016.9        0.11182E+18    0.11182E+18     0.0000         0.0000    
          1017.1        0.14515E+18    0.14515E+18     0.0000         0.0000    
          1017.2        0.18338E+18    0.18338E+18     0.0000         0.0000    
          1017.3        0.22639E+18    0.22639E+18     0.0000         0.0000    
          1017.5        0.27395E+18    0.27395E+18     0.0000         0.0000    
          1017.6        0.32572E+18    0.32572E+18     0.0000         0.0000    
          1017.7        0.38127E+18    0.38127E+18     0.0000         0.0000    
          1017.8        0.44006E+18    0.44006E+18     0.0000         0.0000    
          1018.0        0.50146E+18    0.50146E+18     0.0000         0.0000    
          1018.1        0.56476E+18    0.56476E+18     0.0000         0.0000    
          1018.2        0.62918E+18    0.62918E+18     0.0000         0.0000    
          1018.4        0.69388E+18    0.69388E+18     0.0000         0.0000    
          1018.5        0.75798E+18    0.75798E+18     0.0000         0.0000    
          1018.6        0.82060E+18    0.82060E+18     0.0000         0.0000    
          1018.8        0.88082E+18    0.88082E+18     0.0000         0.0000    
          1018.9        0.93774E+18    0.93774E+18     0.0000         0.0000    
          1019.0        0.99052E+18    0.99052E+18     0.0000         0.0000    
          1019.2        0.10383E+19    0.10383E+19     0.0000         0.0000    
          1019.3        0.10804E+19    0.10804E+19     0.0000         0.0000    
          1019.4        0.11162E+19    0.11162E+19     0.0000         0.0000    
          1019.6        0.11449E+19    0.11449E+19     0.0000         0.0000    
          1019.7        0.11663E+19    0.11663E+19     0.0000         0.0000    
          1019.8        0.11799E+19    0.11799E+19     0.0000         0.0000    
          1019.9        0.11856E+19    0.11856E+19     0.0000         0.0000    
          1020.1        0.11832E+19    0.11832E+19     0.0000         0.0000    
          1020.2        0.11728E+19    0.11728E+19     0.0000         0.0000    
          1020.3        0.11546E+19    0.11546E+19     0.0000         0.0000    
          1020.5        0.11288E+19    0.11288E+19     0.0000         0.0000    
          1020.6        0.10959E+19    0.10959E+19     0.0000         0.0000    
          1020.7        0.10565E+19    0.10565E+19     0.0000         0.0000    
          1020.9        0.10111E+19    0.10111E+19     0.0000         0.0000    
          1021.0        0.96047E+18    0.96047E+18     0.0000         0.0000    
          1021.1        0.90541E+18    0.90541E+18     0.0000         0.0000    
          1021.3        0.84674E+18    0.84674E+18     0.0000         0.0000    
          1021.4        0.78535E+18    0.78535E+18     0.0000         0.0000    
          1021.5        0.72213E+18    0.72213E+18     0.0000         0.0000    
          1021.7        0.65797E+18    0.65797E+18     0.0000         0.0000    
          1021.8        0.59375E+18    0.59375E+18     0.0000         0.0000    
          1021.9        0.53030E+18    0.53030E+18     0.0000         0.0000    
          1022.0        0.46841E+18    0.46841E+18     0.0000         0.0000    
          1022.2        0.40881E+18    0.40881E+18     0.0000         0.0000    
          1022.3        0.35215E+18    0.35215E+18     0.0000         0.0000    
          1022.4        0.29899E+18    0.29899E+18     0.0000         0.0000    
          1022.6        0.24979E+18    0.24979E+18     0.0000         0.0000    
          1022.7        0.20492E+18    0.20492E+18     0.0000         0.0000    
          1022.8        0.16465E+18    0.16465E+18     0.0000         0.0000    
          1023.0        0.12913E+18    0.12913E+18     0.0000         0.0000    
          1023.1        0.98432E+17    0.98432E+17     0.0000         0.0000    
          1023.2        0.72510E+17    0.72510E+17     0.0000         0.0000    


      estimated brilliance maxima, flux and flux-density of S0, S1, S2, S3
      with emittance:

          1020.0        0.11858E+19    0.88383E+14    0.39699E+17
          1020.0        0.11858E+19    0.88383E+14    0.39699E+17
          0.0000         0.0000         0.0000         0.0000    
          0.0000         0.0000         0.0000         0.0000    

      estimated brilliance maximum of S3*S3/S0 with emittance:

          0.0000         0.0000    

      corresponding sigmas of source size [mm]
      and divergence [mrad] without and with emittance
      (including corr. factors sigrc,sigrpc):

      L/mm, lambda/mm:    4149.60010       1.21557946E-06
      without emit.:    1.59856360E-02   1.21024577E-02
         with emit.:    7.29961842E-02   1.88237689E-02
         (sigrf**2 = sigrxf*sigryf)


      LAST CHECK:

           BMAXGL:  0.25218902329099802     

           XBMAXGL:   7.4100000195119392E-002
           YBMAXGL:   0.0000000000000000     
           ZBMAXGL:  -2.7141333341673186E-006


      CURRENT NUMBER:         305


                     --- Program WAVE completed ---



                                                   12:29:51 29.01.16

