
                                                   13:32:50 29.01.16


           *********************************************
           *          PROGRAM WAVE                     *
           *                                           *
           *          VERSION 3.03/01 13.11.2015       *
           *                                           *
           *          Michael Scheer                   *
           *              BESSY                        *
           *********************************************

      USER COMMENT:

      U49 Peter Baumgaertel                                            

      CURRENT NUMBER:         329


      USER NAMELIST:



      MODE FLAGS:

      IUNDULATOR,IWIGGLER:            1           0



      CONTROL FLAGS:


      IUNAME,IUSTEP,IUOUT:            0           0           0
      IOPTIC,IGENFUN:                 0           0
      IMAGSPLN:                   -9999
      IEMIT,IEMIAHW:                  0           0
      IWLSOPT,IBEAMPOL:               0           0
      IENELOSS, IEFIELD:             -1           0
      IPOWER,ISPEC:                   0           1
      IVELOFIELD,ISPECMODE:           0           3
         IWFILL0,IRFILL0:                      0           0
         ISPECINT,IPIN:                        0           1
         IUSEM,ISTOKES:                        0           1
         IBRILL:                               1
         IPINCIRC,IRPHI:                       0           0
         IFOLD,ISIGUSR:                        0           1
         IF1DIM,IPOLA:                         0           0
         IWFILSP0,IWFILSPF:                    0           0
         IRFILSP0,IRFILSTO:                    0           0
         IWFILSTO,IWFLSTOF:                    0           0
         ISPECANA,ISPECANAF:                   0           0
         IAMPLI,IAMPSKIP:                      0           0
         IWFILFL0,IWFILFLF:                    0           0
         IWFILS,IWFILSF:                       0           0
         IWFILSE,IWFILSEF:                     0           0
         IWFILB,IWFILBF:                       0           0
         IWFILBE,IWFILBEF:                     0           0
         IWFILINT,IPINALL:                     0           0
         IRFILOB,IFILTER:                      0           0
         IWFILRAY,IDESYNC:                     1           0
         IPHASE,IPHASEANA:                     0           0
         IDOSE,IEFOLD:                         0           0
         ISPECDIP,IBL0CUT:                     0           0
         IEFFI,IFILMUL:                        0           0
         IBUNCH:                               0
      IWFILF:                         0


      MAGNETIC FIELD FLAGS:



      ICHARGE,IBMASK,JBMASK:          -1           0           0
      IBSUPER,IBERROR:                 1           0
      ICUTFIBO:                        1

      IPERIODG,IBSYM:                 0           0
      IBSYMY,IBSYMZ:                  0           0
      KBEXTERN,KBFELD:                0           0
      KHALBA,KHALBASY:                0           0
      KUCROSS,IRFILP:                 0           0
      KMAGSEQ,IMGSQF:                 0           0
             KMAGCOR:                 1
      IRFILF,IRBTAB:                  0           0
      IRBTABZY,KELLIP:                0           1
      KBPOLYH,KBPOLY3D:               0           0
      KBREC,KELLANA:                  0           0
      KBPOLYMAG,KBGENESIS:            0           0
      KBAMWLS:                        0



      HISTOGRAM FLAGS:

      IHBOOK,IHINDEX:                 1           0


      OTHER OPTIONS:


      IWBTAB,IWFILT0:                 0           0
      IWSECTMAGS:                     0
      IJUST,ISNORDER:                 0           0
      IWBMAP,IWBPOLY3D:               0           0
      IWBPOLY2DH,IWBPHARM:            0           0


      SR BELLIP, Parameters of elliptical undulator:
      horizontal and vertical peak field [T]:   0.00000000      0.199897960    
      number of periods, period and device length [m]:
         84.0000000       4.94000018E-02   4.14960003    
      shift parameter [periods], B_h/B_v:       0.00000000       0.00000000    
      B0_eff [T], deflection parameter K:  0.199897960      0.922053635    
      1. harmonical [nm] and [eV]:   3.09965491       400.000000    
      critical energy [eV]:   394.196899    

      longitudinal position of device center [m]:   0.0000000000000000     

      scaling factor for taper:   0.0000000000000000     

  
      Subroutine photon (quantum fluctuations):
  
       number of sampling bins (NBING1)        1000
       max. photon energy normalized to characteristic energy (EECMAXG1):
          5.0000000000000000     
  

      Number of tracking steps per meter (MYINUM):         5000

      Start and end of the trajectory [m](XSTART,XSTOP):
        -2.07480001       2.07480001    

      BMOVECUT:   1.00000001E-07

      Initial energy [GeV] and gamma:    1.72200000       3369.8702546331497     
      Final energy [GeV] and gamma:      1.72199988       3369.8699302123919     
      Relative change:                  -9.62709947E-08
      number of photons, RMS (keV) and rel. RMS of quantum fluctuation:
                 3   9.37721282E-02   5.44553593E-08


      B-rho [Tm], current [A]:   -5.74397326      0.100000001    

      Offset for vert. and hori. magnetic field (BYGOFF, BZGOFF):
          0.00000000       0.00000000    
      Global scaling factor for mag. field (B0SCGLOB,A0SCGLOB):
          1.00000000       1.00000000    

      Long. shift [m] of device (X(e-) -> X(e-)+XSHIFT):    0.00000000    
      Vert. shift [m] of device (Y(e-) -> Y(e-)+VSHIFT):    0.00000000    
      Hori. shift [m] of device (Z(e-) -> Z(e-)+HSHIFT):    0.00000000    
      Rotation angle [degree] of device:                    0.00000000    
      Y(e-) -> Y(e-)*sin(XROTD) + Y(e-)*cos(XROTD)
      Z(e-) -> Z(e-)*cos(XROTD) - Y(e-)*sin(XROTD)


      Magnetic field [T] at starting point:
         0.00000000       0.00000000       0.00000000    

      Vector potential [T-m] at starting point:
         0.00000000       0.00000000       0.00000000    


      Magnetic field [T] at stopping point:
         0.00000000       0.00000000       0.00000000    

      Vector potential [T-m] at stopping point:
         0.00000000       0.00000000       0.00000000    

      Extrema of magnetic field [T] and the trajectory [m]:

      BXmax,BXmin:    0.00000000       0.00000000    
      BYmax,BYmin:   0.199881807     -0.199897960    
      BZmax,BZmin:    0.00000000       0.00000000    

      Xmax,Xmin:    2.07480001      -2.07480001    
      Ymax,Ymin:    0.00000000       0.00000000    
      Zmax,Zmin:    2.15118871E-06  -2.15103955E-06


      Extrema of magnetic field [T] and the trajectory [m] between
      XIANF and XIEND

      BXmaxAE,BXminAE:    0.00000000       0.00000000    
      BYmaxAE,BYminAE:   0.199881807     -0.199897960    
      BZmaxAE,BZminAE:    0.00000000       0.00000000    

      XmaxAE,XminAE:    2.07480001      -2.07480001    
      YmaxAE,YminAE:    0.00000000       0.00000000    
      ZmaxAE,ZminAE:    2.15118871E-06  -2.15103955E-06


      Start values (coordinates [m] and slopes) of trajectory:

      X0:   -2.0747999999999998     
      Y0:    0.0000000000000000     
      Z0:    0.0000000000000000     

      ZP0:   0.0000000000000000     
      YP0:   0.0000000000000000     

      VX0:   299792444.80029100     
      VY0:   0.0000000000000000     
      VZ0:   0.0000000000000000     

      Values for X=0 (coordinates [m] and slopes) of trajectory:

      YCEN:    0.0000000000000000     
      ZCEN:    2.1511753862784402E-006

      YPCEN:   0.0000000000000000     
      ZPCEN:   4.1029419990176934E-014

      End values (coordinates [m] and slopes) of trajectory:

      XF0:    2.0747999999999998     
      YF0:    0.0000000000000000     
      ZF0:   -1.8037088182917673E-011


      ZPF0:    1.6158593907357919E-011
      YPF0:    0.0000000000000000     

      VXF0:    299792449.84357357     
      VYF0:    0.0000000000000000     
      VZF0:    4.8442244535142724E-003


      Values for X=XIANF (coordinates [m] and slopes) of trajectory:

      XIANF:   -1.0000000000000000E+030
      YIANF:   -9999.0000000000000     
      ZIANF:   -9999.0000000000000     

      YPIANF:  -9999.0000000000000     
      ZPIANF:  -9999.0000000000000     



      Values for X=XIEND (coordinates [m] and slopes) of trajectory:

      XIEND:    1.0000000000000000E+030
      YIEND:   -9999.0000000000000     
      ZIEND:   -9999.0000000000000     

      YPIEND:  -9999.0000000000000     
      ZPIEND:  -9999.0000000000000     


      ZF0/(XSTOP-XSTART):   -4.3467052686807580E-012
      YF0/(XSTOP-XSTART):    0.0000000000000000     

      YF0-Y0:   0.0000000000000000     
      ZF0-Z0:  -1.8037088182917673E-011

      YPF0-YP0:   0.0000000000000000     
      ZPF0-ZP0:   1.6158593907357919E-011

      Straight line fit of z(x):
      offset:  -9.6164383375925007E-009
      slope:  -6.3263310738088373E-012

      Straight line fit of vz(x)/vx(x):
      offset:   1.8133134819739499E-012
      slope:   6.6942558504498588E-009

      Straight line fit of y(x):
      offset:   0.0000000000000000     
      slope:   0.0000000000000000     

      Straight line fit of vy(x)/vx(x):
      offset:   0.0000000000000000     
      slope:   0.0000000000000000     

      1. magnetic integral [T-m]:    0.00000000       1.18498242E-13   0.00000000    
      2. mag. integral [T-m**2]:    0.00000000      -5.31529404E-14   0.00000000    

      Integrated By**2 [T**2-m]:                      8.24138597E-02
      Energy irradiated by the device per e- [MeV]:   3.09234660E-04
      Rel. energy loss:                               1.79578777E-07
      Power irradiated by the device [kWATT]:         3.09234653E-02

      Length of trajectory (BINT0) [m]:
         4.1496000770221482     
      Integrated (YP**2+ZP**2)/2 of trajectory (WTRA2I) [m]:
         7.7022262151942501E-008
      corresponding phase advance [nm and eV]:
         259.72706441270850        4.7737109201159429     
      dE/E and corresponding dL = 2 * dE/E * L [nm]:
         1.00000005E-03  0.154044524    
      Circumference of the ring [m]:                 240.000000    
      Rel. change of total circumference (from BINT0):         
         3.20925619E-10
      Rel. change of total circumference (from WTRA2I):
         3.20926091E-10

      Max. and min. deflection angle [rad]:    2.73618847E-04  -2.73618818E-04


      SPECTRUM
      ===========

      Start and end of points [m] of integration for spectrum
      calculations (XIANF,XIEND):  -1.00000002E+30   1.00000002E+30


      SR WFILL0:

      Parameters:
      WGWINFC:   2646.6899088765672     
      WBL0CUT:   0.0000000000000000     
      WBL0HYS:   1.0000000000000000     

      Pinhole of collimators:
      (X,Y,Z), width, height:

        1.0000E+01  0.0000E+00  0.0000E+00  1.0000E+03  1.0000E+03
        1.0000E+01  0.0000E+00  0.0000E+00  1.0000E+03  1.0000E+03

      Number of sources:           1
      Begin and end of sources (x,y,z):

                 1  -2.07480001       0.00000000       0.00000000    
                 1   2.07480001       0.00000000      -1.80370874E-11

      Horiz., vert. slopes and mag. field
      at begin and end of sources:

                 1   0.00000000       0.00000000       0.00000000    
                 1   1.61585936E-11   0.00000000       2.04836148E-14


      SR COHEREN:
      Minimum and maximum number of phases  between
      photons and electrons:
         5.58519459       5.64313507    


       selected observation point:

          10.0000000       0.00000000       0.00000000    


      Source number, mean mag. field (sign from By), abs. mean and rel. rms
      for sources, and critical photon energy [eV] or wavelength [nm]
      (with respect to abs. mean):

           1  -1.03039398E-12  0.126727998      0.486472636       249.906433    

      Photon energy cut-off (SPECCUT):   0.00000000    

      Max. field and photon energy cuts for source points:

           1  0.199898064       0.00000000    

      Data-file written for program RAY
      File: wave_ray.dat                                                                                                                    
      (Device center is assumed at (0,0,0)
      Photon energy:   1191.43994    


      Results of spectrum calculations
      ================================


      Reflectivity coefficients (complex):

       (  1.0000000000000000     ,  0.0000000000000000     )
       (  1.0000000000000000     ,  0.0000000000000000     )
       (  1.0000000000000000     ,  0.0000000000000000     )



      Buffer size for integration (NDWSOU):       20849

      Provided number of integration steps for each source
      (controlled by NLPOI)
      (not necessarily used)

       20747

      Bandwidth:   1.00000005E-03


      Pinhole position (x,y,z) [m]:
         10.0000000       0.00000000       0.00000000    

      Numbers defining inner vert. and hori. edges (MMEDGEY,MMEDGEZ):            0           0
      Numbers defining outerer vert. and hori. edges (MEDGEY,MEDGEZ):            1           1
      Total number of vert. and hori. points:                    73          73
      Number of vert. and horiz. points inside pinhole:          71          71

      Vertical and horizontal grid size [m]:        2.85714286E-05   2.85714286E-05
      Vertical and horizontal size [m x m]:         2.00000009E-03   2.00000009E-03
      Total vert. and horiz. size [m x m]:          2.05714279E-03   2.05714279E-03

      Photon energy or wavelength and flux through pinhole:
      (for all sources and sum)

      1191.43994       6.39594534E+13   6.39594534E+13
      1191.59448       6.41331815E+13   6.41331815E+13
      1191.74902       6.42966125E+13   6.42966125E+13
      1191.90344       6.44491384E+13   6.44491384E+13
      1192.05798       6.45905116E+13   6.45905116E+13
      1192.21252       6.47208706E+13   6.47208706E+13
      1192.36694       6.48407689E+13   6.48407689E+13
      1192.52148       6.49511798E+13   6.49511798E+13
      1192.67603       6.50534747E+13   6.50534747E+13
      1192.83044       6.51494152E+13   6.51494152E+13
      1192.98499       6.52410943E+13   6.52410943E+13
      1193.13953       6.53308734E+13   6.53308734E+13
      1193.29395       6.54213235E+13   6.54213235E+13
      1193.44849       6.55151166E+13   6.55151166E+13
      1193.60303       6.56149368E+13   6.56149368E+13
      1193.75745       6.57233512E+13   6.57233512E+13
      1193.91199       6.58426959E+13   6.58426959E+13
      1194.06653       6.59749633E+13   6.59749633E+13
      1194.22095       6.61216423E+13   6.61216423E+13
      1194.37549       6.62836389E+13   6.62836389E+13
      1194.53003       6.64611167E+13   6.64611167E+13
      1194.68445       6.66534339E+13   6.66534339E+13
      1194.83899       6.68590177E+13   6.68590177E+13
      1194.99353       6.70753054E+13   6.70753054E+13
      1195.14795       6.72987066E+13   6.72987066E+13
      1195.30249       6.75245489E+13   6.75245489E+13
      1195.45703       6.77471029E+13   6.77471029E+13
      1195.61145       6.79595989E+13   6.79595989E+13
      1195.76599       6.81542733E+13   6.81542733E+13
      1195.92053       6.83224775E+13   6.83224775E+13
      1196.07495       6.84547658E+13   6.84547658E+13
      1196.22949       6.85410510E+13   6.85410510E+13
      1196.38403       6.85707719E+13   6.85707719E+13
      1196.53845       6.85330609E+13   6.85330609E+13
      1196.69299       6.84169709E+13   6.84169709E+13
      1196.84753       6.82116724E+13   6.82116724E+13
      1197.00195       6.79066961E+13   6.79066961E+13
      1197.15649       6.74921521E+13   6.74921521E+13
      1197.31104       6.69589722E+13   6.69589722E+13
      1197.46545       6.62991159E+13   6.62991159E+13
      1197.62000       6.55057884E+13   6.55057884E+13
      1197.77454       6.45736379E+13   6.45736379E+13
      1197.92896       6.34989188E+13   6.34989188E+13
      1198.08350       6.22796179E+13   6.22796179E+13
      1198.23804       6.09156009E+13   6.09156009E+13
      1198.39246       5.94086419E+13   5.94086419E+13
      1198.54700       5.77625077E+13   5.77625077E+13
      1198.70154       5.59829190E+13   5.59829190E+13
      1198.85596       5.40775264E+13   5.40775264E+13
      1199.01050       5.20558299E+13   5.20558299E+13
      1199.16504       4.99290703E+13   4.99290703E+13
      1199.31946       4.77100444E+13   4.77100444E+13
      1199.47400       4.54129541E+13   4.54129541E+13
      1199.62854       4.30531632E+13   4.30531632E+13
      1199.78296       4.06469707E+13   4.06469707E+13
      1199.93750       3.82113426E+13   3.82113426E+13
      1200.09204       3.57636390E+13   3.57636390E+13
      1200.24646       3.33213315E+13   3.33213315E+13
      1200.40100       3.09017130E+13   3.09017130E+13
      1200.55554       2.85216279E+13   2.85216279E+13
      1200.70996       2.61971908E+13   2.61971908E+13
      1200.86450       2.39435388E+13   2.39435388E+13
      1201.01904       2.17746034E+13   2.17746034E+13
      1201.17346       1.97028898E+13   1.97028898E+13
      1201.32800       1.77393201E+13   1.77393201E+13
      1201.48254       1.58930829E+13   1.58930829E+13
      1201.63696       1.41715288E+13   1.41715288E+13
      1201.79150       1.25801081E+13   1.25801081E+13
      1201.94604       1.11223431E+13   1.11223431E+13
      1202.10046       9.79984030E+12   9.79984030E+12
      1202.25500       8.61233899E+12   8.61233899E+12
      1202.40955       7.55779764E+12   7.55779764E+12
      1202.56396       6.63251164E+12   6.63251164E+12
      1202.71851       5.83126011E+12   5.83126011E+12
      1202.87305       5.14747846E+12   5.14747846E+12
      1203.02747       4.57344968E+12   4.57344968E+12
      1203.18201       4.10051281E+12   4.10051281E+12
      1203.33655       3.71928046E+12   3.71928046E+12
      1203.49097       3.41986011E+12   3.41986011E+12
      1203.64551       3.19207427E+12   3.19207427E+12
      1203.80005       3.02567837E+12   3.02567837E+12

      Estimated maximum:

         1196.37488       6.85708893E+13


      Flux density for selected point:

               1191.43994       7.76620467E+18   7.76620467E+18
               1191.59448       9.90315060E+18   9.90315060E+18
               1191.74902       1.21995642E+19   1.21995642E+19
               1191.90344       1.45874715E+19   1.45874715E+19
               1192.05798       1.69910479E+19   1.69910479E+19
               1192.21252       1.93290054E+19   1.93290054E+19
               1192.36694       2.15173568E+19   2.15173568E+19
               1192.52148       2.34724886E+19   2.34724886E+19
               1192.67603       2.51144267E+19   2.51144267E+19
               1192.83044       2.63702493E+19   2.63702493E+19
               1192.98499       2.71774755E+19   2.71774755E+19
               1193.13953       2.74873949E+19   2.74873949E+19
               1193.29395       2.72681457E+19   2.72681457E+19
               1193.44849       2.65074881E+19   2.65074881E+19
               1193.60303       2.52151463E+19   2.52151463E+19
               1193.75745       2.34246048E+19   2.34246048E+19
               1193.91199       2.11942917E+19   2.11942917E+19
               1194.06653       1.86080688E+19   1.86080688E+19
               1194.22095       1.57749748E+19   1.57749748E+19
               1194.37549       1.28281902E+19   1.28281902E+19
               1194.53003       9.92320789E+18   9.92320789E+18
               1194.68445       7.23521917E+18   7.23521917E+18
               1194.83899       4.95576444E+18   4.95576444E+18
               1194.99353       3.28869151E+18   3.28869151E+18
               1195.14795       2.44551095E+18   2.44551095E+18
               1195.30249       2.64025122E+18   2.64025122E+18
               1195.45703       4.08393336E+18   4.08393336E+18
               1195.61145       6.97880371E+18   6.97880371E+18
               1195.76599       1.15124728E+19   1.15124728E+19
               1195.92053       1.78521172E+19   1.78521172E+19
               1196.07495       2.61389054E+19   2.61389054E+19
               1196.22949       3.64828118E+19   3.64828118E+19
               1196.38403       4.89579630E+19   4.89579630E+19
               1196.53845       6.35986773E+19   6.35986773E+19
               1196.69299       8.03963078E+19   8.03963078E+19
               1196.84753       9.92970358E+19   9.92970358E+19
               1197.00195       1.20200617E+20   1.20200617E+20
               1197.15649       1.42960314E+20   1.42960314E+20
               1197.31104       1.67383810E+20   1.67383810E+20
               1197.46545       1.93235404E+20   1.93235404E+20
               1197.62000       2.20239128E+20   2.20239128E+20
               1197.77454       2.48083125E+20   2.48083125E+20
               1197.92896       2.76424770E+20   2.76424770E+20
               1198.08350       3.04896826E+20   3.04896826E+20
               1198.23804       3.33114306E+20   3.33114306E+20
               1198.39246       3.60681718E+20   3.60681718E+20
               1198.54700       3.87201130E+20   3.87201130E+20
               1198.70154       4.12279917E+20   4.12279917E+20
               1198.85596       4.35539003E+20   4.35539003E+20
               1199.01050       4.56620600E+20   4.56620600E+20
               1199.16504       4.75195872E+20   4.75195872E+20
               1199.31946       4.90971806E+20   4.90971806E+20
               1199.47400       5.03697430E+20   5.03697430E+20
               1199.62854       5.13169345E+20   5.13169345E+20
               1199.78296       5.19235940E+20   5.19235940E+20
               1199.93750       5.21800599E+20   5.21800599E+20
               1200.09204       5.20823986E+20   5.20823986E+20
               1200.24646       5.16324574E+20   5.16324574E+20
               1200.40100       5.08378253E+20   5.08378253E+20
               1200.55554       4.97116756E+20   4.97116756E+20
               1200.70996       4.82724413E+20   4.82724413E+20
               1200.86450       4.65434425E+20   4.65434425E+20
               1201.01904       4.45523554E+20   4.45523554E+20
               1201.17346       4.23306066E+20   4.23306066E+20
               1201.32800       3.99127295E+20   3.99127295E+20
               1201.48254       3.73355939E+20   3.73355939E+20
               1201.63696       3.46376632E+20   3.46376632E+20
               1201.79150       3.18581964E+20   3.18581964E+20
               1201.94604       2.90364379E+20   2.90364379E+20
               1202.10046       2.62108654E+20   2.62108654E+20
               1202.25500       2.34184383E+20   2.34184383E+20
               1202.40955       2.06939066E+20   2.06939066E+20
               1202.56396       1.80692034E+20   1.80692034E+20
               1202.71851       1.55729022E+20   1.55729022E+20
               1202.87305       1.32297716E+20   1.32297716E+20
               1203.02747       1.10604369E+20   1.10604369E+20
               1203.18201       9.08113921E+19   9.08113921E+19
               1203.33655       7.30360758E+19   7.30360758E+19
               1203.49097       5.73504473E+19   5.73504473E+19
               1203.64551       4.37820824E+19   4.37820824E+19
               1203.80005       3.23159969E+19   3.23159969E+19

      Estimated maximum:

         1199.97217       5.21889650E+20


      Power through pinhole [W]:
      (for all sources and sum)
       5.57107925       5.57107925    


      Power density at selected point [W/m**2]:

                1565498.38       1565498.38    




      Photon energy or wavelength and normalized components S0, S1/S0,
      S2/S0, S3/S0 of STOKES vector and polarization for pinhole:

       1.1914E+03  6.3959E+13  9.9885E-01 -4.2148E-09 -2.4463E-20  9.9885E-01
       1.1916E+03  6.4133E+13  9.9888E-01 -5.7497E-09  1.7891E-20  9.9888E-01
       1.1917E+03  6.4297E+13  9.9892E-01 -5.2162E-09  1.5528E-20  9.9892E-01
       1.1919E+03  6.4449E+13  9.9895E-01  6.5291E-10  8.0923E-22  9.9895E-01
       1.1921E+03  6.4591E+13  9.9898E-01  5.3689E-09 -8.0400E-20  9.9898E-01
       1.1922E+03  6.4721E+13  9.9901E-01  1.3611E-08  1.6807E-20  9.9901E-01
       1.1924E+03  6.4841E+13  9.9903E-01 -6.8445E-09  8.4915E-20  9.9903E-01
       1.1925E+03  6.4951E+13  9.9906E-01 -4.9694E-09 -9.5210E-21  9.9906E-01
       1.1927E+03  6.5053E+13  9.9909E-01  4.1072E-09  5.1395E-20  9.9909E-01
       1.1928E+03  6.5149E+13  9.9911E-01  7.8490E-09  7.2448E-20  9.9911E-01
       1.1930E+03  6.5241E+13  9.9914E-01 -5.8815E-09  7.4002E-20  9.9914E-01
       1.1931E+03  6.5331E+13  9.9916E-01 -8.1411E-10 -9.4200E-20  9.9916E-01
       1.1933E+03  6.5421E+13  9.9918E-01 -7.0741E-09 -5.2388E-20  9.9918E-01
       1.1934E+03  6.5515E+13  9.9921E-01 -1.0285E-08 -3.4572E-20  9.9921E-01
       1.1936E+03  6.5615E+13  9.9923E-01  1.1228E-09  1.9985E-20  9.9923E-01
       1.1938E+03  6.5723E+13  9.9925E-01  7.4848E-10 -5.6681E-21  9.9925E-01
       1.1939E+03  6.5843E+13  9.9927E-01 -1.0528E-09 -1.8105E-21  9.9927E-01
       1.1941E+03  6.5975E+13  9.9929E-01 -1.3436E-08  4.5624E-20  9.9929E-01
       1.1942E+03  6.6122E+13  9.9932E-01  4.8710E-09 -1.1268E-20  9.9932E-01
       1.1944E+03  6.6284E+13  9.9934E-01  3.1177E-09 -2.2931E-20  9.9934E-01
       1.1945E+03  6.6461E+13  9.9936E-01 -6.0686E-10  2.9147E-20  9.9936E-01
       1.1947E+03  6.6653E+13  9.9938E-01  2.1166E-09  1.6544E-20  9.9938E-01
       1.1948E+03  6.6859E+13  9.9940E-01 -2.0734E-09  1.8276E-20  9.9940E-01
       1.1950E+03  6.7075E+13  9.9942E-01 -6.7500E-09 -3.9988E-21  9.9942E-01
       1.1951E+03  6.7299E+13  9.9944E-01  4.0285E-09 -3.4541E-20  9.9944E-01
       1.1953E+03  6.7525E+13  9.9946E-01  4.5393E-09  3.9722E-21  9.9946E-01
       1.1955E+03  6.7747E+13  9.9948E-01  3.9911E-09  0.0000E+00  9.9948E-01
       1.1956E+03  6.7960E+13  9.9950E-01 -3.4717E-09 -3.0039E-20  9.9950E-01
       1.1958E+03  6.8154E+13  9.9952E-01 -2.1984E-09 -2.8204E-20  9.9952E-01
       1.1959E+03  6.8322E+13  9.9953E-01  2.9763E-09  4.0130E-20  9.9953E-01
       1.1961E+03  6.8455E+13  9.9955E-01 -3.7218E-09 -7.6188E-21  9.9955E-01
       1.1962E+03  6.8541E+13  9.9957E-01  1.8752E-09 -2.6741E-20  9.9957E-01
       1.1964E+03  6.8571E+13  9.9958E-01  3.9989E-10 -2.2926E-20  9.9958E-01
       1.1965E+03  6.8533E+13  9.9959E-01 -5.5354E-09  6.5881E-20  9.9959E-01
       1.1967E+03  6.8417E+13  9.9960E-01  1.1490E-08  1.2415E-20  9.9960E-01
       1.1968E+03  6.8212E+13  9.9961E-01  7.0315E-09  1.5292E-20  9.9961E-01
       1.1970E+03  6.7907E+13  9.9962E-01 -2.9031E-09  3.5110E-21  9.9962E-01
       1.1972E+03  6.7492E+13  9.9963E-01  2.6330E-09 -5.5196E-22  9.9963E-01
       1.1973E+03  6.6959E+13  9.9964E-01 -1.9782E-09 -1.0793E-20  9.9964E-01
       1.1975E+03  6.6299E+13  9.9964E-01 -8.0603E-10  6.2932E-21  9.9964E-01
       1.1976E+03  6.5506E+13  9.9965E-01 -4.4877E-09 -2.5705E-20  9.9965E-01
       1.1978E+03  6.4574E+13  9.9965E-01 -1.6620E-10  3.2999E-20  9.9965E-01
       1.1979E+03  6.3499E+13  9.9965E-01  1.5005E-08  2.3936E-20  9.9965E-01
       1.1981E+03  6.2280E+13  9.9965E-01  5.4109E-11  1.6509E-20  9.9965E-01
       1.1982E+03  6.0916E+13  9.9965E-01 -4.7061E-09  5.3816E-21  9.9965E-01
       1.1984E+03  5.9409E+13  9.9965E-01  3.6555E-09 -2.2073E-20  9.9965E-01
       1.1985E+03  5.7763E+13  9.9965E-01 -7.9357E-09  3.0441E-20  9.9965E-01
       1.1987E+03  5.5983E+13  9.9965E-01  7.8940E-09  1.2776E-20  9.9965E-01
       1.1989E+03  5.4078E+13  9.9964E-01  3.2399E-09 -1.9289E-20  9.9964E-01
       1.1990E+03  5.2056E+13  9.9964E-01  5.7948E-09 -4.0075E-21  9.9964E-01
       1.1992E+03  4.9929E+13  9.9963E-01  1.7442E-09  2.2085E-20  9.9963E-01
       1.1993E+03  4.7710E+13  9.9962E-01 -6.4304E-10 -6.8712E-21  9.9962E-01
       1.1995E+03  4.5413E+13  9.9961E-01  5.3398E-09  2.2969E-20  9.9961E-01
       1.1996E+03  4.3053E+13  9.9960E-01  7.2604E-09  6.9222E-21  9.9960E-01
       1.1998E+03  4.0647E+13  9.9959E-01  4.2693E-09  1.8330E-20  9.9959E-01
       1.1999E+03  3.8211E+13  9.9957E-01 -6.4701E-09 -1.5989E-20  9.9957E-01
       1.2001E+03  3.5764E+13  9.9955E-01  5.4022E-09  1.7916E-20  9.9955E-01
       1.2002E+03  3.3321E+13  9.9952E-01  7.0068E-09 -8.9439E-22  9.9952E-01
       1.2004E+03  3.0902E+13  9.9949E-01  1.2577E-08 -1.8806E-20  9.9949E-01
       1.2006E+03  2.8522E+13  9.9946E-01 -4.7616E-09  1.5151E-20  9.9946E-01
       1.2007E+03  2.6197E+13  9.9942E-01  2.2976E-09  2.1615E-20  9.9942E-01
       1.2009E+03  2.3944E+13  9.9937E-01  9.3883E-09  6.8458E-21  9.9937E-01
       1.2010E+03  2.1775E+13  9.9932E-01 -1.8509E-09  1.8477E-20  9.9932E-01
       1.2012E+03  1.9703E+13  9.9925E-01 -1.1372E-08 -1.1344E-20  9.9925E-01
       1.2013E+03  1.7739E+13  9.9917E-01 -3.1767E-09 -8.4001E-22  9.9917E-01
       1.2015E+03  1.5893E+13  9.9908E-01  1.1847E-09  1.6877E-20  9.9908E-01
       1.2016E+03  1.4172E+13  9.9898E-01  9.4230E-09 -6.3089E-21  9.9898E-01
       1.2018E+03  1.2580E+13  9.9885E-01  1.1074E-08 -8.2915E-21  9.9885E-01
       1.2019E+03  1.1122E+13  9.9870E-01 -7.4165E-10  1.3398E-20  9.9870E-01
       1.2021E+03  9.7998E+12  9.9853E-01  1.1645E-08 -7.7548E-20  9.9853E-01
       1.2023E+03  8.6123E+12  9.9833E-01  1.2110E-08  5.1906E-20  9.9833E-01
       1.2024E+03  7.5578E+12  9.9810E-01 -2.8021E-09 -3.5489E-20  9.9810E-01
       1.2026E+03  6.6325E+12  9.9785E-01  1.2063E-09 -1.3480E-20  9.9785E-01
       1.2027E+03  5.8313E+12  9.9756E-01  5.9675E-09 -1.5332E-20  9.9756E-01
       1.2029E+03  5.1475E+12  9.9725E-01  6.5092E-09  4.0528E-20  9.9725E-01
       1.2030E+03  4.5734E+12  9.9693E-01 -1.4182E-09  6.5164E-21  9.9693E-01
       1.2032E+03  4.1005E+12  9.9660E-01  7.0924E-09 -5.0876E-20  9.9660E-01
       1.2033E+03  3.7193E+12  9.9629E-01 -4.8575E-09 -6.4103E-20  9.9629E-01
       1.2035E+03  3.4199E+12  9.9600E-01 -6.8219E-09 -1.7429E-20  9.9600E-01
       1.2036E+03  3.1921E+12  9.9576E-01 -5.0741E-09  6.5354E-20  9.9576E-01
       1.2038E+03  3.0257E+12  9.9558E-01 -2.8027E-09  1.9700E-19  9.9558E-01


      Photon energy [eV] or wavelength [nm] for selected point
      of pinhole, S0, S1/S0, S2/S0, S3/S0, P of
      STOKES vector per unit area [m**2]:


           Observation point (x,y,z) [m]:
              10.0000000       0.00000000       0.00000000    

       1.1914E+03  7.7662E+18  1.0000E+00  0.0000E+00  0.0000E+00  1.0000E+00
       1.1916E+03  9.9032E+18  1.0000E+00  0.0000E+00  0.0000E+00  1.0000E+00
       1.1917E+03  1.2200E+19  1.0000E+00  0.0000E+00  0.0000E+00  1.0000E+00
       1.1919E+03  1.4587E+19  1.0000E+00  0.0000E+00  0.0000E+00  1.0000E+00
       1.1921E+03  1.6991E+19  1.0000E+00  0.0000E+00  0.0000E+00  1.0000E+00
       1.1922E+03  1.9329E+19  1.0000E+00  0.0000E+00  0.0000E+00  1.0000E+00
       1.1924E+03  2.1517E+19  1.0000E+00  0.0000E+00  0.0000E+00  1.0000E+00
       1.1925E+03  2.3472E+19  1.0000E+00  0.0000E+00  0.0000E+00  1.0000E+00
       1.1927E+03  2.5114E+19  1.0000E+00  0.0000E+00  0.0000E+00  1.0000E+00
       1.1928E+03  2.6370E+19  1.0000E+00  0.0000E+00  0.0000E+00  1.0000E+00
       1.1930E+03  2.7177E+19  1.0000E+00  0.0000E+00  0.0000E+00  1.0000E+00
       1.1931E+03  2.7487E+19  1.0000E+00  0.0000E+00  0.0000E+00  1.0000E+00
       1.1933E+03  2.7268E+19  1.0000E+00  0.0000E+00  0.0000E+00  1.0000E+00
       1.1934E+03  2.6507E+19  1.0000E+00  0.0000E+00  0.0000E+00  1.0000E+00
       1.1936E+03  2.5215E+19  1.0000E+00  0.0000E+00  0.0000E+00  1.0000E+00
       1.1938E+03  2.3425E+19  1.0000E+00  0.0000E+00  0.0000E+00  1.0000E+00
       1.1939E+03  2.1194E+19  1.0000E+00  0.0000E+00  0.0000E+00  1.0000E+00
       1.1941E+03  1.8608E+19  1.0000E+00  0.0000E+00  0.0000E+00  1.0000E+00
       1.1942E+03  1.5775E+19  1.0000E+00  0.0000E+00  0.0000E+00  1.0000E+00
       1.1944E+03  1.2828E+19  1.0000E+00  0.0000E+00  0.0000E+00  1.0000E+00
       1.1945E+03  9.9232E+18  1.0000E+00  0.0000E+00  0.0000E+00  1.0000E+00
       1.1947E+03  7.2352E+18  1.0000E+00  0.0000E+00  0.0000E+00  1.0000E+00
       1.1948E+03  4.9558E+18  1.0000E+00  0.0000E+00  0.0000E+00  1.0000E+00
       1.1950E+03  3.2887E+18  1.0000E+00  0.0000E+00  0.0000E+00  1.0000E+00
       1.1951E+03  2.4455E+18  1.0000E+00  0.0000E+00  0.0000E+00  1.0000E+00
       1.1953E+03  2.6403E+18  1.0000E+00  0.0000E+00  0.0000E+00  1.0000E+00
       1.1955E+03  4.0839E+18  1.0000E+00  0.0000E+00  0.0000E+00  1.0000E+00
       1.1956E+03  6.9788E+18  1.0000E+00  0.0000E+00  0.0000E+00  1.0000E+00
       1.1958E+03  1.1512E+19  1.0000E+00  0.0000E+00  0.0000E+00  1.0000E+00
       1.1959E+03  1.7852E+19  1.0000E+00  0.0000E+00  0.0000E+00  1.0000E+00
       1.1961E+03  2.6139E+19  1.0000E+00  0.0000E+00  0.0000E+00  1.0000E+00
       1.1962E+03  3.6483E+19  1.0000E+00  0.0000E+00  0.0000E+00  1.0000E+00
       1.1964E+03  4.8958E+19  1.0000E+00  0.0000E+00  0.0000E+00  1.0000E+00
       1.1965E+03  6.3599E+19  1.0000E+00  0.0000E+00  0.0000E+00  1.0000E+00
       1.1967E+03  8.0396E+19  1.0000E+00  0.0000E+00  0.0000E+00  1.0000E+00
       1.1968E+03  9.9297E+19  1.0000E+00  0.0000E+00  0.0000E+00  1.0000E+00
       1.1970E+03  1.2020E+20  1.0000E+00  0.0000E+00  0.0000E+00  1.0000E+00
       1.1972E+03  1.4296E+20  1.0000E+00  0.0000E+00  0.0000E+00  1.0000E+00
       1.1973E+03  1.6738E+20  1.0000E+00  0.0000E+00  0.0000E+00  1.0000E+00
       1.1975E+03  1.9324E+20  1.0000E+00  0.0000E+00  0.0000E+00  1.0000E+00
       1.1976E+03  2.2024E+20  1.0000E+00  0.0000E+00  0.0000E+00  1.0000E+00
       1.1978E+03  2.4808E+20  1.0000E+00  0.0000E+00  0.0000E+00  1.0000E+00
       1.1979E+03  2.7642E+20  1.0000E+00  0.0000E+00  0.0000E+00  1.0000E+00
       1.1981E+03  3.0490E+20  1.0000E+00  0.0000E+00  0.0000E+00  1.0000E+00
       1.1982E+03  3.3311E+20  1.0000E+00  0.0000E+00  0.0000E+00  1.0000E+00
       1.1984E+03  3.6068E+20  1.0000E+00  0.0000E+00  0.0000E+00  1.0000E+00
       1.1985E+03  3.8720E+20  1.0000E+00  0.0000E+00  0.0000E+00  1.0000E+00
       1.1987E+03  4.1228E+20  1.0000E+00  0.0000E+00  0.0000E+00  1.0000E+00
       1.1989E+03  4.3554E+20  1.0000E+00  0.0000E+00  0.0000E+00  1.0000E+00
       1.1990E+03  4.5662E+20  1.0000E+00  0.0000E+00  0.0000E+00  1.0000E+00
       1.1992E+03  4.7520E+20  1.0000E+00  0.0000E+00  0.0000E+00  1.0000E+00
       1.1993E+03  4.9097E+20  1.0000E+00  0.0000E+00  0.0000E+00  1.0000E+00
       1.1995E+03  5.0370E+20  1.0000E+00  0.0000E+00  0.0000E+00  1.0000E+00
       1.1996E+03  5.1317E+20  1.0000E+00  0.0000E+00  0.0000E+00  1.0000E+00
       1.1998E+03  5.1924E+20  1.0000E+00  0.0000E+00  0.0000E+00  1.0000E+00
       1.1999E+03  5.2180E+20  1.0000E+00  0.0000E+00  0.0000E+00  1.0000E+00
       1.2001E+03  5.2082E+20  1.0000E+00  0.0000E+00  0.0000E+00  1.0000E+00
       1.2002E+03  5.1632E+20  1.0000E+00  0.0000E+00  0.0000E+00  1.0000E+00
       1.2004E+03  5.0838E+20  1.0000E+00  0.0000E+00  0.0000E+00  1.0000E+00
       1.2006E+03  4.9712E+20  1.0000E+00  0.0000E+00  0.0000E+00  1.0000E+00
       1.2007E+03  4.8272E+20  1.0000E+00  0.0000E+00  0.0000E+00  1.0000E+00
       1.2009E+03  4.6543E+20  1.0000E+00  0.0000E+00  0.0000E+00  1.0000E+00
       1.2010E+03  4.4552E+20  1.0000E+00  0.0000E+00  0.0000E+00  1.0000E+00
       1.2012E+03  4.2331E+20  1.0000E+00  0.0000E+00  0.0000E+00  1.0000E+00
       1.2013E+03  3.9913E+20  1.0000E+00  0.0000E+00  0.0000E+00  1.0000E+00
       1.2015E+03  3.7336E+20  1.0000E+00  0.0000E+00  0.0000E+00  1.0000E+00
       1.2016E+03  3.4638E+20  1.0000E+00  0.0000E+00  0.0000E+00  1.0000E+00
       1.2018E+03  3.1858E+20  1.0000E+00  0.0000E+00  0.0000E+00  1.0000E+00
       1.2019E+03  2.9036E+20  1.0000E+00  0.0000E+00  0.0000E+00  1.0000E+00
       1.2021E+03  2.6211E+20  1.0000E+00  0.0000E+00  0.0000E+00  1.0000E+00
       1.2023E+03  2.3418E+20  1.0000E+00  0.0000E+00  0.0000E+00  1.0000E+00
       1.2024E+03  2.0694E+20  1.0000E+00  0.0000E+00  0.0000E+00  1.0000E+00
       1.2026E+03  1.8069E+20  1.0000E+00  0.0000E+00  0.0000E+00  1.0000E+00
       1.2027E+03  1.5573E+20  1.0000E+00  0.0000E+00  0.0000E+00  1.0000E+00
       1.2029E+03  1.3230E+20  1.0000E+00  0.0000E+00  0.0000E+00  1.0000E+00
       1.2030E+03  1.1060E+20  1.0000E+00  0.0000E+00  0.0000E+00  1.0000E+00
       1.2032E+03  9.0811E+19  1.0000E+00  0.0000E+00  0.0000E+00  1.0000E+00
       1.2033E+03  7.3036E+19  1.0000E+00  0.0000E+00  0.0000E+00  1.0000E+00
       1.2035E+03  5.7350E+19  1.0000E+00  0.0000E+00  0.0000E+00  1.0000E+00
       1.2036E+03  4.3782E+19  1.0000E+00  0.0000E+00  0.0000E+00  1.0000E+00
       1.2038E+03  3.2316E+19  1.0000E+00  0.0000E+00  0.0000E+00  1.0000E+00

       Total absolut maxima found for Stokes-V. (z,y,Eph,fluxdens.)

        0.0000E+00  0.0000E+00  1.1999E+03  5.2180E+20
        0.0000E+00  0.0000E+00  1.1999E+03  5.2180E+20
        2.2857E-04  2.0000E-04  1.1914E+03  2.2206E+19
       -2.2857E-04 -2.2857E-04  1.1914E+03  3.4860E+18


       Estimated maxima of s0, s1, s2 ,s3 for selected point:
          1199.97217       5.21889650E+20
          1199.97217       5.21889650E+20
          0.00000000       0.00000000    
          0.00000000       0.00000000    


       Estimated maximum of s3*s3/s0 for selected point:
          0.00000000       0.00000000    


       Estimated maxima of fluxes s0, s1, s2 ,s3:
          1196.37488       6.85708893E+13
          1196.37695       6.85419654E+13
          1197.92871       952775.750    
          1193.11279       6.21468826E-06


       Estimated maxima of fluxes s3*s3/s0:
          1193.11743       5.86066756E-25



      Brilliance calculations:
      (only meaningful for undulators)

      sigr=sqrt(2*lambda*L)/2/pi*sigrc and 
      sigrp=sqrt(lambda/2/L)*sigrpc

       sigrc,sigrpc:   1.0000000000000000        1.0000000000000000     

      make sure that the device length agrees to the length
      of the trajectory
      (for rec-fields rangrec and rangpm are substracted by program)

      Observation point:

         10.0000000       0.00000000       0.00000000    

      considered device length [m]:   4.14960003    


      Brilliance [photons/sec/BW/mm**2/mrad**2]

          1191.4        0.56500E+18    0.56500E+18     0.0000         0.0000    
          1191.6        0.72056E+18    0.72056E+18     0.0000         0.0000    
          1191.7        0.88777E+18    0.88777E+18     0.0000         0.0000    
          1191.9        0.10617E+19    0.10617E+19     0.0000         0.0000    
          1192.1        0.12368E+19    0.12368E+19     0.0000         0.0000    
          1192.2        0.14071E+19    0.14071E+19     0.0000         0.0000    
          1192.4        0.15666E+19    0.15666E+19     0.0000         0.0000    
          1192.5        0.17092E+19    0.17092E+19     0.0000         0.0000    
          1192.7        0.18290E+19    0.18290E+19     0.0000         0.0000    
          1192.8        0.19207E+19    0.19207E+19     0.0000         0.0000    
          1193.0        0.19798E+19    0.19798E+19     0.0000         0.0000    
          1193.1        0.20026E+19    0.20026E+19     0.0000         0.0000    
          1193.3        0.19869E+19    0.19869E+19     0.0000         0.0000    
          1193.4        0.19317E+19    0.19317E+19     0.0000         0.0000    
          1193.6        0.18378E+19    0.18378E+19     0.0000         0.0000    
          1193.8        0.17075E+19    0.17075E+19     0.0000         0.0000    
          1193.9        0.15451E+19    0.15451E+19     0.0000         0.0000    
          1194.1        0.13568E+19    0.13568E+19     0.0000         0.0000    
          1194.2        0.11503E+19    0.11503E+19     0.0000         0.0000    
          1194.4        0.93557E+18    0.93557E+18     0.0000         0.0000    
          1194.5        0.72380E+18    0.72380E+18     0.0000         0.0000    
          1194.7        0.52781E+18    0.52781E+18     0.0000         0.0000    
          1194.8        0.36157E+18    0.36157E+18     0.0000         0.0000    
          1195.0        0.23997E+18    0.23997E+18     0.0000         0.0000    
          1195.1        0.17847E+18    0.17847E+18     0.0000         0.0000    
          1195.3        0.19271E+18    0.19271E+18     0.0000         0.0000    
          1195.5        0.29811E+18    0.29811E+18     0.0000         0.0000    
          1195.6        0.50950E+18    0.50950E+18     0.0000         0.0000    
          1195.8        0.84059E+18    0.84059E+18     0.0000         0.0000    
          1195.9        0.13037E+19    0.13037E+19     0.0000         0.0000    
          1196.1        0.19090E+19    0.19090E+19     0.0000         0.0000    
          1196.2        0.26649E+19    0.26649E+19     0.0000         0.0000    
          1196.4        0.35765E+19    0.35765E+19     0.0000         0.0000    
          1196.5        0.46467E+19    0.46467E+19     0.0000         0.0000    
          1196.7        0.58747E+19    0.58747E+19     0.0000         0.0000    
          1196.8        0.72568E+19    0.72568E+19     0.0000         0.0000    
          1197.0        0.87856E+19    0.87856E+19     0.0000         0.0000    
          1197.2        0.10450E+20    0.10450E+20     0.0000         0.0000    
          1197.3        0.12237E+20    0.12237E+20     0.0000         0.0000    
          1197.5        0.14129E+20    0.14129E+20     0.0000         0.0000    
          1197.6        0.16106E+20    0.16106E+20     0.0000         0.0000    
          1197.8        0.18144E+20    0.18144E+20     0.0000         0.0000    
          1197.9        0.20220E+20    0.20220E+20     0.0000         0.0000    
          1198.1        0.22305E+20    0.22305E+20     0.0000         0.0000    
          1198.2        0.24373E+20    0.24373E+20     0.0000         0.0000    
          1198.4        0.26393E+20    0.26393E+20     0.0000         0.0000    
          1198.5        0.28338E+20    0.28338E+20     0.0000         0.0000    
          1198.7        0.30177E+20    0.30177E+20     0.0000         0.0000    
          1198.9        0.31883E+20    0.31883E+20     0.0000         0.0000    
          1199.0        0.33431E+20    0.33431E+20     0.0000         0.0000    
          1199.2        0.34795E+20    0.34795E+20     0.0000         0.0000    
          1199.3        0.35955E+20    0.35955E+20     0.0000         0.0000    
          1199.5        0.36892E+20    0.36892E+20     0.0000         0.0000    
          1199.6        0.37590E+20    0.37590E+20     0.0000         0.0000    
          1199.8        0.38040E+20    0.38040E+20     0.0000         0.0000    
          1199.9        0.38233E+20    0.38233E+20     0.0000         0.0000    
          1200.1        0.38166E+20    0.38166E+20     0.0000         0.0000    
          1200.2        0.37841E+20    0.37841E+20     0.0000         0.0000    
          1200.4        0.37264E+20    0.37263E+20     0.0000         0.0000    
          1200.6        0.36443E+20    0.36443E+20     0.0000         0.0000    
          1200.7        0.35392E+20    0.35392E+20     0.0000         0.0000    
          1200.9        0.34129E+20    0.34129E+20     0.0000         0.0000    
          1201.0        0.32673E+20    0.32673E+20     0.0000         0.0000    
          1201.2        0.31048E+20    0.31048E+20     0.0000         0.0000    
          1201.3        0.29278E+20    0.29278E+20     0.0000         0.0000    
          1201.5        0.27391E+20    0.27391E+20     0.0000         0.0000    
          1201.6        0.25415E+20    0.25415E+20     0.0000         0.0000    
          1201.8        0.23379E+20    0.23379E+20     0.0000         0.0000    
          1201.9        0.21311E+20    0.21311E+20     0.0000         0.0000    
          1202.1        0.19239E+20    0.19239E+20     0.0000         0.0000    
          1202.3        0.17192E+20    0.17192E+20     0.0000         0.0000    
          1202.4        0.15194E+20    0.15194E+20     0.0000         0.0000    
          1202.6        0.13268E+20    0.13268E+20     0.0000         0.0000    
          1202.7        0.11437E+20    0.11437E+20     0.0000         0.0000    
          1202.9        0.97172E+19    0.97172E+19     0.0000         0.0000    
          1203.0        0.81249E+19    0.81249E+19     0.0000         0.0000    
          1203.2        0.66718E+19    0.66718E+19     0.0000         0.0000    
          1203.3        0.53665E+19    0.53665E+19     0.0000         0.0000    
          1203.5        0.42145E+19    0.42145E+19     0.0000         0.0000    
          1203.6        0.32178E+19    0.32178E+19     0.0000         0.0000    
          1203.8        0.23754E+19    0.23754E+19     0.0000         0.0000    


      estimated brilliance maxima, flux and flux-density of S0, S1, S2, S3:

          1200.0        0.38240E+20    0.40825E+14    0.52189E+17
          1200.0        0.38240E+20    0.40825E+14    0.52189E+17
          0.0000         0.0000         0.0000         0.0000    
          0.0000         0.0000         0.0000         0.0000    

      estimated brilliance maximum of S3*S3/S0:

          0.0000         0.0000    

      ---> flag IFOLD is not set, emittance effects are estimated
      from horizontal beam size [mm] and divergence [mrad]: 
         2.16000000E-04   2.47999997E-05
      vertical beam size [mm] and divergence [mrad]: 
         1.87000005E-05   4.29000011E-06


      Brilliance [photons/sec/BW/mm**2/mrad**2] with emittance

          1191.4        0.92016E+16    0.92016E+16     0.0000         0.0000    
          1191.6        0.11733E+17    0.11733E+17     0.0000         0.0000    
          1191.7        0.14453E+17    0.14453E+17     0.0000         0.0000    
          1191.9        0.17282E+17    0.17282E+17     0.0000         0.0000    
          1192.1        0.20128E+17    0.20128E+17     0.0000         0.0000    
          1192.2        0.22897E+17    0.22897E+17     0.0000         0.0000    
          1192.4        0.25489E+17    0.25489E+17     0.0000         0.0000    
          1192.5        0.27804E+17    0.27804E+17     0.0000         0.0000    
          1192.7        0.29747E+17    0.29747E+17     0.0000         0.0000    
          1192.8        0.31234E+17    0.31234E+17     0.0000         0.0000    
          1193.0        0.32189E+17    0.32189E+17     0.0000         0.0000    
          1193.1        0.32555E+17    0.32555E+17     0.0000         0.0000    
          1193.3        0.32294E+17    0.32294E+17     0.0000         0.0000    
          1193.4        0.31392E+17    0.31392E+17     0.0000         0.0000    
          1193.6        0.29860E+17    0.29860E+17     0.0000         0.0000    
          1193.8        0.27739E+17    0.27739E+17     0.0000         0.0000    
          1193.9        0.25097E+17    0.25097E+17     0.0000         0.0000    
          1194.1        0.22033E+17    0.22033E+17     0.0000         0.0000    
          1194.2        0.18678E+17    0.18678E+17     0.0000         0.0000    
          1194.4        0.15188E+17    0.15189E+17     0.0000         0.0000    
          1194.5        0.11749E+17    0.11749E+17     0.0000         0.0000    
          1194.7        0.85658E+16    0.85658E+16     0.0000         0.0000    
          1194.8        0.58669E+16    0.58669E+16     0.0000         0.0000    
          1195.0        0.38932E+16    0.38932E+16     0.0000         0.0000    
          1195.1        0.28949E+16    0.28949E+16     0.0000         0.0000    
          1195.3        0.31253E+16    0.31253E+16     0.0000         0.0000    
          1195.5        0.48341E+16    0.48341E+16     0.0000         0.0000    
          1195.6        0.82604E+16    0.82604E+16     0.0000         0.0000    
          1195.8        0.13626E+17    0.13626E+17     0.0000         0.0000    
          1195.9        0.21129E+17    0.21129E+17     0.0000         0.0000    
          1196.1        0.30936E+17    0.30936E+17     0.0000         0.0000    
          1196.2        0.43176E+17    0.43176E+17     0.0000         0.0000    
          1196.4        0.57938E+17    0.57938E+17     0.0000         0.0000    
          1196.5        0.75262E+17    0.75262E+17     0.0000         0.0000    
          1196.7        0.95136E+17    0.95136E+17     0.0000         0.0000    
          1196.8        0.11750E+18    0.11750E+18     0.0000         0.0000    
          1197.0        0.14223E+18    0.14223E+18     0.0000         0.0000    
          1197.2        0.16915E+18    0.16915E+18     0.0000         0.0000    
          1197.3        0.19804E+18    0.19804E+18     0.0000         0.0000    
          1197.5        0.22862E+18    0.22862E+18     0.0000         0.0000    
          1197.6        0.26056E+18    0.26056E+18     0.0000         0.0000    
          1197.8        0.29349E+18    0.29349E+18     0.0000         0.0000    
          1197.9        0.32701E+18    0.32701E+18     0.0000         0.0000    
          1198.1        0.36068E+18    0.36068E+18     0.0000         0.0000    
          1198.2        0.39404E+18    0.39404E+18     0.0000         0.0000    
          1198.4        0.42664E+18    0.42664E+18     0.0000         0.0000    
          1198.5        0.45799E+18    0.45799E+18     0.0000         0.0000    
          1198.7        0.48763E+18    0.48763E+18     0.0000         0.0000    
          1198.9        0.51512E+18    0.51512E+18     0.0000         0.0000    
          1199.0        0.54004E+18    0.54004E+18     0.0000         0.0000    
          1199.2        0.56199E+18    0.56199E+18     0.0000         0.0000    
          1199.3        0.58062E+18    0.58062E+18     0.0000         0.0000    
          1199.5        0.59565E+18    0.59565E+18     0.0000         0.0000    
          1199.6        0.60683E+18    0.60683E+18     0.0000         0.0000    
          1199.8        0.61398E+18    0.61398E+18     0.0000         0.0000    
          1199.9        0.61699E+18    0.61699E+18     0.0000         0.0000    
          1200.1        0.61581E+18    0.61581E+18     0.0000         0.0000    
          1200.2        0.61047E+18    0.61047E+18     0.0000         0.0000    
          1200.4        0.60105E+18    0.60105E+18     0.0000         0.0000    
          1200.6        0.58772E+18    0.58772E+18     0.0000         0.0000    
          1200.7        0.57068E+18    0.57068E+18     0.0000         0.0000    
          1200.9        0.55022E+18    0.55022E+18     0.0000         0.0000    
          1201.0        0.52666E+18    0.52666E+18     0.0000         0.0000    
          1201.2        0.50038E+18    0.50038E+18     0.0000         0.0000    
          1201.3        0.47178E+18    0.47178E+18     0.0000         0.0000    
          1201.5        0.44130E+18    0.44130E+18     0.0000         0.0000    
          1201.6        0.40940E+18    0.40940E+18     0.0000         0.0000    
          1201.8        0.37653E+18    0.37653E+18     0.0000         0.0000    
          1201.9        0.34317E+18    0.34317E+18     0.0000         0.0000    
          1202.1        0.30976E+18    0.30976E+18     0.0000         0.0000    
          1202.3        0.27675E+18    0.27675E+18     0.0000         0.0000    
          1202.4        0.24455E+18    0.24455E+18     0.0000         0.0000    
          1202.6        0.21352E+18    0.21352E+18     0.0000         0.0000    
          1202.7        0.18402E+18    0.18402E+18     0.0000         0.0000    
          1202.9        0.15632E+18    0.15632E+18     0.0000         0.0000    
          1203.0        0.13068E+18    0.13068E+18     0.0000         0.0000    
          1203.2        0.10729E+18    0.10729E+18     0.0000         0.0000    
          1203.3        0.86290E+17    0.86290E+17     0.0000         0.0000    
          1203.5        0.67755E+17    0.67755E+17     0.0000         0.0000    
          1203.6        0.51723E+17    0.51723E+17     0.0000         0.0000    
          1203.8        0.38176E+17    0.38176E+17     0.0000         0.0000    


      estimated brilliance maxima, flux and flux-density of S0, S1, S2, S3
      with emittance:

          1200.0        0.61709E+18    0.40825E+14    0.19987E+17
          1200.0        0.61709E+18    0.40825E+14    0.19987E+17
          0.0000         0.0000         0.0000         0.0000    
          0.0000         0.0000         0.0000         0.0000    

      estimated brilliance maximum of S3*S3/S0 with emittance:

          0.0000         0.0000    

      corresponding sigmas of source size [mm]
      and divergence [mrad] without and with emittance
      (including corr. factors sigrc,sigrpc):

      L/mm, lambda/mm:    4149.60010       1.03324226E-06
      without emit.:    1.47380261E-02   1.11579131E-02
         with emit.:    7.17972293E-02   1.80302057E-02
         (sigrf**2 = sigrxf*sigryf)


      LAST CHECK:

           BMAXGL:  0.19989796543678567     

           XBMAXGL:  0.61750000005033334     
           YBMAXGL:   0.0000000000000000     
           ZBMAXGL:  -2.1513801593410756E-006


      CURRENT NUMBER:         329


                     --- Program WAVE completed ---



                                                   13:36:45 29.01.16

