
                                                   23:12:34 31.01.16


           *********************************************
           *          PROGRAM WAVE                     *
           *                                           *
           *          VERSION 3.03/01 13.11.2015       *
           *                                           *
           *          Michael Scheer                   *
           *              BESSY                        *
           *********************************************

      USER COMMENT:

      U49 Peter Baumgaertel                                            

      CURRENT NUMBER:          13


      USER NAMELIST:



      MODE FLAGS:

      IUNDULATOR,IWIGGLER:            1           0



      CONTROL FLAGS:


      IUNAME,IUSTEP,IUOUT:            0           0           0
      IOPTIC,IGENFUN:                 0           0
      IMAGSPLN:                   -9999
      IEMIT,IEMIAHW:                  0           0
      IWLSOPT,IBEAMPOL:               0           0
      IENELOSS, IEFIELD:             -1           0
      IPOWER,ISPEC:                   0           1
      IVELOFIELD,ISPECMODE:           0           3
         IWFILL0,IRFILL0:                      0           0
         ISPECINT,IPIN:                        0           1
         IUSEM,ISTOKES:                        0           1
         IBRILL:                               1
         IPINCIRC,IRPHI:                       0           0
         IFOLD,ISIGUSR:                        0           1
         IF1DIM,IPOLA:                         0           0
         IWFILSP0,IWFILSPF:                    0           0
         IRFILSP0,IRFILSTO:                    0           0
         IWFILSTO,IWFLSTOF:                    0           0
         ISPECANA,ISPECANAF:                   0           0
         IAMPLI,IAMPSKIP:                      0           0
         IWFILFL0,IWFILFLF:                    0           0
         IWFILS,IWFILSF:                       0           0
         IWFILSE,IWFILSEF:                     0           0
         IWFILB,IWFILBF:                       0           0
         IWFILBE,IWFILBEF:                     0           0
         IWFILINT,IPINALL:                     0           0
         IRFILOB,IFILTER:                      0           0
         IWFILRAY,IDESYNC:                     1           0
         IPHASE,IPHASEANA:                     0           0
         IDOSE,IEFOLD:                         0           0
         ISPECDIP,IBL0CUT:                     0           0
         IEFFI,IFILMUL:                        0           0
         IBUNCH:                               0
      IWFILF:                         0


      MAGNETIC FIELD FLAGS:



      ICHARGE,IBMASK,JBMASK:          -1           0           0
      IBSUPER,IBERROR:                 1           0
      ICUTFIBO:                        1

      IPERIODG,IBSYM:                 0           0
      IBSYMY,IBSYMZ:                  0           0
      KBEXTERN,KBFELD:                0           0
      KHALBA,KHALBASY:                0           0
      KUCROSS,IRFILP:                 0           0
      KMAGSEQ,IMGSQF:                 0           0
             KMAGCOR:                 1
      IRFILF,IRBTAB:                  0           0
      IRBTABZY,KELLIP:                0           1
      KBPOLYH,KBPOLY3D:               0           0
      KBREC,KELLANA:                  0           0
      KBPOLYMAG,KBGENESIS:            0           0
      KBAMWLS:                        0



      HISTOGRAM FLAGS:

      IHBOOK,IHINDEX:                 1           0


      OTHER OPTIONS:


      IWBTAB,IWFILT0:                 0           0
      IWSECTMAGS:                     0
      IJUST,ISNORDER:                 0           0
      IWBMAP,IWBPOLY3D:               0           0
      IWBPOLY2DH,IWBPHARM:            0           0


      SR BELLIP, Parameters of elliptical undulator:
      horizontal and vertical peak field [T]:   0.00000000      0.626999259    
      number of periods, period and device length [m]:
         84.0000000       4.94000018E-02   4.14960003    
      shift parameter [periods], B_h/B_v:       0.00000000       0.00000000    
      B0_eff [T], deflection parameter K:  0.626999259       2.89211011    
      1. harmonical [nm] and [eV]:   11.2714720       110.000000    
      critical energy [eV]:   1236.43665    

      longitudinal position of device center [m]:   0.0000000000000000     

      scaling factor for taper:   0.0000000000000000     

  
      Subroutine photon (quantum fluctuations):
  
       number of sampling bins (NBING1)        1000
       max. photon energy normalized to characteristic energy (EECMAXG1):
          5.0000000000000000     
  

      Number of tracking steps per meter (MYINUM):         5000

      Start and end of the trajectory [m](XSTART,XSTOP):
        -2.07480001       2.07480001    

      BMOVECUT:   1.00000001E-07

      Initial energy [GeV] and gamma:    1.72200000       3369.8702546331497     
      Final energy [GeV] and gamma:      1.72199810       3369.8666147461768     
      Relative change:                  -1.08012671E-06
      number of photons, RMS (keV) and rel. RMS of quantum fluctuation:
                14  0.986960948       5.73148043E-07


      B-rho [Tm], current [A]:   -5.74397326      0.100000001    

      Offset for vert. and hori. magnetic field (BYGOFF, BZGOFF):
          0.00000000       0.00000000    
      Global scaling factor for mag. field (B0SCGLOB,A0SCGLOB):
          1.00000000       1.00000000    

      Long. shift [m] of device (X(e-) -> X(e-)+XSHIFT):    0.00000000    
      Vert. shift [m] of device (Y(e-) -> Y(e-)+VSHIFT):    0.00000000    
      Hori. shift [m] of device (Z(e-) -> Z(e-)+HSHIFT):    0.00000000    
      Rotation angle [degree] of device:                    0.00000000    
      Y(e-) -> Y(e-)*sin(XROTD) + Y(e-)*cos(XROTD)
      Z(e-) -> Z(e-)*cos(XROTD) - Y(e-)*sin(XROTD)


      Magnetic field [T] at starting point:
         0.00000000       0.00000000       0.00000000    

      Vector potential [T-m] at starting point:
         0.00000000       0.00000000       0.00000000    


      Magnetic field [T] at stopping point:
         0.00000000       0.00000000       0.00000000    

      Vector potential [T-m] at stopping point:
         0.00000000       0.00000000       0.00000000    

      Extrema of magnetic field [T] and the trajectory [m]:

      BXmax,BXmin:    0.00000000       0.00000000    
      BYmax,BYmin:   0.626949251     -0.626999259    
      BZmax,BZmin:    0.00000000       0.00000000    

      Xmax,Xmin:    2.07480001      -2.07480001    
      Ymax,Ymin:    0.00000000       0.00000000    
      Zmax,Zmin:    6.74810735E-06  -6.74686544E-06


      Extrema of magnetic field [T] and the trajectory [m] between
      XIANF and XIEND

      BXmaxAE,BXminAE:    0.00000000       0.00000000    
      BYmaxAE,BYminAE:   0.626949251     -0.626999259    
      BZmaxAE,BZminAE:    0.00000000       0.00000000    

      XmaxAE,XminAE:    2.07479930      -2.07480001    
      YmaxAE,YminAE:    0.00000000       0.00000000    
      ZmaxAE,ZminAE:    6.74810735E-06  -6.74686544E-06


      Start values (coordinates [m] and slopes) of trajectory:

      X0:   -2.0747999999999998     
      Y0:    0.0000000000000000     
      Z0:    0.0000000000000000     

      ZP0:   0.0000000000000000     
      YP0:   0.0000000000000000     

      VX0:   299792444.80029100     
      VY0:   0.0000000000000000     
      VZ0:   0.0000000000000000     

      Values for X=0 (coordinates [m] and slopes) of trajectory:

      YCEN:    0.0000000000000000     
      ZCEN:    6.7477024955896290E-006

      YPCEN:   0.0000000000000000     
      ZPCEN:   2.2458906741154894E-010

      End values (coordinates [m] and slopes) of trajectory:

      XF0:    2.0747999999999998     
      YF0:    0.0000000000000000     
      ZF0:    6.9480313803961116E-010


      ZPF0:    1.3014868747594332E-010
      YPF0:    0.0000000000000000     

      VXF0:    299792444.80026156     
      VYF0:    0.0000000000000000     
      VZF0:    3.9017593205958233E-002


      Values for X=XIANF (coordinates [m] and slopes) of trajectory:

      XIANF:   -1.0000000000000000E+030
      YIANF:   -9999.0000000000000     
      ZIANF:   -9999.0000000000000     

      YPIANF:  -9999.0000000000000     
      ZPIANF:  -9999.0000000000000     



      Values for X=XIEND (coordinates [m] and slopes) of trajectory:

      XIEND:    1.0000000000000000E+030
      YIEND:   -9999.0000000000000     
      ZIEND:   -9999.0000000000000     

      YPIEND:  -9999.0000000000000     
      ZPIEND:  -9999.0000000000000     


      ZF0/(XSTOP-XSTART):    1.6743858155957470E-010
      YF0/(XSTOP-XSTART):    0.0000000000000000     

      YF0-Y0:   0.0000000000000000     
      ZF0-Z0:   6.9480313803961116E-010

      YPF0-YP0:   0.0000000000000000     
      ZPF0-ZP0:   1.3014868747594332E-010

      Straight line fit of z(x):
      offset:  -2.9820904153493628E-008
      slope:   1.9141451105836464E-010

      Straight line fit of vz(x)/vx(x):
      offset:   1.6572468331108471E-010
      slope:   2.1022822018611063E-008

      Straight line fit of y(x):
      offset:   0.0000000000000000     
      slope:   0.0000000000000000     

      Straight line fit of vy(x)/vx(x):
      offset:   0.0000000000000000     
      slope:   0.0000000000000000     

      1. magnetic integral [T-m]:    0.00000000       5.36789502E-11   0.00000000    
      2. mag. integral [T-m**2]:    0.00000000       2.86449711E-13   0.00000000    

      Integrated By**2 [T**2-m]:                     0.810807645    
      Energy irradiated by the device per e- [MeV]:   3.04231979E-03
      Rel. energy loss:                               1.76673620E-06
      Power irradiated by the device [kWATT]:        0.304231972    

      Length of trajectory (BINT0) [m]:
         4.1496007577647056     
      Integrated (YP**2+ZP**2)/2 of trajectory (WTRA2I) [m]:
         7.5776476259327802E-007
      corresponding phase advance [nm and eV]:
         940.46992436494850        1.3183429810090090     
      dE/E and corresponding dL = 2 * dE/E * L [nm]:
         1.00000005E-03   1.51552951    
      Circumference of the ring [m]:                 240.000000    
      Rel. change of total circumference (from BINT0):         
         3.15735305E-09
      Rel. change of total circumference (from WTRA2I):
         3.15735327E-09

      Max. and min. deflection angle [rad]:    8.58232786E-04  -8.58233194E-04


      SPECTRUM
      ===========

      Start and end of points [m] of integration for spectrum
      calculations (XIANF,XIEND):  -1.00000002E+30   1.00000002E+30


      SR WFILL0:

      Parameters:
      WGWINFC:   2646.6899088765672     
      WBL0CUT:   0.0000000000000000     
      WBL0HYS:   1.0000000000000000     

      Pinhole of collimators:
      (X,Y,Z), width, height:

        1.0000E+01  0.0000E+00  0.0000E+00  1.0000E+03  1.0000E+03
        1.0000E+01  0.0000E+00  0.0000E+00  1.0000E+03  1.0000E+03

      Number of sources:           1
      Begin and end of sources (x,y,z):

                 1  -2.07480001       0.00000000       0.00000000    
                 1   2.07480001       0.00000000       6.94803159E-10

      Horiz., vert. slopes and mag. field
      at begin and end of sources:

                 1   0.00000000       0.00000000       0.00000000    
                 1   1.30148683E-10   0.00000000       9.66732694E-10


      SR COHEREN:
      Minimum and maximum number of phases  between
      photons and electrons:
         314.926941       316.870575    


       selected observation point:

          10.0000000       0.00000000       0.00000000    


      Source number, mean mag. field (sign from By), abs. mean and rel. rms
      for sources, and critical photon energy [eV] or wavelength [nm]
      (with respect to abs. mean):

           1  -6.66566975E-12  0.397494584      0.486472666       783.855591    

      Photon energy cut-off (SPECCUT):   0.00000000    

      Max. field and photon energy cuts for source points:

           1  0.626999795       0.00000000    

      Data-file written for program RAY
      File: wave_ray.dat                                                                                                                    
      (Device center is assumed at (0,0,0)
      Photon energy:   547.659973    


      Results of spectrum calculations
      ================================


      Reflectivity coefficients (complex):

       (  1.0000000000000000     ,  0.0000000000000000     )
       (  1.0000000000000000     ,  0.0000000000000000     )
       (  1.0000000000000000     ,  0.0000000000000000     )



      Buffer size for integration (NDWSOU):       20849

      Provided number of integration steps for each source
      (controlled by NLPOI)
      (not necessarily used)

       20747

      Bandwidth:   1.00000005E-03


      Pinhole position (x,y,z) [m]:
         10.0000000       0.00000000       0.00000000    

      Numbers defining inner vert. and hori. edges (MMEDGEY,MMEDGEZ):            0           0
      Numbers defining outerer vert. and hori. edges (MEDGEY,MEDGEZ):            1           1
      Total number of vert. and hori. points:                    73          73
      Number of vert. and horiz. points inside pinhole:          71          71

      Vertical and horizontal grid size [m]:        2.85714286E-05   2.85714286E-05
      Vertical and horizontal size [m x m]:         2.00000009E-03   2.00000009E-03
      Total vert. and horiz. size [m x m]:          2.05714279E-03   2.05714279E-03

      Photon energy or wavelength and flux through pinhole:
      (for all sources and sum)

      547.659973       3.17314499E+14   3.17314499E+14
      547.702271       3.19248275E+14   3.19248275E+14
      547.744507       3.21137121E+14   3.21137121E+14
      547.786743       3.22977715E+14   3.22977715E+14
      547.828979       3.24768616E+14   3.24768616E+14
      547.871277       3.26510628E+14   3.26510628E+14
      547.913513       3.28206805E+14   3.28206805E+14
      547.955750       3.29862481E+14   3.29862481E+14
      547.997986       3.31485274E+14   3.31485274E+14
      548.040222       3.33084914E+14   3.33084914E+14
      548.082520       3.34673012E+14   3.34673012E+14
      548.124756       3.36262787E+14   3.36262787E+14
      548.166992       3.37868568E+14   3.37868568E+14
      548.209229       3.39505387E+14   3.39505387E+14
      548.251526       3.41188310E+14   3.41188310E+14
      548.293762       3.42931966E+14   3.42931966E+14
      548.335999       3.44749609E+14   3.44749609E+14
      548.378235       3.46652750E+14   3.46652750E+14
      548.420471       3.48650111E+14   3.48650111E+14
      548.462769       3.50747162E+14   3.50747162E+14
      548.505005       3.52945346E+14   3.52945346E+14
      548.547241       3.55241443E+14   3.55241443E+14
      548.589478       3.57627096E+14   3.57627096E+14
      548.631775       3.60088246E+14   3.60088246E+14
      548.674011       3.62604929E+14   3.62604929E+14
      548.716248       3.65151040E+14   3.65151040E+14
      548.758484       3.67694163E+14   3.67694163E+14
      548.800720       3.70195848E+14   3.70195848E+14
      548.843018       3.72611633E+14   3.72611633E+14
      548.885254       3.74891723E+14   3.74891723E+14
      548.927490       3.76981359E+14   3.76981359E+14
      548.969727       3.78821686E+14   3.78821686E+14
      549.012024       3.80350560E+14   3.80350560E+14
      549.054260       3.81503624E+14   3.81503624E+14
      549.096497       3.82215314E+14   3.82215314E+14
      549.138733       3.82420298E+14   3.82420298E+14
      549.181030       3.82054554E+14   3.82054554E+14
      549.223267       3.81056780E+14   3.81056780E+14
      549.265503       3.79369697E+14   3.79369697E+14
      549.307739       3.76941463E+14   3.76941463E+14
      549.349976       3.73726713E+14   3.73726713E+14
      549.392273       3.69687934E+14   3.69687934E+14
      549.434509       3.64796503E+14   3.64796503E+14
      549.476746       3.59033395E+14   3.59033395E+14
      549.518982       3.52390188E+14   3.52390188E+14
      549.561279       3.44869566E+14   3.44869566E+14
      549.603516       3.36485488E+14   3.36485488E+14
      549.645752       3.27263589E+14   3.27263589E+14
      549.687988       3.17240948E+14   3.17240948E+14
      549.730225       3.06465781E+14   3.06465781E+14
      549.772522       2.94996977E+14   2.94996977E+14
      549.814758       2.82903288E+14   2.82903288E+14
      549.856995       2.70262344E+14   2.70262344E+14
      549.899231       2.57159657E+14   2.57159657E+14
      549.941528       2.43687150E+14   2.43687150E+14
      549.983765       2.29941845E+14   2.29941845E+14
      550.026001       2.16024255E+14   2.16024255E+14
      550.068237       2.02036855E+14   2.02036855E+14
      550.110474       1.88082339E+14   1.88082339E+14
      550.152771       1.74262040E+14   1.74262040E+14
      550.195007       1.60674307E+14   1.60674307E+14
      550.237244       1.47412958E+14   1.47412958E+14
      550.279480       1.34565813E+14   1.34565813E+14
      550.321777       1.22213387E+14   1.22213387E+14
      550.364014       1.10427778E+14   1.10427778E+14
      550.406250       9.92716092E+13   9.92716092E+13
      550.448486       8.87973248E+13   8.87973248E+13
      550.490723       7.90465746E+13   7.90465746E+13
      550.533020       7.00499100E+13   7.00499100E+13
      550.575256       6.18266288E+13   6.18266288E+13
      550.617493       5.43849018E+13   5.43849018E+13
      550.659729       4.77220695E+13   4.77220695E+13
      550.702026       4.18251884E+13   4.18251884E+13
      550.744263       3.66717142E+13   3.66717142E+13
      550.786499       3.22303762E+13   3.22303762E+13
      550.828735       2.84621946E+13   2.84621946E+13
      550.870972       2.53216088E+13   2.53216088E+13
      550.913269       2.27576727E+13   2.27576727E+13
      550.955505       2.07153298E+13   2.07153298E+13
      550.997742       1.91366986E+13   1.91366986E+13
      551.039978       1.79623585E+13   1.79623585E+13

      Estimated maximum:

         549.132812       3.82425968E+14


      Flux density for selected point:

               547.659973       2.13879839E+19   2.13879839E+19
               547.702271       2.69975075E+19   2.69975075E+19
               547.744507       3.29856193E+19   3.29856193E+19
               547.786743       3.91774949E+19   3.91774949E+19
               547.828979       4.53791275E+19   4.53791275E+19
               547.871277       5.13833889E+19   5.13833889E+19
               547.913513       5.69769300E+19   5.69769300E+19
               547.955750       6.19479145E+19   6.19479145E+19
               547.997986       6.60942256E+19   6.60942256E+19
               548.040222       6.92320075E+19   6.92320075E+19
               548.082520       7.12042411E+19   7.12042411E+19
               548.124756       7.18890961E+19   7.18890961E+19
               548.166992       7.12077551E+19   7.12077551E+19
               548.209229       6.91314813E+19   6.91314813E+19
               548.251526       6.56875910E+19   6.56875910E+19
               548.293762       6.09641418E+19   6.09641418E+19
               548.335999       5.51130907E+19   5.51130907E+19
               548.378235       4.83517143E+19   4.83517143E+19
               548.420471       4.09621913E+19   4.09621913E+19
               548.462769       3.32892253E+19   3.32892253E+19
               548.505005       2.57356617E+19   2.57356617E+19
               548.547241       1.87561225E+19   1.87561225E+19
               548.589478       1.28487598E+19   1.28487598E+19
               548.631775       8.54519711E+18   8.54519711E+18
               548.674011       6.39892238E+18   6.39892238E+18
               548.716248       6.97232154E+18   6.97232154E+18
               548.758484       1.08226744E+19   1.08226744E+19
               548.800720       1.84874326E+19   1.84874326E+19
               548.843018       3.04691539E+19   3.04691539E+19
               548.885254       4.72204708E+19   4.72204708E+19
               548.927490       6.91295286E+19   6.91295286E+19
               548.969727       9.65062378E+19   9.65062378E+19
               549.012024       1.29569819E+20   1.29569819E+20
               549.054260       1.68437951E+20   1.68437951E+20
               549.096497       2.13117899E+20   2.13117899E+20
               549.138733       2.63499897E+20   2.63499897E+20
               549.181030       3.19353064E+20   3.19353064E+20
               549.223267       3.80324098E+20   3.80324098E+20
               549.265503       4.45938659E+20   4.45938659E+20
               549.307739       5.15605792E+20   5.15605792E+20
               549.349976       5.88625292E+20   5.88625292E+20
               549.392273       6.64197417E+20   6.64197417E+20
               549.434509       7.41435769E+20   7.41435769E+20
               549.476746       8.19382313E+20   8.19382313E+20
               549.518982       8.97024018E+20   8.97024018E+20
               549.561279       9.73312181E+20   9.73312181E+20
               549.603516       1.04718184E+21   1.04718184E+21
               549.645752       1.11757282E+21   1.11757282E+21
               549.687988       1.18345084E+21   1.18345084E+21
               549.730225       1.24382877E+21   1.24382877E+21
               549.772522       1.29778612E+21   1.29778612E+21
               549.814758       1.34448887E+21   1.34448887E+21
               549.856995       1.38320688E+21   1.38320688E+21
               549.899231       1.41332878E+21   1.41332878E+21
               549.941528       1.43437565E+21   1.43437565E+21
               549.983765       1.44601112E+21   1.44601112E+21
               550.026001       1.44804788E+21   1.44804788E+21
               550.068237       1.44045270E+21   1.44045270E+21
               550.110474       1.42334662E+21   1.42334662E+21
               550.152771       1.39700225E+21   1.39700225E+21
               550.195007       1.36183857E+21   1.36183857E+21
               550.237244       1.31841148E+21   1.31841148E+21
               550.279480       1.26740160E+21   1.26740160E+21
               550.321777       1.20960128E+21   1.20960128E+21
               550.364014       1.14589610E+21   1.14589610E+21
               550.406250       1.07724801E+21   1.07724801E+21
               550.448486       1.00467462E+21   1.00467462E+21
               550.490723       9.29228556E+20   9.29228556E+20
               550.533020       8.51976552E+20   8.51976552E+20
               550.575256       7.73978358E+20   7.73978358E+20
               550.617493       6.96266002E+20   6.96266002E+20
               550.659729       6.19824928E+20   6.19824928E+20
               550.702026       5.45575770E+20   5.45575770E+20
               550.744263       4.74358519E+20   4.74358519E+20
               550.786499       4.06918698E+20   4.06918698E+20
               550.828735       3.43896345E+20   3.43896345E+20
               550.870972       2.85817362E+20   2.85817362E+20
               550.913269       2.33087845E+20   2.33087845E+20
               550.955505       1.85991434E+20   1.85991434E+20
               550.997742       1.44689353E+20   1.44689353E+20
               551.039978       1.09223348E+20   1.09223348E+20

      Estimated maximum:

         550.013794       1.44844884E+21


      Power through pinhole [W]:
      (for all sources and sum)
       19.2799797       19.2799797    


      Power density at selected point [W/m**2]:

                5191719.00       5191719.00    




      Photon energy or wavelength and normalized components S0, S1/S0,
      S2/S0, S3/S0 of STOKES vector and polarization for pinhole:

       5.4766E+02  3.1731E+14  9.9631E-01 -5.0121E-09  7.5136E-21  9.9631E-01
       5.4770E+02  3.1925E+14  9.9643E-01  9.9359E-10 -9.5592E-20  9.9643E-01
       5.4774E+02  3.2114E+14  9.9655E-01 -1.3067E-09  8.9090E-21  9.9655E-01
       5.4779E+02  3.2298E+14  9.9666E-01  3.1778E-09  4.7244E-20  9.9666E-01
       5.4783E+02  3.2477E+14  9.9677E-01 -2.3374E-09  3.9642E-20  9.9677E-01
       5.4787E+02  3.2651E+14  9.9688E-01  3.1620E-09 -6.2797E-20  9.9688E-01
       5.4791E+02  3.2821E+14  9.9699E-01  3.5821E-09 -4.3586E-21  9.9699E-01
       5.4796E+02  3.2986E+14  9.9709E-01 -2.5896E-09  1.0986E-19  9.9709E-01
       5.4800E+02  3.3149E+14  9.9719E-01 -2.8679E-09  7.7678E-20  9.9719E-01
       5.4804E+02  3.3308E+14  9.9728E-01 -1.2903E-09 -2.0042E-20  9.9728E-01
       5.4808E+02  3.3467E+14  9.9738E-01 -1.7672E-09  1.1398E-20  9.9738E-01
       5.4812E+02  3.3626E+14  9.9747E-01 -4.3619E-10  5.9558E-20  9.9747E-01
       5.4817E+02  3.3787E+14  9.9756E-01  7.3285E-09 -8.4679E-21  9.9756E-01
       5.4821E+02  3.3951E+14  9.9765E-01  3.4729E-09  3.0899E-20  9.9765E-01
       5.4825E+02  3.4119E+14  9.9774E-01  3.3305E-09  0.0000E+00  9.9774E-01
       5.4829E+02  3.4293E+14  9.9782E-01  9.6825E-10  2.7809E-21  9.9782E-01
       5.4834E+02  3.4475E+14  9.9790E-01  4.7975E-10 -2.4897E-20  9.9790E-01
       5.4838E+02  3.4665E+14  9.9798E-01 -4.1650E-09 -2.2009E-20  9.9798E-01
       5.4842E+02  3.4865E+14  9.9806E-01  2.7444E-09 -2.1883E-20  9.9806E-01
       5.4846E+02  3.5075E+14  9.9814E-01  3.8513E-10  9.5164E-21  9.9814E-01
       5.4851E+02  3.5295E+14  9.9822E-01 -1.6717E-09 -6.0796E-20  9.9822E-01
       5.4855E+02  3.5524E+14  9.9829E-01 -3.3273E-09 -1.1544E-19  9.9829E-01
       5.4859E+02  3.5763E+14  9.9836E-01 -1.2529E-09  4.0000E-21  9.9836E-01
       5.4863E+02  3.6009E+14  9.9843E-01  6.0194E-09 -3.7078E-20  9.9843E-01
       5.4867E+02  3.6260E+14  9.9850E-01  3.5237E-09 -2.4986E-20  9.9850E-01
       5.4872E+02  3.6515E+14  9.9856E-01 -6.6726E-09  6.0070E-20  9.9856E-01
       5.4876E+02  3.6769E+14  9.9863E-01 -3.2523E-09  9.0778E-21  9.9863E-01
       5.4880E+02  3.7020E+14  9.9869E-01 -2.0027E-09 -1.1593E-19  9.9869E-01
       5.4884E+02  3.7261E+14  9.9874E-01  1.6547E-09  4.9909E-20  9.9874E-01
       5.4889E+02  3.7489E+14  9.9880E-01  1.4632E-09 -1.2719E-21  9.9880E-01
       5.4893E+02  3.7698E+14  9.9885E-01 -3.6302E-09 -6.7039E-20  9.9885E-01
       5.4897E+02  3.7882E+14  9.9890E-01  3.8689E-10 -5.9161E-20  9.9890E-01
       5.4901E+02  3.8035E+14  9.9895E-01 -4.3655E-09  2.5074E-21  9.9895E-01
       5.4905E+02  3.8150E+14  9.9899E-01  3.0978E-09 -1.6249E-20  9.9899E-01
       5.4910E+02  3.8222E+14  9.9903E-01  1.7753E-09  8.7329E-21  9.9903E-01
       5.4914E+02  3.8242E+14  9.9907E-01  3.2151E-09 -2.4938E-21  9.9907E-01
       5.4918E+02  3.8205E+14  9.9911E-01 -4.9999E-09  6.8645E-20  9.9911E-01
       5.4922E+02  3.8106E+14  9.9914E-01 -4.1070E-10  2.8781E-20  9.9914E-01
       5.4927E+02  3.7937E+14  9.9917E-01 -3.8532E-09  1.2569E-20  9.9917E-01
       5.4931E+02  3.7694E+14  9.9920E-01 -6.6769E-09  1.1765E-19  9.9920E-01
       5.4935E+02  3.7373E+14  9.9922E-01  2.0214E-09 -3.4449E-20  9.9922E-01
       5.4939E+02  3.6969E+14  9.9925E-01  4.8561E-09 -1.1609E-20  9.9925E-01
       5.4943E+02  3.6480E+14  9.9926E-01 -2.3521E-09  2.2221E-20  9.9926E-01
       5.4948E+02  3.5903E+14  9.9928E-01  3.4292E-09 -1.3945E-19  9.9928E-01
       5.4952E+02  3.5239E+14  9.9929E-01 -9.8497E-10 -5.2773E-20  9.9929E-01
       5.4956E+02  3.4487E+14  9.9930E-01 -3.6983E-09 -2.6271E-20  9.9930E-01
       5.4960E+02  3.3649E+14  9.9931E-01 -3.6775E-09 -3.2594E-20  9.9931E-01
       5.4965E+02  3.2726E+14  9.9932E-01  7.8785E-09 -4.8082E-20  9.9932E-01
       5.4969E+02  3.1724E+14  9.9932E-01 -8.7706E-09 -1.0522E-20  9.9932E-01
       5.4973E+02  3.0647E+14  9.9932E-01 -3.7153E-10  1.4003E-20  9.9932E-01
       5.4977E+02  2.9500E+14  9.9932E-01  2.5720E-09 -4.8492E-20  9.9932E-01
       5.4981E+02  2.8290E+14  9.9931E-01  5.3062E-09 -2.6968E-20  9.9931E-01
       5.4986E+02  2.7026E+14  9.9930E-01  9.8436E-09 -3.1758E-20  9.9930E-01
       5.4990E+02  2.5716E+14  9.9928E-01 -4.3819E-09 -5.5627E-21  9.9928E-01
       5.4994E+02  2.4369E+14  9.9926E-01 -1.3535E-09  2.1524E-20  9.9926E-01
       5.4998E+02  2.2994E+14  9.9924E-01  6.8616E-09  1.0369E-19  9.9924E-01
       5.5003E+02  2.1602E+14  9.9921E-01 -2.4877E-09  4.8561E-20  9.9921E-01
       5.5007E+02  2.0204E+14  9.9918E-01 -1.4330E-08 -1.3453E-19  9.9918E-01
       5.5011E+02  1.8808E+14  9.9913E-01 -7.4244E-09  1.3690E-19  9.9913E-01
       5.5015E+02  1.7426E+14  9.9908E-01  6.4983E-09  1.3682E-20  9.9908E-01
       5.5020E+02  1.6067E+14  9.9903E-01 -2.9402E-09  0.0000E+00  9.9903E-01
       5.5024E+02  1.4741E+14  9.9896E-01  3.9796E-09 -3.8816E-20  9.9896E-01
       5.5028E+02  1.3457E+14  9.9888E-01  1.4140E-09 -8.8588E-20  9.9888E-01
       5.5032E+02  1.2221E+14  9.9879E-01 -2.2049E-10 -2.0679E-19  9.9879E-01
       5.5036E+02  1.1043E+14  9.9868E-01  6.8289E-09 -1.9000E-19  9.9868E-01
       5.5041E+02  9.9272E+13  9.9855E-01 -3.7687E-09 -2.9781E-19  9.9855E-01
       5.5045E+02  8.8797E+13  9.9840E-01 -1.1776E-09 -5.9069E-20  9.9840E-01
       5.5049E+02  7.9047E+13  9.9823E-01 -4.2272E-10 -2.4129E-20  9.9823E-01
       5.5053E+02  7.0050E+13  9.9803E-01 -4.8286E-09 -1.3614E-20  9.9803E-01
       5.5058E+02  6.1827E+13  9.9779E-01 -3.6171E-09  1.5425E-19  9.9779E-01
       5.5062E+02  5.4385E+13  9.9752E-01 -2.1719E-09 -1.5782E-19  9.9752E-01
       5.5066E+02  4.7722E+13  9.9720E-01  4.8807E-09  1.5987E-19  9.9720E-01
       5.5070E+02  4.1825E+13  9.9684E-01  3.3087E-09 -1.7101E-19  9.9684E-01
       5.5074E+02  3.6672E+13  9.9644E-01 -5.5887E-10 -1.3003E-20  9.9644E-01
       5.5079E+02  3.2230E+13  9.9599E-01 -2.3008E-09  4.7343E-19  9.9599E-01
       5.5083E+02  2.8462E+13  9.9550E-01 -1.0269E-08  3.3507E-20  9.9550E-01
       5.5087E+02  2.5322E+13  9.9500E-01  1.1366E-09  2.8247E-19  9.9500E-01
       5.5091E+02  2.2758E+13  9.9449E-01 -3.6381E-09 -2.7239E-19  9.9449E-01
       5.5096E+02  2.0715E+13  9.9400E-01 -1.7654E-09 -1.8415E-19  9.9400E-01
       5.5100E+02  1.9137E+13  9.9357E-01 -9.0120E-10  6.9769E-19  9.9357E-01
       5.5104E+02  1.7962E+13  9.9321E-01  1.4817E-09 -7.9639E-20  9.9321E-01


      Photon energy [eV] or wavelength [nm] for selected point
      of pinhole, S0, S1/S0, S2/S0, S3/S0, P of
      STOKES vector per unit area [m**2]:


           Observation point (x,y,z) [m]:
              10.0000000       0.00000000       0.00000000    

       5.4766E+02  2.1388E+19  1.0000E+00  0.0000E+00  0.0000E+00  1.0000E+00
       5.4770E+02  2.6998E+19  1.0000E+00  0.0000E+00  0.0000E+00  1.0000E+00
       5.4774E+02  3.2986E+19  1.0000E+00  0.0000E+00  0.0000E+00  1.0000E+00
       5.4779E+02  3.9177E+19  1.0000E+00  0.0000E+00  0.0000E+00  1.0000E+00
       5.4783E+02  4.5379E+19  1.0000E+00  0.0000E+00  0.0000E+00  1.0000E+00
       5.4787E+02  5.1383E+19  1.0000E+00  0.0000E+00  0.0000E+00  1.0000E+00
       5.4791E+02  5.6977E+19  1.0000E+00  0.0000E+00  0.0000E+00  1.0000E+00
       5.4796E+02  6.1948E+19  1.0000E+00  0.0000E+00  0.0000E+00  1.0000E+00
       5.4800E+02  6.6094E+19  1.0000E+00  0.0000E+00  0.0000E+00  1.0000E+00
       5.4804E+02  6.9232E+19  1.0000E+00  0.0000E+00  0.0000E+00  1.0000E+00
       5.4808E+02  7.1204E+19  1.0000E+00  0.0000E+00  0.0000E+00  1.0000E+00
       5.4812E+02  7.1889E+19  1.0000E+00  0.0000E+00  0.0000E+00  1.0000E+00
       5.4817E+02  7.1208E+19  1.0000E+00  0.0000E+00  0.0000E+00  1.0000E+00
       5.4821E+02  6.9131E+19  1.0000E+00  0.0000E+00  0.0000E+00  1.0000E+00
       5.4825E+02  6.5688E+19  1.0000E+00  0.0000E+00  0.0000E+00  1.0000E+00
       5.4829E+02  6.0964E+19  1.0000E+00  0.0000E+00  0.0000E+00  1.0000E+00
       5.4834E+02  5.5113E+19  1.0000E+00  0.0000E+00  0.0000E+00  1.0000E+00
       5.4838E+02  4.8352E+19  1.0000E+00  0.0000E+00  0.0000E+00  1.0000E+00
       5.4842E+02  4.0962E+19  1.0000E+00  0.0000E+00  0.0000E+00  1.0000E+00
       5.4846E+02  3.3289E+19  1.0000E+00  0.0000E+00  0.0000E+00  1.0000E+00
       5.4851E+02  2.5736E+19  1.0000E+00  0.0000E+00  0.0000E+00  1.0000E+00
       5.4855E+02  1.8756E+19  1.0000E+00  0.0000E+00  0.0000E+00  1.0000E+00
       5.4859E+02  1.2849E+19  1.0000E+00  0.0000E+00  0.0000E+00  1.0000E+00
       5.4863E+02  8.5452E+18  1.0000E+00  0.0000E+00  0.0000E+00  1.0000E+00
       5.4867E+02  6.3989E+18  1.0000E+00  0.0000E+00  0.0000E+00  1.0000E+00
       5.4872E+02  6.9723E+18  1.0000E+00  0.0000E+00  0.0000E+00  1.0000E+00
       5.4876E+02  1.0823E+19  1.0000E+00  0.0000E+00  0.0000E+00  1.0000E+00
       5.4880E+02  1.8487E+19  1.0000E+00  0.0000E+00  0.0000E+00  1.0000E+00
       5.4884E+02  3.0469E+19  1.0000E+00  0.0000E+00  0.0000E+00  1.0000E+00
       5.4889E+02  4.7220E+19  1.0000E+00  0.0000E+00  0.0000E+00  1.0000E+00
       5.4893E+02  6.9130E+19  1.0000E+00  0.0000E+00  0.0000E+00  1.0000E+00
       5.4897E+02  9.6506E+19  1.0000E+00  0.0000E+00  0.0000E+00  1.0000E+00
       5.4901E+02  1.2957E+20  1.0000E+00  0.0000E+00  0.0000E+00  1.0000E+00
       5.4905E+02  1.6844E+20  1.0000E+00  0.0000E+00  0.0000E+00  1.0000E+00
       5.4910E+02  2.1312E+20  1.0000E+00  0.0000E+00  0.0000E+00  1.0000E+00
       5.4914E+02  2.6350E+20  1.0000E+00  0.0000E+00  0.0000E+00  1.0000E+00
       5.4918E+02  3.1935E+20  1.0000E+00  0.0000E+00  0.0000E+00  1.0000E+00
       5.4922E+02  3.8032E+20  1.0000E+00  0.0000E+00  0.0000E+00  1.0000E+00
       5.4927E+02  4.4594E+20  1.0000E+00  0.0000E+00  0.0000E+00  1.0000E+00
       5.4931E+02  5.1561E+20  1.0000E+00  0.0000E+00  0.0000E+00  1.0000E+00
       5.4935E+02  5.8863E+20  1.0000E+00  0.0000E+00  0.0000E+00  1.0000E+00
       5.4939E+02  6.6420E+20  1.0000E+00  0.0000E+00  0.0000E+00  1.0000E+00
       5.4943E+02  7.4144E+20  1.0000E+00  0.0000E+00  0.0000E+00  1.0000E+00
       5.4948E+02  8.1938E+20  1.0000E+00  0.0000E+00  0.0000E+00  1.0000E+00
       5.4952E+02  8.9702E+20  1.0000E+00  0.0000E+00  0.0000E+00  1.0000E+00
       5.4956E+02  9.7331E+20  1.0000E+00  0.0000E+00  0.0000E+00  1.0000E+00
       5.4960E+02  1.0472E+21  1.0000E+00  0.0000E+00  0.0000E+00  1.0000E+00
       5.4965E+02  1.1176E+21  1.0000E+00  0.0000E+00  0.0000E+00  1.0000E+00
       5.4969E+02  1.1835E+21  1.0000E+00  0.0000E+00  0.0000E+00  1.0000E+00
       5.4973E+02  1.2438E+21  1.0000E+00  0.0000E+00  0.0000E+00  1.0000E+00
       5.4977E+02  1.2978E+21  1.0000E+00  0.0000E+00  0.0000E+00  1.0000E+00
       5.4981E+02  1.3445E+21  1.0000E+00  0.0000E+00  0.0000E+00  1.0000E+00
       5.4986E+02  1.3832E+21  1.0000E+00  0.0000E+00  0.0000E+00  1.0000E+00
       5.4990E+02  1.4133E+21  1.0000E+00  0.0000E+00  0.0000E+00  1.0000E+00
       5.4994E+02  1.4344E+21  1.0000E+00  0.0000E+00  0.0000E+00  1.0000E+00
       5.4998E+02  1.4460E+21  1.0000E+00  0.0000E+00  0.0000E+00  1.0000E+00
       5.5003E+02  1.4480E+21  1.0000E+00  0.0000E+00  0.0000E+00  1.0000E+00
       5.5007E+02  1.4405E+21  1.0000E+00  0.0000E+00  0.0000E+00  1.0000E+00
       5.5011E+02  1.4233E+21  1.0000E+00  0.0000E+00  0.0000E+00  1.0000E+00
       5.5015E+02  1.3970E+21  1.0000E+00  0.0000E+00  0.0000E+00  1.0000E+00
       5.5020E+02  1.3618E+21  1.0000E+00  0.0000E+00  0.0000E+00  1.0000E+00
       5.5024E+02  1.3184E+21  1.0000E+00  0.0000E+00  0.0000E+00  1.0000E+00
       5.5028E+02  1.2674E+21  1.0000E+00  0.0000E+00  0.0000E+00  1.0000E+00
       5.5032E+02  1.2096E+21  1.0000E+00  0.0000E+00  0.0000E+00  1.0000E+00
       5.5036E+02  1.1459E+21  1.0000E+00  0.0000E+00  0.0000E+00  1.0000E+00
       5.5041E+02  1.0772E+21  1.0000E+00  0.0000E+00  0.0000E+00  1.0000E+00
       5.5045E+02  1.0047E+21  1.0000E+00  0.0000E+00  0.0000E+00  1.0000E+00
       5.5049E+02  9.2923E+20  1.0000E+00  0.0000E+00  0.0000E+00  1.0000E+00
       5.5053E+02  8.5198E+20  1.0000E+00  0.0000E+00  0.0000E+00  1.0000E+00
       5.5058E+02  7.7398E+20  1.0000E+00  0.0000E+00  0.0000E+00  1.0000E+00
       5.5062E+02  6.9627E+20  1.0000E+00  0.0000E+00  0.0000E+00  1.0000E+00
       5.5066E+02  6.1982E+20  1.0000E+00  0.0000E+00  0.0000E+00  1.0000E+00
       5.5070E+02  5.4558E+20  1.0000E+00  0.0000E+00  0.0000E+00  1.0000E+00
       5.5074E+02  4.7436E+20  1.0000E+00  0.0000E+00  0.0000E+00  1.0000E+00
       5.5079E+02  4.0692E+20  1.0000E+00  0.0000E+00  0.0000E+00  1.0000E+00
       5.5083E+02  3.4390E+20  1.0000E+00  0.0000E+00  0.0000E+00  1.0000E+00
       5.5087E+02  2.8582E+20  1.0000E+00  0.0000E+00  0.0000E+00  1.0000E+00
       5.5091E+02  2.3309E+20  1.0000E+00  0.0000E+00  0.0000E+00  1.0000E+00
       5.5096E+02  1.8599E+20  1.0000E+00  0.0000E+00  0.0000E+00  1.0000E+00
       5.5100E+02  1.4469E+20  1.0000E+00  0.0000E+00  0.0000E+00  1.0000E+00
       5.5104E+02  1.0922E+20  1.0000E+00  0.0000E+00  0.0000E+00  1.0000E+00

       Total absolut maxima found for Stokes-V. (z,y,Eph,fluxdens.)

        0.0000E+00  0.0000E+00  5.5003E+02  1.4480E+21
        0.0000E+00  0.0000E+00  5.5003E+02  1.4480E+21
        3.4286E-04  2.5714E-04  5.4766E+02  9.7000E+19
        3.7143E-04  2.8571E-04  5.4766E+02  3.1150E+19


       Estimated maxima of s0, s1, s2 ,s3 for selected point:
          550.013794       1.44844884E+21
          550.013794       1.44844870E+21
          0.00000000       0.00000000    
          0.00000000       0.00000000    


       Estimated maximum of s3*s3/s0 for selected point:
          0.00000000       0.00000000    


       Estimated maxima of fluxes s0, s1, s2 ,s3:
          549.132812       3.82425968E+14
          549.133850       3.82069755E+14
          550.072937       2919010.00    
          549.479797       5.02552321E-05


       Estimated maxima of fluxes s3*s3/s0:
          550.997070       9.31756668E-24



      Brilliance calculations:
      (only meaningful for undulators)

      sigr=sqrt(2*lambda*L)/2/pi*sigrc and 
      sigrp=sqrt(lambda/2/L)*sigrpc

       sigrc,sigrpc:   1.0000000000000000        1.0000000000000000     

      make sure that the device length agrees to the length
      of the trajectory
      (for rec-fields rangrec and rangpm are substracted by program)

      Observation point:

         10.0000000       0.00000000       0.00000000    

      considered device length [m]:   4.14960003    


      Brilliance [photons/sec/BW/mm**2/mrad**2]

          547.66        0.71524E+18    0.71524E+18     0.0000         0.0000    
          547.70        0.90290E+18    0.90290E+18     0.0000         0.0000    
          547.74        0.11032E+19    0.11032E+19     0.0000         0.0000    
          547.79        0.13104E+19    0.13104E+19     0.0000         0.0000    
          547.83        0.15180E+19    0.15180E+19     0.0000         0.0000    
          547.87        0.17190E+19    0.17190E+19     0.0000         0.0000    
          547.91        0.19063E+19    0.19063E+19     0.0000         0.0000    
          547.96        0.20727E+19    0.20727E+19     0.0000         0.0000    
          548.00        0.22116E+19    0.22116E+19     0.0000         0.0000    
          548.04        0.23168E+19    0.23168E+19     0.0000         0.0000    
          548.08        0.23830E+19    0.23830E+19     0.0000         0.0000    
          548.12        0.24061E+19    0.24061E+19     0.0000         0.0000    
          548.17        0.23835E+19    0.23835E+19     0.0000         0.0000    
          548.21        0.23142E+19    0.23142E+19     0.0000         0.0000    
          548.25        0.21990E+19    0.21990E+19     0.0000         0.0000    
          548.29        0.20411E+19    0.20411E+19     0.0000         0.0000    
          548.34        0.18453E+19    0.18453E+19     0.0000         0.0000    
          548.38        0.16191E+19    0.16191E+19     0.0000         0.0000    
          548.42        0.13717E+19    0.13717E+19     0.0000         0.0000    
          548.46        0.11149E+19    0.11149E+19     0.0000         0.0000    
          548.51        0.86196E+18    0.86196E+18     0.0000         0.0000    
          548.55        0.62824E+18    0.62824E+18     0.0000         0.0000    
          548.59        0.43041E+18    0.43041E+18     0.0000         0.0000    
          548.63        0.28627E+18    0.28627E+18     0.0000         0.0000    
          548.67        0.21438E+18    0.21438E+18     0.0000         0.0000    
          548.72        0.23361E+18    0.23361E+18     0.0000         0.0000    
          548.76        0.36265E+18    0.36265E+18     0.0000         0.0000    
          548.80        0.61953E+18    0.61953E+18     0.0000         0.0000    
          548.84        0.10211E+19    0.10211E+19     0.0000         0.0000    
          548.89        0.15826E+19    0.15826E+19     0.0000         0.0000    
          548.93        0.23171E+19    0.23171E+19     0.0000         0.0000    
          548.97        0.32350E+19    0.32350E+19     0.0000         0.0000    
          549.01        0.43437E+19    0.43437E+19     0.0000         0.0000    
          549.05        0.56471E+19    0.56471E+19     0.0000         0.0000    
          549.10        0.71456E+19    0.71456E+19     0.0000         0.0000    
          549.14        0.88355E+19    0.88355E+19     0.0000         0.0000    
          549.18        0.10709E+20    0.10709E+20     0.0000         0.0000    
          549.22        0.12755E+20    0.12755E+20     0.0000         0.0000    
          549.27        0.14956E+20    0.14956E+20     0.0000         0.0000    
          549.31        0.17294E+20    0.17294E+20     0.0000         0.0000    
          549.35        0.19745E+20    0.19745E+20     0.0000         0.0000    
          549.39        0.22282E+20    0.22282E+20     0.0000         0.0000    
          549.43        0.24875E+20    0.24875E+20     0.0000         0.0000    
          549.48        0.27492E+20    0.27492E+20     0.0000         0.0000    
          549.52        0.30099E+20    0.30099E+20     0.0000         0.0000    
          549.56        0.32662E+20    0.32662E+20     0.0000         0.0000    
          549.60        0.35143E+20    0.35143E+20     0.0000         0.0000    
          549.65        0.37508E+20    0.37508E+20     0.0000         0.0000    
          549.69        0.39723E+20    0.39723E+20     0.0000         0.0000    
          549.73        0.41752E+20    0.41752E+20     0.0000         0.0000    
          549.77        0.43567E+20    0.43567E+20     0.0000         0.0000    
          549.81        0.45138E+20    0.45138E+20     0.0000         0.0000    
          549.86        0.46442E+20    0.46442E+20     0.0000         0.0000    
          549.90        0.47457E+20    0.47457E+20     0.0000         0.0000    
          549.94        0.48167E+20    0.48167E+20     0.0000         0.0000    
          549.98        0.48561E+20    0.48561E+20     0.0000         0.0000    
          550.03        0.48634E+20    0.48634E+20     0.0000         0.0000    
          550.07        0.48382E+20    0.48382E+20     0.0000         0.0000    
          550.11        0.47811E+20    0.47811E+20     0.0000         0.0000    
          550.15        0.46930E+20    0.46930E+20     0.0000         0.0000    
          550.20        0.45752E+20    0.45752E+20     0.0000         0.0000    
          550.24        0.44297E+20    0.44297E+20     0.0000         0.0000    
          550.28        0.42586E+20    0.42586E+20     0.0000         0.0000    
          550.32        0.40647E+20    0.40647E+20     0.0000         0.0000    
          550.36        0.38509E+20    0.38509E+20     0.0000         0.0000    
          550.41        0.36205E+20    0.36205E+20     0.0000         0.0000    
          550.45        0.33769E+20    0.33769E+20     0.0000         0.0000    
          550.49        0.31235E+20    0.31235E+20     0.0000         0.0000    
          550.53        0.28641E+20    0.28641E+20     0.0000         0.0000    
          550.58        0.26021E+20    0.26021E+20     0.0000         0.0000    
          550.62        0.23410E+20    0.23410E+20     0.0000         0.0000    
          550.66        0.20841E+20    0.20841E+20     0.0000         0.0000    
          550.70        0.18346E+20    0.18346E+20     0.0000         0.0000    
          550.74        0.15952E+20    0.15952E+20     0.0000         0.0000    
          550.79        0.13686E+20    0.13686E+20     0.0000         0.0000    
          550.83        0.11567E+20    0.11567E+20     0.0000         0.0000    
          550.87        0.96141E+19    0.96141E+19     0.0000         0.0000    
          550.91        0.78410E+19    0.78410E+19     0.0000         0.0000    
          550.96        0.62572E+19    0.62572E+19     0.0000         0.0000    
          551.00        0.48681E+19    0.48681E+19     0.0000         0.0000    
          551.04        0.36751E+19    0.36751E+19     0.0000         0.0000    


      estimated brilliance maxima, flux and flux-density of S0, S1, S2, S3:

          550.01        0.48646E+20    0.24720E+15    0.14484E+18
          550.01        0.48646E+20    0.24720E+15    0.14484E+18
          0.0000         0.0000         0.0000         0.0000    
          0.0000         0.0000         0.0000         0.0000    

      estimated brilliance maximum of S3*S3/S0:

          0.0000         0.0000    

      ---> flag IFOLD is not set, emittance effects are estimated
      from horizontal beam size [mm] and divergence [mrad]: 
         2.16000000E-04   2.47999997E-05
      vertical beam size [mm] and divergence [mrad]: 
         1.87000005E-05   4.29000011E-06


      Brilliance [photons/sec/BW/mm**2/mrad**2] with emittance

          547.66        0.29276E+17    0.29276E+17     0.0000         0.0000    
          547.70        0.36954E+17    0.36954E+17     0.0000         0.0000    
          547.74        0.45151E+17    0.45151E+17     0.0000         0.0000    
          547.79        0.53626E+17    0.53626E+17     0.0000         0.0000    
          547.83        0.62114E+17    0.62114E+17     0.0000         0.0000    
          547.87        0.70332E+17    0.70332E+17     0.0000         0.0000    
          547.91        0.77988E+17    0.77988E+17     0.0000         0.0000    
          547.96        0.84791E+17    0.84791E+17     0.0000         0.0000    
          548.00        0.90466E+17    0.90466E+17     0.0000         0.0000    
          548.04        0.94760E+17    0.94760E+17     0.0000         0.0000    
          548.08        0.97459E+17    0.97459E+17     0.0000         0.0000    
          548.12        0.98396E+17    0.98396E+17     0.0000         0.0000    
          548.17        0.97463E+17    0.97463E+17     0.0000         0.0000    
          548.21        0.94620E+17    0.94620E+17     0.0000         0.0000    
          548.25        0.89906E+17    0.89906E+17     0.0000         0.0000    
          548.29        0.83441E+17    0.83440E+17     0.0000         0.0000    
          548.34        0.75432E+17    0.75432E+17     0.0000         0.0000    
          548.38        0.66177E+17    0.66177E+17     0.0000         0.0000    
          548.42        0.56063E+17    0.56063E+17     0.0000         0.0000    
          548.46        0.45561E+17    0.45561E+17     0.0000         0.0000    
          548.51        0.35223E+17    0.35223E+17     0.0000         0.0000    
          548.55        0.25670E+17    0.25670E+17     0.0000         0.0000    
          548.59        0.17585E+17    0.17585E+17     0.0000         0.0000    
          548.63        0.11695E+17    0.11695E+17     0.0000         0.0000    
          548.67        0.87576E+16    0.87576E+16     0.0000         0.0000    
          548.72        0.95423E+16    0.95423E+16     0.0000         0.0000    
          548.76        0.14812E+17    0.14812E+17     0.0000         0.0000    
          548.80        0.25301E+17    0.25301E+17     0.0000         0.0000    
          548.84        0.41699E+17    0.41699E+17     0.0000         0.0000    
          548.89        0.64624E+17    0.64624E+17     0.0000         0.0000    
          548.93        0.94607E+17    0.94607E+17     0.0000         0.0000    
          548.97        0.13207E+18    0.13207E+18     0.0000         0.0000    
          549.01        0.17732E+18    0.17732E+18     0.0000         0.0000    
          549.05        0.23051E+18    0.23051E+18     0.0000         0.0000    
          549.10        0.29165E+18    0.29165E+18     0.0000         0.0000    
          549.14        0.36060E+18    0.36060E+18     0.0000         0.0000    
          549.18        0.43703E+18    0.43703E+18     0.0000         0.0000    
          549.22        0.52047E+18    0.52047E+18     0.0000         0.0000    
          549.27        0.61026E+18    0.61026E+18     0.0000         0.0000    
          549.31        0.70559E+18    0.70559E+18     0.0000         0.0000    
          549.35        0.80551E+18    0.80551E+18     0.0000         0.0000    
          549.39        0.90892E+18    0.90892E+18     0.0000         0.0000    
          549.43        0.10146E+19    0.10146E+19     0.0000         0.0000    
          549.48        0.11213E+19    0.11213E+19     0.0000         0.0000    
          549.52        0.12275E+19    0.12275E+19     0.0000         0.0000    
          549.56        0.13319E+19    0.13319E+19     0.0000         0.0000    
          549.60        0.14330E+19    0.14330E+19     0.0000         0.0000    
          549.65        0.15293E+19    0.15293E+19     0.0000         0.0000    
          549.69        0.16194E+19    0.16194E+19     0.0000         0.0000    
          549.73        0.17020E+19    0.17020E+19     0.0000         0.0000    
          549.77        0.17758E+19    0.17758E+19     0.0000         0.0000    
          549.81        0.18397E+19    0.18397E+19     0.0000         0.0000    
          549.86        0.18927E+19    0.18927E+19     0.0000         0.0000    
          549.90        0.19339E+19    0.19339E+19     0.0000         0.0000    
          549.94        0.19627E+19    0.19627E+19     0.0000         0.0000    
          549.98        0.19786E+19    0.19786E+19     0.0000         0.0000    
          550.03        0.19814E+19    0.19814E+19     0.0000         0.0000    
          550.07        0.19710E+19    0.19710E+19     0.0000         0.0000    
          550.11        0.19476E+19    0.19476E+19     0.0000         0.0000    
          550.15        0.19115E+19    0.19115E+19     0.0000         0.0000    
          550.20        0.18634E+19    0.18634E+19     0.0000         0.0000    
          550.24        0.18039E+19    0.18039E+19     0.0000         0.0000    
          550.28        0.17341E+19    0.17341E+19     0.0000         0.0000    
          550.32        0.16550E+19    0.16550E+19     0.0000         0.0000    
          550.36        0.15679E+19    0.15679E+19     0.0000         0.0000    
          550.41        0.14739E+19    0.14739E+19     0.0000         0.0000    
          550.45        0.13746E+19    0.13746E+19     0.0000         0.0000    
          550.49        0.12714E+19    0.12714E+19     0.0000         0.0000    
          550.53        0.11657E+19    0.11657E+19     0.0000         0.0000    
          550.58        0.10590E+19    0.10590E+19     0.0000         0.0000    
          550.62        0.95262E+18    0.95262E+18     0.0000         0.0000    
          550.66        0.84803E+18    0.84803E+18     0.0000         0.0000    
          550.70        0.74644E+18    0.74644E+18     0.0000         0.0000    
          550.74        0.64900E+18    0.64900E+18     0.0000         0.0000    
          550.79        0.55673E+18    0.55673E+18     0.0000         0.0000    
          550.83        0.47050E+18    0.47050E+18     0.0000         0.0000    
          550.87        0.39104E+18    0.39104E+18     0.0000         0.0000    
          550.91        0.31889E+18    0.31889E+18     0.0000         0.0000    
          550.96        0.25446E+18    0.25446E+18     0.0000         0.0000    
          551.00        0.19795E+18    0.19795E+18     0.0000         0.0000    
          551.04        0.14943E+18    0.14943E+18     0.0000         0.0000    


      estimated brilliance maxima, flux and flux-density of S0, S1, S2, S3
      with emittance:

          550.01        0.19819E+19    0.24720E+15    0.77584E+17
          550.01        0.19819E+19    0.24720E+15    0.77584E+17
          0.0000         0.0000         0.0000         0.0000    
          0.0000         0.0000         0.0000         0.0000    

      estimated brilliance maximum of S3*S3/S0 with emittance:

          0.0000         0.0000    

      corresponding sigmas of source size [mm]
      and divergence [mrad] without and with emittance
      (including corr. factors sigrc,sigrpc):

      L/mm, lambda/mm:    4149.60010       2.25423787E-06
      without emit.:    2.17689816E-02   1.64809320E-02
         with emit.:    7.89315030E-02   2.25189608E-02
         (sigrf**2 = sigrxf*sigryf)


      LAST CHECK:

           BMAXGL:  0.62699925524335176     

           XBMAXGL:  -2.0501000025087239     
           YBMAXGL:   0.0000000000000000     
           ZBMAXGL:  -6.7479552001570405E-006


      CURRENT NUMBER:          13


                     --- Program WAVE completed ---



                                                   23:16:29 31.01.16

