
                                                   07:47:25 01.02.16


           *********************************************
           *          PROGRAM WAVE                     *
           *                                           *
           *          VERSION 3.03/01 13.11.2015       *
           *                                           *
           *          Michael Scheer                   *
           *              BESSY                        *
           *********************************************

      USER COMMENT:

      U49 Peter Baumgaertel                                            

      CURRENT NUMBER:         197


      USER NAMELIST:



      MODE FLAGS:

      IUNDULATOR,IWIGGLER:            1           0



      CONTROL FLAGS:


      IUNAME,IUSTEP,IUOUT:            0           0           0
      IOPTIC,IGENFUN:                 0           0
      IMAGSPLN:                   -9999
      IEMIT,IEMIAHW:                  0           0
      IWLSOPT,IBEAMPOL:               0           0
      IENELOSS, IEFIELD:             -1           0
      IPOWER,ISPEC:                   0           1
      IVELOFIELD,ISPECMODE:           0           3
         IWFILL0,IRFILL0:                      0           0
         ISPECINT,IPIN:                        0           1
         IUSEM,ISTOKES:                        0           1
         IBRILL:                               1
         IPINCIRC,IRPHI:                       0           0
         IFOLD,ISIGUSR:                        0           1
         IF1DIM,IPOLA:                         0           0
         IWFILSP0,IWFILSPF:                    0           0
         IRFILSP0,IRFILSTO:                    0           0
         IWFILSTO,IWFLSTOF:                    0           0
         ISPECANA,ISPECANAF:                   0           0
         IAMPLI,IAMPSKIP:                      0           0
         IWFILFL0,IWFILFLF:                    0           0
         IWFILS,IWFILSF:                       0           0
         IWFILSE,IWFILSEF:                     0           0
         IWFILB,IWFILBF:                       0           0
         IWFILBE,IWFILBEF:                     0           0
         IWFILINT,IPINALL:                     0           0
         IRFILOB,IFILTER:                      0           0
         IWFILRAY,IDESYNC:                     1           0
         IPHASE,IPHASEANA:                     0           0
         IDOSE,IEFOLD:                         0           0
         ISPECDIP,IBL0CUT:                     0           0
         IEFFI,IFILMUL:                        0           0
         IBUNCH:                               0
      IWFILF:                         0


      MAGNETIC FIELD FLAGS:



      ICHARGE,IBMASK,JBMASK:          -1           0           0
      IBSUPER,IBERROR:                 1           0
      ICUTFIBO:                        1

      IPERIODG,IBSYM:                 0           0
      IBSYMY,IBSYMZ:                  0           0
      KBEXTERN,KBFELD:                0           0
      KHALBA,KHALBASY:                0           0
      KUCROSS,IRFILP:                 0           0
      KMAGSEQ,IMGSQF:                 0           0
             KMAGCOR:                 1
      IRFILF,IRBTAB:                  0           0
      IRBTABZY,KELLIP:                0           1
      KBPOLYH,KBPOLY3D:               0           0
      KBREC,KELLANA:                  0           0
      KBPOLYMAG,KBGENESIS:            0           0
      KBAMWLS:                        0



      HISTOGRAM FLAGS:

      IHBOOK,IHINDEX:                 1           0


      OTHER OPTIONS:


      IWBTAB,IWFILT0:                 0           0
      IWSECTMAGS:                     0
      IJUST,ISNORDER:                 0           0
      IWBMAP,IWBPOLY3D:               0           0
      IWBPOLY2DH,IWBPHARM:            0           0


      SR BELLIP, Parameters of elliptical undulator:
      horizontal and vertical peak field [T]:   0.00000000       2.45631672E-03
      number of periods, period and device length [m]:
         84.0000000       4.94000018E-02   4.14960003    
      shift parameter [periods], B_h/B_v:       0.00000000       0.00000000    
      B0_eff [T], deflection parameter K:   2.45631672E-03   1.13300588E-02
      1. harmonical [nm] and [eV]:   2.17519641       570.000000    
      critical energy [eV]:   4.84383345    

      longitudinal position of device center [m]:   0.0000000000000000     

      scaling factor for taper:   0.0000000000000000     

  
      Subroutine photon (quantum fluctuations):
  
       number of sampling bins (NBING1)        1000
       max. photon energy normalized to characteristic energy (EECMAXG1):
          5.0000000000000000     
  

      Number of tracking steps per meter (MYINUM):         5000

      Start and end of the trajectory [m](XSTART,XSTOP):
        -2.07480001       2.07480001    

      BMOVECUT:   1.00000001E-07

      Initial energy [GeV] and gamma:    1.72200000       3369.8702546331497     
      Final energy [GeV] and gamma:      1.72200000       3369.8702546331497     
      Relative change:                   0.00000000    
      number of photons, RMS (keV) and rel. RMS of quantum fluctuation:
                 0   0.00000000       0.00000000    


      B-rho [Tm], current [A]:   -5.74397326      0.100000001    

      Offset for vert. and hori. magnetic field (BYGOFF, BZGOFF):
          0.00000000       0.00000000    
      Global scaling factor for mag. field (B0SCGLOB,A0SCGLOB):
          1.00000000       1.00000000    

      Long. shift [m] of device (X(e-) -> X(e-)+XSHIFT):    0.00000000    
      Vert. shift [m] of device (Y(e-) -> Y(e-)+VSHIFT):    0.00000000    
      Hori. shift [m] of device (Z(e-) -> Z(e-)+HSHIFT):    0.00000000    
      Rotation angle [degree] of device:                    0.00000000    
      Y(e-) -> Y(e-)*sin(XROTD) + Y(e-)*cos(XROTD)
      Z(e-) -> Z(e-)*cos(XROTD) - Y(e-)*sin(XROTD)


      Magnetic field [T] at starting point:
         0.00000000       0.00000000       0.00000000    

      Vector potential [T-m] at starting point:
         0.00000000       0.00000000       0.00000000    


      Magnetic field [T] at stopping point:
         0.00000000       0.00000000       0.00000000    

      Vector potential [T-m] at stopping point:
         0.00000000       0.00000000       0.00000000    

      Extrema of magnetic field [T] and the trajectory [m]:

      BXmax,BXmin:    0.00000000       0.00000000    
      BYmax,BYmin:    2.45611882E-03  -2.45631672E-03
      BZmax,BZmin:    0.00000000       0.00000000    

      Xmax,Xmin:    2.07480001      -2.07480001    
      Ymax,Ymin:    0.00000000       0.00000000    
      Zmax,Zmin:    2.64291078E-08  -2.84420860E-08


      Extrema of magnetic field [T] and the trajectory [m] between
      XIANF and XIEND

      BXmaxAE,BXminAE:    0.00000000       0.00000000    
      BYmaxAE,BYminAE:    2.45611882E-03  -2.45631672E-03
      BZmaxAE,BZminAE:    0.00000000       0.00000000    

      XmaxAE,XminAE:    2.07479978      -2.07480001    
      YmaxAE,YminAE:    0.00000000       0.00000000    
      ZmaxAE,ZminAE:    2.64291078E-08  -2.84420860E-08


      Start values (coordinates [m] and slopes) of trajectory:

      X0:   -2.0747999999999998     
      Y0:    0.0000000000000000     
      Z0:    0.0000000000000000     

      ZP0:   0.0000000000000000     
      YP0:   0.0000000000000000     

      VX0:   299792444.80029100     
      VY0:   0.0000000000000000     
      VZ0:   0.0000000000000000     

      Values for X=0 (coordinates [m] and slopes) of trajectory:

      YCEN:    0.0000000000000000     
      ZCEN:    2.6176527365899703E-008

      YPCEN:   0.0000000000000000     
      ZPCEN:   4.2402364240178842E-015

      End values (coordinates [m] and slopes) of trajectory:

      XF0:    2.0747999999999998     
      YF0:    0.0000000000000000     
      ZF0:   -2.0317689421598994E-009


      ZPF0:   -9.4018046369876808E-015
      YPF0:    0.0000000000000000     

      VXF0:    299792444.80028903     
      VYF0:    0.0000000000000000     
      VZF0:   -2.8185899976572307E-006


      Values for X=XIANF (coordinates [m] and slopes) of trajectory:

      XIANF:   -1.0000000000000000E+030
      YIANF:   -9999.0000000000000     
      ZIANF:   -9999.0000000000000     

      YPIANF:  -9999.0000000000000     
      ZPIANF:  -9999.0000000000000     



      Values for X=XIEND (coordinates [m] and slopes) of trajectory:

      XIEND:    1.0000000000000000E+030
      YIEND:   -9999.0000000000000     
      ZIEND:   -9999.0000000000000     

      YPIEND:  -9999.0000000000000     
      ZPIEND:  -9999.0000000000000     


      ZF0/(XSTOP-XSTART):   -4.8963007088873618E-010
      YF0/(XSTOP-XSTART):    0.0000000000000000     

      YF0-Y0:   0.0000000000000000     
      ZF0-Z0:  -2.0317689421598994E-009

      YPF0-YP0:   0.0000000000000000     
      ZPF0-ZP0:  -9.4018046369876808E-015

      Straight line fit of z(x):
      offset:  -7.3273431948750839E-010
      slope:  -4.8701144941277456E-010

      Straight line fit of vz(x)/vx(x):
      offset:   1.8520764273912654E-018
      slope:   8.2228863857653099E-011

      Straight line fit of y(x):
      offset:   0.0000000000000000     
      slope:   0.0000000000000000     

      Straight line fit of vy(x)/vx(x):
      offset:   0.0000000000000000     
      slope:   0.0000000000000000     

      1. magnetic integral [T-m]:    0.00000000       5.39287683E-14   0.00000000    
      2. mag. integral [T-m**2]:    0.00000000       7.76503971E-18   0.00000000    

      Integrated By**2 [T**2-m]:                      1.24437747E-05
      Energy irradiated by the device per e- [MeV]:   4.66917456E-08
      Rel. energy loss:                               2.71148347E-11
      Power irradiated by the device [kWATT]:         4.66917481E-06

      Length of trajectory (BINT0) [m]:
         4.1496000000120663     
      Integrated (YP**2+ZP**2)/2 of trajectory (WTRA2I) [m]:
         1.1617921948255602E-011
      corresponding phase advance [nm and eV]:
         182.71638500437024        6.7857183339466154     
      dE/E and corresponding dL = 2 * dE/E * L [nm]:
         1.00000005E-03   2.32358434E-05
      Circumference of the ring [m]:                 240.000000    
      Rel. change of total circumference (from BINT0):         
         5.02783003E-14
      Rel. change of total circumference (from WTRA2I):
         4.84080075E-14

      Max. and min. deflection angle [rad]:    3.36218750E-06  -3.36218795E-06


      SPECTRUM
      ===========

      Start and end of points [m] of integration for spectrum
      calculations (XIANF,XIEND):  -1.00000002E+30   1.00000002E+30


      SR WFILL0:

      Parameters:
      WGWINFC:   2646.6899088765672     
      WBL0CUT:   0.0000000000000000     
      WBL0HYS:   1.0000000000000000     

      Pinhole of collimators:
      (X,Y,Z), width, height:

        1.0000E+01  0.0000E+00  0.0000E+00  1.0000E+03  1.0000E+03
        1.0000E+01  0.0000E+00  0.0000E+00  1.0000E+03  1.0000E+03

      Number of sources:           1
      Begin and end of sources (x,y,z):

                 1  -2.07480001       0.00000000       0.00000000    
                 1   2.07480001       0.00000000      -2.03176898E-09

      Horiz., vert. slopes and mag. field
      at begin and end of sources:

                 1   0.00000000       0.00000000       0.00000000    
                 1  -9.40180483E-15   0.00000000       2.48740264E-13


      SR COHEREN:
      Minimum and maximum number of phases  between
      photons and electrons:
         418.204437       420.801086    


       selected observation point:

          10.0000000       0.00000000       0.00000000    


      Source number, mean mag. field (sign from By), abs. mean and rel. rms
      for sources, and critical photon energy [eV] or wavelength [nm]
      (with respect to abs. mean):

           1   1.35923470E-14   1.55721488E-03  0.486472696       3.07081318    

      Photon energy cut-off (SPECCUT):   0.00000000    

      Max. field and photon energy cuts for source points:

           1   2.45631789E-03   0.00000000    

      Data-file written for program RAY
      File: wave_ray.dat                                                                                                                    
      (Device center is assumed at (0,0,0)
      Photon energy:   2837.80005    


      Results of spectrum calculations
      ================================


      Reflectivity coefficients (complex):

       (  1.0000000000000000     ,  0.0000000000000000     )
       (  1.0000000000000000     ,  0.0000000000000000     )
       (  1.0000000000000000     ,  0.0000000000000000     )



      Buffer size for integration (NDWSOU):       20849

      Provided number of integration steps for each source
      (controlled by NLPOI)
      (not necessarily used)

       20747

      Bandwidth:   1.00000005E-03


      Pinhole position (x,y,z) [m]:
         10.0000000       0.00000000       0.00000000    

      Numbers defining inner vert. and hori. edges (MMEDGEY,MMEDGEZ):            0           0
      Numbers defining outerer vert. and hori. edges (MEDGEY,MEDGEZ):            1           1
      Total number of vert. and hori. points:                    73          73
      Number of vert. and horiz. points inside pinhole:          71          71

      Vertical and horizontal grid size [m]:        2.85714286E-05   2.85714286E-05
      Vertical and horizontal size [m x m]:         2.00000009E-03   2.00000009E-03
      Total vert. and horiz. size [m x m]:          2.05714279E-03   2.05714279E-03

      Photon energy or wavelength and flux through pinhole:
      (for all sources and sum)

      2837.80005       22536.8867       22536.8867    
      2838.02026       22620.1719       22620.1719    
      2838.24048       22690.1348       22690.1348    
      2838.46069       22743.1387       22743.1387    
      2838.68091       22776.3105       22776.3105    
      2838.90137       22787.6680       22787.6680    
      2839.12158       22776.1836       22776.1836    
      2839.34180       22741.8125       22741.8125    
      2839.56201       22685.4941       22685.4941    
      2839.78223       22609.0840       22609.0840    
      2840.00244       22515.2715       22515.2715    
      2840.22266       22407.4473       22407.4473    
      2840.44312       22289.5527       22289.5527    
      2840.66333       22165.9043       22165.9043    
      2840.88354       22041.0039       22041.0039    
      2841.10376       21919.3438       21919.3438    
      2841.32397       21805.2188       21805.2188    
      2841.54419       21702.5410       21702.5410    
      2841.76440       21614.6914       21614.6914    
      2841.98486       21544.3730       21544.3730    
      2842.20508       21493.5156       21493.5156    
      2842.42529       21463.1973       21463.1973    
      2842.64551       21453.6211       21453.6211    
      2842.86572       21464.1113       21464.1113    
      2843.08594       21493.1660       21493.1660    
      2843.30615       21538.5195       21538.5195    
      2843.52661       21597.2617       21597.2617    
      2843.74683       21665.9648       21665.9648    
      2843.96704       21740.8301       21740.8301    
      2844.18726       21817.8633       21817.8633    
      2844.40747       21893.0410       21893.0410    
      2844.62769       21962.4707       21962.4707    
      2844.84790       22022.5664       22022.5664    
      2845.06836       22070.1758       22070.1758    
      2845.28857       22102.7188       22102.7188    
      2845.50879       22118.2793       22118.2793    
      2845.72900       22115.6758       22115.6758    
      2845.94922       22094.4902       22094.4902    
      2846.16943       22055.0879       22055.0879    
      2846.38965       21998.5762       21998.5762    
      2846.61011       21926.7539       21926.7539    
      2846.83032       21842.0195       21842.0195    
      2847.05054       21747.2695       21747.2695    
      2847.27075       21645.7656       21645.7656    
      2847.49097       21540.9980       21540.9980    
      2847.71118       21436.5352       21436.5352    
      2847.93140       21335.8828       21335.8828    
      2848.15186       21242.3281       21242.3281    
      2848.37207       21158.8242       21158.8242    
      2848.59229       21087.8691       21087.8691    
      2848.81250       21031.4062       21031.4062    
      2849.03271       20990.7656       20990.7656    
      2849.25293       20966.6113       20966.6113    
      2849.47314       20958.9258       20958.9258    
      2849.69360       20967.0293       20967.0293    
      2849.91382       20989.6133       20989.6133    
      2850.13403       21024.7988       21024.7988    
      2850.35425       21070.2363       21070.2363    
      2850.57446       21123.1914       21123.1914    
      2850.79468       21180.6699       21180.6699    
      2851.01489       21239.5469       21239.5469    
      2851.23535       21296.6797       21296.6797    
      2851.45557       21349.0508       21349.0508    
      2851.67578       21393.8711       21393.8711    
      2851.89600       21428.7012       21428.7012    
      2852.11621       21451.5293       21451.5293    
      2852.33643       21460.8555       21460.8555    
      2852.55664       21455.7383       21455.7383    
      2852.77710       21435.8242       21435.8242    
      2852.99731       21401.3516       21401.3516    
      2853.21753       21353.1289       21353.1289    
      2853.43774       21292.5000       21292.5000    
      2853.65796       21221.2832       21221.2832    
      2853.87817       21141.6836       21141.6836    
      2854.09839       21056.2090       21056.2090    
      2854.31885       20967.5645       20967.5645    
      2854.53906       20878.5449       20878.5449    
      2854.75928       20791.9219       20791.9219    
      2854.97949       20710.3379       20710.3379    
      2855.19971       20636.2031       20636.2031    
      2855.41992       20571.6074       20571.6074    

      Estimated maximum:

         2838.90063       22787.6680    


      Flux density for selected point:

               2837.80005       1.13217024E+10   1.13217024E+10
               2838.02026       1.38883738E+10   1.38883738E+10
               2838.24048       1.64531466E+10   1.64531466E+10
               2838.46069       1.89106360E+10   1.89106360E+10
               2838.68091       2.11599647E+10   2.11599647E+10
               2838.90137       2.31088988E+10   2.31088988E+10
               2839.12158       2.46776033E+10   2.46776033E+10
               2839.34180       2.58019144E+10   2.58019144E+10
               2839.56201       2.64359404E+10   2.64359404E+10
               2839.78223       2.65539256E+10   2.65539256E+10
               2840.00244       2.61512827E+10   2.61512827E+10
               2840.22266       2.52447621E+10   2.52447621E+10
               2840.44312       2.38717379E+10   2.38717379E+10
               2840.66333       2.20886630E+10   2.20886630E+10
               2840.88354       1.99687291E+10   1.99687291E+10
               2841.10376       1.75988531E+10   1.75988531E+10
               2841.32397       1.50761073E+10   1.50761073E+10
               2841.54419       1.25037251E+10   1.25037251E+10
               2841.76440       9.98687027E+09   9.98687027E+09
               2841.98486       7.62832691E+09   7.62832691E+09
               2842.20508       5.52428800E+09   5.52428800E+09
               2842.42529       3.76042342E+09   3.76042342E+09
               2842.64551       2.40838195E+09   2.40838195E+09
               2842.86572       1.52286874E+09   1.52286874E+09
               2843.08594       1.13942131E+09   1.13942131E+09
               2843.30615       1.27297370E+09   1.27297370E+09
               2843.52661       1.91726490E+09   1.91726490E+09
               2843.74683       3.04511616E+09   3.04511616E+09
               2843.96704       4.60956570E+09   4.60956570E+09
               2844.18726       6.54581197E+09   6.54581197E+09
               2844.40747       8.77388493E+09   8.77388493E+09
               2844.62769       1.12019395E+10   1.12019395E+10
               2844.84790       1.37300265E+10   1.37300265E+10
               2845.06836       1.62541988E+10   1.62541988E+10
               2845.28857       1.86707681E+10   1.86707681E+10
               2845.50879       2.08805601E+10   2.08805601E+10
               2845.72900       2.27929620E+10   2.27929620E+10
               2845.94922       2.43296399E+10   2.43296399E+10
               2846.16943       2.54277222E+10   2.54277222E+10
               2846.38965       2.60423680E+10   2.60423680E+10
               2846.61011       2.61485875E+10   2.61485875E+10
               2846.83032       2.57422397E+10   2.57422397E+10
               2847.05054       2.48401920E+10   2.48401920E+10
               2847.27075       2.34796032E+10   2.34796032E+10
               2847.49097       2.17163776E+10   2.17163776E+10
               2847.71118       1.96228731E+10   1.96228731E+10
               2847.93140       1.72849029E+10   1.72849029E+10
               2848.15186       1.47982234E+10   1.47982234E+10
               2848.37207       1.22645955E+10   1.22645955E+10
               2848.59229       9.78761318E+09   9.78761318E+09
               2848.81250       7.46845798E+09   7.46845798E+09
               2849.03271       5.40176026E+09   5.40176026E+09
               2849.25293       3.67172582E+09   3.67172582E+09
               2849.47314       2.34870067E+09   2.34870067E+09
               2849.69360       1.48630106E+09   1.48630106E+09
               2849.91382       1.11923430E+09   1.11923430E+09
               2850.13403       1.26189466E+09   1.26189466E+09
               2850.35425       1.90779315E+09   1.90779315E+09
               2850.57446       3.02984218E+09   3.02984218E+09
               2850.79468       4.58148352E+09   4.58148352E+09
               2851.01489       6.49861325E+09   6.49861325E+09
               2851.23535       8.70222234E+09   8.70222234E+09
               2851.45557       1.11016428E+10   1.11016428E+10
               2851.67578       1.35982756E+10   1.35982756E+10
               2851.89600       1.60896287E+10   1.60896287E+10
               2852.11621       1.84735212E+10   1.84735212E+10
               2852.33643       2.06522573E+10   2.06522573E+10
               2852.55664       2.25366364E+10   2.25366364E+10
               2852.77710       2.40495759E+10   2.40495759E+10
               2852.99731       2.51292733E+10   2.51292733E+10
               2853.21753       2.57317069E+10   2.57317069E+10
               2853.43774       2.58324275E+10   2.58324275E+10
               2853.65796       2.54275379E+10   2.54275379E+10
               2853.87817       2.45338317E+10   2.45338317E+10
               2854.09839       2.31880827E+10   2.31880827E+10
               2854.31885       2.14455276E+10   2.14455276E+10
               2854.53906       1.93775780E+10   1.93775780E+10
               2854.75928       1.70688850E+10   1.70688850E+10
               2854.97949       1.46138614E+10   1.46138614E+10
               2855.19971       1.21128110E+10   1.21128110E+10
               2855.41992       9.66781030E+09   9.66781030E+09

      Estimated maximum:

         2839.72192       2.65733796E+10


      Power through pinhole [W]:
      (for all sources and sum)
       1.48724124E-03   1.48724124E-03


      Power density at selected point [W/m**2]:

                528.743530       528.743530    




      Photon energy or wavelength and normalized components S0, S1/S0,
      S2/S0, S3/S0 of STOKES vector and polarization for pinhole:

       2.8378E+03  2.2537E+04  8.6197E-01 -1.5115E-10  1.4188E-18  8.6197E-01
       2.8380E+03  2.2620E+04  8.6261E-01 -6.4223E-11  3.1412E-18  8.6261E-01
       2.8382E+03  2.2690E+04  8.6315E-01 -1.2955E-09 -6.2630E-19  8.6315E-01
       2.8385E+03  2.2743E+04  8.6358E-01  4.1504E-10 -1.8745E-18  8.6358E-01
       2.8387E+03  2.2776E+04  8.6387E-01  2.9574E-09 -1.8718E-18  8.6387E-01
       2.8389E+03  2.2788E+04  8.6401E-01 -1.1136E-10 -1.2472E-18  8.6401E-01
       2.8391E+03  2.2776E+04  8.6400E-01 -1.4746E-09 -2.4957E-18  8.6400E-01
       2.8393E+03  2.2742E+04  8.6384E-01  1.1992E-09 -2.1871E-18  8.6384E-01
       2.8396E+03  2.2685E+04  8.6351E-01 -1.0602E-09 -9.3964E-19  8.6351E-01
       2.8398E+03  2.2609E+04  8.6305E-01 -9.8326E-10  3.7713E-18  8.6305E-01
       2.8400E+03  2.2515E+04  8.6245E-01  1.8589E-09 -9.4675E-19  8.6245E-01
       2.8402E+03  2.2407E+04  8.6175E-01  3.0245E-10  1.5855E-18  8.6175E-01
       2.8404E+03  2.2290E+04  8.6096E-01 -6.9365E-10 -1.2751E-18  8.6096E-01
       2.8407E+03  2.2166E+04  8.6012E-01  9.9619E-10  3.2056E-19  8.6012E-01
       2.8409E+03  2.2041E+04  8.5926E-01  2.5173E-09  6.4475E-19  8.5926E-01
       2.8411E+03  2.1919E+04  8.5840E-01  7.7862E-10 -3.8899E-18  8.5840E-01
       2.8413E+03  2.1805E+04  8.5759E-01 -4.7822E-10  4.0732E-18  8.5759E-01
       2.8415E+03  2.1703E+04  8.5685E-01  2.1985E-09  0.0000E+00  8.5685E-01
       2.8418E+03  2.1615E+04  8.5621E-01  2.2573E-09 -6.5746E-18  8.5621E-01
       2.8420E+03  2.1544E+04  8.5570E-01  2.3107E-10  1.0059E-17  8.5570E-01
       2.8422E+03  2.1494E+04  8.5534E-01  2.4436E-09 -2.6447E-18  8.5534E-01
       2.8424E+03  2.1463E+04  8.5513E-01  1.0068E-10  2.3174E-18  8.5513E-01
       2.8426E+03  2.1454E+04  8.5508E-01 -1.4705E-09 -3.4776E-18  8.5508E-01
       2.8429E+03  2.1464E+04  8.5519E-01 -2.2275E-09 -9.9311E-19  8.5519E-01
       2.8431E+03  2.1493E+04  8.5544E-01 -5.5788E-10  1.6530E-19  8.5544E-01
       2.8433E+03  2.1539E+04  8.5582E-01 -7.3139E-10  1.3196E-18  8.5582E-01
       2.8435E+03  2.1597E+04  8.5631E-01  1.4057E-09  3.1255E-18  8.5631E-01
       2.8437E+03  2.1666E+04  8.5687E-01 -2.0854E-10  3.2795E-19  8.5687E-01
       2.8440E+03  2.1741E+04  8.5747E-01 -1.2645E-09 -3.4317E-18  8.5747E-01
       2.8442E+03  2.1818E+04  8.5810E-01 -1.3276E-10  1.7912E-18  8.5810E-01
       2.8444E+03  2.1893E+04  8.5870E-01 -2.1588E-09  2.5964E-18  8.5870E-01
       2.8446E+03  2.1962E+04  8.5927E-01  7.7099E-10 -3.2353E-18  8.5927E-01
       2.8448E+03  2.2023E+04  8.5976E-01 -2.4076E-09  1.6132E-18  8.5976E-01
       2.8451E+03  2.2070E+04  8.6016E-01  2.5733E-09 -2.5756E-18  8.6016E-01
       2.8453E+03  2.2103E+04  8.6045E-01  6.6793E-12 -9.6442E-19  8.6045E-01
       2.8455E+03  2.2118E+04  8.6062E-01 -9.5300E-10  7.0674E-18  8.6062E-01
       2.8457E+03  2.2116E+04  8.6065E-01 -2.0489E-09  3.8554E-18  8.6065E-01
       2.8459E+03  2.2094E+04  8.6055E-01  2.4115E-09 -2.5727E-18  8.6055E-01
       2.8462E+03  2.2055E+04  8.6031E-01 -2.7061E-09  1.2887E-18  8.6031E-01
       2.8464E+03  2.1999E+04  8.5994E-01  9.0110E-10  3.2299E-19  8.5994E-01
       2.8466E+03  2.1927E+04  8.5946E-01  3.1305E-09 -1.9443E-18  8.5946E-01
       2.8468E+03  2.1842E+04  8.5887E-01 -4.8496E-09  0.0000E+00  8.5887E-01
       2.8471E+03  2.1747E+04  8.5820E-01 -1.2997E-09 -9.8018E-19  8.5820E-01
       2.8473E+03  2.1646E+04  8.5748E-01 -1.5059E-09  1.6413E-18  8.5748E-01
       2.8475E+03  2.1541E+04  8.5671E-01  3.5866E-09  2.3090E-18  8.5671E-01
       2.8477E+03  2.1437E+04  8.5594E-01 -4.0481E-10  8.2866E-19  8.5594E-01
       2.8479E+03  2.1336E+04  8.5520E-01 -4.0032E-10 -1.8316E-18  8.5520E-01
       2.8482E+03  2.1242E+04  8.5450E-01  6.2141E-10 -2.6760E-18  8.5450E-01
       2.8484E+03  2.1159E+04  8.5387E-01  1.1081E-09  4.1977E-18  8.5387E-01
       2.8486E+03  2.1088E+04  8.5334E-01 -2.0547E-09 -6.5704E-18  8.5334E-01
       2.8488E+03  2.1031E+04  8.5293E-01 -1.9860E-09 -8.4462E-18  8.5293E-01
       2.8490E+03  2.0991E+04  8.5264E-01  2.0992E-09  4.5698E-18  8.5264E-01
       2.8493E+03  2.0967E+04  8.5249E-01 -2.1828E-10  3.2195E-18  8.5249E-01
       2.8495E+03  2.0959E+04  8.5248E-01  1.3982E-09 -3.2207E-18  8.5248E-01
       2.8497E+03  2.0967E+04  8.5260E-01 -2.3807E-09  0.0000E+00  8.5260E-01
       2.8499E+03  2.0990E+04  8.5284E-01  7.5482E-10  8.4630E-19  8.5284E-01
       2.8501E+03  2.1025E+04  8.5318E-01 -2.6333E-09 -6.7591E-19  8.5318E-01
       2.8504E+03  2.1070E+04  8.5360E-01  1.3226E-09  1.6861E-18  8.5360E-01
       2.8506E+03  2.1123E+04  8.5409E-01 -1.2743E-09 -3.3638E-19  8.5409E-01
       2.8508E+03  2.1181E+04  8.5461E-01  1.3077E-09 -1.0064E-18  8.5461E-01
       2.8510E+03  2.1240E+04  8.5513E-01 -5.7785E-09  0.0000E+00  8.5513E-01
       2.8512E+03  2.1297E+04  8.5564E-01 -2.6924E-09  1.0009E-18  8.5564E-01
       2.8515E+03  2.1349E+04  8.5611E-01 -4.5129E-10 -3.3282E-18  8.5611E-01
       2.8517E+03  2.1394E+04  8.5652E-01 -1.0557E-09 -5.6461E-18  8.5652E-01
       2.8519E+03  2.1429E+04  8.5684E-01  1.0222E-09  6.6317E-19  8.5684E-01
       2.8521E+03  2.1452E+04  8.5707E-01  4.8683E-10  9.9370E-19  8.5707E-01
       2.8523E+03  2.1461E+04  8.5718E-01 -1.1485E-10  1.6554E-18  8.5718E-01
       2.8526E+03  2.1456E+04  8.5718E-01 -1.0308E-09 -1.9870E-18  8.5718E-01
       2.8528E+03  2.1436E+04  8.5706E-01 -1.8348E-09  1.6574E-18  8.5706E-01
       2.8530E+03  2.1401E+04  8.5682E-01  3.3882E-10 -6.6402E-19  8.5682E-01
       2.8532E+03  2.1353E+04  8.5647E-01 -2.6977E-09  0.0000E+00  8.5647E-01
       2.8534E+03  2.1292E+04  8.5602E-01 -1.4478E-09  1.6685E-18  8.5602E-01
       2.8537E+03  2.1221E+04  8.5547E-01  1.3661E-09  1.3393E-18  8.5547E-01
       2.8539E+03  2.1142E+04  8.5486E-01  1.4433E-09 -3.3609E-18  8.5486E-01
       2.8541E+03  2.1056E+04  8.5419E-01  2.6170E-09  1.6873E-18  8.5419E-01
       2.8543E+03  2.0968E+04  8.5349E-01 -1.4968E-09  1.6944E-19  8.5349E-01
       2.8545E+03  2.0879E+04  8.5278E-01  3.7674E-09 -3.2331E-18  8.5278E-01
       2.8548E+03  2.0792E+04  8.5210E-01 -1.5674E-09 -1.5378E-18  8.5210E-01
       2.8550E+03  2.0710E+04  8.5145E-01  2.9979E-09  1.7154E-18  8.5145E-01
       2.8552E+03  2.0636E+04  8.5087E-01  2.9467E-09  2.4102E-18  8.5087E-01
       2.8554E+03  2.0572E+04  8.5037E-01  9.5989E-10 -8.6350E-19  8.5037E-01


      Photon energy [eV] or wavelength [nm] for selected point
      of pinhole, S0, S1/S0, S2/S0, S3/S0, P of
      STOKES vector per unit area [m**2]:


           Observation point (x,y,z) [m]:
              10.0000000       0.00000000       0.00000000    

       2.8378E+03  1.1322E+10  1.0000E+00  0.0000E+00  0.0000E+00  1.0000E+00
       2.8380E+03  1.3888E+10  1.0000E+00  0.0000E+00  0.0000E+00  1.0000E+00
       2.8382E+03  1.6453E+10  1.0000E+00  0.0000E+00  0.0000E+00  1.0000E+00
       2.8385E+03  1.8911E+10  1.0000E+00  0.0000E+00  0.0000E+00  1.0000E+00
       2.8387E+03  2.1160E+10  1.0000E+00  0.0000E+00  0.0000E+00  1.0000E+00
       2.8389E+03  2.3109E+10  1.0000E+00  0.0000E+00  0.0000E+00  1.0000E+00
       2.8391E+03  2.4678E+10  1.0000E+00  0.0000E+00  0.0000E+00  1.0000E+00
       2.8393E+03  2.5802E+10  1.0000E+00  0.0000E+00  0.0000E+00  1.0000E+00
       2.8396E+03  2.6436E+10  1.0000E+00  0.0000E+00  0.0000E+00  1.0000E+00
       2.8398E+03  2.6554E+10  1.0000E+00  0.0000E+00  0.0000E+00  1.0000E+00
       2.8400E+03  2.6151E+10  1.0000E+00  0.0000E+00  0.0000E+00  1.0000E+00
       2.8402E+03  2.5245E+10  1.0000E+00  0.0000E+00  0.0000E+00  1.0000E+00
       2.8404E+03  2.3872E+10  1.0000E+00  0.0000E+00  0.0000E+00  1.0000E+00
       2.8407E+03  2.2089E+10  1.0000E+00  0.0000E+00  0.0000E+00  1.0000E+00
       2.8409E+03  1.9969E+10  1.0000E+00  0.0000E+00  0.0000E+00  1.0000E+00
       2.8411E+03  1.7599E+10  1.0000E+00  0.0000E+00  0.0000E+00  1.0000E+00
       2.8413E+03  1.5076E+10  1.0000E+00  0.0000E+00  0.0000E+00  1.0000E+00
       2.8415E+03  1.2504E+10  1.0000E+00  0.0000E+00  0.0000E+00  1.0000E+00
       2.8418E+03  9.9869E+09  1.0000E+00  0.0000E+00  0.0000E+00  1.0000E+00
       2.8420E+03  7.6283E+09  1.0000E+00  0.0000E+00  0.0000E+00  1.0000E+00
       2.8422E+03  5.5243E+09  1.0000E+00  0.0000E+00  0.0000E+00  1.0000E+00
       2.8424E+03  3.7604E+09  1.0000E+00  0.0000E+00  0.0000E+00  1.0000E+00
       2.8426E+03  2.4084E+09  1.0000E+00  0.0000E+00  0.0000E+00  1.0000E+00
       2.8429E+03  1.5229E+09  1.0000E+00  0.0000E+00  0.0000E+00  1.0000E+00
       2.8431E+03  1.1394E+09  1.0000E+00  0.0000E+00  0.0000E+00  1.0000E+00
       2.8433E+03  1.2730E+09  1.0000E+00  0.0000E+00  0.0000E+00  1.0000E+00
       2.8435E+03  1.9173E+09  1.0000E+00  0.0000E+00  0.0000E+00  1.0000E+00
       2.8437E+03  3.0451E+09  1.0000E+00  0.0000E+00  0.0000E+00  1.0000E+00
       2.8440E+03  4.6096E+09  1.0000E+00  0.0000E+00  0.0000E+00  1.0000E+00
       2.8442E+03  6.5458E+09  1.0000E+00  0.0000E+00  0.0000E+00  1.0000E+00
       2.8444E+03  8.7739E+09  1.0000E+00  0.0000E+00  0.0000E+00  1.0000E+00
       2.8446E+03  1.1202E+10  1.0000E+00  0.0000E+00  0.0000E+00  1.0000E+00
       2.8448E+03  1.3730E+10  1.0000E+00  0.0000E+00  0.0000E+00  1.0000E+00
       2.8451E+03  1.6254E+10  1.0000E+00  0.0000E+00  0.0000E+00  1.0000E+00
       2.8453E+03  1.8671E+10  1.0000E+00  0.0000E+00  0.0000E+00  1.0000E+00
       2.8455E+03  2.0881E+10  1.0000E+00  0.0000E+00  0.0000E+00  1.0000E+00
       2.8457E+03  2.2793E+10  1.0000E+00  0.0000E+00  0.0000E+00  1.0000E+00
       2.8459E+03  2.4330E+10  1.0000E+00  0.0000E+00  0.0000E+00  1.0000E+00
       2.8462E+03  2.5428E+10  1.0000E+00  0.0000E+00  0.0000E+00  1.0000E+00
       2.8464E+03  2.6042E+10  1.0000E+00  0.0000E+00  0.0000E+00  1.0000E+00
       2.8466E+03  2.6149E+10  1.0000E+00  0.0000E+00  0.0000E+00  1.0000E+00
       2.8468E+03  2.5742E+10  1.0000E+00  0.0000E+00  0.0000E+00  1.0000E+00
       2.8471E+03  2.4840E+10  1.0000E+00  0.0000E+00  0.0000E+00  1.0000E+00
       2.8473E+03  2.3480E+10  1.0000E+00  0.0000E+00  0.0000E+00  1.0000E+00
       2.8475E+03  2.1716E+10  1.0000E+00  0.0000E+00  0.0000E+00  1.0000E+00
       2.8477E+03  1.9623E+10  1.0000E+00  0.0000E+00  0.0000E+00  1.0000E+00
       2.8479E+03  1.7285E+10  1.0000E+00  0.0000E+00  0.0000E+00  1.0000E+00
       2.8482E+03  1.4798E+10  1.0000E+00  0.0000E+00  0.0000E+00  1.0000E+00
       2.8484E+03  1.2265E+10  1.0000E+00  0.0000E+00  0.0000E+00  1.0000E+00
       2.8486E+03  9.7876E+09  1.0000E+00  0.0000E+00  0.0000E+00  1.0000E+00
       2.8488E+03  7.4685E+09  1.0000E+00  0.0000E+00  0.0000E+00  1.0000E+00
       2.8490E+03  5.4018E+09  1.0000E+00  0.0000E+00  0.0000E+00  1.0000E+00
       2.8493E+03  3.6717E+09  1.0000E+00  0.0000E+00  0.0000E+00  1.0000E+00
       2.8495E+03  2.3487E+09  1.0000E+00  0.0000E+00  0.0000E+00  1.0000E+00
       2.8497E+03  1.4863E+09  1.0000E+00  0.0000E+00  0.0000E+00  1.0000E+00
       2.8499E+03  1.1192E+09  1.0000E+00  0.0000E+00  0.0000E+00  1.0000E+00
       2.8501E+03  1.2619E+09  1.0000E+00  0.0000E+00  0.0000E+00  1.0000E+00
       2.8504E+03  1.9078E+09  1.0000E+00  0.0000E+00  0.0000E+00  1.0000E+00
       2.8506E+03  3.0298E+09  1.0000E+00  0.0000E+00  0.0000E+00  1.0000E+00
       2.8508E+03  4.5815E+09  1.0000E+00  0.0000E+00  0.0000E+00  1.0000E+00
       2.8510E+03  6.4986E+09  1.0000E+00  0.0000E+00  0.0000E+00  1.0000E+00
       2.8512E+03  8.7022E+09  1.0000E+00  0.0000E+00  0.0000E+00  1.0000E+00
       2.8515E+03  1.1102E+10  1.0000E+00  0.0000E+00  0.0000E+00  1.0000E+00
       2.8517E+03  1.3598E+10  1.0000E+00  0.0000E+00  0.0000E+00  1.0000E+00
       2.8519E+03  1.6090E+10  1.0000E+00  0.0000E+00  0.0000E+00  1.0000E+00
       2.8521E+03  1.8474E+10  1.0000E+00  0.0000E+00  0.0000E+00  1.0000E+00
       2.8523E+03  2.0652E+10  1.0000E+00  0.0000E+00  0.0000E+00  1.0000E+00
       2.8526E+03  2.2537E+10  1.0000E+00  0.0000E+00  0.0000E+00  1.0000E+00
       2.8528E+03  2.4050E+10  1.0000E+00  0.0000E+00  0.0000E+00  1.0000E+00
       2.8530E+03  2.5129E+10  1.0000E+00  0.0000E+00  0.0000E+00  1.0000E+00
       2.8532E+03  2.5732E+10  1.0000E+00  0.0000E+00  0.0000E+00  1.0000E+00
       2.8534E+03  2.5832E+10  1.0000E+00  0.0000E+00  0.0000E+00  1.0000E+00
       2.8537E+03  2.5428E+10  1.0000E+00  0.0000E+00  0.0000E+00  1.0000E+00
       2.8539E+03  2.4534E+10  1.0000E+00  0.0000E+00  0.0000E+00  1.0000E+00
       2.8541E+03  2.3188E+10  1.0000E+00  0.0000E+00  0.0000E+00  1.0000E+00
       2.8543E+03  2.1446E+10  1.0000E+00  0.0000E+00  0.0000E+00  1.0000E+00
       2.8545E+03  1.9378E+10  1.0000E+00  0.0000E+00  0.0000E+00  1.0000E+00
       2.8548E+03  1.7069E+10  1.0000E+00  0.0000E+00  0.0000E+00  1.0000E+00
       2.8550E+03  1.4614E+10  1.0000E+00  0.0000E+00  0.0000E+00  1.0000E+00
       2.8552E+03  1.2113E+10  1.0000E+00  0.0000E+00  0.0000E+00  1.0000E+00
       2.8554E+03  9.6678E+09  1.0000E+00  0.0000E+00  0.0000E+00  1.0000E+00

       Total absolut maxima found for Stokes-V. (z,y,Eph,fluxdens.)

       -2.8571E-05 -2.0000E-04  2.8396E+03  2.8815E+10
       -2.8571E-05 -2.0000E-04  2.8396E+03  2.8810E+10
        5.1429E-04  5.7143E-05  2.8380E+03  7.5146E+09
        7.7143E-04  2.8571E-05  2.8378E+03  3.4706E+09


       Estimated maxima of s0, s1, s2 ,s3 for selected point:
          2839.72192       2.65733796E+10
          2839.72192       2.65733837E+10
          0.00000000       0.00000000    
          0.00000000       0.00000000    


       Estimated maximum of s3*s3/s0 for selected point:
          0.00000000       0.00000000    


       Estimated maxima of fluxes s0, s1, s2 ,s3:
          2838.90063       22787.6680    
          2838.91504       19688.9336    
          2851.03540       1.23418271E-04
          2841.94482       2.20591218E-13


       Estimated maxima of fluxes s3*s3/s0:
          2841.95850       2.20340548E-30



      Brilliance calculations:
      (only meaningful for undulators)

      sigr=sqrt(2*lambda*L)/2/pi*sigrc and 
      sigrp=sqrt(lambda/2/L)*sigrpc

       sigrc,sigrpc:   1.0000000000000000        1.0000000000000000     

      make sure that the device length agrees to the length
      of the trajectory
      (for rec-fields rangrec and rangpm are substracted by program)

      Observation point:

         10.0000000       0.00000000       0.00000000    

      considered device length [m]:   4.14960003    


      Brilliance [photons/sec/BW/mm**2/mrad**2]

          2837.8        0.19618E+10    0.19618E+10     0.0000         0.0000    
          2838.0        0.24068E+10    0.24068E+10     0.0000         0.0000    
          2838.2        0.28515E+10    0.28515E+10     0.0000         0.0000    
          2838.5        0.32776E+10    0.32776E+10     0.0000         0.0000    
          2838.7        0.36678E+10    0.36678E+10     0.0000         0.0000    
          2838.9        0.40059E+10    0.40059E+10     0.0000         0.0000    
          2839.1        0.42782E+10    0.42782E+10     0.0000         0.0000    
          2839.3        0.44734E+10    0.44734E+10     0.0000         0.0000    
          2839.6        0.45837E+10    0.45837E+10     0.0000         0.0000    
          2839.8        0.46045E+10    0.46045E+10     0.0000         0.0000    
          2840.0        0.45350E+10    0.45350E+10     0.0000         0.0000    
          2840.2        0.43782E+10    0.43782E+10     0.0000         0.0000    
          2840.4        0.41404E+10    0.41404E+10     0.0000         0.0000    
          2840.7        0.38314E+10    0.38314E+10     0.0000         0.0000    
          2840.9        0.34640E+10    0.34640E+10     0.0000         0.0000    
          2841.1        0.30531E+10    0.30531E+10     0.0000         0.0000    
          2841.3        0.26157E+10    0.26157E+10     0.0000         0.0000    
          2841.5        0.21695E+10    0.21695E+10     0.0000         0.0000    
          2841.8        0.17330E+10    0.17330E+10     0.0000         0.0000    
          2842.0        0.13238E+10    0.13238E+10     0.0000         0.0000    
          2842.2        0.95874E+09    0.95874E+09     0.0000         0.0000    
          2842.4        0.65267E+09    0.65267E+09     0.0000         0.0000    
          2842.6        0.41804E+09    0.41804E+09     0.0000         0.0000    
          2842.9        0.26436E+09    0.26436E+09     0.0000         0.0000    
          2843.1        0.19781E+09    0.19781E+09     0.0000         0.0000    
          2843.3        0.22101E+09    0.22101E+09     0.0000         0.0000    
          2843.5        0.33290E+09    0.33290E+09     0.0000         0.0000    
          2843.7        0.52877E+09    0.52877E+09     0.0000         0.0000    
          2844.0        0.80049E+09    0.80049E+09     0.0000         0.0000    
          2844.2        0.11368E+10    0.11368E+10     0.0000         0.0000    
          2844.4        0.15239E+10    0.15239E+10     0.0000         0.0000    
          2844.6        0.19458E+10    0.19458E+10     0.0000         0.0000    
          2844.8        0.23851E+10    0.23851E+10     0.0000         0.0000    
          2845.1        0.28238E+10    0.28238E+10     0.0000         0.0000    
          2845.3        0.32438E+10    0.32438E+10     0.0000         0.0000    
          2845.5        0.36280E+10    0.36280E+10     0.0000         0.0000    
          2845.7        0.39606E+10    0.39606E+10     0.0000         0.0000    
          2845.9        0.42280E+10    0.42280E+10     0.0000         0.0000    
          2846.2        0.44191E+10    0.44191E+10     0.0000         0.0000    
          2846.4        0.45263E+10    0.45263E+10     0.0000         0.0000    
          2846.6        0.45451E+10    0.45451E+10     0.0000         0.0000    
          2846.8        0.44748E+10    0.44748E+10     0.0000         0.0000    
          2847.1        0.43184E+10    0.43184E+10     0.0000         0.0000    
          2847.3        0.40822E+10    0.40822E+10     0.0000         0.0000    
          2847.5        0.37759E+10    0.37759E+10     0.0000         0.0000    
          2847.7        0.34122E+10    0.34122E+10     0.0000         0.0000    
          2847.9        0.30058E+10    0.30058E+10     0.0000         0.0000    
          2848.2        0.25736E+10    0.25736E+10     0.0000         0.0000    
          2848.4        0.21331E+10    0.21331E+10     0.0000         0.0000    
          2848.6        0.17025E+10    0.17025E+10     0.0000         0.0000    
          2848.8        0.12992E+10    0.12992E+10     0.0000         0.0000    
          2849.0        0.93973E+09    0.93973E+09     0.0000         0.0000    
          2849.3        0.63881E+09    0.63881E+09     0.0000         0.0000    
          2849.5        0.40866E+09    0.40866E+09     0.0000         0.0000    
          2849.7        0.25863E+09    0.25863E+09     0.0000         0.0000    
          2849.9        0.19477E+09    0.19477E+09     0.0000         0.0000    
          2850.1        0.21961E+09    0.21961E+09     0.0000         0.0000    
          2850.4        0.33205E+09    0.33205E+09     0.0000         0.0000    
          2850.6        0.52738E+09    0.52738E+09     0.0000         0.0000    
          2850.8        0.79752E+09    0.79752E+09     0.0000         0.0000    
          2851.0        0.11313E+10    0.11313E+10     0.0000         0.0000    
          2851.2        0.15151E+10    0.15151E+10     0.0000         0.0000    
          2851.5        0.19330E+10    0.19330E+10     0.0000         0.0000    
          2851.7        0.23679E+10    0.23679E+10     0.0000         0.0000    
          2851.9        0.28019E+10    0.28019E+10     0.0000         0.0000    
          2852.1        0.32173E+10    0.32173E+10     0.0000         0.0000    
          2852.3        0.35970E+10    0.35970E+10     0.0000         0.0000    
          2852.6        0.39255E+10    0.39255E+10     0.0000         0.0000    
          2852.8        0.41893E+10    0.41893E+10     0.0000         0.0000    
          2853.0        0.43778E+10    0.43778E+10     0.0000         0.0000    
          2853.2        0.44831E+10    0.44831E+10     0.0000         0.0000    
          2853.4        0.45009E+10    0.45009E+10     0.0000         0.0000    
          2853.7        0.44307E+10    0.44307E+10     0.0000         0.0000    
          2853.9        0.42753E+10    0.42753E+10     0.0000         0.0000    
          2854.1        0.40411E+10    0.40411E+10     0.0000         0.0000    
          2854.3        0.37377E+10    0.37377E+10     0.0000         0.0000    
          2854.5        0.33776E+10    0.33776E+10     0.0000         0.0000    
          2854.8        0.29754E+10    0.29754E+10     0.0000         0.0000    
          2855.0        0.25476E+10    0.25476E+10     0.0000         0.0000    
          2855.2        0.21118E+10    0.21118E+10     0.0000         0.0000    
          2855.4        0.16857E+10    0.16857E+10     0.0000         0.0000    


      estimated brilliance maxima, flux and flux-density of S0, S1, S2, S3:

          2839.7        0.46078E+10     878.39        0.26573E+07
          2839.7        0.46078E+10     878.39        0.26573E+07
          0.0000         0.0000         0.0000         0.0000    
          0.0000         0.0000         0.0000         0.0000    

      estimated brilliance maximum of S3*S3/S0:

          0.0000         0.0000    

      ---> flag IFOLD is not set, emittance effects are estimated
      from horizontal beam size [mm] and divergence [mrad]: 
         2.16000000E-04   2.47999997E-05
      vertical beam size [mm] and divergence [mrad]: 
         1.87000005E-05   4.29000011E-06


      Brilliance [photons/sec/BW/mm**2/mrad**2] with emittance

          2837.8        0.95865E+07    0.95865E+07     0.0000         0.0000    
          2838.0        0.11759E+08    0.11759E+08     0.0000         0.0000    
          2838.2        0.13930E+08    0.13930E+08     0.0000         0.0000    
          2838.5        0.16010E+08    0.16010E+08     0.0000         0.0000    
          2838.7        0.17914E+08    0.17914E+08     0.0000         0.0000    
          2838.9        0.19563E+08    0.19563E+08     0.0000         0.0000    
          2839.1        0.20891E+08    0.20891E+08     0.0000         0.0000    
          2839.3        0.21842E+08    0.21842E+08     0.0000         0.0000    
          2839.6        0.22377E+08    0.22377E+08     0.0000         0.0000    
          2839.8        0.22476E+08    0.22476E+08     0.0000         0.0000    
          2840.0        0.22135E+08    0.22135E+08     0.0000         0.0000    
          2840.2        0.21367E+08    0.21367E+08     0.0000         0.0000    
          2840.4        0.20204E+08    0.20204E+08     0.0000         0.0000    
          2840.7        0.18694E+08    0.18694E+08     0.0000         0.0000    
          2840.9        0.16899E+08    0.16899E+08     0.0000         0.0000    
          2841.1        0.14893E+08    0.14893E+08     0.0000         0.0000    
          2841.3        0.12758E+08    0.12758E+08     0.0000         0.0000    
          2841.5        0.10581E+08    0.10581E+08     0.0000         0.0000    
          2841.8        0.84505E+07    0.84505E+07     0.0000         0.0000    
          2842.0        0.64545E+07    0.64545E+07     0.0000         0.0000    
          2842.2        0.46741E+07    0.46741E+07     0.0000         0.0000    
          2842.4        0.31816E+07    0.31816E+07     0.0000         0.0000    
          2842.6        0.20376E+07    0.20376E+07     0.0000         0.0000    
          2842.9        0.12883E+07    0.12883E+07     0.0000         0.0000    
          2843.1        0.96391E+06    0.96391E+06     0.0000         0.0000    
          2843.3        0.10769E+07    0.10769E+07     0.0000         0.0000    
          2843.5        0.16218E+07    0.16218E+07     0.0000         0.0000    
          2843.7        0.25758E+07    0.25758E+07     0.0000         0.0000    
          2844.0        0.38990E+07    0.38990E+07     0.0000         0.0000    
          2844.2        0.55365E+07    0.55365E+07     0.0000         0.0000    
          2844.4        0.74208E+07    0.74208E+07     0.0000         0.0000    
          2844.6        0.94740E+07    0.94740E+07     0.0000         0.0000    
          2844.8        0.11612E+08    0.11612E+08     0.0000         0.0000    
          2845.1        0.13746E+08    0.13746E+08     0.0000         0.0000    
          2845.3        0.15789E+08    0.15789E+08     0.0000         0.0000    
          2845.5        0.17657E+08    0.17657E+08     0.0000         0.0000    
          2845.7        0.19273E+08    0.19273E+08     0.0000         0.0000    
          2845.9        0.20572E+08    0.20572E+08     0.0000         0.0000    
          2846.2        0.21500E+08    0.21500E+08     0.0000         0.0000    
          2846.4        0.22019E+08    0.22019E+08     0.0000         0.0000    
          2846.6        0.22108E+08    0.22108E+08     0.0000         0.0000    
          2846.8        0.21763E+08    0.21763E+08     0.0000         0.0000    
          2847.1        0.21000E+08    0.21000E+08     0.0000         0.0000    
          2847.3        0.19849E+08    0.19849E+08     0.0000         0.0000    
          2847.5        0.18358E+08    0.18358E+08     0.0000         0.0000    
          2847.7        0.16587E+08    0.16587E+08     0.0000         0.0000    
          2847.9        0.14610E+08    0.14610E+08     0.0000         0.0000    
          2848.2        0.12508E+08    0.12508E+08     0.0000         0.0000    
          2848.4        0.10366E+08    0.10366E+08     0.0000         0.0000    
          2848.6        0.82722E+07    0.82722E+07     0.0000         0.0000    
          2848.8        0.63119E+07    0.63119E+07     0.0000         0.0000    
          2849.0        0.45651E+07    0.45651E+07     0.0000         0.0000    
          2849.3        0.31029E+07    0.31029E+07     0.0000         0.0000    
          2849.5        0.19848E+07    0.19848E+07     0.0000         0.0000    
          2849.7        0.12559E+07    0.12559E+07     0.0000         0.0000    
          2849.9        0.94573E+06    0.94573E+06     0.0000         0.0000    
          2850.1        0.10662E+07    0.10662E+07     0.0000         0.0000    
          2850.4        0.16119E+07    0.16119E+07     0.0000         0.0000    
          2850.6        0.25599E+07    0.25599E+07     0.0000         0.0000    
          2850.8        0.38707E+07    0.38707E+07     0.0000         0.0000    
          2851.0        0.54902E+07    0.54902E+07     0.0000         0.0000    
          2851.2        0.73516E+07    0.73516E+07     0.0000         0.0000    
          2851.5        0.93782E+07    0.93782E+07     0.0000         0.0000    
          2851.7        0.11487E+08    0.11487E+08     0.0000         0.0000    
          2851.9        0.13591E+08    0.13591E+08     0.0000         0.0000    
          2852.1        0.15604E+08    0.15604E+08     0.0000         0.0000    
          2852.3        0.17444E+08    0.17444E+08     0.0000         0.0000    
          2852.6        0.19035E+08    0.19034E+08     0.0000         0.0000    
          2852.8        0.20312E+08    0.20312E+08     0.0000         0.0000    
          2853.0        0.21223E+08    0.21223E+08     0.0000         0.0000    
          2853.2        0.21731E+08    0.21731E+08     0.0000         0.0000    
          2853.4        0.21815E+08    0.21815E+08     0.0000         0.0000    
          2853.7        0.21472E+08    0.21472E+08     0.0000         0.0000    
          2853.9        0.20717E+08    0.20717E+08     0.0000         0.0000    
          2854.1        0.19580E+08    0.19580E+08     0.0000         0.0000    
          2854.3        0.18108E+08    0.18108E+08     0.0000         0.0000    
          2854.5        0.16361E+08    0.16361E+08     0.0000         0.0000    
          2854.8        0.14411E+08    0.14411E+08     0.0000         0.0000    
          2855.0        0.12338E+08    0.12338E+08     0.0000         0.0000    
          2855.2        0.10226E+08    0.10226E+08     0.0000         0.0000    
          2855.4        0.81615E+07    0.81615E+07     0.0000         0.0000    


      estimated brilliance maxima, flux and flux-density of S0, S1, S2, S3
      with emittance:

          2839.7        0.22493E+08     878.39        0.64204E+06
          2839.7        0.22493E+08     878.39        0.64204E+06
          0.0000         0.0000         0.0000         0.0000    
          0.0000         0.0000         0.0000         0.0000    

      estimated brilliance maximum of S3*S3/S0 with emittance:

          0.0000         0.0000    

      corresponding sigmas of source size [mm]
      and divergence [mrad] without and with emittance
      (including corr. factors sigrc,sigrpc):

      L/mm, lambda/mm:    4149.60010       4.36613846E-07
      without emit.:    9.58047435E-03   7.25321658E-03
         with emit.:    6.74010888E-02   1.47561114E-02
         (sigrf**2 = sigrxf*sigryf)


      LAST CHECK:

           BMAXGL:   2.4563166755265714E-003

           XBMAXGL:  -2.0501000010875470     
           YBMAXGL:   0.0000000000000000     
           ZBMAXGL:  -2.6405431635772626E-008


      CURRENT NUMBER:         197


                     --- Program WAVE completed ---



                                                   07:51:19 01.02.16

