
                                                   22:39:03 31.01.16


           *********************************************
           *          PROGRAM WAVE                     *
           *                                           *
           *          VERSION 3.03/01 13.11.2015       *
           *                                           *
           *          Michael Scheer                   *
           *              BESSY                        *
           *********************************************

      USER COMMENT:

      U49 Peter Baumgaertel                                            

      CURRENT NUMBER:           1


      USER NAMELIST:



      MODE FLAGS:

      IUNDULATOR,IWIGGLER:            1           0



      CONTROL FLAGS:


      IUNAME,IUSTEP,IUOUT:            0           0           0
      IOPTIC,IGENFUN:                 0           0
      IMAGSPLN:                   -9999
      IEMIT,IEMIAHW:                  0           0
      IWLSOPT,IBEAMPOL:               0           0
      IENELOSS, IEFIELD:             -1           0
      IPOWER,ISPEC:                   0           1
      IVELOFIELD,ISPECMODE:           0           3
         IWFILL0,IRFILL0:                      0           0
         ISPECINT,IPIN:                        0           1
         IUSEM,ISTOKES:                        0           1
         IBRILL:                               1
         IPINCIRC,IRPHI:                       0           0
         IFOLD,ISIGUSR:                        0           1
         IF1DIM,IPOLA:                         0           0
         IWFILSP0,IWFILSPF:                    0           0
         IRFILSP0,IRFILSTO:                    0           0
         IWFILSTO,IWFLSTOF:                    0           0
         ISPECANA,ISPECANAF:                   0           0
         IAMPLI,IAMPSKIP:                      0           0
         IWFILFL0,IWFILFLF:                    0           0
         IWFILS,IWFILSF:                       0           0
         IWFILSE,IWFILSEF:                     0           0
         IWFILB,IWFILBF:                       0           0
         IWFILBE,IWFILBEF:                     0           0
         IWFILINT,IPINALL:                     0           0
         IRFILOB,IFILTER:                      0           0
         IWFILRAY,IDESYNC:                     1           0
         IPHASE,IPHASEANA:                     0           0
         IDOSE,IEFOLD:                         0           0
         ISPECDIP,IBL0CUT:                     0           0
         IEFFI,IFILMUL:                        0           0
         IBUNCH:                               0
      IWFILF:                         0


      MAGNETIC FIELD FLAGS:



      ICHARGE,IBMASK,JBMASK:          -1           0           0
      IBSUPER,IBERROR:                 1           0
      ICUTFIBO:                        1

      IPERIODG,IBSYM:                 0           0
      IBSYMY,IBSYMZ:                  0           0
      KBEXTERN,KBFELD:                0           0
      KHALBA,KHALBASY:                0           0
      KUCROSS,IRFILP:                 0           0
      KMAGSEQ,IMGSQF:                 0           0
             KMAGCOR:                 1
      IRFILF,IRBTAB:                  0           0
      IRBTABZY,KELLIP:                0           1
      KBPOLYH,KBPOLY3D:               0           0
      KBREC,KELLANA:                  0           0
      KBPOLYMAG,KBGENESIS:            0           0
      KBAMWLS:                        0



      HISTOGRAM FLAGS:

      IHBOOK,IHINDEX:                 1           0


      OTHER OPTIONS:


      IWBTAB,IWFILT0:                 0           0
      IWSECTMAGS:                     0
      IJUST,ISNORDER:                 0           0
      IWBMAP,IWBPOLY3D:               0           0
      IWBPOLY2DH,IWBPHARM:            0           0


      SR BELLIP, Parameters of elliptical undulator:
      horizontal and vertical peak field [T]:   0.00000000      0.758815944    
      number of periods, period and device length [m]:
         84.0000000       4.94000018E-02   4.14960003    
      shift parameter [periods], B_h/B_v:       0.00000000       0.00000000    
      B0_eff [T], deflection parameter K:  0.758815944       3.50013065    
      1. harmonical [nm] and [eV]:   15.4982738       80.0000000    
      critical energy [eV]:   1496.37793    

      longitudinal position of device center [m]:   0.0000000000000000     

      scaling factor for taper:   0.0000000000000000     

  
      Subroutine photon (quantum fluctuations):
  
       number of sampling bins (NBING1)        1000
       max. photon energy normalized to characteristic energy (EECMAXG1):
          5.0000000000000000     
  

      Number of tracking steps per meter (MYINUM):         5000

      Start and end of the trajectory [m](XSTART,XSTOP):
        -2.07480001       2.07480001    

      BMOVECUT:   1.00000001E-07

      Initial energy [GeV] and gamma:    1.72200000       3369.8702546331497     
      Final energy [GeV] and gamma:      1.72199678       3369.8639722331554     
      Relative change:                  -1.86428542E-06
      number of photons, RMS (keV) and rel. RMS of quantum fluctuation:
                14   1.41132522       8.19584955E-07


      B-rho [Tm], current [A]:   -5.74397326      0.100000001    

      Offset for vert. and hori. magnetic field (BYGOFF, BZGOFF):
          0.00000000       0.00000000    
      Global scaling factor for mag. field (B0SCGLOB,A0SCGLOB):
          1.00000000       1.00000000    

      Long. shift [m] of device (X(e-) -> X(e-)+XSHIFT):    0.00000000    
      Vert. shift [m] of device (Y(e-) -> Y(e-)+VSHIFT):    0.00000000    
      Hori. shift [m] of device (Z(e-) -> Z(e-)+HSHIFT):    0.00000000    
      Rotation angle [degree] of device:                    0.00000000    
      Y(e-) -> Y(e-)*sin(XROTD) + Y(e-)*cos(XROTD)
      Z(e-) -> Z(e-)*cos(XROTD) - Y(e-)*sin(XROTD)


      Magnetic field [T] at starting point:
         0.00000000       0.00000000       0.00000000    

      Vector potential [T-m] at starting point:
         0.00000000       0.00000000       0.00000000    


      Magnetic field [T] at stopping point:
         0.00000000       0.00000000       0.00000000    

      Vector potential [T-m] at stopping point:
         0.00000000       0.00000000       0.00000000    

      Extrema of magnetic field [T] and the trajectory [m]:

      BXmax,BXmin:    0.00000000       0.00000000    
      BYmax,BYmin:   0.758755744     -0.758815944    
      BZmax,BZmin:    0.00000000       0.00000000    

      Xmax,Xmin:    2.07480001      -2.07480001    
      Ymax,Ymin:    0.00000000       0.00000000    
      Zmax,Zmin:    8.16822467E-06  -8.16528700E-06


      Extrema of magnetic field [T] and the trajectory [m] between
      XIANF and XIEND

      BXmaxAE,BXminAE:    0.00000000       0.00000000    
      BYmaxAE,BYminAE:   0.758755744     -0.758815944    
      BZmaxAE,BZminAE:    0.00000000       0.00000000    

      XmaxAE,XminAE:    2.07479906      -2.07480001    
      YmaxAE,YminAE:    0.00000000       0.00000000    
      ZmaxAE,ZminAE:    8.16822467E-06  -8.16528700E-06


      Start values (coordinates [m] and slopes) of trajectory:

      X0:   -2.0747999999999998     
      Y0:    0.0000000000000000     
      Z0:    0.0000000000000000     

      ZP0:   0.0000000000000000     
      YP0:   0.0000000000000000     

      VX0:   299792444.80029100     
      VY0:   0.0000000000000000     
      VZ0:   0.0000000000000000     

      Values for X=0 (coordinates [m] and slopes) of trajectory:

      YCEN:    0.0000000000000000     
      ZCEN:    8.1669283039503392E-006

      YPCEN:   0.0000000000000000     
      ZPCEN:   6.7653281369476583E-010

      End values (coordinates [m] and slopes) of trajectory:

      XF0:    2.0747999999999998     
      YF0:    0.0000000000000000     
      ZF0:    2.2862438769748554E-009


      ZPF0:    5.3608529796026909E-010
      YPF0:    0.0000000000000000     

      VXF0:    299792444.80023992     
      VYF0:    0.0000000000000000     
      VZF0:   0.16071432209697414     


      Values for X=XIANF (coordinates [m] and slopes) of trajectory:

      XIANF:   -1.0000000000000000E+030
      YIANF:   -9999.0000000000000     
      ZIANF:   -9999.0000000000000     

      YPIANF:  -9999.0000000000000     
      ZPIANF:  -9999.0000000000000     



      Values for X=XIEND (coordinates [m] and slopes) of trajectory:

      XIEND:    1.0000000000000000E+030
      YIEND:   -9999.0000000000000     
      ZIEND:   -9999.0000000000000     

      YPIEND:  -9999.0000000000000     
      ZPIEND:  -9999.0000000000000     


      ZF0/(XSTOP-XSTART):    5.5095524314990741E-010
      YF0/(XSTOP-XSTART):    0.0000000000000000     

      YF0-Y0:   0.0000000000000000     
      ZF0-Z0:   2.2862438769748554E-009

      YPF0-YP0:   0.0000000000000000     
      ZPF0-ZP0:   5.3608529796026909E-010

      Straight line fit of z(x):
      offset:  -3.5454904444964855E-008
      slope:   6.1368199009597463E-010

      Straight line fit of vz(x)/vx(x):
      offset:   5.4719833132528276E-010
      slope:   2.5504645019777536E-008

      Straight line fit of y(x):
      offset:   0.0000000000000000     
      slope:   0.0000000000000000     

      Straight line fit of vy(x)/vx(x):
      offset:   0.0000000000000000     
      slope:   0.0000000000000000     

      1. magnetic integral [T-m]:    0.00000000       8.82985143E-11   0.00000000    
      2. mag. integral [T-m**2]:    0.00000000       4.32890730E-13   0.00000000    

      Integrated By**2 [T**2-m]:                      1.18756342    
      Energy irradiated by the device per e- [MeV]:   4.45597898E-03
      Rel. energy loss:                               2.58767659E-06
      Power irradiated by the device [kWATT]:        0.445597917    

      Length of trajectory (BINT0) [m]:
         4.1496011098744532     
      Integrated (YP**2+ZP**2)/2 of trajectory (WTRA2I) [m]:
         1.1098745896834734E-006
      corresponding phase advance [nm and eV]:
         1292.5800379954685       0.95921481625182747     
      dE/E and corresponding dL = 2 * dE/E * L [nm]:
         1.00000005E-03   2.21974921    
      Circumference of the ring [m]:                 240.000000    
      Rel. change of total circumference (from BINT0):         
         4.62447680E-09
      Rel. change of total circumference (from WTRA2I):
         4.62447725E-09

      Max. and min. deflection angle [rad]:    1.03866390E-03  -1.03866390E-03


      SPECTRUM
      ===========

      Start and end of points [m] of integration for spectrum
      calculations (XIANF,XIEND):  -1.00000002E+30   1.00000002E+30


      SR WFILL0:

      Parameters:
      WGWINFC:   2646.6899088765672     
      WBL0CUT:   0.0000000000000000     
      WBL0HYS:   1.0000000000000000     

      Pinhole of collimators:
      (X,Y,Z), width, height:

        1.0000E+01  0.0000E+00  0.0000E+00  1.0000E+03  1.0000E+03
        1.0000E+01  0.0000E+00  0.0000E+00  1.0000E+03  1.0000E+03

      Number of sources:           1
      Begin and end of sources (x,y,z):

                 1  -2.07480001       0.00000000       0.00000000    
                 1   2.07480001       0.00000000       2.28624386E-09

      Horiz., vert. slopes and mag. field
      at begin and end of sources:

                 1   0.00000000       0.00000000       0.00000000    
                 1   5.36085287E-10   0.00000000       2.17101315E-09


      SR COHEREN:
      Minimum and maximum number of phases  between
      photons and electrons:
         311.990814       313.925629    


       selected observation point:

          10.0000000       0.00000000       0.00000000    


      Source number, mean mag. field (sign from By), abs. mean and rel. rms
      for sources, and critical photon energy [eV] or wavelength [nm]
      (with respect to abs. mean):

           1  -1.34264952E-11  0.481061518      0.486472666       948.648804    

      Photon energy cut-off (SPECCUT):   0.00000000    

      Max. field and photon energy cuts for source points:

           1  0.758816659       0.00000000    

      Data-file written for program RAY
      File: wave_ray.dat                                                                                                                    
      (Device center is assumed at (0,0,0)
      Photon energy:   398.290009    


      Results of spectrum calculations
      ================================


      Reflectivity coefficients (complex):

       (  1.0000000000000000     ,  0.0000000000000000     )
       (  1.0000000000000000     ,  0.0000000000000000     )
       (  1.0000000000000000     ,  0.0000000000000000     )



      Buffer size for integration (NDWSOU):       20849

      Provided number of integration steps for each source
      (controlled by NLPOI)
      (not necessarily used)

       20747

      Bandwidth:   1.00000005E-03


      Pinhole position (x,y,z) [m]:
         10.0000000       0.00000000       0.00000000    

      Numbers defining inner vert. and hori. edges (MMEDGEY,MMEDGEZ):            0           0
      Numbers defining outerer vert. and hori. edges (MEDGEY,MEDGEZ):            1           1
      Total number of vert. and hori. points:                    73          73
      Number of vert. and horiz. points inside pinhole:          71          71

      Vertical and horizontal grid size [m]:        2.85714286E-05   2.85714286E-05
      Vertical and horizontal size [m x m]:         2.00000009E-03   2.00000009E-03
      Total vert. and horiz. size [m x m]:          2.05714279E-03   2.05714279E-03

      Photon energy or wavelength and flux through pinhole:
      (for all sources and sum)

      398.290009       3.53110334E+14   3.53110334E+14
      398.320862       3.55336100E+14   3.55336100E+14
      398.351746       3.57512038E+14   3.57512038E+14
      398.382629       3.59633852E+14   3.59633852E+14
      398.413513       3.61699295E+14   3.61699295E+14
      398.444366       3.63708702E+14   3.63708702E+14
      398.475250       3.65664959E+14   3.65664959E+14
      398.506134       3.67573602E+14   3.67573602E+14
      398.536987       3.69442853E+14   3.69442853E+14
      398.567871       3.71283414E+14   3.71283414E+14
      398.598755       3.73108205E+14   3.73108205E+14
      398.629639       3.74932089E+14   3.74932089E+14
      398.660492       3.76771409E+14   3.76771409E+14
      398.691376       3.78643377E+14   3.78643377E+14
      398.722260       3.80565375E+14   3.80565375E+14
      398.753113       3.82554448E+14   3.82554448E+14
      398.783997       3.84626267E+14   3.84626267E+14
      398.814880       3.86794554E+14   3.86794554E+14
      398.845764       3.89070048E+14   3.89070048E+14
      398.876617       3.91459828E+14   3.91459828E+14
      398.907501       3.93966445E+14   3.93966445E+14
      398.938385       3.96587214E+14   3.96587214E+14
      398.969238       3.99313612E+14   3.99313612E+14
      399.000122       4.02130641E+14   4.02130641E+14
      399.031006       4.05016490E+14   4.05016490E+14
      399.061890       4.07942336E+14   4.07942336E+14
      399.092743       4.10872040E+14   4.10872040E+14
      399.123627       4.13762452E+14   4.13762452E+14
      399.154510       4.16563576E+14   4.16563576E+14
      399.185364       4.19219041E+14   4.19219041E+14
      399.216248       4.21666736E+14   4.21666736E+14
      399.247131       4.23839788E+14   4.23839788E+14
      399.278015       4.25667263E+14   4.25667263E+14
      399.308868       4.27075643E+14   4.27075643E+14
      399.339752       4.27990001E+14   4.27990001E+14
      399.370636       4.28335276E+14   4.28335276E+14
      399.401489       4.28037951E+14   4.28037951E+14
      399.432373       4.27027526E+14   4.27027526E+14
      399.463257       4.25237968E+14   4.25237968E+14
      399.494110       4.22609280E+14   4.22609280E+14
      399.524994       4.19089084E+14   4.19089084E+14
      399.555878       4.14633760E+14   4.14633760E+14
      399.586761       4.09209754E+14   4.09209754E+14
      399.617615       4.02794784E+14   4.02794784E+14
      399.648499       3.95378482E+14   3.95378482E+14
      399.679382       3.86963266E+14   3.86963266E+14
      399.710236       3.77564602E+14   3.77564602E+14
      399.741119       3.67211282E+14   3.67211282E+14
      399.772003       3.55945213E+14   3.55945213E+14
      399.802887       3.43821192E+14   3.43821192E+14
      399.833740       3.30906225E+14   3.30906225E+14
      399.864624       3.17278663E+14   3.17278663E+14
      399.895508       3.03027089E+14   3.03027089E+14
      399.926361       2.88249046E+14   2.88249046E+14
      399.957245       2.73049526E+14   2.73049526E+14
      399.988129       2.57539275E+14   2.57539275E+14
      400.019012       2.41833100E+14   2.41833100E+14
      400.049866       2.26047920E+14   2.26047920E+14
      400.080750       2.10300926E+14   2.10300926E+14
      400.111633       1.94707712E+14   1.94707712E+14
      400.142487       1.79380316E+14   1.79380316E+14
      400.173370       1.64425558E+14   1.64425558E+14
      400.204254       1.49943331E+14   1.49943331E+14
      400.235138       1.36025087E+14   1.36025087E+14
      400.265991       1.22752531E+14   1.22752531E+14
      400.296875       1.10196504E+14   1.10196504E+14
      400.327759       9.84161305E+13   9.84161305E+13
      400.358612       8.74581338E+13   8.74581338E+13
      400.389496       7.73565218E+13   7.73565218E+13
      400.420380       6.81324210E+13   6.81324210E+13
      400.451263       5.97942495E+13   5.97942495E+13
      400.482117       5.23380772E+13   5.23380772E+13
      400.513000       4.57482720E+13   4.57482720E+13
      400.543884       3.99983048E+13   3.99983048E+13
      400.574738       3.50517755E+13   3.50517755E+13
      400.605621       3.08635993E+13   3.08635993E+13
      400.636505       2.73813036E+13   2.73813036E+13
      400.667389       2.45464260E+13   2.45464260E+13
      400.698242       2.22959701E+13   2.22959701E+13
      400.729126       2.05638819E+13   2.05638819E+13
      400.760010       1.92825241E+13   1.92825241E+13

      Estimated maximum:

         399.371765       4.28335713E+14


      Flux density for selected point:

               398.290009       1.66320485E+19   1.66320485E+19
               398.320862       2.12183754E+19   2.12183754E+19
               398.351746       2.61565680E+19   2.61565680E+19
               398.382629       3.13037228E+19   3.13037228E+19
               398.413513       3.64996563E+19   3.64996563E+19
               398.444366       4.15718354E+19   4.15718354E+19
               398.475250       4.63411210E+19   4.63411210E+19
               398.506134       5.06281872E+19   5.06281872E+19
               398.536987       5.42604150E+19   5.42604150E+19
               398.567871       5.70791011E+19   5.70791011E+19
               398.598755       5.89467315E+19   5.89467315E+19
               398.629639       5.97541337E+19   5.97541337E+19
               398.660492       5.94271697E+19   5.94271697E+19
               398.691376       5.79328806E+19   5.79328806E+19
               398.722260       5.52846893E+19   5.52846893E+19
               398.753113       5.15465741E+19   5.15465741E+19
               398.783997       4.68359540E+19   4.68359540E+19
               398.814880       4.13251269E+19   4.13251269E+19
               398.845764       3.52411509E+19   3.52411509E+19
               398.876617       2.88640714E+19   2.88640714E+19
               398.907501       2.25234627E+19   2.25234627E+19
               398.938385       1.65932709E+19   1.65932709E+19
               398.969238       1.14850400E+19   1.14850400E+19
               399.000122       7.63961515E+18   7.63961515E+18
               399.031006       5.51748569E+18   5.51748569E+18
               399.061890       5.58796878E+18   5.58796878E+18
               399.092743       8.31747726E+18   8.31747726E+18
               399.123627       1.41571633E+19   1.41571633E+19
               399.154510       2.35302305E+19   2.35302305E+19
               399.185364       3.68192623E+19   3.68192623E+19
               399.216248       5.43538955E+19   5.43538955E+19
               399.247131       7.63991960E+19   7.63991960E+19
               399.278015       1.03145063E+20   1.03145063E+20
               399.308868       1.34697009E+20   1.34697009E+20
               399.339752       1.71068563E+20   1.71068563E+20
               399.370636       2.12175574E+20   2.12175574E+20
               399.401489       2.57832715E+20   2.57832715E+20
               399.432373       3.07752214E+20   3.07752214E+20
               399.463257       3.61544862E+20   3.61544862E+20
               399.494110       4.18723864E+20   4.18723864E+20
               399.524994       4.78710580E+20   4.78710580E+20
               399.555878       5.40842909E+20   5.40842909E+20
               399.586761       6.04386096E+20   6.04386096E+20
               399.617615       6.68544869E+20   6.68544869E+20
               399.648499       7.32478039E+20   7.32478039E+20
               399.679382       7.95314161E+20   7.95314161E+20
               399.710236       8.56168066E+20   8.56168066E+20
               399.741119       9.14158526E+20   9.14158526E+20
               399.772003       9.68426057E+20   9.68426057E+20
               399.802887       1.01815023E+21   1.01815023E+21
               399.833740       1.06256670E+21   1.06256670E+21
               399.864624       1.10098353E+21   1.10098353E+21
               399.895508       1.13279541E+21   1.13279541E+21
               399.926361       1.15749674E+21   1.15749674E+21
               399.957245       1.17469240E+21   1.17469240E+21
               399.988129       1.18410640E+21   1.18410640E+21
               400.019012       1.18558738E+21   1.18558738E+21
               400.049866       1.17911240E+21   1.17911240E+21
               400.080750       1.16478701E+21   1.16478701E+21
               400.111633       1.14284315E+21   1.14284315E+21
               400.142487       1.11363407E+21   1.11363407E+21
               400.173370       1.07762660E+21   1.07762660E+21
               400.204254       1.03539114E+21   1.03539114E+21
               400.235138       9.87589648E+20   9.87589648E+20
               400.265991       9.34961286E+20   9.34961286E+20
               400.296875       8.78307058E+20   8.78307058E+20
               400.327759       8.18473148E+20   8.18473148E+20
               400.358612       7.56333466E+20   7.56333466E+20
               400.389496       6.92771983E+20   6.92771983E+20
               400.420380       6.28665283E+20   6.28665283E+20
               400.451263       5.64865285E+20   5.64865285E+20
               400.482117       5.02183587E+20   5.02183587E+20
               400.513000       4.41376443E+20   4.41376443E+20
               400.543884       3.83131670E+20   3.83131670E+20
               400.574738       3.28057537E+20   3.28057537E+20
               400.605621       2.76673612E+20   2.76673612E+20
               400.636505       2.29403883E+20   2.29403883E+20
               400.667389       1.86572522E+20   1.86572522E+20
               400.698242       1.48401806E+20   1.48401806E+20
               400.729126       1.15012593E+20   1.15012593E+20
               400.760010       8.64270499E+19   8.64270499E+19

      Estimated maximum:

         400.009308       1.18597919E+21


      Power through pinhole [W]:
      (for all sources and sum)
       23.4773197       23.4773197    


      Power density at selected point [W/m**2]:

                6312429.00       6312429.00    




      Photon energy or wavelength and normalized components S0, S1/S0,
      S2/S0, S3/S0 of STOKES vector and polarization for pinhole:

       3.9829E+02  3.5311E+14  9.9541E-01  1.2779E-09  1.3504E-20  9.9541E-01
       3.9832E+02  3.5534E+14  9.9556E-01  2.3949E-10  8.0516E-21  9.9556E-01
       3.9835E+02  3.5751E+14  9.9571E-01 -1.8260E-09  8.0026E-21  9.9571E-01
       3.9838E+02  3.5963E+14  9.9586E-01 -6.8686E-09  6.4969E-20  9.9586E-01
       3.9841E+02  3.6170E+14  9.9600E-01 -3.1988E-09 -4.7460E-20  9.9600E-01
       3.9844E+02  3.6371E+14  9.9614E-01  6.4003E-10  1.1799E-20  9.9614E-01
       3.9848E+02  3.6566E+14  9.9627E-01  1.7071E-09 -1.2779E-19  9.9627E-01
       3.9851E+02  3.6757E+14  9.9640E-01  9.9737E-10  7.7835E-21  9.9640E-01
       3.9854E+02  3.6944E+14  9.9653E-01 -1.3059E-09  1.0067E-19  9.9653E-01
       3.9857E+02  3.7128E+14  9.9665E-01 -5.5008E-09 -1.7980E-20  9.9665E-01
       3.9860E+02  3.7311E+14  9.9677E-01  6.1564E-10 -4.6008E-20  9.9677E-01
       3.9863E+02  3.7493E+14  9.9689E-01 -2.6812E-09 -2.0349E-20  9.9689E-01
       3.9866E+02  3.7677E+14  9.9701E-01  1.0360E-09  1.0125E-20  9.9701E-01
       3.9869E+02  3.7864E+14  9.9712E-01 -6.1505E-10  3.0224E-20  9.9712E-01
       3.9872E+02  3.8057E+14  9.9723E-01  3.3047E-09  3.2577E-20  9.9723E-01
       3.9875E+02  3.8255E+14  9.9733E-01 -9.3903E-10 -8.4759E-20  9.9733E-01
       3.9878E+02  3.8463E+14  9.9744E-01  2.4147E-09  4.2151E-20  9.9744E-01
       3.9881E+02  3.8679E+14  9.9754E-01 -6.9761E-10  3.4518E-20  9.9754E-01
       3.9885E+02  3.8907E+14  9.9764E-01 -1.8101E-09 -2.9414E-20  9.9764E-01
       3.9888E+02  3.9146E+14  9.9774E-01  3.0070E-09 -3.4107E-20  9.9774E-01
       3.9891E+02  3.9397E+14  9.9784E-01 -6.4476E-09 -3.8731E-20  9.9784E-01
       3.9894E+02  3.9659E+14  9.9793E-01  4.5932E-10 -2.4047E-21  9.9793E-01
       3.9897E+02  3.9931E+14  9.9802E-01  8.2428E-10 -4.7766E-21  9.9802E-01
       3.9900E+02  4.0213E+14  9.9811E-01  3.7725E-09  1.6601E-20  9.9811E-01
       3.9903E+02  4.0502E+14  9.9819E-01 -1.8345E-09 -1.6483E-20  9.9819E-01
       3.9906E+02  4.0794E+14  9.9828E-01  2.4610E-09 -5.3769E-20  9.9828E-01
       3.9909E+02  4.1087E+14  9.9835E-01  7.4054E-10  3.0174E-20  9.9835E-01
       3.9912E+02  4.1376E+14  9.9843E-01  2.5860E-09 -2.0744E-20  9.9843E-01
       3.9915E+02  4.1656E+14  9.9850E-01 -1.6652E-09 -3.8920E-20  9.9850E-01
       3.9919E+02  4.1922E+14  9.9857E-01 -1.7248E-09  5.4597E-20  9.9857E-01
       3.9922E+02  4.2167E+14  9.9864E-01 -1.2111E-09  3.3925E-20  9.9864E-01
       3.9925E+02  4.2384E+14  9.9870E-01  2.7653E-10 -2.2501E-21  9.9870E-01
       3.9928E+02  4.2567E+14  9.9876E-01  8.2373E-10  1.0082E-20  9.9876E-01
       3.9931E+02  4.2708E+14  9.9882E-01  2.4142E-09  1.6748E-20  9.9882E-01
       3.9934E+02  4.2799E+14  9.9887E-01  2.8147E-09 -9.5815E-20  9.9887E-01
       3.9937E+02  4.2834E+14  9.9892E-01 -4.2524E-09 -5.3435E-20  9.9892E-01
       3.9940E+02  4.2804E+14  9.9897E-01  4.1636E-09  4.4560E-20  9.9897E-01
       3.9943E+02  4.2703E+14  9.9901E-01 -2.2458E-09 -7.2582E-20  9.9901E-01
       3.9946E+02  4.2524E+14  9.9905E-01  2.6104E-09 -7.8494E-21  9.9905E-01
       3.9949E+02  4.2261E+14  9.9908E-01  2.7550E-09 -4.2876E-20  9.9908E-01
       3.9952E+02  4.1909E+14  9.9911E-01  2.8889E-10 -1.1150E-19  9.9911E-01
       3.9956E+02  4.1463E+14  9.9914E-01  9.0938E-10 -1.6100E-20  9.9914E-01
       3.9959E+02  4.0921E+14  9.9917E-01  8.2205E-09  0.0000E+00  9.9917E-01
       3.9962E+02  4.0279E+14  9.9919E-01 -2.6365E-09  2.8412E-20  9.9919E-01
       3.9965E+02  3.9538E+14  9.9921E-01 -4.0787E-09 -3.3769E-20  9.9921E-01
       3.9968E+02  3.8696E+14  9.9923E-01  2.0551E-09  4.9290E-21  9.9923E-01
       3.9971E+02  3.7756E+14  9.9924E-01 -3.9280E-09  5.0517E-21  9.9924E-01
       3.9974E+02  3.6721E+14  9.9925E-01  2.8818E-09 -1.1427E-19  9.9925E-01
       3.9977E+02  3.5595E+14  9.9925E-01 -8.5668E-09 -2.6793E-20  9.9925E-01
       3.9980E+02  3.4382E+14  9.9926E-01  1.8979E-09 -1.5256E-19  9.9926E-01
       3.9983E+02  3.3091E+14  9.9925E-01 -4.6416E-10  2.8820E-21  9.9925E-01
       3.9986E+02  3.1728E+14  9.9925E-01  4.1148E-09 -2.1041E-20  9.9925E-01
       3.9990E+02  3.0303E+14  9.9924E-01  2.4324E-09 -1.5736E-20  9.9924E-01
       3.9993E+02  2.8825E+14  9.9923E-01 -4.4780E-09 -1.9851E-19  9.9923E-01
       3.9996E+02  2.7305E+14  9.9921E-01  1.2664E-08  8.3824E-20  9.9921E-01
       3.9999E+02  2.5754E+14  9.9919E-01 -9.6040E-09  5.5545E-20  9.9919E-01
       4.0002E+02  2.4183E+14  9.9916E-01  1.8261E-12  2.7605E-20  9.9916E-01
       4.0005E+02  2.2605E+14  9.9913E-01 -5.3366E-09  8.4378E-21  9.9913E-01
       4.0008E+02  2.1030E+14  9.9908E-01 -4.1068E-09  2.2674E-20  9.9908E-01
       4.0011E+02  1.9471E+14  9.9903E-01 -4.3814E-09 -8.8164E-20  9.9903E-01
       4.0014E+02  1.7938E+14  9.9898E-01  2.8872E-09  7.4431E-20  9.9898E-01
       4.0017E+02  1.6443E+14  9.9891E-01 -5.7348E-10  1.1600E-20  9.9891E-01
       4.0020E+02  1.4994E+14  9.9883E-01 -2.9648E-10 -2.6395E-19  9.9883E-01
       4.0024E+02  1.3603E+14  9.9873E-01 -6.4241E-09  1.0517E-20  9.9873E-01
       4.0027E+02  1.2275E+14  9.9862E-01 -1.7569E-09 -2.6415E-19  9.9862E-01
       4.0030E+02  1.1020E+14  9.9849E-01  1.2347E-09  1.8607E-19  9.9849E-01
       4.0033E+02  9.8416E+13  9.9833E-01 -1.9830E-09  2.0349E-19  9.9833E-01
       4.0036E+02  8.7458E+13  9.9815E-01 -3.8251E-09 -8.7235E-20  9.9815E-01
       4.0039E+02  7.7357E+13  9.9794E-01 -6.8915E-09 -6.1641E-21  9.9794E-01
       4.0042E+02  6.8132E+13  9.9769E-01 -2.5135E-09 -4.2692E-19  9.9769E-01
       4.0045E+02  5.9794E+13  9.9741E-01 -2.9525E-09  4.4658E-19  9.9741E-01
       4.0048E+02  5.2338E+13  9.9708E-01  1.1576E-09  2.6421E-19  9.9708E-01
       4.0051E+02  4.5748E+13  9.9670E-01  3.5008E-09 -5.5242E-19  9.9670E-01
       4.0054E+02  3.9998E+13  9.9627E-01  4.2438E-09  3.8149E-19  9.9627E-01
       4.0057E+02  3.5052E+13  9.9579E-01  7.5416E-09 -3.2649E-19  9.9579E-01
       4.0061E+02  3.0864E+13  9.9527E-01 -5.8354E-09  2.1630E-19  9.9527E-01
       4.0064E+02  2.7381E+13  9.9473E-01  1.2832E-09 -3.1346E-19  9.9473E-01
       4.0067E+02  2.4546E+13  9.9418E-01 -4.8263E-10  2.7196E-19  9.9418E-01
       4.0070E+02  2.2296E+13  9.9366E-01 -2.7948E-09 -8.5547E-20  9.9366E-01
       4.0073E+02  2.0564E+13  9.9320E-01 -5.9581E-09  8.3477E-19  9.9320E-01
       4.0076E+02  1.9283E+13  9.9282E-01 -3.9620E-09 -2.0772E-18  9.9282E-01


      Photon energy [eV] or wavelength [nm] for selected point
      of pinhole, S0, S1/S0, S2/S0, S3/S0, P of
      STOKES vector per unit area [m**2]:


           Observation point (x,y,z) [m]:
              10.0000000       0.00000000       0.00000000    

       3.9829E+02  1.6632E+19  1.0000E+00  0.0000E+00  0.0000E+00  1.0000E+00
       3.9832E+02  2.1218E+19  1.0000E+00  0.0000E+00  0.0000E+00  1.0000E+00
       3.9835E+02  2.6157E+19  1.0000E+00  0.0000E+00  0.0000E+00  1.0000E+00
       3.9838E+02  3.1304E+19  1.0000E+00  0.0000E+00  0.0000E+00  1.0000E+00
       3.9841E+02  3.6500E+19  1.0000E+00  0.0000E+00  0.0000E+00  1.0000E+00
       3.9844E+02  4.1572E+19  1.0000E+00  0.0000E+00  0.0000E+00  1.0000E+00
       3.9848E+02  4.6341E+19  1.0000E+00  0.0000E+00  0.0000E+00  1.0000E+00
       3.9851E+02  5.0628E+19  1.0000E+00  0.0000E+00  0.0000E+00  1.0000E+00
       3.9854E+02  5.4260E+19  1.0000E+00  0.0000E+00  0.0000E+00  1.0000E+00
       3.9857E+02  5.7079E+19  1.0000E+00  0.0000E+00  0.0000E+00  1.0000E+00
       3.9860E+02  5.8947E+19  1.0000E+00  0.0000E+00  0.0000E+00  1.0000E+00
       3.9863E+02  5.9754E+19  1.0000E+00  0.0000E+00  0.0000E+00  1.0000E+00
       3.9866E+02  5.9427E+19  1.0000E+00  0.0000E+00  0.0000E+00  1.0000E+00
       3.9869E+02  5.7933E+19  1.0000E+00  0.0000E+00  0.0000E+00  1.0000E+00
       3.9872E+02  5.5285E+19  1.0000E+00  0.0000E+00  0.0000E+00  1.0000E+00
       3.9875E+02  5.1547E+19  1.0000E+00  0.0000E+00  0.0000E+00  1.0000E+00
       3.9878E+02  4.6836E+19  1.0000E+00  0.0000E+00  0.0000E+00  1.0000E+00
       3.9881E+02  4.1325E+19  1.0000E+00  0.0000E+00  0.0000E+00  1.0000E+00
       3.9885E+02  3.5241E+19  1.0000E+00  0.0000E+00  0.0000E+00  1.0000E+00
       3.9888E+02  2.8864E+19  1.0000E+00  0.0000E+00  0.0000E+00  1.0000E+00
       3.9891E+02  2.2523E+19  1.0000E+00  0.0000E+00  0.0000E+00  1.0000E+00
       3.9894E+02  1.6593E+19  1.0000E+00  0.0000E+00  0.0000E+00  1.0000E+00
       3.9897E+02  1.1485E+19  1.0000E+00  0.0000E+00  0.0000E+00  1.0000E+00
       3.9900E+02  7.6396E+18  1.0000E+00  0.0000E+00  0.0000E+00  1.0000E+00
       3.9903E+02  5.5175E+18  1.0000E+00  0.0000E+00  0.0000E+00  1.0000E+00
       3.9906E+02  5.5880E+18  1.0000E+00  0.0000E+00  0.0000E+00  1.0000E+00
       3.9909E+02  8.3175E+18  1.0000E+00  0.0000E+00  0.0000E+00  1.0000E+00
       3.9912E+02  1.4157E+19  1.0000E+00  0.0000E+00  0.0000E+00  1.0000E+00
       3.9915E+02  2.3530E+19  1.0000E+00  0.0000E+00  0.0000E+00  1.0000E+00
       3.9919E+02  3.6819E+19  1.0000E+00  0.0000E+00  0.0000E+00  1.0000E+00
       3.9922E+02  5.4354E+19  1.0000E+00  0.0000E+00  0.0000E+00  1.0000E+00
       3.9925E+02  7.6399E+19  1.0000E+00  0.0000E+00  0.0000E+00  1.0000E+00
       3.9928E+02  1.0315E+20  1.0000E+00  0.0000E+00  0.0000E+00  1.0000E+00
       3.9931E+02  1.3470E+20  1.0000E+00  0.0000E+00  0.0000E+00  1.0000E+00
       3.9934E+02  1.7107E+20  1.0000E+00  0.0000E+00  0.0000E+00  1.0000E+00
       3.9937E+02  2.1218E+20  1.0000E+00  0.0000E+00  0.0000E+00  1.0000E+00
       3.9940E+02  2.5783E+20  1.0000E+00  0.0000E+00  0.0000E+00  1.0000E+00
       3.9943E+02  3.0775E+20  1.0000E+00  0.0000E+00  0.0000E+00  1.0000E+00
       3.9946E+02  3.6154E+20  1.0000E+00  0.0000E+00  0.0000E+00  1.0000E+00
       3.9949E+02  4.1872E+20  1.0000E+00  0.0000E+00  0.0000E+00  1.0000E+00
       3.9952E+02  4.7871E+20  1.0000E+00  0.0000E+00  0.0000E+00  1.0000E+00
       3.9956E+02  5.4084E+20  1.0000E+00  0.0000E+00  0.0000E+00  1.0000E+00
       3.9959E+02  6.0439E+20  1.0000E+00  0.0000E+00  0.0000E+00  1.0000E+00
       3.9962E+02  6.6854E+20  1.0000E+00  0.0000E+00  0.0000E+00  1.0000E+00
       3.9965E+02  7.3248E+20  1.0000E+00  0.0000E+00  0.0000E+00  1.0000E+00
       3.9968E+02  7.9531E+20  1.0000E+00  0.0000E+00  0.0000E+00  1.0000E+00
       3.9971E+02  8.5617E+20  1.0000E+00  0.0000E+00  0.0000E+00  1.0000E+00
       3.9974E+02  9.1416E+20  1.0000E+00  0.0000E+00  0.0000E+00  1.0000E+00
       3.9977E+02  9.6843E+20  1.0000E+00  0.0000E+00  0.0000E+00  1.0000E+00
       3.9980E+02  1.0182E+21  1.0000E+00  0.0000E+00  0.0000E+00  1.0000E+00
       3.9983E+02  1.0626E+21  1.0000E+00  0.0000E+00  0.0000E+00  1.0000E+00
       3.9986E+02  1.1010E+21  1.0000E+00  0.0000E+00  0.0000E+00  1.0000E+00
       3.9990E+02  1.1328E+21  1.0000E+00  0.0000E+00  0.0000E+00  1.0000E+00
       3.9993E+02  1.1575E+21  1.0000E+00  0.0000E+00  0.0000E+00  1.0000E+00
       3.9996E+02  1.1747E+21  1.0000E+00  0.0000E+00  0.0000E+00  1.0000E+00
       3.9999E+02  1.1841E+21  1.0000E+00  0.0000E+00  0.0000E+00  1.0000E+00
       4.0002E+02  1.1856E+21  1.0000E+00  0.0000E+00  0.0000E+00  1.0000E+00
       4.0005E+02  1.1791E+21  1.0000E+00  0.0000E+00  0.0000E+00  1.0000E+00
       4.0008E+02  1.1648E+21  1.0000E+00  0.0000E+00  0.0000E+00  1.0000E+00
       4.0011E+02  1.1428E+21  1.0000E+00  0.0000E+00  0.0000E+00  1.0000E+00
       4.0014E+02  1.1136E+21  1.0000E+00  0.0000E+00  0.0000E+00  1.0000E+00
       4.0017E+02  1.0776E+21  1.0000E+00  0.0000E+00  0.0000E+00  1.0000E+00
       4.0020E+02  1.0354E+21  1.0000E+00  0.0000E+00  0.0000E+00  1.0000E+00
       4.0024E+02  9.8759E+20  1.0000E+00  0.0000E+00  0.0000E+00  1.0000E+00
       4.0027E+02  9.3496E+20  1.0000E+00  0.0000E+00  0.0000E+00  1.0000E+00
       4.0030E+02  8.7831E+20  1.0000E+00  0.0000E+00  0.0000E+00  1.0000E+00
       4.0033E+02  8.1847E+20  1.0000E+00  0.0000E+00  0.0000E+00  1.0000E+00
       4.0036E+02  7.5633E+20  1.0000E+00  0.0000E+00  0.0000E+00  1.0000E+00
       4.0039E+02  6.9277E+20  1.0000E+00  0.0000E+00  0.0000E+00  1.0000E+00
       4.0042E+02  6.2867E+20  1.0000E+00  0.0000E+00  0.0000E+00  1.0000E+00
       4.0045E+02  5.6487E+20  1.0000E+00  0.0000E+00  0.0000E+00  1.0000E+00
       4.0048E+02  5.0218E+20  1.0000E+00  0.0000E+00  0.0000E+00  1.0000E+00
       4.0051E+02  4.4138E+20  1.0000E+00  0.0000E+00  0.0000E+00  1.0000E+00
       4.0054E+02  3.8313E+20  1.0000E+00  0.0000E+00  0.0000E+00  1.0000E+00
       4.0057E+02  3.2806E+20  1.0000E+00  0.0000E+00  0.0000E+00  1.0000E+00
       4.0061E+02  2.7667E+20  1.0000E+00  0.0000E+00  0.0000E+00  1.0000E+00
       4.0064E+02  2.2940E+20  1.0000E+00  0.0000E+00  0.0000E+00  1.0000E+00
       4.0067E+02  1.8657E+20  1.0000E+00  0.0000E+00  0.0000E+00  1.0000E+00
       4.0070E+02  1.4840E+20  1.0000E+00  0.0000E+00  0.0000E+00  1.0000E+00
       4.0073E+02  1.1501E+20  1.0000E+00  0.0000E+00  0.0000E+00  1.0000E+00
       4.0076E+02  8.6427E+19  1.0000E+00  0.0000E+00  0.0000E+00  1.0000E+00

       Total absolut maxima found for Stokes-V. (z,y,Eph,fluxdens.)

       -5.7143E-05  0.0000E+00  3.9999E+02  1.1858E+21
       -5.7143E-05  0.0000E+00  3.9999E+02  1.1858E+21
        4.0000E-04  3.1429E-04  3.9829E+02  8.6831E+19
       -4.2857E-04 -3.1429E-04  3.9829E+02  3.7948E+19


       Estimated maxima of s0, s1, s2 ,s3 for selected point:
          400.009308       1.18597919E+21
          400.009308       1.18597905E+21
          0.00000000       0.00000000    
          0.00000000       0.00000000    


       Estimated maximum of s3*s3/s0 for selected point:
          0.00000000       0.00000000    


       Estimated maxima of fluxes s0, s1, s2 ,s3:
          399.371765       4.28335713E+14
          399.372742       4.27874574E+14
          399.963043       3513294.00    
          399.929596       5.76933671E-05
 *** WARNING: CALL TO UTIL_MAX_PARABEL FAILED FOR S3*S3/S0
 *** CHECK VALUES CAREFULLY


       Estimated maxima of fluxes s3*s3/s0:
          400.760010       8.32022136E-23



      Brilliance calculations:
      (only meaningful for undulators)

      sigr=sqrt(2*lambda*L)/2/pi*sigrc and 
      sigrp=sqrt(lambda/2/L)*sigrpc

       sigrc,sigrpc:   1.0000000000000000        1.0000000000000000     

      make sure that the device length agrees to the length
      of the trajectory
      (for rec-fields rangrec and rangpm are substracted by program)

      Observation point:

         10.0000000       0.00000000       0.00000000    

      considered device length [m]:   4.14960003    


      Brilliance [photons/sec/BW/mm**2/mrad**2]

          398.29        0.40450E+18    0.40450E+18     0.0000         0.0000    
          398.32        0.51608E+18    0.51608E+18     0.0000         0.0000    
          398.35        0.63624E+18    0.63624E+18     0.0000         0.0000    
          398.38        0.76149E+18    0.76149E+18     0.0000         0.0000    
          398.41        0.88796E+18    0.88796E+18     0.0000         0.0000    
          398.44        0.10114E+19    0.10114E+19     0.0000         0.0000    
          398.48        0.11276E+19    0.11276E+19     0.0000         0.0000    
          398.51        0.12320E+19    0.12320E+19     0.0000         0.0000    
          398.54        0.13205E+19    0.13204E+19     0.0000         0.0000    
          398.57        0.13892E+19    0.13892E+19     0.0000         0.0000    
          398.60        0.14347E+19    0.14347E+19     0.0000         0.0000    
          398.63        0.14545E+19    0.14545E+19     0.0000         0.0000    
          398.66        0.14466E+19    0.14466E+19     0.0000         0.0000    
          398.69        0.14104E+19    0.14104E+19     0.0000         0.0000    
          398.72        0.13460E+19    0.13460E+19     0.0000         0.0000    
          398.75        0.12551E+19    0.12551E+19     0.0000         0.0000    
          398.78        0.11405E+19    0.11405E+19     0.0000         0.0000    
          398.81        0.10064E+19    0.10064E+19     0.0000         0.0000    
          398.85        0.85827E+18    0.85827E+18     0.0000         0.0000    
          398.88        0.70302E+18    0.70302E+18     0.0000         0.0000    
          398.91        0.54863E+18    0.54863E+18     0.0000         0.0000    
          398.94        0.40421E+18    0.40421E+18     0.0000         0.0000    
          398.97        0.27980E+18    0.27980E+18     0.0000         0.0000    
          399.00        0.18613E+18    0.18613E+18     0.0000         0.0000    
          399.03        0.13444E+18    0.13444E+18     0.0000         0.0000    
          399.06        0.13616E+18    0.13616E+18     0.0000         0.0000    
          399.09        0.20269E+18    0.20269E+18     0.0000         0.0000    
          399.12        0.34503E+18    0.34503E+18     0.0000         0.0000    
          399.15        0.57351E+18    0.57351E+18     0.0000         0.0000    
          399.19        0.89747E+18    0.89747E+18     0.0000         0.0000    
          399.22        0.13250E+19    0.13250E+19     0.0000         0.0000    
          399.25        0.18625E+19    0.18625E+19     0.0000         0.0000    
          399.28        0.25147E+19    0.25147E+19     0.0000         0.0000    
          399.31        0.32843E+19    0.32843E+19     0.0000         0.0000    
          399.34        0.41714E+19    0.41714E+19     0.0000         0.0000    
          399.37        0.51742E+19    0.51742E+19     0.0000         0.0000    
          399.40        0.62881E+19    0.62881E+19     0.0000         0.0000    
          399.43        0.75061E+19    0.75061E+19     0.0000         0.0000    
          399.46        0.88188E+19    0.88188E+19     0.0000         0.0000    
          399.49        0.10214E+20    0.10214E+20     0.0000         0.0000    
          399.52        0.11679E+20    0.11679E+20     0.0000         0.0000    
          399.56        0.13195E+20    0.13195E+20     0.0000         0.0000    
          399.59        0.14747E+20    0.14747E+20     0.0000         0.0000    
          399.62        0.16313E+20    0.16313E+20     0.0000         0.0000    
          399.65        0.17875E+20    0.17875E+20     0.0000         0.0000    
          399.68        0.19410E+20    0.19410E+20     0.0000         0.0000    
          399.71        0.20897E+20    0.20897E+20     0.0000         0.0000    
          399.74        0.22314E+20    0.22314E+20     0.0000         0.0000    
          399.77        0.23640E+20    0.23640E+20     0.0000         0.0000    
          399.80        0.24856E+20    0.24856E+20     0.0000         0.0000    
          399.83        0.25942E+20    0.25942E+20     0.0000         0.0000    
          399.86        0.26882E+20    0.26882E+20     0.0000         0.0000    
          399.90        0.27661E+20    0.27661E+20     0.0000         0.0000    
          399.93        0.28266E+20    0.28266E+20     0.0000         0.0000    
          399.96        0.28689E+20    0.28689E+20     0.0000         0.0000    
          399.99        0.28921E+20    0.28921E+20     0.0000         0.0000    
          400.02        0.28959E+20    0.28959E+20     0.0000         0.0000    
          400.05        0.28803E+20    0.28803E+20     0.0000         0.0000    
          400.08        0.28455E+20    0.28455E+20     0.0000         0.0000    
          400.11        0.27921E+20    0.27921E+20     0.0000         0.0000    
          400.14        0.27210E+20    0.27210E+20     0.0000         0.0000    
          400.17        0.26332E+20    0.26332E+20     0.0000         0.0000    
          400.20        0.25302E+20    0.25302E+20     0.0000         0.0000    
          400.24        0.24136E+20    0.24136E+20     0.0000         0.0000    
          400.27        0.22851E+20    0.22851E+20     0.0000         0.0000    
          400.30        0.21468E+20    0.21468E+20     0.0000         0.0000    
          400.33        0.20007E+20    0.20007E+20     0.0000         0.0000    
          400.36        0.18490E+20    0.18490E+20     0.0000         0.0000    
          400.39        0.16937E+20    0.16937E+20     0.0000         0.0000    
          400.42        0.15371E+20    0.15371E+20     0.0000         0.0000    
          400.45        0.13812E+20    0.13812E+20     0.0000         0.0000    
          400.48        0.12280E+20    0.12280E+20     0.0000         0.0000    
          400.51        0.10794E+20    0.10794E+20     0.0000         0.0000    
          400.54        0.93706E+19    0.93706E+19     0.0000         0.0000    
          400.57        0.80242E+19    0.80242E+19     0.0000         0.0000    
          400.61        0.67679E+19    0.67679E+19     0.0000         0.0000    
          400.64        0.56121E+19    0.56121E+19     0.0000         0.0000    
          400.67        0.45646E+19    0.45646E+19     0.0000         0.0000    
          400.70        0.36310E+19    0.36310E+19     0.0000         0.0000    
          400.73        0.28143E+19    0.28143E+19     0.0000         0.0000    
          400.76        0.21150E+19    0.21150E+19     0.0000         0.0000    


      estimated brilliance maxima, flux and flux-density of S0, S1, S2, S3:

          400.01        0.28968E+20    0.27831E+15    0.11860E+18
          400.01        0.28968E+20    0.27831E+15    0.11860E+18
          0.0000         0.0000         0.0000         0.0000    
          0.0000         0.0000         0.0000         0.0000    

      estimated brilliance maximum of S3*S3/S0:

          0.0000         0.0000    

      ---> flag IFOLD is not set, emittance effects are estimated
      from horizontal beam size [mm] and divergence [mrad]: 
         2.16000000E-04   2.47999997E-05
      vertical beam size [mm] and divergence [mrad]: 
         1.87000005E-05   4.29000011E-06


      Brilliance [photons/sec/BW/mm**2/mrad**2] with emittance

          398.29        0.23079E+17    0.23079E+17     0.0000         0.0000    
          398.32        0.29443E+17    0.29443E+17     0.0000         0.0000    
          398.35        0.36296E+17    0.36296E+17     0.0000         0.0000    
          398.38        0.43438E+17    0.43438E+17     0.0000         0.0000    
          398.41        0.50648E+17    0.50648E+17     0.0000         0.0000    
          398.44        0.57686E+17    0.57686E+17     0.0000         0.0000    
          398.48        0.64304E+17    0.64304E+17     0.0000         0.0000    
          398.51        0.70253E+17    0.70253E+17     0.0000         0.0000    
          398.54        0.75293E+17    0.75293E+17     0.0000         0.0000    
          398.57        0.79205E+17    0.79205E+17     0.0000         0.0000    
          398.60        0.81796E+17    0.81796E+17     0.0000         0.0000    
          398.63        0.82917E+17    0.82917E+17     0.0000         0.0000    
          398.66        0.82463E+17    0.82463E+17     0.0000         0.0000    
          398.69        0.80389E+17    0.80389E+17     0.0000         0.0000    
          398.72        0.76715E+17    0.76715E+17     0.0000         0.0000    
          398.75        0.71528E+17    0.71528E+17     0.0000         0.0000    
          398.78        0.64991E+17    0.64991E+17     0.0000         0.0000    
          398.81        0.57344E+17    0.57344E+17     0.0000         0.0000    
          398.85        0.48902E+17    0.48902E+17     0.0000         0.0000    
          398.88        0.40053E+17    0.40053E+17     0.0000         0.0000    
          398.91        0.31254E+17    0.31254E+17     0.0000         0.0000    
          398.94        0.23025E+17    0.23025E+17     0.0000         0.0000    
          398.97        0.15937E+17    0.15937E+17     0.0000         0.0000    
          399.00        0.10601E+17    0.10601E+17     0.0000         0.0000    
          399.03        0.76562E+16    0.76562E+16     0.0000         0.0000    
          399.06        0.77540E+16    0.77540E+16     0.0000         0.0000    
          399.09        0.11542E+17    0.11542E+17     0.0000         0.0000    
          399.12        0.19645E+17    0.19645E+17     0.0000         0.0000    
          399.15        0.32651E+17    0.32651E+17     0.0000         0.0000    
          399.19        0.51091E+17    0.51091E+17     0.0000         0.0000    
          399.22        0.75423E+17    0.75423E+17     0.0000         0.0000    
          399.25        0.10601E+18    0.10601E+18     0.0000         0.0000    
          399.28        0.14313E+18    0.14313E+18     0.0000         0.0000    
          399.31        0.18691E+18    0.18691E+18     0.0000         0.0000    
          399.34        0.23738E+18    0.23738E+18     0.0000         0.0000    
          399.37        0.29442E+18    0.29442E+18     0.0000         0.0000    
          399.40        0.35778E+18    0.35778E+18     0.0000         0.0000    
          399.43        0.42704E+18    0.42704E+18     0.0000         0.0000    
          399.46        0.50169E+18    0.50169E+18     0.0000         0.0000    
          399.49        0.58103E+18    0.58103E+18     0.0000         0.0000    
          399.52        0.66427E+18    0.66427E+18     0.0000         0.0000    
          399.56        0.75049E+18    0.75049E+18     0.0000         0.0000    
          399.59        0.83866E+18    0.83866E+18     0.0000         0.0000    
          399.62        0.92769E+18    0.92769E+18     0.0000         0.0000    
          399.65        0.10164E+19    0.10164E+19     0.0000         0.0000    
          399.68        0.11036E+19    0.11036E+19     0.0000         0.0000    
          399.71        0.11880E+19    0.11880E+19     0.0000         0.0000    
          399.74        0.12685E+19    0.12685E+19     0.0000         0.0000    
          399.77        0.13438E+19    0.13438E+19     0.0000         0.0000    
          399.80        0.14128E+19    0.14128E+19     0.0000         0.0000    
          399.83        0.14744E+19    0.14744E+19     0.0000         0.0000    
          399.86        0.15277E+19    0.15277E+19     0.0000         0.0000    
          399.90        0.15719E+19    0.15719E+19     0.0000         0.0000    
          399.93        0.16062E+19    0.16062E+19     0.0000         0.0000    
          399.96        0.16300E+19    0.16300E+19     0.0000         0.0000    
          399.99        0.16431E+19    0.16431E+19     0.0000         0.0000    
          400.02        0.16451E+19    0.16451E+19     0.0000         0.0000    
          400.05        0.16362E+19    0.16362E+19     0.0000         0.0000    
          400.08        0.16163E+19    0.16163E+19     0.0000         0.0000    
          400.11        0.15858E+19    0.15858E+19     0.0000         0.0000    
          400.14        0.15453E+19    0.15453E+19     0.0000         0.0000    
          400.17        0.14953E+19    0.14953E+19     0.0000         0.0000    
          400.20        0.14367E+19    0.14367E+19     0.0000         0.0000    
          400.24        0.13704E+19    0.13704E+19     0.0000         0.0000    
          400.27        0.12974E+19    0.12974E+19     0.0000         0.0000    
          400.30        0.12188E+19    0.12188E+19     0.0000         0.0000    
          400.33        0.11357E+19    0.11357E+19     0.0000         0.0000    
          400.36        0.10495E+19    0.10495E+19     0.0000         0.0000    
          400.39        0.96130E+18    0.96130E+18     0.0000         0.0000    
          400.42        0.87235E+18    0.87235E+18     0.0000         0.0000    
          400.45        0.78382E+18    0.78382E+18     0.0000         0.0000    
          400.48        0.69684E+18    0.69684E+18     0.0000         0.0000    
          400.51        0.61246E+18    0.61246E+18     0.0000         0.0000    
          400.54        0.53164E+18    0.53164E+18     0.0000         0.0000    
          400.57        0.45522E+18    0.45522E+18     0.0000         0.0000    
          400.61        0.38392E+18    0.38392E+18     0.0000         0.0000    
          400.64        0.31832E+18    0.31832E+18     0.0000         0.0000    
          400.67        0.25889E+18    0.25889E+18     0.0000         0.0000    
          400.70        0.20592E+18    0.20592E+18     0.0000         0.0000    
          400.73        0.15959E+18    0.15959E+18     0.0000         0.0000    
          400.76        0.11993E+18    0.11993E+18     0.0000         0.0000    


      estimated brilliance maxima, flux and flux-density of S0, S1, S2, S3
      with emittance:

          400.01        0.16457E+19    0.27831E+15    0.71166E+17
          400.01        0.16457E+19    0.27831E+15    0.71166E+17
          0.0000         0.0000         0.0000         0.0000    
          0.0000         0.0000         0.0000         0.0000    

      estimated brilliance maximum of S3*S3/S0 with emittance:

          0.0000         0.0000    

      corresponding sigmas of source size [mm]
      and divergence [mrad] without and with emittance
      (including corr. factors sigrc,sigrpc):

      L/mm, lambda/mm:    4149.60010       3.09958273E-06
      without emit.:    2.55264174E-02   1.93256233E-02
         with emit.:    8.29607099E-02   2.49479953E-02
         (sigrf**2 = sigrxf*sigryf)


      LAST CHECK:

           BMAXGL:  0.75881593239737233     

           XBMAXGL:  -2.0501000031691072     
           YBMAXGL:   0.0000000000000000     
           ZBMAXGL:  -8.1666063669249493E-006


      CURRENT NUMBER:           1


                     --- Program WAVE completed ---



                                                   22:42:57 31.01.16

