
                                                   07:02:46 01.02.16


           *********************************************
           *          PROGRAM WAVE                     *
           *                                           *
           *          VERSION 3.03/01 13.11.2015       *
           *                                           *
           *          Michael Scheer                   *
           *              BESSY                        *
           *********************************************

      USER COMMENT:

      U49 Peter Baumgaertel                                            

      CURRENT NUMBER:         181


      USER NAMELIST:



      MODE FLAGS:

      IUNDULATOR,IWIGGLER:            1           0



      CONTROL FLAGS:


      IUNAME,IUSTEP,IUOUT:            0           0           0
      IOPTIC,IGENFUN:                 0           0
      IMAGSPLN:                   -9999
      IEMIT,IEMIAHW:                  0           0
      IWLSOPT,IBEAMPOL:               0           0
      IENELOSS, IEFIELD:             -1           0
      IPOWER,ISPEC:                   0           1
      IVELOFIELD,ISPECMODE:           0           3
         IWFILL0,IRFILL0:                      0           0
         ISPECINT,IPIN:                        0           1
         IUSEM,ISTOKES:                        0           1
         IBRILL:                               1
         IPINCIRC,IRPHI:                       0           0
         IFOLD,ISIGUSR:                        0           1
         IF1DIM,IPOLA:                         0           0
         IWFILSP0,IWFILSPF:                    0           0
         IRFILSP0,IRFILSTO:                    0           0
         IWFILSTO,IWFLSTOF:                    0           0
         ISPECANA,ISPECANAF:                   0           0
         IAMPLI,IAMPSKIP:                      0           0
         IWFILFL0,IWFILFLF:                    0           0
         IWFILS,IWFILSF:                       0           0
         IWFILSE,IWFILSEF:                     0           0
         IWFILB,IWFILBF:                       0           0
         IWFILBE,IWFILBEF:                     0           0
         IWFILINT,IPINALL:                     0           0
         IRFILOB,IFILTER:                      0           0
         IWFILRAY,IDESYNC:                     1           0
         IPHASE,IPHASEANA:                     0           0
         IDOSE,IEFOLD:                         0           0
         ISPECDIP,IBL0CUT:                     0           0
         IEFFI,IFILMUL:                        0           0
         IBUNCH:                               0
      IWFILF:                         0


      MAGNETIC FIELD FLAGS:



      ICHARGE,IBMASK,JBMASK:          -1           0           0
      IBSUPER,IBERROR:                 1           0
      ICUTFIBO:                        1

      IPERIODG,IBSYM:                 0           0
      IBSYMY,IBSYMZ:                  0           0
      KBEXTERN,KBFELD:                0           0
      KHALBA,KHALBASY:                0           0
      KUCROSS,IRFILP:                 0           0
      KMAGSEQ,IMGSQF:                 0           0
             KMAGCOR:                 1
      IRFILF,IRBTAB:                  0           0
      IRBTABZY,KELLIP:                0           1
      KBPOLYH,KBPOLY3D:               0           0
      KBREC,KELLANA:                  0           0
      KBPOLYMAG,KBGENESIS:            0           0
      KBAMWLS:                        0



      HISTOGRAM FLAGS:

      IHBOOK,IHINDEX:                 1           0


      OTHER OPTIONS:


      IWBTAB,IWFILT0:                 0           0
      IWSECTMAGS:                     0
      IJUST,ISNORDER:                 0           0
      IWBMAP,IWBPOLY3D:               0           0
      IWBPOLY2DH,IWBPHARM:            0           0


      SR BELLIP, Parameters of elliptical undulator:
      horizontal and vertical peak field [T]:   0.00000000       8.42670426E-02
      number of periods, period and device length [m]:
         84.0000000       4.94000018E-02   4.14960003    
      shift parameter [periods], B_h/B_v:       0.00000000       0.00000000    
      B0_eff [T], deflection parameter K:   8.42670426E-02  0.388691992    
      1. harmonical [nm] and [eV]:   2.33936214       530.000000    
      critical energy [eV]:   166.173813    

      longitudinal position of device center [m]:   0.0000000000000000     

      scaling factor for taper:   0.0000000000000000     

  
      Subroutine photon (quantum fluctuations):
  
       number of sampling bins (NBING1)        1000
       max. photon energy normalized to characteristic energy (EECMAXG1):
          5.0000000000000000     
  

      Number of tracking steps per meter (MYINUM):         5000

      Start and end of the trajectory [m](XSTART,XSTOP):
        -2.07480001       2.07480001    

      BMOVECUT:   1.00000001E-07

      Initial energy [GeV] and gamma:    1.72200000       3369.8702546331497     
      Final energy [GeV] and gamma:      1.72200000       3369.8702546331497     
      Relative change:                   0.00000000    
      number of photons, RMS (keV) and rel. RMS of quantum fluctuation:
                 1   0.00000000       0.00000000    


      B-rho [Tm], current [A]:   -5.74397326      0.100000001    

      Offset for vert. and hori. magnetic field (BYGOFF, BZGOFF):
          0.00000000       0.00000000    
      Global scaling factor for mag. field (B0SCGLOB,A0SCGLOB):
          1.00000000       1.00000000    

      Long. shift [m] of device (X(e-) -> X(e-)+XSHIFT):    0.00000000    
      Vert. shift [m] of device (Y(e-) -> Y(e-)+VSHIFT):    0.00000000    
      Hori. shift [m] of device (Z(e-) -> Z(e-)+HSHIFT):    0.00000000    
      Rotation angle [degree] of device:                    0.00000000    
      Y(e-) -> Y(e-)*sin(XROTD) + Y(e-)*cos(XROTD)
      Z(e-) -> Z(e-)*cos(XROTD) - Y(e-)*sin(XROTD)


      Magnetic field [T] at starting point:
         0.00000000       0.00000000       0.00000000    

      Vector potential [T-m] at starting point:
         0.00000000       0.00000000       0.00000000    


      Magnetic field [T] at stopping point:
         0.00000000       0.00000000       0.00000000    

      Vector potential [T-m] at stopping point:
         0.00000000       0.00000000       0.00000000    

      Extrema of magnetic field [T] and the trajectory [m]:

      BXmax,BXmin:    0.00000000       0.00000000    
      BYmax,BYmin:    8.42602551E-02  -8.42670426E-02
      BZmax,BZmin:    0.00000000       0.00000000    

      Xmax,Xmin:    2.07480001      -2.07480001    
      Ymax,Ymin:    0.00000000       0.00000000    
      Zmax,Zmin:    9.06836021E-07  -9.06838636E-07


      Extrema of magnetic field [T] and the trajectory [m] between
      XIANF and XIEND

      BXmaxAE,BXminAE:    0.00000000       0.00000000    
      BYmaxAE,BYminAE:    8.42602551E-02  -8.42670426E-02
      BZmaxAE,BZminAE:    0.00000000       0.00000000    

      XmaxAE,XminAE:    2.07479978      -2.07480001    
      YmaxAE,YminAE:    0.00000000       0.00000000    
      ZmaxAE,ZminAE:    9.06836021E-07  -9.06838636E-07


      Start values (coordinates [m] and slopes) of trajectory:

      X0:   -2.0747999999999998     
      Y0:    0.0000000000000000     
      Z0:    0.0000000000000000     

      ZP0:   0.0000000000000000     
      YP0:   0.0000000000000000     

      VX0:   299792444.80029100     
      VY0:   0.0000000000000000     
      VZ0:   0.0000000000000000     

      Values for X=0 (coordinates [m] and slopes) of trajectory:

      YCEN:    0.0000000000000000     
      ZCEN:    9.0679765991064059E-007

      YPCEN:   0.0000000000000000     
      ZPCEN:   1.5619761915370788E-013

      End values (coordinates [m] and slopes) of trajectory:

      XF0:    2.0747999999999998     
      YF0:    0.0000000000000000     
      ZF0:   -7.7406754514910013E-011


      ZPF0:   -3.4682825669281552E-013
      YPF0:    0.0000000000000000     

      VXF0:    299792444.80029142     
      VYF0:    0.0000000000000000     
      VZF0:   -1.0397649099976221E-004


      Values for X=XIANF (coordinates [m] and slopes) of trajectory:

      XIANF:   -1.0000000000000000E+030
      YIANF:   -9999.0000000000000     
      ZIANF:   -9999.0000000000000     

      YPIANF:  -9999.0000000000000     
      ZPIANF:  -9999.0000000000000     



      Values for X=XIEND (coordinates [m] and slopes) of trajectory:

      XIEND:    1.0000000000000000E+030
      YIEND:   -9999.0000000000000     
      ZIEND:   -9999.0000000000000     

      YPIEND:  -9999.0000000000000     
      ZPIEND:  -9999.0000000000000     


      ZF0/(XSTOP-XSTART):   -1.8654027982193471E-011
      YF0/(XSTOP-XSTART):    0.0000000000000000     

      YF0-Y0:   0.0000000000000000     
      ZF0-Z0:  -7.7406754514910013E-011

      YPF0-YP0:   0.0000000000000000     
      ZPF0-ZP0:  -3.4682825669281552E-013

      Straight line fit of z(x):
      offset:  -4.0865159051330329E-009
      slope:  -1.9585838764539616E-011

      Straight line fit of vz(x)/vx(x):
      offset:  -7.1578954488639530E-017
      slope:   2.8209615919951948E-009

      Straight line fit of y(x):
      offset:   0.0000000000000000     
      slope:   0.0000000000000000     

      Straight line fit of vy(x)/vx(x):
      offset:   0.0000000000000000     
      slope:   0.0000000000000000     

      1. magnetic integral [T-m]:    0.00000000       1.98942533E-12   0.00000000    
      2. mag. integral [T-m**2]:    0.00000000       2.62610770E-15   0.00000000    

      Integrated By**2 [T**2-m]:                      1.46453232E-02
      Energy irradiated by the device per e- [MeV]:   5.49524339E-05
      Rel. energy loss:                               3.19119806E-08
      Power irradiated by the device [kWATT]:         5.49524324E-03

      Length of trajectory (BINT0) [m]:
         4.1496000136880955     
      Integrated (YP**2+ZP**2)/2 of trajectory (WTRA2I) [m]:
         1.3687213319844682E-008
      corresponding phase advance [nm and eV]:
         196.39198040226668        6.3132003715070919     
      dE/E and corresponding dL = 2 * dE/E * L [nm]:
         1.00000005E-03   2.73744259E-02
      Circumference of the ring [m]:                 240.000000    
      Rel. change of total circumference (from BINT0):         
         5.70337319E-11
      Rel. change of total circumference (from WTRA2I):
         5.70300543E-11

      Max. and min. deflection angle [rad]:    1.15344090E-04  -1.15344104E-04


      SPECTRUM
      ===========

      Start and end of points [m] of integration for spectrum
      calculations (XIANF,XIEND):  -1.00000002E+30   1.00000002E+30


      SR WFILL0:

      Parameters:
      WGWINFC:   2646.6899088765672     
      WBL0CUT:   0.0000000000000000     
      WBL0HYS:   1.0000000000000000     

      Pinhole of collimators:
      (X,Y,Z), width, height:

        1.0000E+01  0.0000E+00  0.0000E+00  1.0000E+03  1.0000E+03
        1.0000E+01  0.0000E+00  0.0000E+00  1.0000E+03  1.0000E+03

      Number of sources:           1
      Begin and end of sources (x,y,z):

                 1  -2.07480001       0.00000000       0.00000000    
                 1   2.07480001       0.00000000      -7.74067546E-11

      Horiz., vert. slopes and mag. field
      at begin and end of sources:

                 1   0.00000000       0.00000000       0.00000000    
                 1  -3.46828252E-13   0.00000000       9.85860699E-12


      SR COHEREN:
      Minimum and maximum number of phases  between
      photons and electrons:
         417.963745       420.558350    


       selected observation point:

          10.0000000       0.00000000       0.00000000    


      Source number, mean mag. field (sign from By), abs. mean and rel. rms
      for sources, and critical photon energy [eV] or wavelength [nm]
      (with respect to abs. mean):

           1   4.55364641E-13   5.34222238E-02  0.486472696       105.348122    

      Photon energy cut-off (SPECCUT):   0.00000000    

      Max. field and photon energy cuts for source points:

           1   8.42670873E-02   0.00000000    

      Data-file written for program RAY
      File: wave_ray.dat                                                                                                                    
      (Device center is assumed at (0,0,0)
      Photon energy:   2638.65991    


      Results of spectrum calculations
      ================================


      Reflectivity coefficients (complex):

       (  1.0000000000000000     ,  0.0000000000000000     )
       (  1.0000000000000000     ,  0.0000000000000000     )
       (  1.0000000000000000     ,  0.0000000000000000     )



      Buffer size for integration (NDWSOU):       20849

      Provided number of integration steps for each source
      (controlled by NLPOI)
      (not necessarily used)

       20747

      Bandwidth:   1.00000005E-03


      Pinhole position (x,y,z) [m]:
         10.0000000       0.00000000       0.00000000    

      Numbers defining inner vert. and hori. edges (MMEDGEY,MMEDGEZ):            0           0
      Numbers defining outerer vert. and hori. edges (MEDGEY,MEDGEZ):            1           1
      Total number of vert. and hori. points:                    73          73
      Number of vert. and horiz. points inside pinhole:          71          71

      Vertical and horizontal grid size [m]:        2.85714286E-05   2.85714286E-05
      Vertical and horizontal size [m x m]:         2.00000009E-03   2.00000009E-03
      Total vert. and horiz. size [m x m]:          2.05714279E-03   2.05714279E-03

      Photon energy or wavelength and flux through pinhole:
      (for all sources and sum)

      2638.65991       9.05006694E+09   9.05006694E+09
      2638.86475       9.08530586E+09   9.08530586E+09
      2639.06958       9.11925248E+09   9.11925248E+09
      2639.27417       9.15173171E+09   9.15173171E+09
      2639.47900       9.18261862E+09   9.18261862E+09
      2639.68384       9.21184358E+09   9.21184358E+09
      2639.88843       9.23939942E+09   9.23939942E+09
      2640.09326       9.26534861E+09   9.26534861E+09
      2640.29810       9.28982118E+09   9.28982118E+09
      2640.50269       9.31301888E+09   9.31301888E+09
      2640.70752       9.33520896E+09   9.33520896E+09
      2640.91235       9.35671910E+09   9.35671910E+09
      2641.11694       9.37792410E+09   9.37792410E+09
      2641.32178       9.39923866E+09   9.39923866E+09
      2641.52661       9.42109798E+09   9.42109798E+09
      2641.73120       9.44393933E+09   9.44393933E+09
      2641.93604       9.46818662E+09   9.46818662E+09
      2642.14087       9.49422285E+09   9.49422285E+09
      2642.34546       9.52237261E+09   9.52237261E+09
      2642.55029       9.55287962E+09   9.55287962E+09
      2642.75488       9.58588006E+09   9.58588006E+09
      2642.95972       9.62138829E+09   9.62138829E+09
      2643.16455       9.65927424E+09   9.65927424E+09
      2643.36914       9.69925120E+09   9.69925120E+09
      2643.57397       9.74085939E+09   9.74085939E+09
      2643.77881       9.78346086E+09   9.78346086E+09
      2643.98340       9.82623744E+09   9.82623744E+09
      2644.18823       9.86818765E+09   9.86818765E+09
      2644.39307       9.90813491E+09   9.90813491E+09
      2644.59766       9.94474394E+09   9.94474394E+09
      2644.80249       9.97652890E+09   9.97652890E+09
      2645.00732       1.00018852E+10   1.00018852E+10
      2645.21191       1.00191089E+10   1.00191089E+10
      2645.41675       1.00264335E+10   1.00264335E+10
      2645.62158       1.00220611E+10   1.00220611E+10
      2645.82617       1.00041984E+10   1.00041984E+10
      2646.03101       9.97110170E+09   9.97110170E+09
      2646.23584       9.92111309E+09   9.92111309E+09
      2646.44043       9.85270067E+09   9.85270067E+09
      2646.64526       9.76450048E+09   9.76450048E+09
      2646.85010       9.65535027E+09   9.65535027E+09
      2647.05469       9.52432435E+09   9.52432435E+09
      2647.25952       9.37076736E+09   9.37076736E+09
      2647.46436       9.19431270E+09   9.19431270E+09
      2647.66895       8.99490611E+09   8.99490611E+09
      2647.87378       8.77281894E+09   8.77281894E+09
      2648.07861       8.52865229E+09   8.52865229E+09
      2648.28320       8.26333594E+09   8.26333594E+09
      2648.48804       7.97812275E+09   7.97812275E+09
      2648.69287       7.67457331E+09   7.67457331E+09
      2648.89746       7.35453286E+09   7.35453286E+09
      2649.10229       7.02010368E+09   7.02010368E+09
      2649.30688       6.67361280E+09   6.67361280E+09
      2649.51172       6.31757261E+09   6.31757261E+09
      2649.71655       5.95463885E+09   5.95463885E+09
      2649.92114       5.58756198E+09   5.58756198E+09
      2650.12598       5.21914470E+09   5.21914470E+09
      2650.33081       4.85218867E+09   4.85218867E+09
      2650.53540       4.48944896E+09   4.48944896E+09
      2650.74023       4.13358515E+09   4.13358515E+09
      2650.94507       3.78711962E+09   3.78711962E+09
      2651.14966       3.45239296E+09   3.45239296E+09
      2651.35449       3.13153050E+09   3.13153050E+09
      2651.55933       2.82640845E+09   2.82640845E+09
      2651.76392       2.53862938E+09   2.53862938E+09
      2651.96875       2.26950221E+09   2.26950221E+09
      2652.17358       2.02002931E+09   2.02002931E+09
      2652.37817       1.79090010E+09   1.79090010E+09
      2652.58301       1.58249152E+09   1.58249152E+09
      2652.78784       1.39487514E+09   1.39487514E+09
      2652.99243       1.22782989E+09   1.22782989E+09
      2653.19727       1.08086080E+09   1.08086080E+09
      2653.40210       953222784.       953222784.    
      2653.60669       843948224.       843948224.    
      2653.81152       751878528.       751878528.    
      2654.01636       675697920.       675697920.    
      2654.22095       613969152.       613969152.    
      2654.42578       565169344.       565169344.    
      2654.63062       527726400.       527726400.    
      2654.83521       500053568.       500053568.    
      2655.04004       480582912.       480582912.    

      Estimated maximum:

         2645.44263       1.00265267E+10


      Flux density for selected point:

               2638.65991       2.15249480E+15   2.15249480E+15
               2638.86475       2.87406246E+15   2.87406246E+15
               2639.06958       3.67823147E+15   3.67823147E+15
               2639.27417       4.54180766E+15   4.54180766E+15
               2639.47900       5.43781031E+15   5.43781031E+15
               2639.68384       6.33629975E+15   6.33629975E+15
               2639.88843       7.20538155E+15   7.20538155E+15
               2640.09326       8.01234954E+15   8.01234954E+15
               2640.29810       8.72493830E+15   8.72493830E+15
               2640.50269       9.31265303E+15   9.31265303E+15
               2640.70752       9.74812943E+15   9.74812943E+15
               2640.91235       1.00084764E+16   1.00084764E+16
               2641.11694       1.00765667E+16   1.00765667E+16
               2641.32178       9.94220719E+15   9.94220719E+15
               2641.52661       9.60317643E+15   9.60317643E+15
               2641.73120       9.06604245E+15   9.06604245E+15
               2641.93604       8.34677072E+15   8.34677072E+15
               2642.14087       7.47104890E+15   7.47104890E+15
               2642.34546       6.47433195E+15   6.47433195E+15
               2642.55029       5.40157153E+15   5.40157153E+15
               2642.75488       4.30663484E+15   4.30663484E+15
               2642.95972       3.25140594E+15   3.25140594E+15
               2643.16455       2.30458711E+15   2.30458711E+15
               2643.36914       1.54021634E+15   1.54021634E+15
               2643.57397       1.03593497E+15   1.03593497E+15
               2643.77881       8.71045876E+14   8.71045876E+14
               2643.98340       1.12440741E+15   1.12440741E+15
               2644.18823       1.87221893E+15   1.87221893E+15
               2644.39307       3.18575790E+15   3.18575790E+15
               2644.59766       5.12912940E+15   5.12912940E+15
               2644.80249       7.75709748E+15   7.75709748E+15
               2645.00732       1.11130539E+16   1.11130539E+16
               2645.21191       1.52272031E+16   1.52272031E+16
               2645.41675       2.01149961E+16   2.01149961E+16
               2645.62158       2.57759005E+16   2.57759005E+16
               2645.82617       3.21925108E+16   3.21925108E+16
               2646.03101       3.93300764E+16   3.93300764E+16
               2646.23584       4.71364328E+16   4.71364328E+16
               2646.44043       5.55423882E+16   5.55423882E+16
               2646.64526       6.44625328E+16   6.44625328E+16
               2646.85010       7.37964974E+16   7.37964974E+16
               2647.05469       8.34305901E+16   8.34305901E+16
               2647.25952       9.32398230E+16   9.32398230E+16
               2647.46436       1.03090288E+17   1.03090288E+17
               2647.66895       1.12841762E+17   1.12841762E+17
               2647.87378       1.22350553E+17   1.22350553E+17
               2648.07861       1.31472479E+17   1.31472479E+17
               2648.28320       1.40065927E+17   1.40065927E+17
               2648.48804       1.47994884E+17   1.47994884E+17
               2648.69287       1.55131899E+17   1.55131899E+17
               2648.89746       1.61360856E+17   1.61360856E+17
               2649.10229       1.66579568E+17   1.66579568E+17
               2649.30688       1.70701981E+17   1.70701981E+17
               2649.51172       1.73660148E+17   1.73660148E+17
               2649.71655       1.75405657E+17   1.75405657E+17
               2649.92114       1.75910745E+17   1.75910745E+17
               2650.12598       1.75168781E+17   1.75168781E+17
               2650.33081       1.73194470E+17   1.73194470E+17
               2650.53540       1.70023393E+17   1.70023393E+17
               2650.74023       1.65711177E+17   1.65711177E+17
               2650.94507       1.60332143E+17   1.60332143E+17
               2651.14966       1.53977601E+17   1.53977601E+17
               2651.35449       1.46753741E+17   1.46753741E+17
               2651.55933       1.38779250E+17   1.38779250E+17
               2651.76392       1.30182623E+17   1.30182623E+17
               2651.96875       1.21099377E+17   1.21099377E+17
               2652.17358       1.11669072E+17   1.11669072E+17
               2652.37817       1.02032343E+17   1.02032343E+17
               2652.58301       9.23280358E+16   9.23280358E+16
               2652.78784       8.26903267E+16   8.26903267E+16
               2652.99243       7.32461575E+16   7.32461575E+16
               2653.19727       6.41128451E+16   6.41128451E+16
               2653.40210       5.53959857E+16   5.53959857E+16
               2653.60669       4.71877491E+16   4.71877491E+16
               2653.81152       3.95655093E+16   3.95655093E+16
               2654.01636       3.25908969E+16   3.25908969E+16
               2654.22095       2.63092452E+16   2.63092452E+16
               2654.42578       2.07494659E+16   2.07494659E+16
               2654.63062       1.59243128E+16   1.59243128E+16
               2654.83521       1.18310318E+16   1.18310318E+16
               2655.04004       8.45235927E+15   8.45235927E+15

      Estimated maximum:

         2649.90186       1.75916363E+17


      Power through pinhole [W]:
      (for all sources and sum)
       1.53058577       1.53058577    


      Power density at selected point [W/m**2]:

                494957.219       494957.219    




      Photon energy or wavelength and normalized components S0, S1/S0,
      S2/S0, S3/S0 of STOKES vector and polarization for pinhole:

       2.6387E+03  9.0501E+09  9.9788E-01  1.0254E-08 -1.5436E-19  9.9788E-01
       2.6389E+03  9.0853E+09  9.9790E-01  5.1199E-09 -1.2333E-19  9.9790E-01
       2.6391E+03  9.1193E+09  9.9792E-01 -3.7238E-10  5.9042E-20  9.9792E-01
       2.6393E+03  9.1517E+09  9.9794E-01  5.9328E-09  4.2932E-20  9.9794E-01
       2.6395E+03  9.1826E+09  9.9796E-01 -1.0631E-08  6.0220E-20  9.9796E-01
       2.6397E+03  9.2118E+09  9.9797E-01  5.4389E-09  1.2006E-19  9.9797E-01
       2.6399E+03  9.2394E+09  9.9799E-01 -2.6651E-10  8.8199E-20  9.9799E-01
       2.6401E+03  9.2653E+09  9.9801E-01  7.6003E-09  2.5129E-20  9.9801E-01
       2.6403E+03  9.2898E+09  9.9803E-01 -4.0564E-09 -5.0126E-20  9.9803E-01
       2.6405E+03  9.3130E+09  9.9805E-01 -1.3786E-08  3.1251E-21  9.9805E-01
       2.6407E+03  9.3352E+09  9.9807E-01 -5.6014E-09  0.0000E+00  9.9807E-01
       2.6409E+03  9.3567E+09  9.9809E-01 -1.3360E-09 -3.7326E-20  9.9809E-01
       2.6411E+03  9.3779E+09  9.9811E-01  3.4708E-09  3.4138E-20  9.9811E-01
       2.6413E+03  9.3992E+09  9.9813E-01 -7.2320E-10 -2.7868E-20  9.9813E-01
       2.6415E+03  9.4211E+09  9.9815E-01  6.5618E-09 -2.7803E-20  9.9815E-01
       2.6417E+03  9.4439E+09  9.9817E-01 -1.4794E-09 -7.3962E-20  9.9817E-01
       2.6419E+03  9.4682E+09  9.9819E-01  8.5166E-09 -6.7625E-20  9.9819E-01
       2.6421E+03  9.4942E+09  9.9822E-01  5.9597E-10 -2.1458E-20  9.9822E-01
       2.6423E+03  9.5224E+09  9.9824E-01 -4.1570E-09  3.9733E-20  9.9824E-01
       2.6426E+03  9.5529E+09  9.9826E-01 -7.5095E-09  9.1398E-21  9.9826E-01
       2.6428E+03  9.5859E+09  9.9828E-01  3.0773E-09  2.4289E-20  9.9828E-01
       2.6430E+03  9.6214E+09  9.9830E-01 -2.8735E-09  1.2100E-20  9.9830E-01
       2.6432E+03  9.6593E+09  9.9831E-01  1.1785E-08 -2.4104E-20  9.9831E-01
       2.6434E+03  9.6993E+09  9.9833E-01  1.3274E-09  2.4005E-20  9.9833E-01
       2.6436E+03  9.7409E+09  9.9835E-01 -6.1511E-10  3.2866E-20  9.9835E-01
       2.6438E+03  9.7835E+09  9.9837E-01  9.8913E-09 -2.3798E-20  9.9837E-01
       2.6440E+03  9.8262E+09  9.9838E-01 -4.8259E-09 -6.2199E-20  9.9838E-01
       2.6442E+03  9.8682E+09  9.9840E-01 -6.2265E-09  8.8478E-21  9.9840E-01
       2.6444E+03  9.9081E+09  9.9841E-01 -8.0382E-09 -2.9374E-20  9.9841E-01
       2.6446E+03  9.9447E+09  9.9842E-01  8.1936E-09 -3.2192E-20  9.9842E-01
       2.6448E+03  9.9765E+09  9.9843E-01  1.4825E-09 -1.4586E-21  9.9843E-01
       2.6450E+03  1.0002E+10  9.9844E-01 -1.3702E-08 -4.0738E-20  9.9844E-01
       2.6452E+03  1.0019E+10  9.9845E-01 -2.0502E-09 -2.7596E-20  9.9845E-01
       2.6454E+03  1.0026E+10  9.9846E-01  9.6262E-10 -2.6124E-20  9.9846E-01
       2.6456E+03  1.0022E+10  9.9847E-01  6.8087E-09  5.2272E-20  9.9847E-01
       2.6458E+03  1.0004E+10  9.9847E-01 -3.7873E-09  3.4910E-20  9.9847E-01
       2.6460E+03  9.9711E+09  9.9847E-01  5.8915E-09  5.1079E-20  9.9847E-01
       2.6462E+03  9.9211E+09  9.9847E-01 -6.4643E-09 -1.4668E-20  9.9847E-01
       2.6464E+03  9.8527E+09  9.9847E-01 -5.9022E-09  8.1232E-21  9.9847E-01
       2.6466E+03  9.7645E+09  9.9847E-01  4.8560E-09  3.9493E-20  9.9847E-01
       2.6469E+03  9.6554E+09  9.9846E-01 -8.1376E-09  5.2750E-21  9.9846E-01
       2.6471E+03  9.5243E+09  9.9845E-01 -1.5432E-08 -1.6043E-20  9.9845E-01
       2.6473E+03  9.3708E+09  9.9843E-01 -1.2685E-08 -8.5410E-21  9.9843E-01
       2.6475E+03  9.1943E+09  9.9841E-01  1.2992E-08 -4.2733E-20  9.9841E-01
       2.6477E+03  8.9949E+09  9.9838E-01 -3.0258E-09 -7.4419E-20  9.9838E-01
       2.6479E+03  8.7728E+09  9.9835E-01 -3.4961E-09  4.9763E-21  9.9835E-01
       2.6481E+03  8.5287E+09  9.9831E-01 -6.7412E-09  1.1091E-20  9.9831E-01
       2.6483E+03  8.2633E+09  9.9826E-01 -1.1239E-08 -1.9371E-20  9.9826E-01
       2.6485E+03  7.9781E+09  9.9820E-01 -9.6758E-09 -1.8240E-21  9.9820E-01
       2.6487E+03  7.6746E+09  9.9813E-01  7.2176E-09 -5.1195E-20  9.9813E-01
       2.6489E+03  7.3545E+09  9.9805E-01 -6.1244E-10  1.5829E-20  9.9805E-01
       2.6491E+03  7.0201E+09  9.9796E-01 -9.9791E-09 -1.4510E-20  9.9796E-01
       2.6493E+03  6.6736E+09  9.9786E-01 -5.3300E-09 -3.0527E-20  9.9786E-01
       2.6495E+03  6.3176E+09  9.9773E-01  3.6412E-10 -8.0619E-20  9.9773E-01
       2.6497E+03  5.9546E+09  9.9759E-01 -9.4847E-09  3.9101E-20  9.9759E-01
       2.6499E+03  5.5876E+09  9.9743E-01  5.2890E-09  1.4324E-19  9.9743E-01
       2.6501E+03  5.2191E+09  9.9724E-01 -6.4099E-09  8.3645E-21  9.9724E-01
       2.6503E+03  4.8522E+09  9.9703E-01  8.1821E-09  2.3992E-20  9.9703E-01
       2.6505E+03  4.4894E+09  9.9678E-01 -6.3708E-09  5.5103E-20  9.9678E-01
       2.6507E+03  4.1336E+09  9.9649E-01  9.6250E-09  1.0913E-19  9.9649E-01
       2.6509E+03  3.7871E+09  9.9616E-01  8.3939E-09  1.5370E-20  9.9616E-01
       2.6511E+03  3.4524E+09  9.9578E-01  1.2951E-08  1.1802E-19  9.9578E-01
       2.6514E+03  3.1315E+09  9.9534E-01  9.9691E-09  0.0000E+00  9.9534E-01
       2.6516E+03  2.8264E+09  9.9483E-01 -4.5093E-09  1.0297E-20  9.9483E-01
       2.6518E+03  2.5386E+09  9.9423E-01  4.0548E-09 -2.2929E-20  9.9423E-01
       2.6520E+03  2.2695E+09  9.9354E-01  4.1619E-10 -2.5648E-20  9.9354E-01
       2.6522E+03  2.0200E+09  9.9274E-01 -1.6375E-08  1.7289E-19  9.9274E-01
       2.6524E+03  1.7909E+09  9.9181E-01  1.6984E-08  1.3001E-19  9.9181E-01
       2.6526E+03  1.5825E+09  9.9073E-01 -6.2110E-09 -1.8391E-19  9.9073E-01
       2.6528E+03  1.3949E+09  9.8949E-01 -1.0829E-08  4.1730E-20  9.8949E-01
       2.6530E+03  1.2278E+09  9.8806E-01 -1.9233E-08  2.3703E-20  9.8806E-01
       2.6532E+03  1.0809E+09  9.8644E-01  1.7153E-09  8.0780E-20  9.8644E-01
       2.6534E+03  9.5322E+08  9.8464E-01  1.7037E-09  6.1064E-20  9.8464E-01
       2.6536E+03  8.4395E+08  9.8266E-01  1.2526E-09  3.7934E-19  9.8266E-01
       2.6538E+03  7.5188E+08  9.8054E-01  6.3773E-09  2.7096E-19  9.8054E-01
       2.6540E+03  6.7570E+08  9.7834E-01 -9.4623E-09 -4.3072E-20  9.7834E-01
       2.6542E+03  6.1397E+08  9.7616E-01 -1.0965E-09  4.7403E-20  9.7616E-01
       2.6544E+03  5.6517E+08  9.7408E-01  2.9329E-09  5.1496E-20  9.7408E-01
       2.6546E+03  5.2773E+08  9.7221E-01 -8.7397E-10 -3.3090E-19  9.7221E-01
       2.6548E+03  5.0005E+08  9.7062E-01  4.8619E-10 -1.1640E-19  9.7062E-01
       2.6550E+03  4.8058E+08  9.6937E-01  8.3833E-09  5.4503E-19  9.6937E-01


      Photon energy [eV] or wavelength [nm] for selected point
      of pinhole, S0, S1/S0, S2/S0, S3/S0, P of
      STOKES vector per unit area [m**2]:


           Observation point (x,y,z) [m]:
              10.0000000       0.00000000       0.00000000    

       2.6387E+03  2.1525E+15  1.0000E+00  0.0000E+00  0.0000E+00  1.0000E+00
       2.6389E+03  2.8741E+15  1.0000E+00  0.0000E+00  0.0000E+00  1.0000E+00
       2.6391E+03  3.6782E+15  1.0000E+00  0.0000E+00  0.0000E+00  1.0000E+00
       2.6393E+03  4.5418E+15  1.0000E+00  0.0000E+00  0.0000E+00  1.0000E+00
       2.6395E+03  5.4378E+15  1.0000E+00  0.0000E+00  0.0000E+00  1.0000E+00
       2.6397E+03  6.3363E+15  1.0000E+00  0.0000E+00  0.0000E+00  1.0000E+00
       2.6399E+03  7.2054E+15  1.0000E+00  0.0000E+00  0.0000E+00  1.0000E+00
       2.6401E+03  8.0123E+15  1.0000E+00  0.0000E+00  0.0000E+00  1.0000E+00
       2.6403E+03  8.7249E+15  1.0000E+00  0.0000E+00  0.0000E+00  1.0000E+00
       2.6405E+03  9.3127E+15  1.0000E+00  0.0000E+00  0.0000E+00  1.0000E+00
       2.6407E+03  9.7481E+15  1.0000E+00  0.0000E+00  0.0000E+00  1.0000E+00
       2.6409E+03  1.0008E+16  1.0000E+00  0.0000E+00  0.0000E+00  1.0000E+00
       2.6411E+03  1.0077E+16  1.0000E+00  0.0000E+00  0.0000E+00  1.0000E+00
       2.6413E+03  9.9422E+15  1.0000E+00  0.0000E+00  0.0000E+00  1.0000E+00
       2.6415E+03  9.6032E+15  1.0000E+00  0.0000E+00  0.0000E+00  1.0000E+00
       2.6417E+03  9.0660E+15  1.0000E+00  0.0000E+00  0.0000E+00  1.0000E+00
       2.6419E+03  8.3468E+15  1.0000E+00  0.0000E+00  0.0000E+00  1.0000E+00
       2.6421E+03  7.4710E+15  1.0000E+00  0.0000E+00  0.0000E+00  1.0000E+00
       2.6423E+03  6.4743E+15  1.0000E+00  0.0000E+00  0.0000E+00  1.0000E+00
       2.6426E+03  5.4016E+15  1.0000E+00  0.0000E+00  0.0000E+00  1.0000E+00
       2.6428E+03  4.3066E+15  1.0000E+00  0.0000E+00  0.0000E+00  1.0000E+00
       2.6430E+03  3.2514E+15  1.0000E+00  0.0000E+00  0.0000E+00  1.0000E+00
       2.6432E+03  2.3046E+15  1.0000E+00  0.0000E+00  0.0000E+00  1.0000E+00
       2.6434E+03  1.5402E+15  1.0000E+00  0.0000E+00  0.0000E+00  1.0000E+00
       2.6436E+03  1.0359E+15  1.0000E+00  0.0000E+00  0.0000E+00  1.0000E+00
       2.6438E+03  8.7105E+14  1.0000E+00  0.0000E+00  0.0000E+00  1.0000E+00
       2.6440E+03  1.1244E+15  1.0000E+00  0.0000E+00  0.0000E+00  1.0000E+00
       2.6442E+03  1.8722E+15  1.0000E+00  0.0000E+00  0.0000E+00  1.0000E+00
       2.6444E+03  3.1858E+15  1.0000E+00  0.0000E+00  0.0000E+00  1.0000E+00
       2.6446E+03  5.1291E+15  1.0000E+00  0.0000E+00  0.0000E+00  1.0000E+00
       2.6448E+03  7.7571E+15  1.0000E+00  0.0000E+00  0.0000E+00  1.0000E+00
       2.6450E+03  1.1113E+16  1.0000E+00  0.0000E+00  0.0000E+00  1.0000E+00
       2.6452E+03  1.5227E+16  1.0000E+00  0.0000E+00  0.0000E+00  1.0000E+00
       2.6454E+03  2.0115E+16  1.0000E+00  0.0000E+00  0.0000E+00  1.0000E+00
       2.6456E+03  2.5776E+16  1.0000E+00  0.0000E+00  0.0000E+00  1.0000E+00
       2.6458E+03  3.2193E+16  1.0000E+00  0.0000E+00  0.0000E+00  1.0000E+00
       2.6460E+03  3.9330E+16  1.0000E+00  0.0000E+00  0.0000E+00  1.0000E+00
       2.6462E+03  4.7136E+16  1.0000E+00  0.0000E+00  0.0000E+00  1.0000E+00
       2.6464E+03  5.5542E+16  1.0000E+00  0.0000E+00  0.0000E+00  1.0000E+00
       2.6466E+03  6.4463E+16  1.0000E+00  0.0000E+00  0.0000E+00  1.0000E+00
       2.6469E+03  7.3797E+16  1.0000E+00  0.0000E+00  0.0000E+00  1.0000E+00
       2.6471E+03  8.3431E+16  1.0000E+00  0.0000E+00  0.0000E+00  1.0000E+00
       2.6473E+03  9.3240E+16  1.0000E+00  0.0000E+00  0.0000E+00  1.0000E+00
       2.6475E+03  1.0309E+17  1.0000E+00  0.0000E+00  0.0000E+00  1.0000E+00
       2.6477E+03  1.1284E+17  1.0000E+00  0.0000E+00  0.0000E+00  1.0000E+00
       2.6479E+03  1.2235E+17  1.0000E+00  0.0000E+00  0.0000E+00  1.0000E+00
       2.6481E+03  1.3147E+17  1.0000E+00  0.0000E+00  0.0000E+00  1.0000E+00
       2.6483E+03  1.4007E+17  1.0000E+00  0.0000E+00  0.0000E+00  1.0000E+00
       2.6485E+03  1.4799E+17  1.0000E+00  0.0000E+00  0.0000E+00  1.0000E+00
       2.6487E+03  1.5513E+17  1.0000E+00  0.0000E+00  0.0000E+00  1.0000E+00
       2.6489E+03  1.6136E+17  1.0000E+00  0.0000E+00  0.0000E+00  1.0000E+00
       2.6491E+03  1.6658E+17  1.0000E+00  0.0000E+00  0.0000E+00  1.0000E+00
       2.6493E+03  1.7070E+17  1.0000E+00  0.0000E+00  0.0000E+00  1.0000E+00
       2.6495E+03  1.7366E+17  1.0000E+00  0.0000E+00  0.0000E+00  1.0000E+00
       2.6497E+03  1.7541E+17  1.0000E+00  0.0000E+00  0.0000E+00  1.0000E+00
       2.6499E+03  1.7591E+17  1.0000E+00  0.0000E+00  0.0000E+00  1.0000E+00
       2.6501E+03  1.7517E+17  1.0000E+00  0.0000E+00  0.0000E+00  1.0000E+00
       2.6503E+03  1.7319E+17  1.0000E+00  0.0000E+00  0.0000E+00  1.0000E+00
       2.6505E+03  1.7002E+17  1.0000E+00  0.0000E+00  0.0000E+00  1.0000E+00
       2.6507E+03  1.6571E+17  1.0000E+00  0.0000E+00  0.0000E+00  1.0000E+00
       2.6509E+03  1.6033E+17  1.0000E+00  0.0000E+00  0.0000E+00  1.0000E+00
       2.6511E+03  1.5398E+17  1.0000E+00  0.0000E+00  0.0000E+00  1.0000E+00
       2.6514E+03  1.4675E+17  1.0000E+00  0.0000E+00  0.0000E+00  1.0000E+00
       2.6516E+03  1.3878E+17  1.0000E+00  0.0000E+00  0.0000E+00  1.0000E+00
       2.6518E+03  1.3018E+17  1.0000E+00  0.0000E+00  0.0000E+00  1.0000E+00
       2.6520E+03  1.2110E+17  1.0000E+00  0.0000E+00  0.0000E+00  1.0000E+00
       2.6522E+03  1.1167E+17  1.0000E+00  0.0000E+00  0.0000E+00  1.0000E+00
       2.6524E+03  1.0203E+17  1.0000E+00  0.0000E+00  0.0000E+00  1.0000E+00
       2.6526E+03  9.2328E+16  1.0000E+00  0.0000E+00  0.0000E+00  1.0000E+00
       2.6528E+03  8.2690E+16  1.0000E+00  0.0000E+00  0.0000E+00  1.0000E+00
       2.6530E+03  7.3246E+16  1.0000E+00  0.0000E+00  0.0000E+00  1.0000E+00
       2.6532E+03  6.4113E+16  1.0000E+00  0.0000E+00  0.0000E+00  1.0000E+00
       2.6534E+03  5.5396E+16  1.0000E+00  0.0000E+00  0.0000E+00  1.0000E+00
       2.6536E+03  4.7188E+16  1.0000E+00  0.0000E+00  0.0000E+00  1.0000E+00
       2.6538E+03  3.9566E+16  1.0000E+00  0.0000E+00  0.0000E+00  1.0000E+00
       2.6540E+03  3.2591E+16  1.0000E+00  0.0000E+00  0.0000E+00  1.0000E+00
       2.6542E+03  2.6309E+16  1.0000E+00  0.0000E+00  0.0000E+00  1.0000E+00
       2.6544E+03  2.0749E+16  1.0000E+00  0.0000E+00  0.0000E+00  1.0000E+00
       2.6546E+03  1.5924E+16  1.0000E+00  0.0000E+00  0.0000E+00  1.0000E+00
       2.6548E+03  1.1831E+16  1.0000E+00  0.0000E+00  0.0000E+00  1.0000E+00
       2.6550E+03  8.4524E+15  1.0000E+00  0.0000E+00  0.0000E+00  1.0000E+00

       Total absolut maxima found for Stokes-V. (z,y,Eph,fluxdens.)

        0.0000E+00  0.0000E+00  2.6499E+03  1.7591E+17
        0.0000E+00  0.0000E+00  2.6499E+03  1.7591E+17
        1.4286E-04  1.4286E-04  2.6387E+03  5.8727E+15
        1.7143E-04  1.4286E-04  2.6387E+03  8.4508E+14


       Estimated maxima of s0, s1, s2 ,s3 for selected point:
          2649.90186       1.75916363E+17
          2649.90186       1.75916380E+17
          0.00000000       0.00000000    
          0.00000000       0.00000000    


       Estimated maximum of s3*s3/s0 for selected point:
          0.00000000       0.00000000    
 *** WARNING: CALL TO UTIL_MAX_PARABEL FAILED FOR S           4
 *** CHECK VALUES CAREFULLY


       Estimated maxima of fluxes s0, s1, s2 ,s3:
          2645.44263       1.00265267E+10
          2645.44385       1.00111022E+10
          2647.09741       149.084671    
          2638.65991       1.39698386E-09
 *** WARNING: CALL TO UTIL_MAX_PARABEL FAILED FOR S3*S3/S0
 *** CHECK VALUES CAREFULLY


       Estimated maxima of fluxes s3*s3/s0:
          2638.65991       2.15640815E-28



      Brilliance calculations:
      (only meaningful for undulators)

      sigr=sqrt(2*lambda*L)/2/pi*sigrc and 
      sigrp=sqrt(lambda/2/L)*sigrpc

       sigrc,sigrpc:   1.0000000000000000        1.0000000000000000     

      make sure that the device length agrees to the length
      of the trajectory
      (for rec-fields rangrec and rangpm are substracted by program)

      Observation point:

         10.0000000       0.00000000       0.00000000    

      considered device length [m]:   4.14960003    


      Brilliance [photons/sec/BW/mm**2/mrad**2]

          2638.7        0.34681E+15    0.34681E+15     0.0000         0.0000    
          2638.9        0.46311E+15    0.46311E+15     0.0000         0.0000    
          2639.1        0.59273E+15    0.59273E+15     0.0000         0.0000    
          2639.3        0.73195E+15    0.73195E+15     0.0000         0.0000    
          2639.5        0.87642E+15    0.87642E+15     0.0000         0.0000    
          2639.7        0.10213E+16    0.10213E+16     0.0000         0.0000    
          2639.9        0.11615E+16    0.11615E+16     0.0000         0.0000    
          2640.1        0.12917E+16    0.12917E+16     0.0000         0.0000    
          2640.3        0.14066E+16    0.14066E+16     0.0000         0.0000    
          2640.5        0.15015E+16    0.15015E+16     0.0000         0.0000    
          2640.7        0.15719E+16    0.15719E+16     0.0000         0.0000    
          2640.9        0.16140E+16    0.16140E+16     0.0000         0.0000    
          2641.1        0.16251E+16    0.16251E+16     0.0000         0.0000    
          2641.3        0.16035E+16    0.16035E+16     0.0000         0.0000    
          2641.5        0.15490E+16    0.15490E+16     0.0000         0.0000    
          2641.7        0.14624E+16    0.14624E+16     0.0000         0.0000    
          2641.9        0.13465E+16    0.13465E+16     0.0000         0.0000    
          2642.1        0.12053E+16    0.12053E+16     0.0000         0.0000    
          2642.3        0.10446E+16    0.10446E+16     0.0000         0.0000    
          2642.6        0.87159E+15    0.87159E+15     0.0000         0.0000    
          2642.8        0.69497E+15    0.69497E+15     0.0000         0.0000    
          2643.0        0.52473E+15    0.52473E+15     0.0000         0.0000    
          2643.2        0.37195E+15    0.37195E+15     0.0000         0.0000    
          2643.4        0.24861E+15    0.24860E+15     0.0000         0.0000    
          2643.6        0.16722E+15    0.16722E+15     0.0000         0.0000    
          2643.8        0.14062E+15    0.14062E+15     0.0000         0.0000    
          2644.0        0.18153E+15    0.18153E+15     0.0000         0.0000    
          2644.2        0.30229E+15    0.30229E+15     0.0000         0.0000    
          2644.4        0.51441E+15    0.51441E+15     0.0000         0.0000    
          2644.6        0.82827E+15    0.82827E+15     0.0000         0.0000    
          2644.8        0.12527E+16    0.12527E+16     0.0000         0.0000    
          2645.0        0.17949E+16    0.17949E+16     0.0000         0.0000    
          2645.2        0.24595E+16    0.24595E+16     0.0000         0.0000    
          2645.4        0.32493E+16    0.32493E+16     0.0000         0.0000    
          2645.6        0.41640E+16    0.41640E+16     0.0000         0.0000    
          2645.8        0.52010E+16    0.52010E+16     0.0000         0.0000    
          2646.0        0.63546E+16    0.63546E+16     0.0000         0.0000    
          2646.2        0.76165E+16    0.76165E+16     0.0000         0.0000    
          2646.4        0.89755E+16    0.89755E+16     0.0000         0.0000    
          2646.6        0.10418E+17    0.10418E+17     0.0000         0.0000    
          2646.9        0.11927E+17    0.11927E+17     0.0000         0.0000    
          2647.1        0.13485E+17    0.13485E+17     0.0000         0.0000    
          2647.3        0.15072E+17    0.15072E+17     0.0000         0.0000    
          2647.5        0.16665E+17    0.16665E+17     0.0000         0.0000    
          2647.7        0.18243E+17    0.18243E+17     0.0000         0.0000    
          2647.9        0.19782E+17    0.19782E+17     0.0000         0.0000    
          2648.1        0.21259E+17    0.21259E+17     0.0000         0.0000    
          2648.3        0.22650E+17    0.22650E+17     0.0000         0.0000    
          2648.5        0.23934E+17    0.23934E+17     0.0000         0.0000    
          2648.7        0.25090E+17    0.25090E+17     0.0000         0.0000    
          2648.9        0.26100E+17    0.26100E+17     0.0000         0.0000    
          2649.1        0.26946E+17    0.26946E+17     0.0000         0.0000    
          2649.3        0.27615E+17    0.27615E+17     0.0000         0.0000    
          2649.5        0.28095E+17    0.28095E+17     0.0000         0.0000    
          2649.7        0.28380E+17    0.28380E+17     0.0000         0.0000    
          2649.9        0.28464E+17    0.28464E+17     0.0000         0.0000    
          2650.1        0.28346E+17    0.28346E+17     0.0000         0.0000    
          2650.3        0.28029E+17    0.28029E+17     0.0000         0.0000    
          2650.5        0.27518E+17    0.27518E+17     0.0000         0.0000    
          2650.7        0.26822E+17    0.26822E+17     0.0000         0.0000    
          2650.9        0.25953E+17    0.25953E+17     0.0000         0.0000    
          2651.1        0.24927E+17    0.24927E+17     0.0000         0.0000    
          2651.4        0.23759E+17    0.23759E+17     0.0000         0.0000    
          2651.6        0.22470E+17    0.22470E+17     0.0000         0.0000    
          2651.8        0.21079E+17    0.21079E+17     0.0000         0.0000    
          2652.0        0.19610E+17    0.19610E+17     0.0000         0.0000    
          2652.2        0.18084E+17    0.18084E+17     0.0000         0.0000    
          2652.4        0.16525E+17    0.16525E+17     0.0000         0.0000    
          2652.6        0.14955E+17    0.14955E+17     0.0000         0.0000    
          2652.8        0.13395E+17    0.13395E+17     0.0000         0.0000    
          2653.0        0.11866E+17    0.11866E+17     0.0000         0.0000    
          2653.2        0.10387E+17    0.10387E+17     0.0000         0.0000    
          2653.4        0.89754E+16    0.89754E+16     0.0000         0.0000    
          2653.6        0.76460E+16    0.76460E+16     0.0000         0.0000    
          2653.8        0.64115E+16    0.64115E+16     0.0000         0.0000    
          2654.0        0.52817E+16    0.52817E+16     0.0000         0.0000    
          2654.2        0.42640E+16    0.42640E+16     0.0000         0.0000    
          2654.4        0.33632E+16    0.33632E+16     0.0000         0.0000    
          2654.6        0.25813E+16    0.25813E+16     0.0000         0.0000    
          2654.8        0.19179E+16    0.19179E+16     0.0000         0.0000    
          2655.0        0.13703E+16    0.13703E+16     0.0000         0.0000    


      estimated brilliance maxima, flux and flux-density of S0, S1, S2, S3:

          2649.9        0.28465E+17    0.62315E+10    0.17592E+14
          2649.9        0.28465E+17    0.62315E+10    0.17592E+14
          0.0000         0.0000         0.0000         0.0000    
          0.0000         0.0000         0.0000         0.0000    

      estimated brilliance maximum of S3*S3/S0:

          0.0000         0.0000    

      ---> flag IFOLD is not set, emittance effects are estimated
      from horizontal beam size [mm] and divergence [mrad]: 
         2.16000000E-04   2.47999997E-05
      vertical beam size [mm] and divergence [mrad]: 
         1.87000005E-05   4.29000011E-06


      Brilliance [photons/sec/BW/mm**2/mrad**2] with emittance

          2638.7        0.18870E+13    0.18870E+13     0.0000         0.0000    
          2638.9        0.25195E+13    0.25195E+13     0.0000         0.0000    
          2639.1        0.32243E+13    0.32243E+13     0.0000         0.0000    
          2639.3        0.39811E+13    0.39811E+13     0.0000         0.0000    
          2639.5        0.47664E+13    0.47664E+13     0.0000         0.0000    
          2639.7        0.55537E+13    0.55537E+13     0.0000         0.0000    
          2639.9        0.63152E+13    0.63152E+13     0.0000         0.0000    
          2640.1        0.70222E+13    0.70222E+13     0.0000         0.0000    
          2640.3        0.76465E+13    0.76465E+13     0.0000         0.0000    
          2640.5        0.81613E+13    0.81613E+13     0.0000         0.0000    
          2640.7        0.85426E+13    0.85426E+13     0.0000         0.0000    
          2640.9        0.87704E+13    0.87704E+13     0.0000         0.0000    
          2641.1        0.88298E+13    0.88298E+13     0.0000         0.0000    
          2641.3        0.87117E+13    0.87117E+13     0.0000         0.0000    
          2641.5        0.84143E+13    0.84143E+13     0.0000         0.0000    
          2641.7        0.79434E+13    0.79434E+13     0.0000         0.0000    
          2641.9        0.73129E+13    0.73129E+13     0.0000         0.0000    
          2642.1        0.65454E+13    0.65454E+13     0.0000         0.0000    
          2642.3        0.56720E+13    0.56720E+13     0.0000         0.0000    
          2642.6        0.47320E+13    0.47320E+13     0.0000         0.0000    
          2642.8        0.37727E+13    0.37727E+13     0.0000         0.0000    
          2643.0        0.28482E+13    0.28482E+13     0.0000         0.0000    
          2643.2        0.20187E+13    0.20187E+13     0.0000         0.0000    
          2643.4        0.13491E+13    0.13491E+13     0.0000         0.0000    
          2643.6        0.90736E+12    0.90736E+12     0.0000         0.0000    
          2643.8        0.76291E+12    0.76291E+12     0.0000         0.0000    
          2644.0        0.98478E+12    0.98478E+12     0.0000         0.0000    
          2644.2        0.16397E+13    0.16397E+13     0.0000         0.0000    
          2644.4        0.27899E+13    0.27899E+13     0.0000         0.0000    
          2644.6        0.44917E+13    0.44917E+13     0.0000         0.0000    
          2644.8        0.67928E+13    0.67928E+13     0.0000         0.0000    
          2645.0        0.97313E+13    0.97313E+13     0.0000         0.0000    
          2645.2        0.13333E+14    0.13333E+14     0.0000         0.0000    
          2645.4        0.17613E+14    0.17613E+14     0.0000         0.0000    
          2645.6        0.22568E+14    0.22568E+14     0.0000         0.0000    
          2645.8        0.28186E+14    0.28186E+14     0.0000         0.0000    
          2646.0        0.34434E+14    0.34434E+14     0.0000         0.0000    
          2646.2        0.41267E+14    0.41267E+14     0.0000         0.0000    
          2646.4        0.48624E+14    0.48624E+14     0.0000         0.0000    
          2646.6        0.56431E+14    0.56431E+14     0.0000         0.0000    
          2646.9        0.64600E+14    0.64600E+14     0.0000         0.0000    
          2647.1        0.73030E+14    0.73030E+14     0.0000         0.0000    
          2647.3        0.81614E+14    0.81614E+14     0.0000         0.0000    
          2647.5        0.90233E+14    0.90233E+14     0.0000         0.0000    
          2647.7        0.98764E+14    0.98764E+14     0.0000         0.0000    
          2647.9        0.10708E+15    0.10708E+15     0.0000         0.0000    
          2648.1        0.11506E+15    0.11506E+15     0.0000         0.0000    
          2648.3        0.12258E+15    0.12258E+15     0.0000         0.0000    
          2648.5        0.12951E+15    0.12951E+15     0.0000         0.0000    
          2648.7        0.13575E+15    0.13575E+15     0.0000         0.0000    
          2648.9        0.14120E+15    0.14120E+15     0.0000         0.0000    
          2649.1        0.14576E+15    0.14576E+15     0.0000         0.0000    
          2649.3        0.14936E+15    0.14936E+15     0.0000         0.0000    
          2649.5        0.15195E+15    0.15195E+15     0.0000         0.0000    
          2649.7        0.15347E+15    0.15347E+15     0.0000         0.0000    
          2649.9        0.15390E+15    0.15390E+15     0.0000         0.0000    
          2650.1        0.15325E+15    0.15325E+15     0.0000         0.0000    
          2650.3        0.15152E+15    0.15152E+15     0.0000         0.0000    
          2650.5        0.14874E+15    0.14874E+15     0.0000         0.0000    
          2650.7        0.14496E+15    0.14496E+15     0.0000         0.0000    
          2650.9        0.14025E+15    0.14025E+15     0.0000         0.0000    
          2651.1        0.13469E+15    0.13469E+15     0.0000         0.0000    
          2651.4        0.12836E+15    0.12836E+15     0.0000         0.0000    
          2651.6        0.12138E+15    0.12138E+15     0.0000         0.0000    
          2651.8        0.11386E+15    0.11386E+15     0.0000         0.0000    
          2652.0        0.10591E+15    0.10591E+15     0.0000         0.0000    
          2652.2        0.97660E+14    0.97660E+14     0.0000         0.0000    
          2652.4        0.89229E+14    0.89229E+14     0.0000         0.0000    
          2652.6        0.80739E+14    0.80739E+14     0.0000         0.0000    
          2652.8        0.72309E+14    0.72309E+14     0.0000         0.0000    
          2653.0        0.64048E+14    0.64048E+14     0.0000         0.0000    
          2653.2        0.56060E+14    0.56060E+14     0.0000         0.0000    
          2653.4        0.48436E+14    0.48436E+14     0.0000         0.0000    
          2653.6        0.41257E+14    0.41257E+14     0.0000         0.0000    
          2653.8        0.34592E+14    0.34592E+14     0.0000         0.0000    
          2654.0        0.28493E+14    0.28493E+14     0.0000         0.0000    
          2654.2        0.23000E+14    0.23000E+14     0.0000         0.0000    
          2654.4        0.18139E+14    0.18139E+14     0.0000         0.0000    
          2654.6        0.13921E+14    0.13921E+14     0.0000         0.0000    
          2654.8        0.10342E+14    0.10342E+14     0.0000         0.0000    
          2655.0        0.73882E+13    0.73882E+13     0.0000         0.0000    


      estimated brilliance maxima, flux and flux-density of S0, S1, S2, S3
      with emittance:

          2649.9        0.15391E+15    0.62315E+10    0.44261E+13
          2649.9        0.15391E+15    0.62315E+10    0.44261E+13
          0.0000         0.0000         0.0000         0.0000    
          0.0000         0.0000         0.0000         0.0000    

      estimated brilliance maximum of S3*S3/S0 with emittance:

          0.0000         0.0000    

      corresponding sigmas of source size [mm]
      and divergence [mrad] without and with emittance
      (including corr. factors sigrc,sigrpc):

      L/mm, lambda/mm:    4149.60010       4.67889748E-07
      without emit.:    9.91767831E-03   7.50850793E-03
         with emit.:    6.76530302E-02   1.49691505E-02
         (sigrf**2 = sigrxf*sigryf)


      LAST CHECK:

           BMAXGL:   8.4267044673385166E-002

           XBMAXGL:  -2.0501000011131985     
           YBMAXGL:   0.0000000000000000     
           ZBMAXGL:  -9.0690452319976568E-007


      CURRENT NUMBER:         181


                     --- Program WAVE completed ---



                                                   07:06:41 01.02.16

