
                                                   02:33:37 01.02.16


           *********************************************
           *          PROGRAM WAVE                     *
           *                                           *
           *          VERSION 3.03/01 13.11.2015       *
           *                                           *
           *          Michael Scheer                   *
           *              BESSY                        *
           *********************************************

      USER COMMENT:

      U49 Peter Baumgaertel                                            

      CURRENT NUMBER:          85


      USER NAMELIST:



      MODE FLAGS:

      IUNDULATOR,IWIGGLER:            1           0



      CONTROL FLAGS:


      IUNAME,IUSTEP,IUOUT:            0           0           0
      IOPTIC,IGENFUN:                 0           0
      IMAGSPLN:                   -9999
      IEMIT,IEMIAHW:                  0           0
      IWLSOPT,IBEAMPOL:               0           0
      IENELOSS, IEFIELD:             -1           0
      IPOWER,ISPEC:                   0           1
      IVELOFIELD,ISPECMODE:           0           3
         IWFILL0,IRFILL0:                      0           0
         ISPECINT,IPIN:                        0           1
         IUSEM,ISTOKES:                        0           1
         IBRILL:                               1
         IPINCIRC,IRPHI:                       0           0
         IFOLD,ISIGUSR:                        0           1
         IF1DIM,IPOLA:                         0           0
         IWFILSP0,IWFILSPF:                    0           0
         IRFILSP0,IRFILSTO:                    0           0
         IWFILSTO,IWFLSTOF:                    0           0
         ISPECANA,ISPECANAF:                   0           0
         IAMPLI,IAMPSKIP:                      0           0
         IWFILFL0,IWFILFLF:                    0           0
         IWFILS,IWFILSF:                       0           0
         IWFILSE,IWFILSEF:                     0           0
         IWFILB,IWFILBF:                       0           0
         IWFILBE,IWFILBEF:                     0           0
         IWFILINT,IPINALL:                     0           0
         IRFILOB,IFILTER:                      0           0
         IWFILRAY,IDESYNC:                     1           0
         IPHASE,IPHASEANA:                     0           0
         IDOSE,IEFOLD:                         0           0
         ISPECDIP,IBL0CUT:                     0           0
         IEFFI,IFILMUL:                        0           0
         IBUNCH:                               0
      IWFILF:                         0


      MAGNETIC FIELD FLAGS:



      ICHARGE,IBMASK,JBMASK:          -1           0           0
      IBSUPER,IBERROR:                 1           0
      ICUTFIBO:                        1

      IPERIODG,IBSYM:                 0           0
      IBSYMY,IBSYMZ:                  0           0
      KBEXTERN,KBFELD:                0           0
      KHALBA,KHALBASY:                0           0
      KUCROSS,IRFILP:                 0           0
      KMAGSEQ,IMGSQF:                 0           0
             KMAGCOR:                 1
      IRFILF,IRBTAB:                  0           0
      IRBTABZY,KELLIP:                0           1
      KBPOLYH,KBPOLY3D:               0           0
      KBREC,KELLANA:                  0           0
      KBPOLYMAG,KBGENESIS:            0           0
      KBAMWLS:                        0



      HISTOGRAM FLAGS:

      IHBOOK,IHINDEX:                 1           0


      OTHER OPTIONS:


      IWBTAB,IWFILT0:                 0           0
      IWSECTMAGS:                     0
      IJUST,ISNORDER:                 0           0
      IWBMAP,IWBPOLY3D:               0           0
      IWBPOLY2DH,IWBPHARM:            0           0


      SR BELLIP, Parameters of elliptical undulator:
      horizontal and vertical peak field [T]:   0.00000000      0.301283658    
      number of periods, period and device length [m]:
         84.0000000       4.94000018E-02   4.14960003    
      shift parameter [periods], B_h/B_v:       0.00000000       0.00000000    
      B0_eff [T], deflection parameter K:  0.301283658       1.38970745    
      1. harmonical [nm] and [eV]:   4.27538586       290.000000    
      critical energy [eV]:   594.128540    

      longitudinal position of device center [m]:   0.0000000000000000     

      scaling factor for taper:   0.0000000000000000     

  
      Subroutine photon (quantum fluctuations):
  
       number of sampling bins (NBING1)        1000
       max. photon energy normalized to characteristic energy (EECMAXG1):
          5.0000000000000000     
  

      Number of tracking steps per meter (MYINUM):         5000

      Start and end of the trajectory [m](XSTART,XSTOP):
        -2.07480001       2.07480001    

      BMOVECUT:   1.00000001E-07

      Initial energy [GeV] and gamma:    1.72200000       3369.8702546331497     
      Final energy [GeV] and gamma:      1.72199953       3369.8694340000047     
      Relative change:                  -2.43520702E-07
      number of photons, RMS (keV) and rel. RMS of quantum fluctuation:
                 5  0.181289375       1.05278382E-07


      B-rho [Tm], current [A]:   -5.74397326      0.100000001    

      Offset for vert. and hori. magnetic field (BYGOFF, BZGOFF):
          0.00000000       0.00000000    
      Global scaling factor for mag. field (B0SCGLOB,A0SCGLOB):
          1.00000000       1.00000000    

      Long. shift [m] of device (X(e-) -> X(e-)+XSHIFT):    0.00000000    
      Vert. shift [m] of device (Y(e-) -> Y(e-)+VSHIFT):    0.00000000    
      Hori. shift [m] of device (Z(e-) -> Z(e-)+HSHIFT):    0.00000000    
      Rotation angle [degree] of device:                    0.00000000    
      Y(e-) -> Y(e-)*sin(XROTD) + Y(e-)*cos(XROTD)
      Z(e-) -> Z(e-)*cos(XROTD) - Y(e-)*sin(XROTD)


      Magnetic field [T] at starting point:
         0.00000000       0.00000000       0.00000000    

      Vector potential [T-m] at starting point:
         0.00000000       0.00000000       0.00000000    


      Magnetic field [T] at stopping point:
         0.00000000       0.00000000       0.00000000    

      Vector potential [T-m] at stopping point:
         0.00000000       0.00000000       0.00000000    

      Extrema of magnetic field [T] and the trajectory [m]:

      BXmax,BXmin:    0.00000000       0.00000000    
      BYmax,BYmin:   0.301259309     -0.301283658    
      BZmax,BZmin:    0.00000000       0.00000000    

      Xmax,Xmin:    2.07480001      -2.07480001    
      Ymax,Ymin:    0.00000000       0.00000000    
      Zmax,Zmin:    3.24224334E-06  -3.24200278E-06


      Extrema of magnetic field [T] and the trajectory [m] between
      XIANF and XIEND

      BXmaxAE,BXminAE:    0.00000000       0.00000000    
      BYmaxAE,BYminAE:   0.301259309     -0.301283658    
      BZmaxAE,BZminAE:    0.00000000       0.00000000    

      XmaxAE,XminAE:    2.07480001      -2.07480001    
      YmaxAE,YminAE:    0.00000000       0.00000000    
      ZmaxAE,ZminAE:    3.24224334E-06  -3.24200278E-06


      Start values (coordinates [m] and slopes) of trajectory:

      X0:   -2.0747999999999998     
      Y0:    0.0000000000000000     
      Z0:    0.0000000000000000     

      ZP0:   0.0000000000000000     
      YP0:   0.0000000000000000     

      VX0:   299792444.80029100     
      VY0:   0.0000000000000000     
      VZ0:   0.0000000000000000     

      Values for X=0 (coordinates [m] and slopes) of trajectory:

      YCEN:    0.0000000000000000     
      ZCEN:    3.2422389982508707E-006

      YPCEN:   0.0000000000000000     
      ZPCEN:  -3.7769114414774527E-015

      End values (coordinates [m] and slopes) of trajectory:

      XF0:    2.0747999999999998     
      YF0:    0.0000000000000000     
      ZF0:   -2.2562702329568796E-011


      ZPF0:   -1.0705232154896389E-011
      YPF0:    0.0000000000000000     

      VXF0:    299792453.23081017     
      VYF0:    0.0000000000000000     
      VZF0:   -3.2093478101217409E-003


      Values for X=XIANF (coordinates [m] and slopes) of trajectory:

      XIANF:   -1.0000000000000000E+030
      YIANF:   -9999.0000000000000     
      ZIANF:   -9999.0000000000000     

      YPIANF:  -9999.0000000000000     
      ZPIANF:  -9999.0000000000000     



      Values for X=XIEND (coordinates [m] and slopes) of trajectory:

      XIEND:    1.0000000000000000E+030
      YIEND:   -9999.0000000000000     
      ZIEND:   -9999.0000000000000     

      YPIEND:  -9999.0000000000000     
      ZPIEND:  -9999.0000000000000     


      ZF0/(XSTOP-XSTART):   -5.4373198210836706E-012
      YF0/(XSTOP-XSTART):    0.0000000000000000     

      YF0-Y0:   0.0000000000000000     
      ZF0-Z0:  -2.2562702329568796E-011

      YPF0-YP0:   0.0000000000000000     
      ZPF0-ZP0:  -1.0705232154896389E-011

      Straight line fit of z(x):
      offset:  -1.4479950908461779E-008
      slope:  -4.2963397164175569E-012

      Straight line fit of vz(x)/vx(x):
      offset:  -3.0670214909658068E-012
      slope:   1.0082796761313510E-008

      Straight line fit of y(x):
      offset:   0.0000000000000000     
      slope:   0.0000000000000000     

      Straight line fit of vy(x)/vx(x):
      offset:   0.0000000000000000     
      slope:   0.0000000000000000     

      1. magnetic integral [T-m]:    0.00000000       1.82289643E-12   0.00000000    
      2. mag. integral [T-m**2]:    0.00000000      -7.07200005E-14   0.00000000    

      Integrated By**2 [T**2-m]:                     0.187212452    
      Energy irradiated by the device per e- [MeV]:   7.02461461E-04
      Rel. energy loss:                               4.07933470E-07
      Power irradiated by the device [kWATT]:         7.02461451E-02

      Length of trajectory (BINT0) [m]:
         4.1496001749648972     
      Integrated (YP**2+ZP**2)/2 of trajectory (WTRA2I) [m]:
         1.7496482171592150E-007
      corresponding phase advance [nm and eV]:
         357.66967778315956        3.4664999597429698     
      dE/E and corresponding dL = 2 * dE/E * L [nm]:
         1.00000005E-03  0.349929631    
      Circumference of the ring [m]:                 240.000000    
      Rel. change of total circumference (from BINT0):         
         7.29020400E-10
      Rel. change of total circumference (from WTRA2I):
         7.29020067E-10

      Max. and min. deflection angle [rad]:    4.12394875E-04  -4.12394904E-04


      SPECTRUM
      ===========

      Start and end of points [m] of integration for spectrum
      calculations (XIANF,XIEND):  -1.00000002E+30   1.00000002E+30


      SR WFILL0:

      Parameters:
      WGWINFC:   2646.6899088765672     
      WBL0CUT:   0.0000000000000000     
      WBL0HYS:   1.0000000000000000     

      Pinhole of collimators:
      (X,Y,Z), width, height:

        1.0000E+01  0.0000E+00  0.0000E+00  1.0000E+03  1.0000E+03
        1.0000E+01  0.0000E+00  0.0000E+00  1.0000E+03  1.0000E+03

      Number of sources:           1
      Begin and end of sources (x,y,z):

                 1  -2.07480001       0.00000000       0.00000000    
                 1   2.07480001       0.00000000      -2.25627017E-11

      Horiz., vert. slopes and mag. field
      at begin and end of sources:

                 1   0.00000000       0.00000000       0.00000000    
                 1  -1.07052318E-11   0.00000000       2.36308195E-12


      SR COHEREN:
      Minimum and maximum number of phases  between
      photons and electrons:
         59.2136917       59.5815735    


       selected observation point:

          10.0000000       0.00000000       0.00000000    


      Source number, mean mag. field (sign from By), abs. mean and rel. rms
      for sources, and critical photon energy [eV] or wavelength [nm]
      (with respect to abs. mean):

           1  -2.46263166E-12  0.191002831      0.486472636       376.655762    

      Photon energy cut-off (SPECCUT):   0.00000000    

      Max. field and photon energy cuts for source points:

           1  0.301283807       0.00000000    

      Data-file written for program RAY
      File: wave_ray.dat                                                                                                                    
      (Device center is assumed at (0,0,0)
      Photon energy:   1443.79004    


      Results of spectrum calculations
      ================================


      Reflectivity coefficients (complex):

       (  1.0000000000000000     ,  0.0000000000000000     )
       (  1.0000000000000000     ,  0.0000000000000000     )
       (  1.0000000000000000     ,  0.0000000000000000     )



      Buffer size for integration (NDWSOU):       20849

      Provided number of integration steps for each source
      (controlled by NLPOI)
      (not necessarily used)

       20747

      Bandwidth:   1.00000005E-03


      Pinhole position (x,y,z) [m]:
         10.0000000       0.00000000       0.00000000    

      Numbers defining inner vert. and hori. edges (MMEDGEY,MMEDGEZ):            0           0
      Numbers defining outerer vert. and hori. edges (MEDGEY,MEDGEZ):            1           1
      Total number of vert. and hori. points:                    73          73
      Number of vert. and horiz. points inside pinhole:          71          71

      Vertical and horizontal grid size [m]:        2.85714286E-05   2.85714286E-05
      Vertical and horizontal size [m x m]:         2.00000009E-03   2.00000009E-03
      Total vert. and horiz. size [m x m]:          2.05714279E-03   2.05714279E-03

      Photon energy or wavelength and flux through pinhole:
      (for all sources and sum)

      1443.79004       6.95137143E+13   6.95137143E+13
      1443.90210       6.98881902E+13   6.98881902E+13
      1444.01428       7.02528807E+13   7.02528807E+13
      1444.12634       7.06067793E+13   7.06067793E+13
      1444.23853       7.09492694E+13   7.09492694E+13
      1444.35059       7.12802084E+13   7.12802084E+13
      1444.46277       7.15999318E+13   7.15999318E+13
      1444.57483       7.19093036E+13   7.19093036E+13
      1444.68701       7.22096745E+13   7.22096745E+13
      1444.79907       7.25029151E+13   7.25029151E+13
      1444.91125       7.27913322E+13   7.27913322E+13
      1445.02332       7.30776103E+13   7.30776103E+13
      1445.13550       7.33647607E+13   7.33647607E+13
      1445.24768       7.36559628E+13   7.36559628E+13
      1445.35974       7.39545050E+13   7.39545050E+13
      1445.47192       7.42635916E+13   7.42635916E+13
      1445.58398       7.45862343E+13   7.45862343E+13
      1445.69617       7.49250753E+13   7.49250753E+13
      1445.80823       7.52822455E+13   7.52822455E+13
      1445.92041       7.56591624E+13   7.56591624E+13
      1446.03247       7.60564553E+13   7.60564553E+13
      1446.14465       7.64737382E+13   7.64737382E+13
      1446.25671       7.69095516E+13   7.69095516E+13
      1446.36890       7.73612194E+13   7.73612194E+13
      1446.48096       7.78247822E+13   7.78247822E+13
      1446.59314       7.82949469E+13   7.82949469E+13
      1446.70520       7.87650529E+13   7.87650529E+13
      1446.81738       7.92271226E+13   7.92271226E+13
      1446.92944       7.96718698E+13   7.96718698E+13
      1447.04163       8.00888172E+13   8.00888172E+13
      1447.15381       8.04664052E+13   8.04664052E+13
      1447.26587       8.07921684E+13   8.07921684E+13
      1447.37805       8.10528948E+13   8.10528948E+13
      1447.49011       8.12348940E+13   8.12348940E+13
      1447.60229       8.13241991E+13   8.13241991E+13
      1447.71436       8.13068599E+13   8.13068599E+13
      1447.82654       8.11692364E+13   8.11692364E+13
      1447.93860       8.08982424E+13   8.08982424E+13
      1448.05078       8.04816893E+13   8.04816893E+13
      1448.16284       7.99085292E+13   7.99085292E+13
      1448.27502       7.91691657E+13   7.91691657E+13
      1448.38708       7.82557050E+13   7.82557050E+13
      1448.49927       7.71621409E+13   7.71621409E+13
      1448.61133       7.58846146E+13   7.58846146E+13
      1448.72351       7.44215407E+13   7.44215407E+13
      1448.83557       7.27737329E+13   7.27737329E+13
      1448.94775       7.09444795E+13   7.09444795E+13
      1449.05981       6.89395686E+13   6.89395686E+13
      1449.17200       6.67672631E+13   6.67672631E+13
      1449.28418       6.44382248E+13   6.44382248E+13
      1449.39624       6.19653974E+13   6.19653974E+13
      1449.50842       5.93638342E+13   5.93638342E+13
      1449.62048       5.66504844E+13   5.66504844E+13
      1449.73267       5.38439204E+13   5.38439204E+13
      1449.84473       5.09640861E+13   5.09640861E+13
      1449.95691       4.80319447E+13   4.80319447E+13
      1450.06897       4.50691554E+13   4.50691554E+13
      1450.18115       4.20977217E+13   4.20977217E+13
      1450.29321       3.91396301E+13   3.91396301E+13
      1450.40540       3.62164854E+13   3.62164854E+13
      1450.51746       3.33491691E+13   3.33491691E+13
      1450.62964       3.05575011E+13   3.05575011E+13
      1450.74170       2.78599324E+13   2.78599324E+13
      1450.85388       2.52732632E+13   2.52732632E+13
      1450.96594       2.28124063E+13   2.28124063E+13
      1451.07812       2.04901775E+13   2.04901775E+13
      1451.19031       1.83171379E+13   1.83171379E+13
      1451.30237       1.63014865E+13   1.63014865E+13
      1451.41455       1.44490008E+13   1.44490008E+13
      1451.52661       1.27630175E+13   1.27630175E+13
      1451.63879       1.12444718E+13   1.12444718E+13
      1451.75085       9.89198497E+12   9.89198497E+12
      1451.86304       8.70198385E+12   8.70198385E+12
      1451.97510       7.66887068E+12   7.66887068E+12
      1452.08728       6.78522624E+12   6.78522624E+12
      1452.19934       6.04203699E+12   6.04203699E+12
      1452.31152       5.42894981E+12   5.42894981E+12
      1452.42358       4.93454308E+12   4.93454308E+12
      1452.53577       4.54660614E+12   4.54660614E+12
      1452.64783       4.25242342E+12   4.25242342E+12
      1452.76001       4.03905158E+12   4.03905158E+12

      Estimated maximum:

         1447.64014       8.13302725E+13


      Flux density for selected point:

               1443.79004       9.92053828E+18   9.92053828E+18
               1443.90210       1.27868771E+19   1.27868771E+19
               1444.01428       1.59008931E+19   1.59008931E+19
               1444.12634       1.91735828E+19   1.91735828E+19
               1444.23853       2.25037375E+19   2.25037375E+19
               1444.35059       2.57810166E+19   2.57810166E+19
               1444.46277       2.88895779E+19   2.88895779E+19
               1444.57483       3.17122265E+19   3.17122265E+19
               1444.68701       3.41349124E+19   3.41349124E+19
               1444.79907       3.60514931E+19   3.60514931E+19
               1444.91125       3.73686091E+19   3.73686091E+19
               1445.02332       3.80104952E+19   3.80104952E+19
               1445.13550       3.79235986E+19   3.79235986E+19
               1445.24768       3.70808097E+19   3.70808097E+19
               1445.35974       3.54851765E+19   3.54851765E+19
               1445.47192       3.31729255E+19   3.31729255E+19
               1445.58398       3.02156483E+19   3.02156483E+19
               1445.69617       2.67215652E+19   2.67215652E+19
               1445.80823       2.28357284E+19   2.28357284E+19
               1445.92041       1.87391262E+19   1.87391262E+19
               1446.03247       1.46466395E+19   1.46466395E+19
               1446.14465       1.08038298E+19   1.08038298E+19
               1446.25671       7.48261698E+18   7.48261698E+18
               1446.36890       4.97587890E+18   4.97587890E+18
               1446.48096       3.59109706E+18   3.59109706E+18
               1446.59314       3.64315839E+18   3.64315839E+18
               1446.70520       5.44649022E+18   5.44649022E+18
               1446.81738       9.30670622E+18   9.30670622E+18
               1446.92944       1.55119716E+19   1.55119716E+19
               1447.04163       2.43243264E+19   2.43243264E+19
               1447.15381       3.59711826E+19   3.59711826E+19
               1447.26587       5.06372603E+19   5.06372603E+19
               1447.37805       6.84571640E+19   6.84571640E+19
               1447.49011       8.95088755E+19   8.95088755E+19
               1447.60229       1.13808338E+20   1.13808338E+20
               1447.71436       1.41305285E+20   1.41305285E+20
               1447.82654       1.71880583E+20   1.71880583E+20
               1447.93860       2.05345108E+20   2.05345108E+20
               1448.05078       2.41440228E+20   2.41440228E+20
               1448.16284       2.79840100E+20   2.79840100E+20
               1448.27502       3.20155479E+20   3.20155479E+20
               1448.38708       3.61939384E+20   3.61939384E+20
               1448.49927       4.04694025E+20   4.04694025E+20
               1448.61133       4.47879570E+20   4.47879570E+20
               1448.72351       4.90923673E+20   4.90923673E+20
               1448.83557       5.33232283E+20   5.33232283E+20
               1448.94775       5.74201317E+20   5.74201317E+20
               1449.05981       6.13228632E+20   6.13228632E+20
               1449.17200       6.49726226E+20   6.49726226E+20
               1449.28418       6.83132591E+20   6.83132591E+20
               1449.39624       7.12924606E+20   7.12924606E+20
               1449.50842       7.38628549E+20   7.38628549E+20
               1449.62048       7.59830159E+20   7.59830159E+20
               1449.73267       7.76184278E+20   7.76184278E+20
               1449.84473       7.87421603E+20   7.87421603E+20
               1449.95691       7.93355447E+20   7.93355447E+20
               1450.06897       7.93885394E+20   7.93885394E+20
               1450.18115       7.88999622E+20   7.88999622E+20
               1450.29321       7.78775607E+20   7.78775607E+20
               1450.40540       7.63378081E+20   7.63378081E+20
               1450.51746       7.43055728E+20   7.43055728E+20
               1450.62964       7.18135763E+20   7.18135763E+20
               1450.74170       6.89016825E+20   6.89016825E+20
               1450.85388       6.56160322E+20   6.56160322E+20
               1450.96594       6.20080648E+20   6.20080648E+20
               1451.07812       5.81334280E+20   5.81334280E+20
               1451.19031       5.40507778E+20   5.40507778E+20
               1451.30237       4.98205818E+20   4.98205818E+20
               1451.41455       4.55038569E+20   4.55038569E+20
               1451.52661       4.11609619E+20   4.11609619E+20
               1451.63879       3.68503803E+20   3.68503803E+20
               1451.75085       3.26276188E+20   3.26276188E+20
               1451.86304       2.85441768E+20   2.85441768E+20
               1451.97510       2.46466333E+20   2.46466333E+20
               1452.08728       2.09758759E+20   2.09758759E+20
               1452.19934       1.75664927E+20   1.75664927E+20
               1452.31152       1.44463056E+20   1.44463056E+20
               1452.42358       1.16361008E+20   1.16361008E+20
               1452.53577       9.14951300E+19   9.14951300E+19
               1452.64783       6.99309142E+19   6.99309142E+19
               1452.76001       5.16652729E+19   5.16652729E+19

      Estimated maximum:

         1450.02393       7.94323299E+20


      Power through pinhole [W]:
      (for all sources and sum)
       8.89575195       8.89575195    


      Power density at selected point [W/m**2]:

                2429204.25       2429204.25    




      Photon energy or wavelength and normalized components S0, S1/S0,
      S2/S0, S3/S0 of STOKES vector and polarization for pinhole:

       1.4438E+03  6.9514E+13  9.9814E-01 -9.4143E-10  8.1458E-21  9.9814E-01
       1.4439E+03  6.9888E+13  9.9820E-01 -1.3467E-09 -7.6757E-21  9.9820E-01
       1.4440E+03  7.0253E+13  9.9825E-01 -7.8788E-09 -1.4423E-20  9.9825E-01
       1.4441E+03  7.0607E+13  9.9830E-01  5.9661E-09  1.0130E-20  9.9830E-01
       1.4442E+03  7.0949E+13  9.9835E-01 -1.4739E-09  2.5203E-21  9.9835E-01
       1.4444E+03  7.1280E+13  9.9840E-01  3.4784E-09  2.0905E-21  9.9840E-01
       1.4445E+03  7.1600E+13  9.9845E-01 -6.0053E-09 -6.6597E-21  9.9845E-01
       1.4446E+03  7.1909E+13  9.9850E-01 -1.9625E-09  4.5589E-21  9.9850E-01
       1.4447E+03  7.2210E+13  9.9854E-01 -6.7373E-09  1.1556E-20  9.9854E-01
       1.4448E+03  7.2503E+13  9.9859E-01  2.7251E-09  2.1786E-20  9.9859E-01
       1.4449E+03  7.2791E+13  9.9863E-01 -7.6074E-09  2.8659E-20  9.9863E-01
       1.4450E+03  7.3078E+13  9.9867E-01  3.3403E-09 -1.7536E-20  9.9867E-01
       1.4451E+03  7.3365E+13  9.9871E-01 -6.5472E-09 -1.8686E-20  9.9871E-01
       1.4452E+03  7.3656E+13  9.9876E-01 -1.1232E-09 -2.4277E-20  9.9876E-01
       1.4454E+03  7.3955E+13  9.9880E-01  6.7333E-09 -4.8358E-21  9.9880E-01
       1.4455E+03  7.4264E+13  9.9884E-01 -3.4207E-09 -2.0065E-20  9.9884E-01
       1.4456E+03  7.4586E+13  9.9888E-01  4.9461E-09  1.2786E-20  9.9888E-01
       1.4457E+03  7.4925E+13  9.9891E-01  4.9156E-09  1.7104E-20  9.9891E-01
       1.4458E+03  7.5282E+13  9.9895E-01  1.4549E-09 -1.3064E-20  9.9895E-01
       1.4459E+03  7.5659E+13  9.9899E-01 -6.8859E-09  9.8476E-21  9.9899E-01
       1.4460E+03  7.6056E+13  9.9902E-01 -3.6801E-10  6.5830E-20  9.9902E-01
       1.4461E+03  7.6474E+13  9.9906E-01 -6.6066E-09 -2.0654E-20  9.9906E-01
       1.4463E+03  7.6910E+13  9.9909E-01  7.9783E-09 -2.5187E-20  9.9909E-01
       1.4464E+03  7.7361E+13  9.9913E-01  5.4856E-09  1.8106E-20  9.9913E-01
       1.4465E+03  7.7825E+13  9.9916E-01  1.0366E-08 -2.1445E-20  9.9916E-01
       1.4466E+03  7.8295E+13  9.9919E-01 -9.4101E-09  2.4361E-20  9.9919E-01
       1.4467E+03  7.8765E+13  9.9922E-01 -3.2298E-09  1.3621E-20  9.9922E-01
       1.4468E+03  7.9227E+13  9.9925E-01  5.2220E-09 -1.1285E-20  9.9925E-01
       1.4469E+03  7.9672E+13  9.9928E-01 -1.1065E-08  4.1147E-21  9.9928E-01
       1.4470E+03  8.0089E+13  9.9930E-01 -1.7518E-09  2.3443E-20  9.9930E-01
       1.4472E+03  8.0466E+13  9.9933E-01 -5.8804E-09  2.0000E-20  9.9933E-01
       1.4473E+03  8.0792E+13  9.9935E-01  2.5289E-09  7.3775E-22  9.9935E-01
       1.4474E+03  8.1053E+13  9.9937E-01  1.6226E-08 -4.7800E-21  9.9937E-01
       1.4475E+03  8.1235E+13  9.9939E-01  1.3296E-10  6.6036E-21  9.9939E-01
       1.4476E+03  8.1324E+13  9.9941E-01  3.6061E-10  3.1149E-20  9.9941E-01
       1.4477E+03  8.1307E+13  9.9942E-01 -2.9967E-09  1.2096E-20  9.9942E-01
       1.4478E+03  8.1169E+13  9.9944E-01 -7.3465E-09  9.5462E-21  9.9944E-01
       1.4479E+03  8.0898E+13  9.9945E-01  4.7694E-09  1.8420E-20  9.9945E-01
       1.4481E+03  8.0482E+13  9.9947E-01 -7.4198E-09 -7.0357E-21  9.9947E-01
       1.4482E+03  7.9909E+13  9.9948E-01  2.8162E-09  1.6037E-20  9.9948E-01
       1.4483E+03  7.9169E+13  9.9949E-01 -1.8713E-09 -2.7856E-20  9.9949E-01
       1.4484E+03  7.8256E+13  9.9950E-01  1.0635E-08  1.7137E-20  9.9950E-01
       1.4485E+03  7.7162E+13  9.9950E-01  1.2918E-10 -3.0898E-21  9.9950E-01
       1.4486E+03  7.5885E+13  9.9951E-01  8.1597E-09 -2.6706E-20  9.9951E-01
       1.4487E+03  7.4422E+13  9.9951E-01 -2.8930E-10  1.6018E-21  9.9951E-01
       1.4488E+03  7.2774E+13  9.9952E-01  6.6688E-09 -4.3819E-20  9.9952E-01
       1.4489E+03  7.0944E+13  9.9952E-01 -5.5804E-09 -8.8217E-21  9.9952E-01
       1.4491E+03  6.8940E+13  9.9951E-01 -1.6917E-09  2.2912E-20  9.9951E-01
       1.4492E+03  6.6767E+13  9.9951E-01  1.1547E-08  4.9100E-21  9.9951E-01
       1.4493E+03  6.4438E+13  9.9951E-01 -1.1866E-08 -3.0062E-20  9.9951E-01
       1.4494E+03  6.1965E+13  9.9950E-01 -5.7960E-09 -5.6752E-20  9.9950E-01
       1.4495E+03  5.9364E+13  9.9949E-01 -4.9573E-09 -3.5142E-21  9.9949E-01
       1.4496E+03  5.6650E+13  9.9947E-01 -7.4842E-09 -3.2617E-20  9.9947E-01
       1.4497E+03  5.3844E+13  9.9946E-01 -6.8157E-09  2.2140E-20  9.9946E-01
       1.4498E+03  5.0964E+13  9.9944E-01 -1.1321E-08 -1.3450E-20  9.9944E-01
       1.4500E+03  4.8032E+13  9.9941E-01  2.5110E-09 -1.4891E-20  9.9941E-01
       1.4501E+03  4.5069E+13  9.9938E-01 -3.7647E-09  1.8515E-20  9.9938E-01
       1.4502E+03  4.2098E+13  9.9935E-01 -9.2992E-11  2.6901E-20  9.9935E-01
       1.4503E+03  3.9140E+13  9.9931E-01 -6.1688E-10  4.1879E-20  9.9931E-01
       1.4504E+03  3.6216E+13  9.9926E-01 -8.9066E-09 -4.1145E-21  9.9926E-01
       1.4505E+03  3.3349E+13  9.9920E-01  2.1449E-09  3.5746E-21  9.9920E-01
       1.4506E+03  3.0558E+13  9.9914E-01 -3.9351E-09  4.3888E-20  9.9914E-01
       1.4507E+03  2.7860E+13  9.9906E-01  4.5318E-09 -6.3113E-20  9.9906E-01
       1.4509E+03  2.5273E+13  9.9898E-01  2.4029E-09 -8.6082E-20  9.9898E-01
       1.4510E+03  2.2812E+13  9.9887E-01 -1.6685E-09 -1.3064E-20  9.9887E-01
       1.4511E+03  2.0490E+13  9.9876E-01  2.7200E-09 -1.0181E-20  9.9876E-01
       1.4512E+03  1.8317E+13  9.9862E-01 -1.5995E-08  8.1351E-21  9.9862E-01
       1.4513E+03  1.6301E+13  9.9846E-01 -7.9758E-09  2.0110E-20  9.9846E-01
       1.4514E+03  1.4449E+13  9.9827E-01  1.0613E-08  4.1252E-20  9.9827E-01
       1.4515E+03  1.2763E+13  9.9806E-01  2.0623E-09  2.3351E-21  9.9806E-01
       1.4516E+03  1.1244E+13  9.9781E-01  3.8433E-09 -6.0959E-20  9.9781E-01
       1.4518E+03  9.8920E+12  9.9753E-01 -6.5536E-10 -5.1217E-20  9.9753E-01
       1.4519E+03  8.7020E+12  9.9721E-01 -1.1921E-08  4.4522E-20  9.9721E-01
       1.4520E+03  7.6689E+12  9.9686E-01 -5.4457E-09 -1.8265E-19  9.9686E-01
       1.4521E+03  6.7852E+12  9.9648E-01 -5.6208E-10 -4.3922E-21  9.9648E-01
       1.4522E+03  6.0420E+12  9.9609E-01 -8.0949E-09  4.9325E-21  9.9609E-01
       1.4523E+03  5.4289E+12  9.9568E-01  6.1483E-09 -3.1839E-19  9.9568E-01
       1.4524E+03  4.9345E+12  9.9529E-01 -4.6875E-09  1.0267E-19  9.9529E-01
       1.4525E+03  4.5466E+12  9.9493E-01  1.2224E-08 -3.3430E-19  9.9493E-01
       1.4526E+03  4.2524E+12  9.9462E-01 -1.2765E-09  2.4529E-19  9.9462E-01
       1.4528E+03  4.0391E+12  9.9439E-01 -6.5394E-10  6.6407E-20  9.9439E-01


      Photon energy [eV] or wavelength [nm] for selected point
      of pinhole, S0, S1/S0, S2/S0, S3/S0, P of
      STOKES vector per unit area [m**2]:


           Observation point (x,y,z) [m]:
              10.0000000       0.00000000       0.00000000    

       1.4438E+03  9.9205E+18  1.0000E+00  0.0000E+00  0.0000E+00  1.0000E+00
       1.4439E+03  1.2787E+19  1.0000E+00  0.0000E+00  0.0000E+00  1.0000E+00
       1.4440E+03  1.5901E+19  1.0000E+00  0.0000E+00  0.0000E+00  1.0000E+00
       1.4441E+03  1.9174E+19  1.0000E+00  0.0000E+00  0.0000E+00  1.0000E+00
       1.4442E+03  2.2504E+19  1.0000E+00  0.0000E+00  0.0000E+00  1.0000E+00
       1.4444E+03  2.5781E+19  1.0000E+00  0.0000E+00  0.0000E+00  1.0000E+00
       1.4445E+03  2.8890E+19  1.0000E+00  0.0000E+00  0.0000E+00  1.0000E+00
       1.4446E+03  3.1712E+19  1.0000E+00  0.0000E+00  0.0000E+00  1.0000E+00
       1.4447E+03  3.4135E+19  1.0000E+00  0.0000E+00  0.0000E+00  1.0000E+00
       1.4448E+03  3.6051E+19  1.0000E+00  0.0000E+00  0.0000E+00  1.0000E+00
       1.4449E+03  3.7369E+19  1.0000E+00  0.0000E+00  0.0000E+00  1.0000E+00
       1.4450E+03  3.8010E+19  1.0000E+00  0.0000E+00  0.0000E+00  1.0000E+00
       1.4451E+03  3.7924E+19  1.0000E+00  0.0000E+00  0.0000E+00  1.0000E+00
       1.4452E+03  3.7081E+19  1.0000E+00  0.0000E+00  0.0000E+00  1.0000E+00
       1.4454E+03  3.5485E+19  1.0000E+00  0.0000E+00  0.0000E+00  1.0000E+00
       1.4455E+03  3.3173E+19  1.0000E+00  0.0000E+00  0.0000E+00  1.0000E+00
       1.4456E+03  3.0216E+19  1.0000E+00  0.0000E+00  0.0000E+00  1.0000E+00
       1.4457E+03  2.6722E+19  1.0000E+00  0.0000E+00  0.0000E+00  1.0000E+00
       1.4458E+03  2.2836E+19  1.0000E+00  0.0000E+00  0.0000E+00  1.0000E+00
       1.4459E+03  1.8739E+19  1.0000E+00  0.0000E+00  0.0000E+00  1.0000E+00
       1.4460E+03  1.4647E+19  1.0000E+00  0.0000E+00  0.0000E+00  1.0000E+00
       1.4461E+03  1.0804E+19  1.0000E+00  0.0000E+00  0.0000E+00  1.0000E+00
       1.4463E+03  7.4826E+18  1.0000E+00  0.0000E+00  0.0000E+00  1.0000E+00
       1.4464E+03  4.9759E+18  1.0000E+00  0.0000E+00  0.0000E+00  1.0000E+00
       1.4465E+03  3.5911E+18  1.0000E+00  0.0000E+00  0.0000E+00  1.0000E+00
       1.4466E+03  3.6432E+18  1.0000E+00  0.0000E+00  0.0000E+00  1.0000E+00
       1.4467E+03  5.4465E+18  1.0000E+00  0.0000E+00  0.0000E+00  1.0000E+00
       1.4468E+03  9.3067E+18  1.0000E+00  0.0000E+00  0.0000E+00  1.0000E+00
       1.4469E+03  1.5512E+19  1.0000E+00  0.0000E+00  0.0000E+00  1.0000E+00
       1.4470E+03  2.4324E+19  1.0000E+00  0.0000E+00  0.0000E+00  1.0000E+00
       1.4472E+03  3.5971E+19  1.0000E+00  0.0000E+00  0.0000E+00  1.0000E+00
       1.4473E+03  5.0637E+19  1.0000E+00  0.0000E+00  0.0000E+00  1.0000E+00
       1.4474E+03  6.8457E+19  1.0000E+00  0.0000E+00  0.0000E+00  1.0000E+00
       1.4475E+03  8.9509E+19  1.0000E+00  0.0000E+00  0.0000E+00  1.0000E+00
       1.4476E+03  1.1381E+20  1.0000E+00  0.0000E+00  0.0000E+00  1.0000E+00
       1.4477E+03  1.4131E+20  1.0000E+00  0.0000E+00  0.0000E+00  1.0000E+00
       1.4478E+03  1.7188E+20  1.0000E+00  0.0000E+00  0.0000E+00  1.0000E+00
       1.4479E+03  2.0535E+20  1.0000E+00  0.0000E+00  0.0000E+00  1.0000E+00
       1.4481E+03  2.4144E+20  1.0000E+00  0.0000E+00  0.0000E+00  1.0000E+00
       1.4482E+03  2.7984E+20  1.0000E+00  0.0000E+00  0.0000E+00  1.0000E+00
       1.4483E+03  3.2016E+20  1.0000E+00  0.0000E+00  0.0000E+00  1.0000E+00
       1.4484E+03  3.6194E+20  1.0000E+00  0.0000E+00  0.0000E+00  1.0000E+00
       1.4485E+03  4.0469E+20  1.0000E+00  0.0000E+00  0.0000E+00  1.0000E+00
       1.4486E+03  4.4788E+20  1.0000E+00  0.0000E+00  0.0000E+00  1.0000E+00
       1.4487E+03  4.9092E+20  1.0000E+00  0.0000E+00  0.0000E+00  1.0000E+00
       1.4488E+03  5.3323E+20  1.0000E+00  0.0000E+00  0.0000E+00  1.0000E+00
       1.4489E+03  5.7420E+20  1.0000E+00  0.0000E+00  0.0000E+00  1.0000E+00
       1.4491E+03  6.1323E+20  1.0000E+00  0.0000E+00  0.0000E+00  1.0000E+00
       1.4492E+03  6.4973E+20  1.0000E+00  0.0000E+00  0.0000E+00  1.0000E+00
       1.4493E+03  6.8313E+20  1.0000E+00  0.0000E+00  0.0000E+00  1.0000E+00
       1.4494E+03  7.1292E+20  1.0000E+00  0.0000E+00  0.0000E+00  1.0000E+00
       1.4495E+03  7.3863E+20  1.0000E+00  0.0000E+00  0.0000E+00  1.0000E+00
       1.4496E+03  7.5983E+20  1.0000E+00  0.0000E+00  0.0000E+00  1.0000E+00
       1.4497E+03  7.7618E+20  1.0000E+00  0.0000E+00  0.0000E+00  1.0000E+00
       1.4498E+03  7.8742E+20  1.0000E+00  0.0000E+00  0.0000E+00  1.0000E+00
       1.4500E+03  7.9336E+20  1.0000E+00  0.0000E+00  0.0000E+00  1.0000E+00
       1.4501E+03  7.9389E+20  1.0000E+00  0.0000E+00  0.0000E+00  1.0000E+00
       1.4502E+03  7.8900E+20  1.0000E+00  0.0000E+00  0.0000E+00  1.0000E+00
       1.4503E+03  7.7878E+20  1.0000E+00  0.0000E+00  0.0000E+00  1.0000E+00
       1.4504E+03  7.6338E+20  1.0000E+00  0.0000E+00  0.0000E+00  1.0000E+00
       1.4505E+03  7.4306E+20  1.0000E+00  0.0000E+00  0.0000E+00  1.0000E+00
       1.4506E+03  7.1814E+20  1.0000E+00  0.0000E+00  0.0000E+00  1.0000E+00
       1.4507E+03  6.8902E+20  1.0000E+00  0.0000E+00  0.0000E+00  1.0000E+00
       1.4509E+03  6.5616E+20  1.0000E+00  0.0000E+00  0.0000E+00  1.0000E+00
       1.4510E+03  6.2008E+20  1.0000E+00  0.0000E+00  0.0000E+00  1.0000E+00
       1.4511E+03  5.8133E+20  1.0000E+00  0.0000E+00  0.0000E+00  1.0000E+00
       1.4512E+03  5.4051E+20  1.0000E+00  0.0000E+00  0.0000E+00  1.0000E+00
       1.4513E+03  4.9821E+20  1.0000E+00  0.0000E+00  0.0000E+00  1.0000E+00
       1.4514E+03  4.5504E+20  1.0000E+00  0.0000E+00  0.0000E+00  1.0000E+00
       1.4515E+03  4.1161E+20  1.0000E+00  0.0000E+00  0.0000E+00  1.0000E+00
       1.4516E+03  3.6850E+20  1.0000E+00  0.0000E+00  0.0000E+00  1.0000E+00
       1.4518E+03  3.2628E+20  1.0000E+00  0.0000E+00  0.0000E+00  1.0000E+00
       1.4519E+03  2.8544E+20  1.0000E+00  0.0000E+00  0.0000E+00  1.0000E+00
       1.4520E+03  2.4647E+20  1.0000E+00  0.0000E+00  0.0000E+00  1.0000E+00
       1.4521E+03  2.0976E+20  1.0000E+00  0.0000E+00  0.0000E+00  1.0000E+00
       1.4522E+03  1.7566E+20  1.0000E+00  0.0000E+00  0.0000E+00  1.0000E+00
       1.4523E+03  1.4446E+20  1.0000E+00  0.0000E+00  0.0000E+00  1.0000E+00
       1.4524E+03  1.1636E+20  1.0000E+00  0.0000E+00  0.0000E+00  1.0000E+00
       1.4525E+03  9.1495E+19  1.0000E+00  0.0000E+00  0.0000E+00  1.0000E+00
       1.4526E+03  6.9931E+19  1.0000E+00  0.0000E+00  0.0000E+00  1.0000E+00
       1.4528E+03  5.1665E+19  1.0000E+00  0.0000E+00  0.0000E+00  1.0000E+00

       Total absolut maxima found for Stokes-V. (z,y,Eph,fluxdens.)

       -2.8571E-05  0.0000E+00  1.4500E+03  7.9413E+20
       -2.8571E-05  0.0000E+00  1.4500E+03  7.9413E+20
        2.0000E-04  1.7143E-04  1.4439E+03  3.7598E+19
        2.2857E-04  1.7143E-04  1.4441E+03  6.1839E+18


       Estimated maxima of s0, s1, s2 ,s3 for selected point:
          1450.02393       7.94323299E+20
          1450.02393       7.94323158E+20
          0.00000000       0.00000000    
          0.00000000       0.00000000    


       Estimated maximum of s3*s3/s0 for selected point:
          0.00000000       0.00000000    


       Estimated maxima of fluxes s0, s1, s2 ,s3:
          1447.64014       8.13302725E+13
          1447.64160       8.12826084E+13
          1447.37354       1317119.50    
          1446.03857       5.01811064E-06


       Estimated maxima of fluxes s3*s3/s0:
          1452.31433       5.50672539E-25



      Brilliance calculations:
      (only meaningful for undulators)

      sigr=sqrt(2*lambda*L)/2/pi*sigrc and 
      sigrp=sqrt(lambda/2/L)*sigrpc

       sigrc,sigrpc:   1.0000000000000000        1.0000000000000000     

      make sure that the device length agrees to the length
      of the trajectory
      (for rec-fields rangrec and rangpm are substracted by program)

      Observation point:

         10.0000000       0.00000000       0.00000000    

      considered device length [m]:   4.14960003    


      Brilliance [photons/sec/BW/mm**2/mrad**2]

          1443.8        0.87460E+18    0.87460E+18     0.0000         0.0000    
          1443.9        0.11274E+19    0.11274E+19     0.0000         0.0000    
          1444.0        0.14020E+19    0.14020E+19     0.0000         0.0000    
          1444.1        0.16907E+19    0.16907E+19     0.0000         0.0000    
          1444.2        0.19846E+19    0.19846E+19     0.0000         0.0000    
          1444.4        0.22738E+19    0.22738E+19     0.0000         0.0000    
          1444.5        0.25481E+19    0.25481E+19     0.0000         0.0000    
          1444.6        0.27973E+19    0.27973E+19     0.0000         0.0000    
          1444.7        0.30112E+19    0.30112E+19     0.0000         0.0000    
          1444.8        0.31805E+19    0.31805E+19     0.0000         0.0000    
          1444.9        0.32970E+19    0.32970E+19     0.0000         0.0000    
          1445.0        0.33539E+19    0.33539E+19     0.0000         0.0000    
          1445.1        0.33465E+19    0.33465E+19     0.0000         0.0000    
          1445.2        0.32724E+19    0.32724E+19     0.0000         0.0000    
          1445.4        0.31318E+19    0.31318E+19     0.0000         0.0000    
          1445.5        0.29280E+19    0.29280E+19     0.0000         0.0000    
          1445.6        0.26671E+19    0.26671E+19     0.0000         0.0000    
          1445.7        0.23589E+19    0.23589E+19     0.0000         0.0000    
          1445.8        0.20160E+19    0.20160E+19     0.0000         0.0000    
          1445.9        0.16545E+19    0.16545E+19     0.0000         0.0000    
          1446.0        0.12933E+19    0.12933E+19     0.0000         0.0000    
          1446.1        0.95403E+18    0.95403E+18     0.0000         0.0000    
          1446.3        0.66080E+18    0.66080E+18     0.0000         0.0000    
          1446.4        0.43946E+18    0.43946E+18     0.0000         0.0000    
          1446.5        0.31718E+18    0.31718E+18     0.0000         0.0000    
          1446.6        0.32181E+18    0.32181E+18     0.0000         0.0000    
          1446.7        0.48114E+18    0.48114E+18     0.0000         0.0000    
          1446.8        0.82220E+18    0.82220E+18     0.0000         0.0000    
          1446.9        0.13705E+19    0.13705E+19     0.0000         0.0000    
          1447.0        0.21493E+19    0.21493E+19     0.0000         0.0000    
          1447.2        0.31786E+19    0.31786E+19     0.0000         0.0000    
          1447.3        0.44750E+19    0.44750E+19     0.0000         0.0000    
          1447.4        0.60502E+19    0.60502E+19     0.0000         0.0000    
          1447.5        0.79114E+19    0.79114E+19     0.0000         0.0000    
          1447.6        0.10060E+20    0.10060E+20     0.0000         0.0000    
          1447.7        0.12491E+20    0.12491E+20     0.0000         0.0000    
          1447.8        0.15195E+20    0.15195E+20     0.0000         0.0000    
          1447.9        0.18155E+20    0.18155E+20     0.0000         0.0000    
          1448.1        0.21348E+20    0.21348E+20     0.0000         0.0000    
          1448.2        0.24746E+20    0.24746E+20     0.0000         0.0000    
          1448.3        0.28313E+20    0.28313E+20     0.0000         0.0000    
          1448.4        0.32010E+20    0.32010E+20     0.0000         0.0000    
          1448.5        0.35794E+20    0.35794E+20     0.0000         0.0000    
          1448.6        0.39617E+20    0.39617E+20     0.0000         0.0000    
          1448.7        0.43428E+20    0.43428E+20     0.0000         0.0000    
          1448.8        0.47174E+20    0.47174E+20     0.0000         0.0000    
          1448.9        0.50803E+20    0.50803E+20     0.0000         0.0000    
          1449.1        0.54260E+20    0.54260E+20     0.0000         0.0000    
          1449.2        0.57494E+20    0.57494E+20     0.0000         0.0000    
          1449.3        0.60455E+20    0.60455E+20     0.0000         0.0000    
          1449.4        0.63096E+20    0.63096E+20     0.0000         0.0000    
          1449.5        0.65376E+20    0.65376E+20     0.0000         0.0000    
          1449.6        0.67258E+20    0.67258E+20     0.0000         0.0000    
          1449.7        0.68710E+20    0.68710E+20     0.0000         0.0000    
          1449.8        0.69711E+20    0.69711E+20     0.0000         0.0000    
          1450.0        0.70241E+20    0.70241E+20     0.0000         0.0000    
          1450.1        0.70294E+20    0.70294E+20     0.0000         0.0000    
          1450.2        0.69867E+20    0.69867E+20     0.0000         0.0000    
          1450.3        0.68967E+20    0.68967E+20     0.0000         0.0000    
          1450.4        0.67608E+20    0.67608E+20     0.0000         0.0000    
          1450.5        0.65813E+20    0.65813E+20     0.0000         0.0000    
          1450.6        0.63611E+20    0.63611E+20     0.0000         0.0000    
          1450.7        0.61037E+20    0.61037E+20     0.0000         0.0000    
          1450.9        0.58130E+20    0.58130E+20     0.0000         0.0000    
          1451.0        0.54938E+20    0.54938E+20     0.0000         0.0000    
          1451.1        0.51509E+20    0.51509E+20     0.0000         0.0000    
          1451.2        0.47896E+20    0.47896E+20     0.0000         0.0000    
          1451.3        0.44151E+20    0.44151E+20     0.0000         0.0000    
          1451.4        0.40328E+20    0.40328E+20     0.0000         0.0000    
          1451.5        0.36482E+20    0.36482E+20     0.0000         0.0000    
          1451.6        0.32664E+20    0.32664E+20     0.0000         0.0000    
          1451.8        0.28923E+20    0.28923E+20     0.0000         0.0000    
          1451.9        0.25305E+20    0.25305E+20     0.0000         0.0000    
          1452.0        0.21852E+20    0.21852E+20     0.0000         0.0000    
          1452.1        0.18599E+20    0.18599E+20     0.0000         0.0000    
          1452.2        0.15577E+20    0.15577E+20     0.0000         0.0000    
          1452.3        0.12811E+20    0.12811E+20     0.0000         0.0000    
          1452.4        0.10320E+20    0.10320E+20     0.0000         0.0000    
          1452.5        0.81151E+19    0.81151E+19     0.0000         0.0000    
          1452.6        0.62030E+19    0.62030E+19     0.0000         0.0000    
          1452.8        0.45831E+19    0.45831E+19     0.0000         0.0000    


      estimated brilliance maxima, flux and flux-density of S0, S1, S2, S3:

          1450.0        0.70330E+20    0.51421E+14    0.79432E+17
          1450.0        0.70330E+20    0.51421E+14    0.79432E+17
          0.0000         0.0000         0.0000         0.0000    
          0.0000         0.0000         0.0000         0.0000    

      estimated brilliance maximum of S3*S3/S0:

          0.0000         0.0000    

      ---> flag IFOLD is not set, emittance effects are estimated
      from horizontal beam size [mm] and divergence [mrad]: 
         2.16000000E-04   2.47999997E-05
      vertical beam size [mm] and divergence [mrad]: 
         1.87000005E-05   4.29000011E-06


      Brilliance [photons/sec/BW/mm**2/mrad**2] with emittance

          1443.8        0.11079E+17    0.11079E+17     0.0000         0.0000    
          1443.9        0.14279E+17    0.14279E+17     0.0000         0.0000    
          1444.0        0.17756E+17    0.17756E+17     0.0000         0.0000    
          1444.1        0.21410E+17    0.21410E+17     0.0000         0.0000    
          1444.2        0.25128E+17    0.25128E+17     0.0000         0.0000    
          1444.4        0.28787E+17    0.28787E+17     0.0000         0.0000    
          1444.5        0.32257E+17    0.32257E+17     0.0000         0.0000    
          1444.6        0.35408E+17    0.35408E+17     0.0000         0.0000    
          1444.7        0.38112E+17    0.38112E+17     0.0000         0.0000    
          1444.8        0.40251E+17    0.40251E+17     0.0000         0.0000    
          1444.9        0.41720E+17    0.41720E+17     0.0000         0.0000    
          1445.0        0.42436E+17    0.42436E+17     0.0000         0.0000    
          1445.1        0.42338E+17    0.42338E+17     0.0000         0.0000    
          1445.2        0.41396E+17    0.41396E+17     0.0000         0.0000    
          1445.4        0.39613E+17    0.39613E+17     0.0000         0.0000    
          1445.5        0.37031E+17    0.37031E+17     0.0000         0.0000    
          1445.6        0.33729E+17    0.33729E+17     0.0000         0.0000    
          1445.7        0.29828E+17    0.29828E+17     0.0000         0.0000    
          1445.8        0.25490E+17    0.25490E+17     0.0000         0.0000    
          1445.9        0.20917E+17    0.20917E+17     0.0000         0.0000    
          1446.0        0.16348E+17    0.16348E+17     0.0000         0.0000    
          1446.1        0.12059E+17    0.12059E+17     0.0000         0.0000    
          1446.3        0.83514E+16    0.83514E+16     0.0000         0.0000    
          1446.4        0.55535E+16    0.55535E+16     0.0000         0.0000    
          1446.5        0.40078E+16    0.40078E+16     0.0000         0.0000    
          1446.6        0.40658E+16    0.40658E+16     0.0000         0.0000    
          1446.7        0.60782E+16    0.60782E+16     0.0000         0.0000    
          1446.8        0.10386E+17    0.10386E+17     0.0000         0.0000    
          1446.9        0.17310E+17    0.17310E+17     0.0000         0.0000    
          1447.0        0.27144E+17    0.27144E+17     0.0000         0.0000    
          1447.2        0.40139E+17    0.40139E+17     0.0000         0.0000    
          1447.3        0.56504E+17    0.56504E+17     0.0000         0.0000    
          1447.4        0.76386E+17    0.76386E+17     0.0000         0.0000    
          1447.5        0.99873E+17    0.99873E+17     0.0000         0.0000    
          1447.6        0.12698E+18    0.12698E+18     0.0000         0.0000    
          1447.7        0.15766E+18    0.15766E+18     0.0000         0.0000    
          1447.8        0.19177E+18    0.19177E+18     0.0000         0.0000    
          1447.9        0.22910E+18    0.22910E+18     0.0000         0.0000    
          1448.1        0.26936E+18    0.26936E+18     0.0000         0.0000    
          1448.2        0.31220E+18    0.31220E+18     0.0000         0.0000    
          1448.3        0.35716E+18    0.35716E+18     0.0000         0.0000    
          1448.4        0.40377E+18    0.40377E+18     0.0000         0.0000    
          1448.5        0.45145E+18    0.45145E+18     0.0000         0.0000    
          1448.6        0.49961E+18    0.49961E+18     0.0000         0.0000    
          1448.7        0.54761E+18    0.54761E+18     0.0000         0.0000    
          1448.8        0.59479E+18    0.59479E+18     0.0000         0.0000    
          1448.9        0.64048E+18    0.64048E+18     0.0000         0.0000    
          1449.1        0.68399E+18    0.68399E+18     0.0000         0.0000    
          1449.2        0.72468E+18    0.72468E+18     0.0000         0.0000    
          1449.3        0.76192E+18    0.76192E+18     0.0000         0.0000    
          1449.4        0.79513E+18    0.79513E+18     0.0000         0.0000    
          1449.5        0.82377E+18    0.82377E+18     0.0000         0.0000    
          1449.6        0.84740E+18    0.84740E+18     0.0000         0.0000    
          1449.7        0.86562E+18    0.86562E+18     0.0000         0.0000    
          1449.8        0.87812E+18    0.87813E+18     0.0000         0.0000    
          1450.0        0.88472E+18    0.88472E+18     0.0000         0.0000    
          1450.1        0.88529E+18    0.88529E+18     0.0000         0.0000    
          1450.2        0.87982E+18    0.87982E+18     0.0000         0.0000    
          1450.3        0.86839E+18    0.86839E+18     0.0000         0.0000    
          1450.4        0.85120E+18    0.85120E+18     0.0000         0.0000    
          1450.5        0.82852E+18    0.82852E+18     0.0000         0.0000    
          1450.6        0.80071E+18    0.80071E+18     0.0000         0.0000    
          1450.7        0.76823E+18    0.76823E+18     0.0000         0.0000    
          1450.9        0.73157E+18    0.73157E+18     0.0000         0.0000    
          1451.0        0.69133E+18    0.69133E+18     0.0000         0.0000    
          1451.1        0.64812E+18    0.64812E+18     0.0000         0.0000    
          1451.2        0.60258E+18    0.60258E+18     0.0000         0.0000    
          1451.3        0.55541E+18    0.55541E+18     0.0000         0.0000    
          1451.4        0.50727E+18    0.50727E+18     0.0000         0.0000    
          1451.5        0.45885E+18    0.45885E+18     0.0000         0.0000    
          1451.6        0.41078E+18    0.41078E+18     0.0000         0.0000    
          1451.8        0.36370E+18    0.36370E+18     0.0000         0.0000    
          1451.9        0.31817E+18    0.31817E+18     0.0000         0.0000    
          1452.0        0.27472E+18    0.27472E+18     0.0000         0.0000    
          1452.1        0.23380E+18    0.23380E+18     0.0000         0.0000    
          1452.2        0.19579E+18    0.19579E+18     0.0000         0.0000    
          1452.3        0.16101E+18    0.16101E+18     0.0000         0.0000    
          1452.4        0.12969E+18    0.12969E+18     0.0000         0.0000    
          1452.5        0.10197E+18    0.10197E+18     0.0000         0.0000    
          1452.6        0.77936E+17    0.77936E+17     0.0000         0.0000    
          1452.8        0.57578E+17    0.57578E+17     0.0000         0.0000    


      estimated brilliance maxima, flux and flux-density of S0, S1, S2, S3
      with emittance:

          1450.0        0.88579E+18    0.51421E+14    0.27714E+17
          1450.0        0.88579E+18    0.51421E+14    0.27714E+17
          0.0000         0.0000         0.0000         0.0000    
          0.0000         0.0000         0.0000         0.0000    

      estimated brilliance maximum of S3*S3/S0 with emittance:

          0.0000         0.0000    

      corresponding sigmas of source size [mm]
      and divergence [mrad] without and with emittance
      (including corr. factors sigrc,sigrpc):

      L/mm, lambda/mm:    4149.60010       8.55063092E-07
      without emit.:    1.34071764E-02   1.01503488E-02
         with emit.:    7.05665797E-02   1.71840861E-02
         (sigrf**2 = sigrxf*sigryf)


      LAST CHECK:

           BMAXGL:  0.30128365391313638     

           XBMAXGL:  -4.9400000217495750E-002
           YBMAXGL:   0.0000000000000000     
           ZBMAXGL:   3.2422392014771123E-006


      CURRENT NUMBER:          85


                     --- Program WAVE completed ---



                                                   02:37:33 01.02.16

