
                                                   04:25:50 01.02.16


           *********************************************
           *          PROGRAM WAVE                     *
           *                                           *
           *          VERSION 3.03/01 13.11.2015       *
           *                                           *
           *          Michael Scheer                   *
           *              BESSY                        *
           *********************************************

      USER COMMENT:

      U49 Peter Baumgaertel                                            

      CURRENT NUMBER:         125


      USER NAMELIST:



      MODE FLAGS:

      IUNDULATOR,IWIGGLER:            1           0



      CONTROL FLAGS:


      IUNAME,IUSTEP,IUOUT:            0           0           0
      IOPTIC,IGENFUN:                 0           0
      IMAGSPLN:                   -9999
      IEMIT,IEMIAHW:                  0           0
      IWLSOPT,IBEAMPOL:               0           0
      IENELOSS, IEFIELD:             -1           0
      IPOWER,ISPEC:                   0           1
      IVELOFIELD,ISPECMODE:           0           3
         IWFILL0,IRFILL0:                      0           0
         ISPECINT,IPIN:                        0           1
         IUSEM,ISTOKES:                        0           1
         IBRILL:                               1
         IPINCIRC,IRPHI:                       0           0
         IFOLD,ISIGUSR:                        0           1
         IF1DIM,IPOLA:                         0           0
         IWFILSP0,IWFILSPF:                    0           0
         IRFILSP0,IRFILSTO:                    0           0
         IWFILSTO,IWFLSTOF:                    0           0
         ISPECANA,ISPECANAF:                   0           0
         IAMPLI,IAMPSKIP:                      0           0
         IWFILFL0,IWFILFLF:                    0           0
         IWFILS,IWFILSF:                       0           0
         IWFILSE,IWFILSEF:                     0           0
         IWFILB,IWFILBF:                       0           0
         IWFILBE,IWFILBEF:                     0           0
         IWFILINT,IPINALL:                     0           0
         IRFILOB,IFILTER:                      0           0
         IWFILRAY,IDESYNC:                     1           0
         IPHASE,IPHASEANA:                     0           0
         IDOSE,IEFOLD:                         0           0
         ISPECDIP,IBL0CUT:                     0           0
         IEFFI,IFILMUL:                        0           0
         IBUNCH:                               0
      IWFILF:                         0


      MAGNETIC FIELD FLAGS:



      ICHARGE,IBMASK,JBMASK:          -1           0           0
      IBSUPER,IBERROR:                 1           0
      ICUTFIBO:                        1

      IPERIODG,IBSYM:                 0           0
      IBSYMY,IBSYMZ:                  0           0
      KBEXTERN,KBFELD:                0           0
      KHALBA,KHALBASY:                0           0
      KUCROSS,IRFILP:                 0           0
      KMAGSEQ,IMGSQF:                 0           0
             KMAGCOR:                 1
      IRFILF,IRBTAB:                  0           0
      IRBTABZY,KELLIP:                0           1
      KBPOLYH,KBPOLY3D:               0           0
      KBREC,KELLANA:                  0           0
      KBPOLYMAG,KBGENESIS:            0           0
      KBAMWLS:                        0



      HISTOGRAM FLAGS:

      IHBOOK,IHINDEX:                 1           0


      OTHER OPTIONS:


      IWBTAB,IWFILT0:                 0           0
      IWSECTMAGS:                     0
      IJUST,ISNORDER:                 0           0
      IWBMAP,IWBPOLY3D:               0           0
      IWBPOLY2DH,IWBPHARM:            0           0


      SR BELLIP, Parameters of elliptical undulator:
      horizontal and vertical peak field [T]:   0.00000000      0.208312467    
      number of periods, period and device length [m]:
         84.0000000       4.94000018E-02   4.14960003    
      shift parameter [periods], B_h/B_v:       0.00000000       0.00000000    
      B0_eff [T], deflection parameter K:  0.208312467      0.960866570    
      1. harmonical [nm] and [eV]:   3.17913318       390.000000    
      critical energy [eV]:   410.790222    

      longitudinal position of device center [m]:   0.0000000000000000     

      scaling factor for taper:   0.0000000000000000     

  
      Subroutine photon (quantum fluctuations):
  
       number of sampling bins (NBING1)        1000
       max. photon energy normalized to characteristic energy (EECMAXG1):
          5.0000000000000000     
  

      Number of tracking steps per meter (MYINUM):         5000

      Start and end of the trajectory [m](XSTART,XSTOP):
        -2.07480001       2.07480001    

      BMOVECUT:   1.00000001E-07

      Initial energy [GeV] and gamma:    1.72200000       3369.8702546331497     
      Final energy [GeV] and gamma:      1.72199988       3369.8699165562634     
      Relative change:                  -1.00323412E-07
      number of photons, RMS (keV) and rel. RMS of quantum fluctuation:
                 3   9.77193788E-02   5.67476057E-08


      B-rho [Tm], current [A]:   -5.74397326      0.100000001    

      Offset for vert. and hori. magnetic field (BYGOFF, BZGOFF):
          0.00000000       0.00000000    
      Global scaling factor for mag. field (B0SCGLOB,A0SCGLOB):
          1.00000000       1.00000000    

      Long. shift [m] of device (X(e-) -> X(e-)+XSHIFT):    0.00000000    
      Vert. shift [m] of device (Y(e-) -> Y(e-)+VSHIFT):    0.00000000    
      Hori. shift [m] of device (Z(e-) -> Z(e-)+HSHIFT):    0.00000000    
      Rotation angle [degree] of device:                    0.00000000    
      Y(e-) -> Y(e-)*sin(XROTD) + Y(e-)*cos(XROTD)
      Z(e-) -> Z(e-)*cos(XROTD) - Y(e-)*sin(XROTD)


      Magnetic field [T] at starting point:
         0.00000000       0.00000000       0.00000000    

      Vector potential [T-m] at starting point:
         0.00000000       0.00000000       0.00000000    


      Magnetic field [T] at stopping point:
         0.00000000       0.00000000       0.00000000    

      Vector potential [T-m] at stopping point:
         0.00000000       0.00000000       0.00000000    

      Extrema of magnetic field [T] and the trajectory [m]:

      BXmax,BXmin:    0.00000000       0.00000000    
      BYmax,BYmin:   0.208295628     -0.208312467    
      BZmax,BZmin:    0.00000000       0.00000000    

      Xmax,Xmin:    2.07480001      -2.07480001    
      Ymax,Ymin:    0.00000000       0.00000000    
      Zmax,Zmin:    2.24174187E-06  -2.24159271E-06


      Extrema of magnetic field [T] and the trajectory [m] between
      XIANF and XIEND

      BXmaxAE,BXminAE:    0.00000000       0.00000000    
      BYmaxAE,BYminAE:   0.208295628     -0.208312467    
      BZmaxAE,BZminAE:    0.00000000       0.00000000    

      XmaxAE,XminAE:    2.07480001      -2.07480001    
      YmaxAE,YminAE:    0.00000000       0.00000000    
      ZmaxAE,ZminAE:    2.24174187E-06  -2.24159271E-06


      Start values (coordinates [m] and slopes) of trajectory:

      X0:   -2.0747999999999998     
      Y0:    0.0000000000000000     
      Z0:    0.0000000000000000     

      ZP0:   0.0000000000000000     
      YP0:   0.0000000000000000     

      VX0:   299792444.80029100     
      VY0:   0.0000000000000000     
      VZ0:   0.0000000000000000     

      Values for X=0 (coordinates [m] and slopes) of trajectory:

      YCEN:    0.0000000000000000     
      ZCEN:    2.2417218740154389E-006

      YPCEN:   0.0000000000000000     
      ZPCEN:   3.6974538114494410E-014

      End values (coordinates [m] and slopes) of trajectory:

      XF0:    2.0747999999999998     
      YF0:    0.0000000000000000     
      ZF0:   -2.7448602199461987E-011


      ZPF0:    1.7568358258779337E-011
      YPF0:    0.0000000000000000     

      VXF0:    299792450.05586171     
      VYF0:    0.0000000000000000     
      VZF0:    5.2668611658585902E-003


      Values for X=XIANF (coordinates [m] and slopes) of trajectory:

      XIANF:   -1.0000000000000000E+030
      YIANF:   -9999.0000000000000     
      ZIANF:   -9999.0000000000000     

      YPIANF:  -9999.0000000000000     
      ZPIANF:  -9999.0000000000000     



      Values for X=XIEND (coordinates [m] and slopes) of trajectory:

      XIEND:    1.0000000000000000E+030
      YIEND:   -9999.0000000000000     
      ZIEND:   -9999.0000000000000     

      YPIEND:  -9999.0000000000000     
      ZPIEND:  -9999.0000000000000     


      ZF0/(XSTOP-XSTART):   -6.6147585790105044E-012
      YF0/(XSTOP-XSTART):    0.0000000000000000     

      YF0-Y0:   0.0000000000000000     
      ZF0-Z0:  -2.7448602199461987E-011

      YPF0-YP0:   0.0000000000000000     
      ZPF0-ZP0:   1.7568358258779337E-011

      Straight line fit of z(x):
      offset:  -1.0025466484273174E-008
      slope:  -9.0516824051225541E-012

      Straight line fit of vz(x)/vx(x):
      offset:   1.9701164018952954E-012
      slope:   6.9761461565800383E-009

      Straight line fit of y(x):
      offset:   0.0000000000000000     
      slope:   0.0000000000000000     

      Straight line fit of vy(x)/vx(x):
      offset:   0.0000000000000000     
      slope:   0.0000000000000000     

      1. magnetic integral [T-m]:    0.00000000       2.12299897E-14   0.00000000    
      2. mag. integral [T-m**2]:    0.00000000      -5.64147558E-14   0.00000000    

      Integrated By**2 [T**2-m]:                      8.94981474E-02
      Energy irradiated by the device per e- [MeV]:   3.35816410E-04
      Rel. energy loss:                               1.95015346E-07
      Power irradiated by the device [kWATT]:         3.35816406E-02

      Length of trajectory (BINT0) [m]:
         4.1496000836428495     
      Integrated (YP**2+ZP**2)/2 of trajectory (WTRA2I) [m]:
         8.3643086459187477E-008
      corresponding phase advance [nm and eV]:
         266.34789020074669        4.6550469113989168     
      dE/E and corresponding dL = 2 * dE/E * L [nm]:
         1.00000005E-03  0.167286173    
      Circumference of the ring [m]:                 240.000000    
      Rel. change of total circumference (from BINT0):         
         3.48511886E-10
      Rel. change of total circumference (from WTRA2I):
         3.48512857E-10

      Max. and min. deflection angle [rad]:    2.85136572E-04  -2.85136543E-04


      SPECTRUM
      ===========

      Start and end of points [m] of integration for spectrum
      calculations (XIANF,XIEND):  -1.00000002E+30   1.00000002E+30


      SR WFILL0:

      Parameters:
      WGWINFC:   2646.6899088765672     
      WBL0CUT:   0.0000000000000000     
      WBL0HYS:   1.0000000000000000     

      Pinhole of collimators:
      (X,Y,Z), width, height:

        1.0000E+01  0.0000E+00  0.0000E+00  1.0000E+03  1.0000E+03
        1.0000E+01  0.0000E+00  0.0000E+00  1.0000E+03  1.0000E+03

      Number of sources:           1
      Begin and end of sources (x,y,z):

                 1  -2.07480001       0.00000000       0.00000000    
                 1   2.07480001       0.00000000      -2.74486024E-11

      Horiz., vert. slopes and mag. field
      at begin and end of sources:

                 1   0.00000000       0.00000000       0.00000000    
                 1   1.75683582E-11   0.00000000       1.91513472E-15


      SR COHEREN:
      Minimum and maximum number of phases  between
      photons and electrons:
         2.73248291       2.74945498    


       selected observation point:

          10.0000000       0.00000000       0.00000000    


      Source number, mean mag. field (sign from By), abs. mean and rel. rms
      for sources, and critical photon energy [eV] or wavelength [nm]
      (with respect to abs. mean):

           1  -1.17386515E-12  0.132062495      0.486472636       260.425995    

      Photon energy cut-off (SPECCUT):   0.00000000    

      Max. field and photon energy cuts for source points:

           1  0.208312571       0.00000000    

      Data-file written for program RAY
      File: wave_ray.dat                                                                                                                    
      (Device center is assumed at (0,0,0)
      Photon energy:   1941.65002    


      Results of spectrum calculations
      ================================


      Reflectivity coefficients (complex):

       (  1.0000000000000000     ,  0.0000000000000000     )
       (  1.0000000000000000     ,  0.0000000000000000     )
       (  1.0000000000000000     ,  0.0000000000000000     )



      Buffer size for integration (NDWSOU):       20849

      Provided number of integration steps for each source
      (controlled by NLPOI)
      (not necessarily used)

       20747

      Bandwidth:   1.00000005E-03


      Pinhole position (x,y,z) [m]:
         10.0000000       0.00000000       0.00000000    

      Numbers defining inner vert. and hori. edges (MMEDGEY,MMEDGEZ):            0           0
      Numbers defining outerer vert. and hori. edges (MEDGEY,MEDGEZ):            1           1
      Total number of vert. and hori. points:                    73          73
      Number of vert. and horiz. points inside pinhole:          71          71

      Vertical and horizontal grid size [m]:        2.85714286E-05   2.85714286E-05
      Vertical and horizontal size [m x m]:         2.00000009E-03   2.00000009E-03
      Total vert. and horiz. size [m x m]:          2.05714279E-03   2.05714279E-03

      Photon energy or wavelength and flux through pinhole:
      (for all sources and sum)

      1941.65002       1.11848718E+13   1.11848718E+13
      1941.80078       1.12383450E+13   1.12383450E+13
      1941.95154       1.12900377E+13   1.12900377E+13
      1942.10229       1.13398136E+13   1.13398136E+13
      1942.25305       1.13876098E+13   1.13876098E+13
      1942.40381       1.14334389E+13   1.14334389E+13
      1942.55444       1.14773941E+13   1.14773941E+13
      1942.70520       1.15196486E+13   1.15196486E+13
      1942.85596       1.15604581E+13   1.15604581E+13
      1943.00671       1.16001520E+13   1.16001520E+13
      1943.15747       1.16391265E+13   1.16391265E+13
      1943.30823       1.16778326E+13   1.16778326E+13
      1943.45898       1.17167652E+13   1.17167652E+13
      1943.60974       1.17564401E+13   1.17564401E+13
      1943.76050       1.17973765E+13   1.17973765E+13
      1943.91125       1.18400798E+13   1.18400798E+13
      1944.06201       1.18850092E+13   1.18850092E+13
      1944.21277       1.19325610E+13   1.19325610E+13
      1944.36353       1.19830416E+13   1.19830416E+13
      1944.51428       1.20366417E+13   1.20366417E+13
      1944.66504       1.20934178E+13   1.20934178E+13
      1944.81580       1.21532674E+13   1.21532674E+13
      1944.96655       1.22159125E+13   1.22159125E+13
      1945.11731       1.22808833E+13   1.22808833E+13
      1945.26794       1.23475119E+13   1.23475119E+13
      1945.41870       1.24149196E+13   1.24149196E+13
      1945.56946       1.24820212E+13   1.24820212E+13
      1945.72021       1.25475257E+13   1.25475257E+13
      1945.87097       1.26099474E+13   1.26099474E+13
      1946.02173       1.26676202E+13   1.26676202E+13
      1946.17249       1.27187173E+13   1.27187173E+13
      1946.32324       1.27612779E+13   1.27612779E+13
      1946.47400       1.27932406E+13   1.27932406E+13
      1946.62476       1.28124736E+13   1.28124736E+13
      1946.77551       1.28168158E+13   1.28168158E+13
      1946.92627       1.28041185E+13   1.28041185E+13
      1947.07703       1.27722880E+13   1.27722880E+13
      1947.22778       1.27193338E+13   1.27193338E+13
      1947.37854       1.26434085E+13   1.26434085E+13
      1947.52930       1.25428543E+13   1.25428543E+13
      1947.68005       1.24162440E+13   1.24162440E+13
      1947.83081       1.22624231E+13   1.22624231E+13
      1947.98145       1.20805382E+13   1.20805382E+13
      1948.13220       1.18700712E+13   1.18700712E+13
      1948.28296       1.16308616E+13   1.16308616E+13
      1948.43372       1.13631245E+13   1.13631245E+13
      1948.58447       1.10674617E+13   1.10674617E+13
      1948.73523       1.07448589E+13   1.07448589E+13
      1948.88599       1.03966887E+13   1.03966887E+13
      1949.03674       1.00246917E+13   1.00246917E+13
      1949.18750       9.63095770E+12   9.63095770E+12
      1949.33826       9.21790264E+12   9.21790264E+12
      1949.48901       8.78822503E+12   8.78822503E+12
      1949.63977       8.34487347E+12   8.34487347E+12
      1949.79053       7.89099682E+12   7.89099682E+12
      1949.94128       7.42989654E+12   7.42989654E+12
      1950.09204       6.96497000E+12   6.96497000E+12
      1950.24280       6.49965810E+12   6.49965810E+12
      1950.39355       6.03738708E+12   6.03738708E+12
      1950.54419       5.58151342E+12   5.58151342E+12
      1950.69495       5.13526884E+12   5.13526884E+12
      1950.84570       4.70170835E+12   4.70170835E+12
      1950.99646       4.28366286E+12   4.28366286E+12
      1951.14722       3.88369587E+12   3.88369587E+12
      1951.29797       3.50406627E+12   3.50406627E+12
      1951.44873       3.14669688E+12   3.14669688E+12
      1951.59949       2.81315246E+12   2.81315246E+12
      1951.75024       2.50462208E+12   2.50462208E+12
      1951.90100       2.22191210E+12   2.22191210E+12
      1952.05176       1.96544469E+12   1.96544469E+12
      1952.20251       1.73526588E+12   1.73526588E+12
      1952.35327       1.53105990E+12   1.53105990E+12
      1952.50403       1.35217073E+12   1.35217073E+12
      1952.65479       1.19763016E+12   1.19763016E+12
      1952.80554       1.06619011E+12   1.06619011E+12
      1952.95630       9.56361015E+11   9.56361015E+11
      1953.10706       8.66452570E+11   8.66452570E+11
      1953.25769       7.94617577E+11   7.94617577E+11
      1953.40845       7.38896511E+11   7.38896511E+11
      1953.55920       6.97262932E+11   6.97262932E+11
      1953.70996       6.67667595E+11   6.67667595E+11

      Estimated maximum:

         1946.73853       1.28173275E+13


      Flux density for selected point:

               1941.65002       2.08701284E+18   2.08701284E+18
               1941.80078       2.69550333E+18   2.69550333E+18
               1941.95154       3.35741923E+18   3.35741923E+18
               1942.10229       4.05366490E+18   4.05366490E+18
               1942.25305       4.76251427E+18   4.76251427E+18
               1942.40381       5.46027535E+18   5.46027535E+18
               1942.55444       6.12208239E+18   6.12208239E+18
               1942.70520       6.72278903E+18   6.72278903E+18
               1942.85596       7.23794431E+18   7.23794431E+18
               1943.00671       7.64482353E+18   7.64482353E+18
               1943.15747       7.92347716E+18   7.92347716E+18
               1943.30823       8.05776931E+18   8.05776931E+18
               1943.45898       8.03636952E+18   8.03636952E+18
               1943.60974       7.85365982E+18   7.85365982E+18
               1943.76050       7.51052698E+18   7.51052698E+18
               1943.91125       7.01499853E+18   7.01499853E+18
               1944.06201       6.38270788E+18   6.38270788E+18
               1944.21277       5.63714224E+18   5.63714224E+18
               1944.36353       4.80967288E+18   4.80967288E+18
               1944.51428       3.93934235E+18   3.93934235E+18
               1944.66504       3.07239888E+18   3.07239888E+18
               1944.81580       2.26158849E+18   2.26158849E+18
               1944.96655       1.56519988E+18   1.56519988E+18
               1945.11731       1.04588439E+18   1.04588439E+18
               1945.26794       7.69270630E+17   7.69270630E+17
               1945.41870       8.02401802E+17   8.02401802E+17
               1945.56946       1.21203427E+18   1.21203427E+18
               1945.72021       2.06283568E+18   2.06283568E+18
               1945.87097       3.41553062E+18   3.41553062E+18
               1946.02173       5.32504147E+18   5.32504147E+18
               1946.17249       7.83867788E+18   7.83867788E+18
               1946.32324       1.09944236E+19   1.09944236E+19
               1946.47400       1.48193728E+19   1.48193728E+19
               1946.62476       1.93283699E+19   1.93283699E+19
               1946.77551       2.45228850E+19   2.45228850E+19
               1946.92627       3.03901781E+19   3.03901781E+19
               1947.07703       3.69027724E+19   3.69027724E+19
               1947.22778       4.40182751E+19   4.40182751E+19
               1947.37854       5.16795490E+19   5.16795490E+19
               1947.52930       5.98152533E+19   5.98152533E+19
               1947.68005       6.83407478E+19   6.83407478E+19
               1947.83081       7.71593192E+19   7.71593192E+19
               1947.98145       8.61638005E+19   8.61638005E+19
               1948.13220       9.52383866E+19   9.52383866E+19
               1948.28296       1.04260812E+20   1.04260812E+20
               1948.43372       1.13104685E+20   1.13104685E+20
               1948.58447       1.21641936E+20   1.21641936E+20
               1948.73523       1.29745451E+20   1.29745451E+20
               1948.88599       1.37291707E+20   1.37291707E+20
               1949.03674       1.44163303E+20   1.44163303E+20
               1949.18750       1.50251518E+20   1.50251518E+20
               1949.33826       1.55458630E+20   1.55458630E+20
               1949.48901       1.59700035E+20   1.59700035E+20
               1949.63977       1.62906158E+20   1.62906158E+20
               1949.79053       1.65023871E+20   1.65023871E+20
               1949.94128       1.66017829E+20   1.66017829E+20
               1950.09204       1.65871110E+20   1.65871110E+20
               1950.24280       1.64585755E+20   1.64585755E+20
               1950.39355       1.62182592E+20   1.62182592E+20
               1950.54419       1.58700905E+20   1.58700905E+20
               1950.69495       1.54197446E+20   1.54197446E+20
               1950.84570       1.48745363E+20   1.48745363E+20
               1950.99646       1.42432408E+20   1.42432408E+20
               1951.14722       1.35359196E+20   1.35359196E+20
               1951.29797       1.27636939E+20   1.27636939E+20
               1951.44873       1.19385096E+20   1.19385096E+20
               1951.59949       1.10728808E+20   1.10728808E+20
               1951.75024       1.01796331E+20   1.01796331E+20
               1951.90100       9.27163620E+19   9.27163620E+19
               1952.05176       8.36154316E+19   8.36154316E+19
               1952.20251       7.46154363E+19   7.46154363E+19
               1952.35327       6.58313104E+19   6.58313104E+19
               1952.50403       5.73688971E+19   5.73688971E+19
               1952.65479       4.93231197E+19   4.93231197E+19
               1952.80554       4.17764325E+19   4.17764325E+19
               1952.95630       3.47976211E+19   3.47976211E+19
               1953.10706       2.84409529E+19   2.84409529E+19
               1953.25769       2.27456916E+19   2.27456916E+19
               1953.40845       1.77359923E+19   1.77359923E+19
               1953.55920       1.34211425E+19   1.34211425E+19
               1953.70996       9.79615382E+18   9.79615382E+18

      Estimated maximum:

         1949.99719       1.66096484E+20


      Power through pinhole [W]:
      (for all sources and sum)
       5.85582876       5.85582876    


      Power density at selected point [W/m**2]:

                1638350.88       1638350.88    




      Photon energy or wavelength and normalized components S0, S1/S0,
      S2/S0, S3/S0 of STOKES vector and polarization for pinhole:

       1.9417E+03  1.1185E+13  9.9813E-01  7.2526E-10 -6.6613E-22  9.9813E-01
       1.9418E+03  1.1238E+13  9.9816E-01  1.5271E-08 -5.3037E-21  9.9816E-01
       1.9420E+03  1.1290E+13  9.9820E-01  3.5785E-09  3.2996E-21  9.9820E-01
       1.9421E+03  1.1340E+13  9.9824E-01  7.4534E-09 -5.2562E-21  9.9824E-01
       1.9423E+03  1.1388E+13  9.9827E-01  3.1042E-10  7.1970E-21  9.9827E-01
       1.9424E+03  1.1433E+13  9.9830E-01 -3.3063E-09 -1.9549E-21  9.9830E-01
       1.9426E+03  1.1477E+13  9.9834E-01 -7.6623E-09 -1.9475E-21  9.9834E-01
       1.9427E+03  1.1520E+13  9.9837E-01  6.5465E-09 -1.2935E-20  9.9837E-01
       1.9429E+03  1.1560E+13  9.9840E-01  1.7527E-09 -5.8004E-21  9.9840E-01
       1.9430E+03  1.1600E+13  9.9843E-01 -5.6922E-09  2.5691E-21  9.9843E-01
       1.9432E+03  1.1639E+13  9.9846E-01 -3.6141E-10  6.4013E-21  9.9846E-01
       1.9433E+03  1.1678E+13  9.9849E-01  6.5990E-09 -1.3398E-20  9.9849E-01
       1.9435E+03  1.1717E+13  9.9852E-01 -5.5317E-09  7.6307E-21  9.9852E-01
       1.9436E+03  1.1756E+13  9.9855E-01  3.1144E-09  1.2675E-21  9.9855E-01
       1.9438E+03  1.1797E+13  9.9858E-01 -1.1700E-08  0.0000E+00  9.9858E-01
       1.9439E+03  1.1840E+13  9.9861E-01 -1.2453E-08 -5.0341E-21  9.9861E-01
       1.9441E+03  1.1885E+13  9.9863E-01 -1.2016E-08 -3.1344E-21  9.9863E-01
       1.9442E+03  1.1933E+13  9.9866E-01 -5.1879E-09  1.1239E-20  9.9866E-01
       1.9444E+03  1.1983E+13  9.9869E-01 -4.1695E-09 -1.2435E-21  9.9869E-01
       1.9445E+03  1.2037E+13  9.9871E-01  7.9009E-09  3.0950E-21  9.9871E-01
       1.9447E+03  1.2093E+13  9.9873E-01 -4.4087E-09  1.8483E-21  9.9873E-01
       1.9448E+03  1.2153E+13  9.9876E-01  1.6797E-09  0.0000E+00  9.9876E-01
       1.9450E+03  1.2216E+13  9.9878E-01 -8.8529E-09 -3.0495E-21  9.9878E-01
       1.9451E+03  1.2281E+13  9.9880E-01  1.0280E-08  4.2468E-21  9.9880E-01
       1.9453E+03  1.2348E+13  9.9882E-01 -6.7436E-09  6.0341E-21  9.9882E-01
       1.9454E+03  1.2415E+13  9.9884E-01  1.1939E-08  6.0013E-22  9.9884E-01
       1.9456E+03  1.2482E+13  9.9886E-01 -9.8805E-09  0.0000E+00  9.9886E-01
       1.9457E+03  1.2548E+13  9.9888E-01  8.7724E-10  5.9379E-21  9.9888E-01
       1.9459E+03  1.2610E+13  9.9890E-01  3.6486E-09  2.3634E-21  9.9890E-01
       1.9460E+03  1.2668E+13  9.9892E-01 -9.0718E-09  5.2934E-21  9.9892E-01
       1.9462E+03  1.2719E+13  9.9893E-01  5.7762E-09  3.5148E-21  9.9893E-01
       1.9463E+03  1.2761E+13  9.9895E-01 -6.9005E-09  2.3354E-21  9.9895E-01
       1.9465E+03  1.2793E+13  9.9896E-01 -5.9264E-09  5.8238E-22  9.9896E-01
       1.9466E+03  1.2812E+13  9.9897E-01 -1.7573E-09 -5.2336E-21  9.9897E-01
       1.9468E+03  1.2817E+13  9.9898E-01  1.3296E-09  0.0000E+00  9.9898E-01
       1.9469E+03  1.2804E+13  9.9899E-01 -8.8020E-09 -5.8189E-22  9.9899E-01
       1.9471E+03  1.2772E+13  9.9900E-01  5.6736E-12  7.5834E-21  9.9900E-01
       1.9472E+03  1.2719E+13  9.9900E-01  2.8607E-09 -5.8577E-22  9.9900E-01
       1.9474E+03  1.2643E+13  9.9901E-01  5.5228E-09 -2.3571E-21  9.9901E-01
       1.9475E+03  1.2543E+13  9.9901E-01 -1.1546E-08  2.3760E-21  9.9901E-01
       1.9477E+03  1.2416E+13  9.9900E-01  5.1224E-09 -1.2001E-21  9.9900E-01
       1.9478E+03  1.2262E+13  9.9900E-01 -5.5894E-10  2.4304E-21  9.9900E-01
       1.9480E+03  1.2081E+13  9.9899E-01  9.9559E-09  0.0000E+00  9.9899E-01
       1.9481E+03  1.1870E+13  9.9898E-01 -5.4320E-09 -5.6491E-21  9.9898E-01
       1.9483E+03  1.1631E+13  9.9897E-01  1.1137E-09  1.2812E-21  9.9897E-01
       1.9484E+03  1.1363E+13  9.9895E-01 -6.6487E-09 -1.3114E-21  9.9895E-01
       1.9486E+03  1.1067E+13  9.9893E-01 -7.4864E-09  0.0000E+00  9.9893E-01
       1.9487E+03  1.0745E+13  9.9890E-01 -4.8808E-10 -4.1605E-21  9.9890E-01
       1.9489E+03  1.0397E+13  9.9887E-01  4.9656E-09  2.1499E-21  9.9887E-01
       1.9490E+03  1.0025E+13  9.9883E-01 -4.1775E-09  4.4593E-21  9.9883E-01
       1.9492E+03  9.6310E+12  9.9878E-01 -6.8970E-09 -3.8680E-21  9.9878E-01
       1.9493E+03  9.2179E+12  9.9873E-01  2.2359E-09 -4.0414E-21  9.9873E-01
       1.9495E+03  8.7882E+12  9.9867E-01 -1.1268E-08  1.6956E-21  9.9867E-01
       1.9496E+03  8.3449E+12  9.9860E-01  5.0382E-09  3.5713E-21  9.9860E-01
       1.9498E+03  7.8910E+12  9.9852E-01 -1.0383E-08 -7.5535E-21  9.9852E-01
       1.9499E+03  7.4299E+12  9.9843E-01  1.8800E-08  0.0000E+00  9.9843E-01
       1.9501E+03  6.9650E+12  9.9832E-01 -1.3678E-08  0.0000E+00  9.9832E-01
       1.9502E+03  6.4997E+12  9.9820E-01 -9.8554E-09  2.2926E-21  9.9820E-01
       1.9504E+03  6.0374E+12  9.9806E-01 -7.3755E-09 -3.7022E-21  9.9806E-01
       1.9505E+03  5.5815E+12  9.9790E-01  8.9429E-09  0.0000E+00  9.9790E-01
       1.9507E+03  5.1353E+12  9.9771E-01  1.7474E-08  2.9017E-21  9.9771E-01
       1.9508E+03  4.7017E+12  9.9750E-01  1.6887E-08 -3.1693E-21  9.9750E-01
       1.9510E+03  4.2837E+12  9.9725E-01  2.0311E-08  6.9572E-21  9.9725E-01
       1.9511E+03  3.8837E+12  9.9696E-01  1.4349E-08  2.1103E-20  9.9696E-01
       1.9513E+03  3.5041E+12  9.9663E-01  1.0262E-08  8.5051E-21  9.9663E-01
       1.9514E+03  3.1467E+12  9.9624E-01 -4.1327E-09  0.0000E+00  9.9624E-01
       1.9516E+03  2.8132E+12  9.9579E-01  2.8110E-08 -3.7079E-20  9.9579E-01
       1.9518E+03  2.5046E+12  9.9527E-01  8.7839E-09 -2.9747E-20  9.9527E-01
       1.9519E+03  2.2219E+12  9.9466E-01 -5.3855E-09  4.0239E-20  9.9466E-01
       1.9521E+03  1.9654E+12  9.9396E-01 -6.7055E-09 -1.5163E-20  9.9396E-01
       1.9522E+03  1.7353E+12  9.9315E-01  8.3037E-09  1.2881E-20  9.9315E-01
       1.9524E+03  1.5311E+12  9.9222E-01  8.5898E-09  3.8930E-20  9.9222E-01
       1.9525E+03  1.3522E+12  9.9118E-01  1.3244E-09  4.9591E-20  9.9118E-01
       1.9527E+03  1.1976E+12  9.9003E-01  1.9789E-10  3.1106E-20  9.9003E-01
       1.9528E+03  1.0662E+12  9.8878E-01  8.6175E-09  0.0000E+00  9.8878E-01
       1.9530E+03  9.5636E+11  9.8747E-01 -1.1296E-09 -1.0128E-19  9.8747E-01
       1.9531E+03  8.6645E+11  9.8614E-01  6.6620E-09  2.5797E-20  9.8614E-01
       1.9533E+03  7.9462E+11  9.8484E-01 -5.5263E-09  4.6882E-20  9.8484E-01
       1.9534E+03  7.3890E+11  9.8366E-01 -6.3927E-09 -2.0167E-20  9.8366E-01
       1.9536E+03  6.9726E+11  9.8263E-01 -5.6140E-10 -4.2742E-20  9.8263E-01
       1.9537E+03  6.6767E+11  9.8180E-01 -3.0542E-09 -4.4636E-20  9.8180E-01


      Photon energy [eV] or wavelength [nm] for selected point
      of pinhole, S0, S1/S0, S2/S0, S3/S0, P of
      STOKES vector per unit area [m**2]:


           Observation point (x,y,z) [m]:
              10.0000000       0.00000000       0.00000000    

       1.9417E+03  2.0870E+18  1.0000E+00  0.0000E+00  0.0000E+00  1.0000E+00
       1.9418E+03  2.6955E+18  1.0000E+00  0.0000E+00  0.0000E+00  1.0000E+00
       1.9420E+03  3.3574E+18  1.0000E+00  0.0000E+00  0.0000E+00  1.0000E+00
       1.9421E+03  4.0537E+18  1.0000E+00  0.0000E+00  0.0000E+00  1.0000E+00
       1.9423E+03  4.7625E+18  1.0000E+00  0.0000E+00  0.0000E+00  1.0000E+00
       1.9424E+03  5.4603E+18  1.0000E+00  0.0000E+00  0.0000E+00  1.0000E+00
       1.9426E+03  6.1221E+18  1.0000E+00  0.0000E+00  0.0000E+00  1.0000E+00
       1.9427E+03  6.7228E+18  1.0000E+00  0.0000E+00  0.0000E+00  1.0000E+00
       1.9429E+03  7.2379E+18  1.0000E+00  0.0000E+00  0.0000E+00  1.0000E+00
       1.9430E+03  7.6448E+18  1.0000E+00  0.0000E+00  0.0000E+00  1.0000E+00
       1.9432E+03  7.9235E+18  1.0000E+00  0.0000E+00  0.0000E+00  1.0000E+00
       1.9433E+03  8.0578E+18  1.0000E+00  0.0000E+00  0.0000E+00  1.0000E+00
       1.9435E+03  8.0364E+18  1.0000E+00  0.0000E+00  0.0000E+00  1.0000E+00
       1.9436E+03  7.8537E+18  1.0000E+00  0.0000E+00  0.0000E+00  1.0000E+00
       1.9438E+03  7.5105E+18  1.0000E+00  0.0000E+00  0.0000E+00  1.0000E+00
       1.9439E+03  7.0150E+18  1.0000E+00  0.0000E+00  0.0000E+00  1.0000E+00
       1.9441E+03  6.3827E+18  1.0000E+00  0.0000E+00  0.0000E+00  1.0000E+00
       1.9442E+03  5.6371E+18  1.0000E+00  0.0000E+00  0.0000E+00  1.0000E+00
       1.9444E+03  4.8097E+18  1.0000E+00  0.0000E+00  0.0000E+00  1.0000E+00
       1.9445E+03  3.9393E+18  1.0000E+00  0.0000E+00  0.0000E+00  1.0000E+00
       1.9447E+03  3.0724E+18  1.0000E+00  0.0000E+00  0.0000E+00  1.0000E+00
       1.9448E+03  2.2616E+18  1.0000E+00  0.0000E+00  0.0000E+00  1.0000E+00
       1.9450E+03  1.5652E+18  1.0000E+00  0.0000E+00  0.0000E+00  1.0000E+00
       1.9451E+03  1.0459E+18  1.0000E+00  0.0000E+00  0.0000E+00  1.0000E+00
       1.9453E+03  7.6927E+17  1.0000E+00  0.0000E+00  0.0000E+00  1.0000E+00
       1.9454E+03  8.0240E+17  1.0000E+00  0.0000E+00  0.0000E+00  1.0000E+00
       1.9456E+03  1.2120E+18  1.0000E+00  0.0000E+00  0.0000E+00  1.0000E+00
       1.9457E+03  2.0628E+18  1.0000E+00  0.0000E+00  0.0000E+00  1.0000E+00
       1.9459E+03  3.4155E+18  1.0000E+00  0.0000E+00  0.0000E+00  1.0000E+00
       1.9460E+03  5.3250E+18  1.0000E+00  0.0000E+00  0.0000E+00  1.0000E+00
       1.9462E+03  7.8387E+18  1.0000E+00  0.0000E+00  0.0000E+00  1.0000E+00
       1.9463E+03  1.0994E+19  1.0000E+00  0.0000E+00  0.0000E+00  1.0000E+00
       1.9465E+03  1.4819E+19  1.0000E+00  0.0000E+00  0.0000E+00  1.0000E+00
       1.9466E+03  1.9328E+19  1.0000E+00  0.0000E+00  0.0000E+00  1.0000E+00
       1.9468E+03  2.4523E+19  1.0000E+00  0.0000E+00  0.0000E+00  1.0000E+00
       1.9469E+03  3.0390E+19  1.0000E+00  0.0000E+00  0.0000E+00  1.0000E+00
       1.9471E+03  3.6903E+19  1.0000E+00  0.0000E+00  0.0000E+00  1.0000E+00
       1.9472E+03  4.4018E+19  1.0000E+00  0.0000E+00  0.0000E+00  1.0000E+00
       1.9474E+03  5.1680E+19  1.0000E+00  0.0000E+00  0.0000E+00  1.0000E+00
       1.9475E+03  5.9815E+19  1.0000E+00  0.0000E+00  0.0000E+00  1.0000E+00
       1.9477E+03  6.8341E+19  1.0000E+00  0.0000E+00  0.0000E+00  1.0000E+00
       1.9478E+03  7.7159E+19  1.0000E+00  0.0000E+00  0.0000E+00  1.0000E+00
       1.9480E+03  8.6164E+19  1.0000E+00  0.0000E+00  0.0000E+00  1.0000E+00
       1.9481E+03  9.5238E+19  1.0000E+00  0.0000E+00  0.0000E+00  1.0000E+00
       1.9483E+03  1.0426E+20  1.0000E+00  0.0000E+00  0.0000E+00  1.0000E+00
       1.9484E+03  1.1310E+20  1.0000E+00  0.0000E+00  0.0000E+00  1.0000E+00
       1.9486E+03  1.2164E+20  1.0000E+00  0.0000E+00  0.0000E+00  1.0000E+00
       1.9487E+03  1.2975E+20  1.0000E+00  0.0000E+00  0.0000E+00  1.0000E+00
       1.9489E+03  1.3729E+20  1.0000E+00  0.0000E+00  0.0000E+00  1.0000E+00
       1.9490E+03  1.4416E+20  1.0000E+00  0.0000E+00  0.0000E+00  1.0000E+00
       1.9492E+03  1.5025E+20  1.0000E+00  0.0000E+00  0.0000E+00  1.0000E+00
       1.9493E+03  1.5546E+20  1.0000E+00  0.0000E+00  0.0000E+00  1.0000E+00
       1.9495E+03  1.5970E+20  1.0000E+00  0.0000E+00  0.0000E+00  1.0000E+00
       1.9496E+03  1.6291E+20  1.0000E+00  0.0000E+00  0.0000E+00  1.0000E+00
       1.9498E+03  1.6502E+20  1.0000E+00  0.0000E+00  0.0000E+00  1.0000E+00
       1.9499E+03  1.6602E+20  1.0000E+00  0.0000E+00  0.0000E+00  1.0000E+00
       1.9501E+03  1.6587E+20  1.0000E+00  0.0000E+00  0.0000E+00  1.0000E+00
       1.9502E+03  1.6459E+20  1.0000E+00  0.0000E+00  0.0000E+00  1.0000E+00
       1.9504E+03  1.6218E+20  1.0000E+00  0.0000E+00  0.0000E+00  1.0000E+00
       1.9505E+03  1.5870E+20  1.0000E+00  0.0000E+00  0.0000E+00  1.0000E+00
       1.9507E+03  1.5420E+20  1.0000E+00  0.0000E+00  0.0000E+00  1.0000E+00
       1.9508E+03  1.4875E+20  1.0000E+00  0.0000E+00  0.0000E+00  1.0000E+00
       1.9510E+03  1.4243E+20  1.0000E+00  0.0000E+00  0.0000E+00  1.0000E+00
       1.9511E+03  1.3536E+20  1.0000E+00  0.0000E+00  0.0000E+00  1.0000E+00
       1.9513E+03  1.2764E+20  1.0000E+00  0.0000E+00  0.0000E+00  1.0000E+00
       1.9514E+03  1.1939E+20  1.0000E+00  0.0000E+00  0.0000E+00  1.0000E+00
       1.9516E+03  1.1073E+20  1.0000E+00  0.0000E+00  0.0000E+00  1.0000E+00
       1.9518E+03  1.0180E+20  1.0000E+00  0.0000E+00  0.0000E+00  1.0000E+00
       1.9519E+03  9.2716E+19  1.0000E+00  0.0000E+00  0.0000E+00  1.0000E+00
       1.9521E+03  8.3615E+19  1.0000E+00  0.0000E+00  0.0000E+00  1.0000E+00
       1.9522E+03  7.4615E+19  1.0000E+00  0.0000E+00  0.0000E+00  1.0000E+00
       1.9524E+03  6.5831E+19  1.0000E+00  0.0000E+00  0.0000E+00  1.0000E+00
       1.9525E+03  5.7369E+19  1.0000E+00  0.0000E+00  0.0000E+00  1.0000E+00
       1.9527E+03  4.9323E+19  1.0000E+00  0.0000E+00  0.0000E+00  1.0000E+00
       1.9528E+03  4.1776E+19  1.0000E+00  0.0000E+00  0.0000E+00  1.0000E+00
       1.9530E+03  3.4798E+19  1.0000E+00  0.0000E+00  0.0000E+00  1.0000E+00
       1.9531E+03  2.8441E+19  1.0000E+00  0.0000E+00  0.0000E+00  1.0000E+00
       1.9533E+03  2.2746E+19  1.0000E+00  0.0000E+00  0.0000E+00  1.0000E+00
       1.9534E+03  1.7736E+19  1.0000E+00  0.0000E+00  0.0000E+00  1.0000E+00
       1.9536E+03  1.3421E+19  1.0000E+00  0.0000E+00  0.0000E+00  1.0000E+00
       1.9537E+03  9.7962E+18  1.0000E+00  0.0000E+00  0.0000E+00  1.0000E+00

       Total absolut maxima found for Stokes-V. (z,y,Eph,fluxdens.)

        0.0000E+00  0.0000E+00  1.9499E+03  1.6602E+20
        0.0000E+00  0.0000E+00  1.9499E+03  1.6602E+20
        1.7143E-04  1.4286E-04  1.9421E+03  6.6594E+18
        1.7143E-04  1.7143E-04  1.9426E+03  9.7896E+17


       Estimated maxima of s0, s1, s2 ,s3 for selected point:
          1949.99719       1.66096501E+20
          1949.99719       1.66096501E+20
          0.00000000       0.00000000    
          0.00000000       0.00000000    


       Estimated maximum of s3*s3/s0 for selected point:
          0.00000000       0.00000000    


       Estimated maxima of fluxes s0, s1, s2 ,s3:
          1946.73853       1.28173275E+13
          1946.73975       1.28042391E+13
          1941.80896       172067.000    
          1943.31580       1.56648454E-07


       Estimated maxima of fluxes s3*s3/s0:
          1952.95850       9.81164163E-27



      Brilliance calculations:
      (only meaningful for undulators)

      sigr=sqrt(2*lambda*L)/2/pi*sigrc and 
      sigrp=sqrt(lambda/2/L)*sigrpc

       sigrc,sigrpc:   1.0000000000000000        1.0000000000000000     

      make sure that the device length agrees to the length
      of the trajectory
      (for rec-fields rangrec and rangpm are substracted by program)

      Observation point:

         10.0000000       0.00000000       0.00000000    

      considered device length [m]:   4.14960003    


      Brilliance [photons/sec/BW/mm**2/mrad**2]

          1941.7        0.24744E+18    0.24744E+18     0.0000         0.0000    
          1941.8        0.31961E+18    0.31961E+18     0.0000         0.0000    
          1942.0        0.39812E+18    0.39812E+18     0.0000         0.0000    
          1942.1        0.48072E+18    0.48072E+18     0.0000         0.0000    
          1942.3        0.56482E+18    0.56482E+18     0.0000         0.0000    
          1942.4        0.64763E+18    0.64763E+18     0.0000         0.0000    
          1942.6        0.72618E+18    0.72618E+18     0.0000         0.0000    
          1942.7        0.79749E+18    0.79749E+18     0.0000         0.0000    
          1942.9        0.85867E+18    0.85867E+18     0.0000         0.0000    
          1943.0        0.90701E+18    0.90701E+18     0.0000         0.0000    
          1943.2        0.94014E+18    0.94014E+18     0.0000         0.0000    
          1943.3        0.95615E+18    0.95615E+18     0.0000         0.0000    
          1943.5        0.95369E+18    0.95369E+18     0.0000         0.0000    
          1943.6        0.93208E+18    0.93208E+18     0.0000         0.0000    
          1943.8        0.89142E+18    0.89142E+18     0.0000         0.0000    
          1943.9        0.83267E+18    0.83267E+18     0.0000         0.0000    
          1944.1        0.75768E+18    0.75768E+18     0.0000         0.0000    
          1944.2        0.66923E+18    0.66923E+18     0.0000         0.0000    
          1944.4        0.57104E+18    0.57104E+18     0.0000         0.0000    
          1944.5        0.46774E+18    0.46774E+18     0.0000         0.0000    
          1944.7        0.36483E+18    0.36483E+18     0.0000         0.0000    
          1944.8        0.26857E+18    0.26857E+18     0.0000         0.0000    
          1945.0        0.18589E+18    0.18589E+18     0.0000         0.0000    
          1945.1        0.12422E+18    0.12422E+18     0.0000         0.0000    
          1945.3        0.91375E+17    0.91375E+17     0.0000         0.0000    
          1945.4        0.95318E+17    0.95318E+17     0.0000         0.0000    
          1945.6        0.14399E+18    0.14399E+18     0.0000         0.0000    
          1945.7        0.24508E+18    0.24508E+18     0.0000         0.0000    
          1945.9        0.40583E+18    0.40583E+18     0.0000         0.0000    
          1946.0        0.63276E+18    0.63276E+18     0.0000         0.0000    
          1946.2        0.93152E+18    0.93152E+18     0.0000         0.0000    
          1946.3        0.13066E+19    0.13066E+19     0.0000         0.0000    
          1946.5        0.17614E+19    0.17614E+19     0.0000         0.0000    
          1946.6        0.22975E+19    0.22975E+19     0.0000         0.0000    
          1946.8        0.29151E+19    0.29151E+19     0.0000         0.0000    
          1946.9        0.36129E+19    0.36129E+19     0.0000         0.0000    
          1947.1        0.43875E+19    0.43875E+19     0.0000         0.0000    
          1947.2        0.52338E+19    0.52338E+19     0.0000         0.0000    
          1947.4        0.61452E+19    0.61452E+19     0.0000         0.0000    
          1947.5        0.71132E+19    0.71132E+19     0.0000         0.0000    
          1947.7        0.81277E+19    0.81277E+19     0.0000         0.0000    
          1947.8        0.91772E+19    0.91772E+19     0.0000         0.0000    
          1948.0        0.10249E+20    0.10249E+20     0.0000         0.0000    
          1948.1        0.11329E+20    0.11329E+20     0.0000         0.0000    
          1948.3        0.12403E+20    0.12403E+20     0.0000         0.0000    
          1948.4        0.13457E+20    0.13457E+20     0.0000         0.0000    
          1948.6        0.14473E+20    0.14473E+20     0.0000         0.0000    
          1948.7        0.15439E+20    0.15439E+20     0.0000         0.0000    
          1948.9        0.16338E+20    0.16338E+20     0.0000         0.0000    
          1949.0        0.17157E+20    0.17157E+20     0.0000         0.0000    
          1949.2        0.17883E+20    0.17883E+20     0.0000         0.0000    
          1949.3        0.18504E+20    0.18504E+20     0.0000         0.0000    
          1949.5        0.19011E+20    0.19011E+20     0.0000         0.0000    
          1949.6        0.19394E+20    0.19394E+20     0.0000         0.0000    
          1949.8        0.19647E+20    0.19647E+20     0.0000         0.0000    
          1949.9        0.19767E+20    0.19767E+20     0.0000         0.0000    
          1950.1        0.19751E+20    0.19751E+20     0.0000         0.0000    
          1950.2        0.19600E+20    0.19600E+20     0.0000         0.0000    
          1950.4        0.19315E+20    0.19315E+20     0.0000         0.0000    
          1950.5        0.18902E+20    0.18902E+20     0.0000         0.0000    
          1950.7        0.18367E+20    0.18367E+20     0.0000         0.0000    
          1950.8        0.17719E+20    0.17719E+20     0.0000         0.0000    
          1951.0        0.16968E+20    0.16968E+20     0.0000         0.0000    
          1951.1        0.16127E+20    0.16127E+20     0.0000         0.0000    
          1951.3        0.15208E+20    0.15208E+20     0.0000         0.0000    
          1951.4        0.14226E+20    0.14226E+20     0.0000         0.0000    
          1951.6        0.13195E+20    0.13195E+20     0.0000         0.0000    
          1951.8        0.12132E+20    0.12132E+20     0.0000         0.0000    
          1951.9        0.11051E+20    0.11051E+20     0.0000         0.0000    
          1952.1        0.99666E+19    0.99666E+19     0.0000         0.0000    
          1952.2        0.88945E+19    0.88945E+19     0.0000         0.0000    
          1952.4        0.78480E+19    0.78480E+19     0.0000         0.0000    
          1952.5        0.68397E+19    0.68397E+19     0.0000         0.0000    
          1952.7        0.58809E+19    0.58809E+19     0.0000         0.0000    
          1952.8        0.49815E+19    0.49815E+19     0.0000         0.0000    
          1953.0        0.41497E+19    0.41497E+19     0.0000         0.0000    
          1953.1        0.33919E+19    0.33919E+19     0.0000         0.0000    
          1953.3        0.27129E+19    0.27129E+19     0.0000         0.0000    
          1953.4        0.21155E+19    0.21155E+19     0.0000         0.0000    
          1953.6        0.16010E+19    0.16010E+19     0.0000         0.0000    
          1953.7        0.11687E+19    0.11687E+19     0.0000         0.0000    


      estimated brilliance maxima, flux and flux-density of S0, S1, S2, S3:

          1950.0        0.19777E+20    0.79955E+13    0.16610E+17
          1950.0        0.19777E+20    0.79955E+13    0.16610E+17
          0.0000         0.0000         0.0000         0.0000    
          0.0000         0.0000         0.0000         0.0000    

      estimated brilliance maximum of S3*S3/S0:

          0.0000         0.0000    

      ---> flag IFOLD is not set, emittance effects are estimated
      from horizontal beam size [mm] and divergence [mrad]: 
         2.16000000E-04   2.47999997E-05
      vertical beam size [mm] and divergence [mrad]: 
         1.87000005E-05   4.29000011E-06


      Brilliance [photons/sec/BW/mm**2/mrad**2] with emittance

          1941.7        0.20909E+16    0.20909E+16     0.0000         0.0000    
          1941.8        0.27005E+16    0.27005E+16     0.0000         0.0000    
          1942.0        0.33635E+16    0.33635E+16     0.0000         0.0000    
          1942.1        0.40609E+16    0.40609E+16     0.0000         0.0000    
          1942.3        0.47709E+16    0.47709E+16     0.0000         0.0000    
          1942.4        0.54697E+16    0.54697E+16     0.0000         0.0000    
          1942.6        0.61325E+16    0.61325E+16     0.0000         0.0000    
          1942.7        0.67340E+16    0.67340E+16     0.0000         0.0000    
          1942.9        0.72498E+16    0.72498E+16     0.0000         0.0000    
          1943.0        0.76571E+16    0.76571E+16     0.0000         0.0000    
          1943.2        0.79359E+16    0.79359E+16     0.0000         0.0000    
          1943.3        0.80702E+16    0.80702E+16     0.0000         0.0000    
          1943.5        0.80485E+16    0.80485E+16     0.0000         0.0000    
          1943.6        0.78653E+16    0.78653E+16     0.0000         0.0000    
          1943.8        0.75214E+16    0.75214E+16     0.0000         0.0000    
          1943.9        0.70249E+16    0.70249E+16     0.0000         0.0000    
          1944.1        0.63916E+16    0.63916E+16     0.0000         0.0000    
          1944.2        0.56448E+16    0.56448E+16     0.0000         0.0000    
          1944.4        0.48160E+16    0.48160E+16     0.0000         0.0000    
          1944.5        0.39444E+16    0.39444E+16     0.0000         0.0000    
          1944.7        0.30763E+16    0.30763E+16     0.0000         0.0000    
          1944.8        0.22644E+16    0.22644E+16     0.0000         0.0000    
          1945.0        0.15671E+16    0.15671E+16     0.0000         0.0000    
          1945.1        0.10471E+16    0.10471E+16     0.0000         0.0000    
          1945.3        0.77015E+15    0.77015E+15     0.0000         0.0000    
          1945.4        0.80329E+15    0.80329E+15     0.0000         0.0000    
          1945.6        0.12133E+16    0.12133E+16     0.0000         0.0000    
          1945.7        0.20650E+16    0.20650E+16     0.0000         0.0000    
          1945.9        0.34190E+16    0.34190E+16     0.0000         0.0000    
          1946.0        0.53303E+16    0.53303E+16     0.0000         0.0000    
          1946.2        0.78461E+16    0.78461E+16     0.0000         0.0000    
          1946.3        0.11005E+17    0.11005E+17     0.0000         0.0000    
          1946.5        0.14833E+17    0.14833E+17     0.0000         0.0000    
          1946.6        0.19345E+17    0.19345E+17     0.0000         0.0000    
          1946.8        0.24543E+17    0.24543E+17     0.0000         0.0000    
          1946.9        0.30414E+17    0.30414E+17     0.0000         0.0000    
          1947.1        0.36931E+17    0.36931E+17     0.0000         0.0000    
          1947.2        0.44051E+17    0.44051E+17     0.0000         0.0000    
          1947.4        0.51716E+17    0.51716E+17     0.0000         0.0000    
          1947.5        0.59855E+17    0.59855E+17     0.0000         0.0000    
          1947.7        0.68384E+17    0.68384E+17     0.0000         0.0000    
          1947.8        0.77206E+17    0.77206E+17     0.0000         0.0000    
          1948.0        0.86214E+17    0.86214E+17     0.0000         0.0000    
          1948.1        0.95290E+17    0.95290E+17     0.0000         0.0000    
          1948.3        0.10431E+18    0.10431E+18     0.0000         0.0000    
          1948.4        0.11316E+18    0.11316E+18     0.0000         0.0000    
          1948.6        0.12170E+18    0.12170E+18     0.0000         0.0000    
          1948.7        0.12980E+18    0.12980E+18     0.0000         0.0000    
          1948.9        0.13735E+18    0.13735E+18     0.0000         0.0000    
          1949.0        0.14422E+18    0.14422E+18     0.0000         0.0000    
          1949.2        0.15030E+18    0.15030E+18     0.0000         0.0000    
          1949.3        0.15550E+18    0.15550E+18     0.0000         0.0000    
          1949.5        0.15974E+18    0.15974E+18     0.0000         0.0000    
          1949.6        0.16294E+18    0.16294E+18     0.0000         0.0000    
          1949.8        0.16506E+18    0.16506E+18     0.0000         0.0000    
          1949.9        0.16605E+18    0.16605E+18     0.0000         0.0000    
          1950.1        0.16589E+18    0.16589E+18     0.0000         0.0000    
          1950.2        0.16460E+18    0.16460E+18     0.0000         0.0000    
          1950.4        0.16220E+18    0.16220E+18     0.0000         0.0000    
          1950.5        0.15871E+18    0.15871E+18     0.0000         0.0000    
          1950.7        0.15420E+18    0.15420E+18     0.0000         0.0000    
          1950.8        0.14874E+18    0.14874E+18     0.0000         0.0000    
          1951.0        0.14243E+18    0.14243E+18     0.0000         0.0000    
          1951.1        0.13535E+18    0.13535E+18     0.0000         0.0000    
          1951.3        0.12762E+18    0.12762E+18     0.0000         0.0000    
          1951.4        0.11937E+18    0.11937E+18     0.0000         0.0000    
          1951.6        0.11071E+18    0.11071E+18     0.0000         0.0000    
          1951.8        0.10178E+18    0.10178E+18     0.0000         0.0000    
          1951.9        0.92695E+17    0.92695E+17     0.0000         0.0000    
          1952.1        0.83594E+17    0.83594E+17     0.0000         0.0000    
          1952.2        0.74594E+17    0.74594E+17     0.0000         0.0000    
          1952.4        0.65810E+17    0.65810E+17     0.0000         0.0000    
          1952.5        0.57349E+17    0.57349E+17     0.0000         0.0000    
          1952.7        0.49304E+17    0.49304E+17     0.0000         0.0000    
          1952.8        0.41759E+17    0.41759E+17     0.0000         0.0000    
          1953.0        0.34782E+17    0.34782E+17     0.0000         0.0000    
          1953.1        0.28427E+17    0.28427E+17     0.0000         0.0000    
          1953.3        0.22734E+17    0.22734E+17     0.0000         0.0000    
          1953.4        0.17726E+17    0.17726E+17     0.0000         0.0000    
          1953.6        0.13413E+17    0.13413E+17     0.0000         0.0000    
          1953.7        0.97902E+16    0.97902E+16     0.0000         0.0000    


      estimated brilliance maxima, flux and flux-density of S0, S1, S2, S3
      with emittance:

          1950.0        0.16612E+18    0.79955E+13    0.49638E+16
          1950.0        0.16612E+18    0.79955E+13    0.49638E+16
          0.0000         0.0000         0.0000         0.0000    
          0.0000         0.0000         0.0000         0.0000    

      estimated brilliance maximum of S3*S3/S0 with emittance:

          0.0000         0.0000    

      corresponding sigmas of source size [mm]
      and divergence [mrad] without and with emittance
      (including corr. factors sigrc,sigrpc):

      L/mm, lambda/mm:    4149.60010       6.35827519E-07
      without emit.:    1.15613332E-02   8.75289179E-03
         with emit.:    6.89610541E-02   1.60111543E-02
         (sigrf**2 = sigrxf*sigryf)


      LAST CHECK:

           BMAXGL:  0.20831246700714592     

           XBMAXGL:  0.46930000011332690     
           YBMAXGL:   0.0000000000000000     
           ZBMAXGL:  -2.2419449577928389E-006


      CURRENT NUMBER:         125


                     --- Program WAVE completed ---



                                                   04:29:44 01.02.16

