
                                                   23:57:09 31.01.16


           *********************************************
           *          PROGRAM WAVE                     *
           *                                           *
           *          VERSION 3.03/01 13.11.2015       *
           *                                           *
           *          Michael Scheer                   *
           *              BESSY                        *
           *********************************************

      USER COMMENT:

      U49 Peter Baumgaertel                                            

      CURRENT NUMBER:          29


      USER NAMELIST:



      MODE FLAGS:

      IUNDULATOR,IWIGGLER:            1           0



      CONTROL FLAGS:


      IUNAME,IUSTEP,IUOUT:            0           0           0
      IOPTIC,IGENFUN:                 0           0
      IMAGSPLN:                   -9999
      IEMIT,IEMIAHW:                  0           0
      IWLSOPT,IBEAMPOL:               0           0
      IENELOSS, IEFIELD:             -1           0
      IPOWER,ISPEC:                   0           1
      IVELOFIELD,ISPECMODE:           0           3
         IWFILL0,IRFILL0:                      0           0
         ISPECINT,IPIN:                        0           1
         IUSEM,ISTOKES:                        0           1
         IBRILL:                               1
         IPINCIRC,IRPHI:                       0           0
         IFOLD,ISIGUSR:                        0           1
         IF1DIM,IPOLA:                         0           0
         IWFILSP0,IWFILSPF:                    0           0
         IRFILSP0,IRFILSTO:                    0           0
         IWFILSTO,IWFLSTOF:                    0           0
         ISPECANA,ISPECANAF:                   0           0
         IAMPLI,IAMPSKIP:                      0           0
         IWFILFL0,IWFILFLF:                    0           0
         IWFILS,IWFILSF:                       0           0
         IWFILSE,IWFILSEF:                     0           0
         IWFILB,IWFILBF:                       0           0
         IWFILBE,IWFILBEF:                     0           0
         IWFILINT,IPINALL:                     0           0
         IRFILOB,IFILTER:                      0           0
         IWFILRAY,IDESYNC:                     1           0
         IPHASE,IPHASEANA:                     0           0
         IDOSE,IEFOLD:                         0           0
         ISPECDIP,IBL0CUT:                     0           0
         IEFFI,IFILMUL:                        0           0
         IBUNCH:                               0
      IWFILF:                         0


      MAGNETIC FIELD FLAGS:



      ICHARGE,IBMASK,JBMASK:          -1           0           0
      IBSUPER,IBERROR:                 1           0
      ICUTFIBO:                        1

      IPERIODG,IBSYM:                 0           0
      IBSYMY,IBSYMZ:                  0           0
      KBEXTERN,KBFELD:                0           0
      KHALBA,KHALBASY:                0           0
      KUCROSS,IRFILP:                 0           0
      KMAGSEQ,IMGSQF:                 0           0
             KMAGCOR:                 1
      IRFILF,IRBTAB:                  0           0
      IRBTABZY,KELLIP:                0           1
      KBPOLYH,KBPOLY3D:               0           0
      KBREC,KELLANA:                  0           0
      KBPOLYMAG,KBGENESIS:            0           0
      KBAMWLS:                        0



      HISTOGRAM FLAGS:

      IHBOOK,IHINDEX:                 1           0


      OTHER OPTIONS:


      IWBTAB,IWFILT0:                 0           0
      IWSECTMAGS:                     0
      IJUST,ISNORDER:                 0           0
      IWBMAP,IWBPOLY3D:               0           0
      IWBPOLY2DH,IWBPHARM:            0           0


      SR BELLIP, Parameters of elliptical undulator:
      horizontal and vertical peak field [T]:   0.00000000      0.513056397    
      number of periods, period and device length [m]:
         84.0000000       4.94000018E-02   4.14960003    
      shift parameter [periods], B_h/B_v:       0.00000000       0.00000000    
      B0_eff [T], deflection parameter K:  0.513056397       2.36653495    
      1. harmonical [nm] and [eV]:   8.26574612       150.000000    
      critical energy [eV]:   1011.74237    

      longitudinal position of device center [m]:   0.0000000000000000     

      scaling factor for taper:   0.0000000000000000     

  
      Subroutine photon (quantum fluctuations):
  
       number of sampling bins (NBING1)        1000
       max. photon energy normalized to characteristic energy (EECMAXG1):
          5.0000000000000000     
  

      Number of tracking steps per meter (MYINUM):         5000

      Start and end of the trajectory [m](XSTART,XSTOP):
        -2.07480001       2.07480001    

      BMOVECUT:   1.00000001E-07

      Initial energy [GeV] and gamma:    1.72200000       3369.8702546331497     
      Final energy [GeV] and gamma:      1.72199845       3369.8672775813311     
      Relative change:                  -8.83432165E-07
      number of photons, RMS (keV) and rel. RMS of quantum fluctuation:
                14  0.807688177       4.69040771E-07


      B-rho [Tm], current [A]:   -5.74397326      0.100000001    

      Offset for vert. and hori. magnetic field (BYGOFF, BZGOFF):
          0.00000000       0.00000000    
      Global scaling factor for mag. field (B0SCGLOB,A0SCGLOB):
          1.00000000       1.00000000    

      Long. shift [m] of device (X(e-) -> X(e-)+XSHIFT):    0.00000000    
      Vert. shift [m] of device (Y(e-) -> Y(e-)+VSHIFT):    0.00000000    
      Hori. shift [m] of device (Z(e-) -> Z(e-)+HSHIFT):    0.00000000    
      Rotation angle [degree] of device:                    0.00000000    
      Y(e-) -> Y(e-)*sin(XROTD) + Y(e-)*cos(XROTD)
      Z(e-) -> Z(e-)*cos(XROTD) - Y(e-)*sin(XROTD)


      Magnetic field [T] at starting point:
         0.00000000       0.00000000       0.00000000    

      Vector potential [T-m] at starting point:
         0.00000000       0.00000000       0.00000000    


      Magnetic field [T] at stopping point:
         0.00000000       0.00000000       0.00000000    

      Vector potential [T-m] at stopping point:
         0.00000000       0.00000000       0.00000000    

      Extrema of magnetic field [T] and the trajectory [m]:

      BXmax,BXmin:    0.00000000       0.00000000    
      BYmax,BYmin:   0.513015330     -0.513056397    
      BZmax,BZmin:    0.00000000       0.00000000    

      Xmax,Xmin:    2.07480001      -2.07480001    
      Ymax,Ymin:    0.00000000       0.00000000    
      Zmax,Zmin:    5.52169058E-06  -5.52077518E-06


      Extrema of magnetic field [T] and the trajectory [m] between
      XIANF and XIEND

      BXmaxAE,BXminAE:    0.00000000       0.00000000    
      BYmaxAE,BYminAE:   0.513015330     -0.513056397    
      BZmaxAE,BZminAE:    0.00000000       0.00000000    

      XmaxAE,XminAE:    2.07479954      -2.07480001    
      YmaxAE,YminAE:    0.00000000       0.00000000    
      ZmaxAE,ZminAE:    5.52169058E-06  -5.52077518E-06


      Start values (coordinates [m] and slopes) of trajectory:

      X0:   -2.0747999999999998     
      Y0:    0.0000000000000000     
      Z0:    0.0000000000000000     

      ZP0:   0.0000000000000000     
      YP0:   0.0000000000000000     

      VX0:   299792444.80029100     
      VY0:   0.0000000000000000     
      VZ0:   0.0000000000000000     

      Values for X=0 (coordinates [m] and slopes) of trajectory:

      YCEN:    0.0000000000000000     
      ZCEN:    5.5214187595640978E-006

      YPCEN:   0.0000000000000000     
      ZPCEN:   1.5001196170586731E-010

      End values (coordinates [m] and slopes) of trajectory:

      XF0:    2.0747999999999998     
      YF0:    0.0000000000000000     
      ZF0:    4.6751876657061491E-010


      ZPF0:    8.7981137176999713E-011
      YPF0:    0.0000000000000000     

      VXF0:    299792444.80026752     
      VYF0:    0.0000000000000000     
      VZF0:    2.6376080210600450E-002


      Values for X=XIANF (coordinates [m] and slopes) of trajectory:

      XIANF:   -1.0000000000000000E+030
      YIANF:   -9999.0000000000000     
      ZIANF:   -9999.0000000000000     

      YPIANF:  -9999.0000000000000     
      ZPIANF:  -9999.0000000000000     



      Values for X=XIEND (coordinates [m] and slopes) of trajectory:

      XIEND:    1.0000000000000000E+030
      YIEND:   -9999.0000000000000     
      ZIEND:   -9999.0000000000000     

      YPIEND:  -9999.0000000000000     
      ZPIEND:  -9999.0000000000000     


      ZF0/(XSTOP-XSTART):    1.1266598384678402E-010
      YF0/(XSTOP-XSTART):    0.0000000000000000     

      YF0-Y0:   0.0000000000000000     
      ZF0-Z0:   4.6751876657061491E-010

      YPF0-YP0:   0.0000000000000000     
      ZPF0-ZP0:   8.7981137176999713E-011

      Straight line fit of z(x):
      offset:  -2.4445162442210610E-008
      slope:   1.2832145854306698E-010

      Straight line fit of vz(x)/vx(x):
      offset:   1.1097062657593871E-010
      slope:   1.7197653564160191E-008

      Straight line fit of y(x):
      offset:   0.0000000000000000     
      slope:   0.0000000000000000     

      Straight line fit of vy(x)/vx(x):
      offset:   0.0000000000000000     
      slope:   0.0000000000000000     

      1. magnetic integral [T-m]:    0.00000000       3.11340953E-11   0.00000000    
      2. mag. integral [T-m**2]:    0.00000000       6.83536412E-14   0.00000000    

      Integrated By**2 [T**2-m]:                     0.542892635    
      Energy irradiated by the device per e- [MeV]:   2.03704741E-03
      Rel. energy loss:                               1.18295441E-06
      Power irradiated by the device [kWATT]:        0.203704745    

      Length of trajectory (BINT0) [m]:
         4.1496005073765954     
      Integrated (YP**2+ZP**2)/2 of trajectory (WTRA2I) [m]:
         5.0737654356950847E-007
      corresponding phase advance [nm and eV]:
         690.08163346689889        1.7966887734827330     
      dE/E and corresponding dL = 2 * dE/E * L [nm]:
         1.00000005E-03   1.01475310    
      Circumference of the ring [m]:                 240.000000    
      Rel. change of total circumference (from BINT0):         
         2.11406914E-09
      Rel. change of total circumference (from WTRA2I):
         2.11406892E-09

      Max. and min. deflection angle [rad]:    7.02268328E-04  -7.02268560E-04


      SPECTRUM
      ===========

      Start and end of points [m] of integration for spectrum
      calculations (XIANF,XIEND):  -1.00000002E+30   1.00000002E+30


      SR WFILL0:

      Parameters:
      WGWINFC:   2646.6899088765672     
      WBL0CUT:   0.0000000000000000     
      WBL0HYS:   1.0000000000000000     

      Pinhole of collimators:
      (X,Y,Z), width, height:

        1.0000E+01  0.0000E+00  0.0000E+00  1.0000E+03  1.0000E+03
        1.0000E+01  0.0000E+00  0.0000E+00  1.0000E+03  1.0000E+03

      Number of sources:           1
      Begin and end of sources (x,y,z):

                 1  -2.07480001       0.00000000       0.00000000    
                 1   2.07480001       0.00000000       4.67518746E-10

      Horiz., vert. slopes and mag. field
      at begin and end of sources:

                 1   0.00000000       0.00000000       0.00000000    
                 1   8.79811363E-11   0.00000000       3.96721100E-10


      SR COHEREN:
      Minimum and maximum number of phases  between
      photons and electrons:
         304.118622       306.000031    


       selected observation point:

          10.0000000       0.00000000       0.00000000    


      Source number, mean mag. field (sign from By), abs. mean and rel. rms
      for sources, and critical photon energy [eV] or wavelength [nm]
      (with respect to abs. mean):

           1  -3.37226167E-12  0.325259000      0.486472666       641.407654    

      Photon energy cut-off (SPECCUT):   0.00000000    

      Max. field and photon energy cuts for source points:

           1  0.513056755       0.00000000    

      Data-file written for program RAY
      File: wave_ray.dat                                                                                                                    
      (Device center is assumed at (0,0,0)
      Photon energy:   746.799988    


      Results of spectrum calculations
      ================================


      Reflectivity coefficients (complex):

       (  1.0000000000000000     ,  0.0000000000000000     )
       (  1.0000000000000000     ,  0.0000000000000000     )
       (  1.0000000000000000     ,  0.0000000000000000     )



      Buffer size for integration (NDWSOU):       20849

      Provided number of integration steps for each source
      (controlled by NLPOI)
      (not necessarily used)

       20747

      Bandwidth:   1.00000005E-03


      Pinhole position (x,y,z) [m]:
         10.0000000       0.00000000       0.00000000    

      Numbers defining inner vert. and hori. edges (MMEDGEY,MMEDGEZ):            0           0
      Numbers defining outerer vert. and hori. edges (MEDGEY,MEDGEZ):            1           1
      Total number of vert. and hori. points:                    73          73
      Number of vert. and horiz. points inside pinhole:          71          71

      Vertical and horizontal grid size [m]:        2.85714286E-05   2.85714286E-05
      Vertical and horizontal size [m x m]:         2.00000009E-03   2.00000009E-03
      Total vert. and horiz. size [m x m]:          2.05714279E-03   2.05714279E-03

      Photon energy or wavelength and flux through pinhole:
      (for all sources and sum)

      746.799988       2.58928479E+14   2.58928479E+14
      746.857727       2.60471295E+14   2.60471295E+14
      746.915527       2.61977989E+14   2.61977989E+14
      746.973267       2.63445660E+14   2.63445660E+14
      747.031006       2.64872898E+14   2.64872898E+14
      747.088745       2.66260072E+14   2.66260072E+14
      747.146484       2.67609329E+14   2.67609329E+14
      747.204224       2.68924646E+14   2.68924646E+14
      747.262024       2.70211912E+14   2.70211912E+14
      747.319763       2.71478658E+14   2.71478658E+14
      747.377502       2.72734014E+14   2.72734014E+14
      747.435242       2.73988413E+14   2.73988413E+14
      747.492981       2.75253297E+14   2.75253297E+14
      747.550720       2.76540646E+14   2.76540646E+14
      747.608521       2.77862624E+14   2.77862624E+14
      747.666260       2.79231041E+14   2.79231041E+14
      747.723999       2.80656785E+14   2.80656785E+14
      747.781738       2.82149287E+14   2.82149287E+14
      747.839478       2.83715909E+14   2.83715909E+14
      747.897278       2.85361419E+14   2.85361419E+14
      747.955017       2.87087392E+14   2.87087392E+14
      748.012756       2.88891748E+14   2.88891748E+14
      748.070496       2.90768246E+14   2.90768246E+14
      748.128235       2.92706115E+14   2.92706115E+14
      748.185974       2.94689886E+14   2.94689886E+14
      748.243774       2.96699025E+14   2.96699025E+14
      748.301514       2.98707929E+14   2.98707929E+14
      748.359253       3.00686063E+14   3.00686063E+14
      748.416992       3.02598129E+14   3.02598129E+14
      748.474731       3.04404230E+14   3.04404230E+14
      748.532471       3.06060544E+14   3.06060544E+14
      748.590271       3.07519793E+14   3.07519793E+14
      748.648010       3.08731913E+14   3.08731913E+14
      748.705750       3.09644929E+14   3.09644929E+14
      748.763489       3.10205858E+14   3.10205858E+14
      748.821228       3.10361685E+14   3.10361685E+14
      748.879028       3.10060366E+14   3.10060366E+14
      748.936768       3.09251973E+14   3.09251973E+14
      748.994507       3.07889697E+14   3.07889697E+14
      749.052246       3.05930990E+14   3.05930990E+14
      749.109985       3.03338575E+14   3.03338575E+14
      749.167725       3.00081379E+14   3.00081379E+14
      749.225525       2.96135411E+14   2.96135411E+14
      749.283264       2.91484599E+14   2.91484599E+14
      749.341003       2.86121326E+14   2.86121326E+14
      749.398743       2.80046917E+14   2.80046917E+14
      749.456482       2.73272042E+14   2.73272042E+14
      749.514221       2.65816751E+14   2.65816751E+14
      749.572021       2.57710419E+14   2.57710419E+14
      749.629761       2.48991636E+14   2.48991636E+14
      749.687500       2.39707611E+14   2.39707611E+14
      749.745239       2.29913743E+14   2.29913743E+14
      749.802979       2.19672729E+14   2.19672729E+14
      749.860779       2.09053725E+14   2.09053725E+14
      749.918518       1.98131271E+14   1.98131271E+14
      749.976257       1.86984102E+14   1.86984102E+14
      750.033997       1.75693942E+14   1.75693942E+14
      750.091736       1.64344172E+14   1.64344172E+14
      750.149475       1.53018444E+14   1.53018444E+14
      750.207275       1.41799402E+14   1.41799402E+14
      750.265015       1.30767326E+14   1.30767326E+14
      750.322754       1.19998819E+14   1.19998819E+14
      750.380493       1.09565689E+14   1.09565689E+14
      750.438232       9.95338119E+13   9.95338119E+13
      750.495972       8.99621837E+13   8.99621837E+13
      750.553772       8.09021263E+13   8.09021263E+13
      750.611511       7.23966147E+13   7.23966147E+13
      750.669250       6.44798239E+13   6.44798239E+13
      750.726990       5.71768402E+13   5.71768402E+13
      750.784729       5.05035390E+13   5.05035390E+13
      750.842529       4.44666646E+13   4.44666646E+13
      750.900269       3.90640949E+13   3.90640949E+13
      750.958008       3.42852643E+13   3.42852643E+13
      751.015747       3.01117263E+13   3.01117263E+13
      751.073486       2.65178768E+13   2.65178768E+13
      751.131226       2.34717887E+13   2.34717887E+13
      751.189026       2.09361264E+13   2.09361264E+13
      751.246765       1.88691461E+13   1.88691461E+13
      751.304504       1.72257391E+13   1.72257391E+13
      751.362244       1.59584900E+13   1.59584900E+13
      751.419983       1.50187331E+13   1.50187331E+13

      Estimated maximum:

         748.812073       3.10367457E+14


      Flux density for selected point:

               746.799988       2.20668289E+19   2.20668289E+19
               746.857727       2.80701206E+19   2.80701206E+19
               746.915527       3.45217844E+19   3.45217844E+19
               746.973267       4.12358202E+19   4.12358202E+19
               747.031006       4.80038992E+19   4.80038992E+19
               747.088745       5.46017386E+19   5.46017386E+19
               747.146484       6.07965499E+19   6.07965499E+19
               747.204224       6.63553552E+19   6.63553552E+19
               747.262024       7.10539642E+19   7.10539642E+19
               747.319763       7.46863240E+19   7.46863240E+19
               747.377502       7.70740411E+19   7.70740411E+19
               747.435242       7.80756522E+19   7.80756522E+19
               747.492981       7.75954471E+19   7.75954471E+19
               747.550720       7.55914684E+19   7.55914684E+19
               747.608521       7.20824034E+19   7.20824034E+19
               747.666260       6.71531081E+19   6.71531081E+19
               747.723999       6.09584156E+19   6.09584156E+19
               747.781738       5.37251596E+19   5.37251596E+19
               747.839478       4.57521170E+19   4.57521170E+19
               747.897278       3.74077869E+19   3.74077869E+19
               747.955017       2.91260014E+19   2.91260014E+19
               748.012756       2.13992648E+19   2.13992648E+19
               748.070496       1.47699992E+19   1.47699992E+19
               748.128235       9.81975924E+18   9.81975924E+18
               748.185974       7.15663927E+18   7.15663927E+18
               748.243774       7.40114042E+18   7.40114042E+18
               748.301514       1.11707984E+19   1.11707984E+19
               748.359253       1.90639461E+19   1.90639461E+19
               748.416992       3.16430057E+19   3.16430057E+19
               748.474731       4.94177524E+19   4.94177524E+19
               748.532471       7.28289894E+19   7.28289894E+19
               748.590271       1.02233093E+20   1.02233093E+20
               748.648010       1.37887888E+20   1.37887888E+20
               748.705750       1.79940215E+20   1.79940215E+20
               748.763489       2.28415747E+20   2.28415747E+20
               748.821228       2.83211114E+20   2.83211114E+20
               748.879028       3.44089015E+20   3.44089015E+20
               748.936768       4.10676108E+20   4.10676108E+20
               748.994507       4.82464295E+20   4.82464295E+20
               749.052246       5.58815051E+20   5.58815051E+20
               749.109985       6.38966986E+20   6.38966986E+20
               749.167725       7.22046577E+20   7.22046577E+20
               749.225525       8.07082138E+20   8.07082138E+20
               749.283264       8.93019544E+20   8.93019544E+20
               749.341003       9.78741693E+20   9.78741693E+20
               749.398743       1.06308863E+21   1.06308863E+21
               749.456482       1.14487983E+21   1.14487983E+21
               749.514221       1.22293742E+21   1.22293742E+21
               749.572021       1.29610951E+21   1.29610951E+21
               749.629761       1.36329421E+21   1.36329421E+21
               749.687500       1.42346160E+21   1.42346160E+21
               749.745239       1.47567563E+21   1.47567563E+21
               749.802979       1.51911412E+21   1.51911412E+21
               749.860779       1.55308575E+21   1.55308575E+21
               749.918518       1.57704547E+21   1.57704547E+21
               749.976257       1.59060580E+21   1.59060580E+21
               750.033997       1.59354539E+21   1.59354539E+21
               750.091736       1.58581412E+21   1.58581412E+21
               750.149475       1.56753358E+21   1.56753358E+21
               750.207275       1.53899554E+21   1.53899554E+21
               750.265015       1.50065485E+21   1.50065485E+21
               750.322754       1.45312006E+21   1.45312006E+21
               750.380493       1.39714031E+21   1.39714031E+21
               750.438232       1.33359002E+21   1.33359002E+21
               750.495972       1.26344927E+21   1.26344927E+21
               750.553772       1.18778429E+21   1.18778429E+21
               750.611511       1.10772500E+21   1.10772500E+21
               750.669250       1.02444148E+21   1.02444148E+21
               750.726990       9.39120712E+20   9.39120712E+20
               750.784729       8.52942856E+20   8.52942856E+20
               750.842529       7.67058155E+20   7.67058155E+20
               750.900269       6.82565489E+20   6.82565489E+20
               750.958008       6.00491819E+20   6.00491819E+20
               751.015747       5.21774703E+20   5.21774703E+20
               751.073486       4.47246251E+20   4.47246251E+20
               751.131226       3.77620988E+20   3.77620988E+20
               751.189026       3.13485754E+20   3.13485754E+20
               751.246765       2.55293687E+20   2.55293687E+20
               751.304504       2.03360727E+20   2.03360727E+20
               751.362244       1.57865874E+20   1.57865874E+20
               751.419983       1.18854419E+20   1.18854419E+20

      Estimated maximum:

         750.021057       1.59381434E+21


      Power through pinhole [W]:
      (for all sources and sum)
       15.6548071       15.6548071    


      Power density at selected point [W/m**2]:

                4224517.50       4224517.50    




      Photon energy or wavelength and normalized components S0, S1/S0,
      S2/S0, S3/S0 of STOKES vector and polarization for pinhole:

       7.4680E+02  2.5893E+14  9.9693E-01  1.0207E-09  9.2079E-21  9.9693E-01
       7.4686E+02  2.6047E+14  9.9703E-01  3.1877E-09  3.2952E-20  9.9703E-01
       7.4692E+02  2.6198E+14  9.9713E-01 -2.0870E-09  4.7324E-20  9.9713E-01
       7.4697E+02  2.6345E+14  9.9722E-01  1.7162E-09  1.8100E-21  9.9722E-01
       7.4703E+02  2.6487E+14  9.9731E-01  5.0144E-09 -1.9803E-20  9.9731E-01
       7.4709E+02  2.6626E+14  9.9740E-01  2.7919E-09  4.2981E-20  9.9740E-01
       7.4715E+02  2.6761E+14  9.9748E-01  8.4486E-10 -1.6037E-20  9.9748E-01
       7.4720E+02  2.6892E+14  9.9757E-01  2.3394E-09 -4.9648E-20  9.9757E-01
       7.4726E+02  2.7021E+14  9.9765E-01 -2.1298E-09 -7.7646E-20  9.9765E-01
       7.4732E+02  2.7148E+14  9.9773E-01 -9.0933E-10 -1.9321E-20  9.9773E-01
       7.4738E+02  2.7273E+14  9.9781E-01 -1.4799E-09 -2.7974E-20  9.9781E-01
       7.4744E+02  2.7399E+14  9.9788E-01  2.0146E-09 -4.5249E-20  9.9788E-01
       7.4749E+02  2.7525E+14  9.9795E-01 -4.3532E-10 -7.4491E-20  9.9795E-01
       7.4755E+02  2.7654E+14  9.9803E-01  1.1275E-08 -1.7243E-20  9.9803E-01
       7.4761E+02  2.7786E+14  9.9810E-01  2.4980E-09  3.6038E-20  9.9810E-01
       7.4767E+02  2.7923E+14  9.9816E-01 -5.8695E-09  8.5384E-21  9.9816E-01
       7.4772E+02  2.8066E+14  9.9823E-01  9.0085E-09  1.3592E-20  9.9823E-01
       7.4778E+02  2.8215E+14  9.9830E-01 -1.3268E-09 -3.7180E-20  9.9830E-01
       7.4784E+02  2.8372E+14  9.9836E-01 -5.1695E-10 -7.5631E-21  9.9836E-01
       7.4790E+02  2.8536E+14  9.9842E-01  1.5238E-09 -6.1827E-20  9.9842E-01
       7.4796E+02  2.8709E+14  9.9849E-01  1.4055E-09 -2.6575E-20  9.9849E-01
       7.4801E+02  2.8889E+14  9.9855E-01 -4.1078E-09 -1.8982E-20  9.9855E-01
       7.4807E+02  2.9077E+14  9.9860E-01  1.6365E-09  4.1818E-20  9.9860E-01
       7.4813E+02  2.9271E+14  9.9866E-01 -4.1314E-09 -1.3033E-20  9.9866E-01
       7.4819E+02  2.9469E+14  9.9872E-01  4.9240E-09  4.0452E-20  9.9872E-01
       7.4824E+02  2.9670E+14  9.9877E-01  2.1859E-09 -6.9911E-20  9.9877E-01
       7.4830E+02  2.9871E+14  9.9882E-01 -1.4543E-09  8.6202E-20  9.9882E-01
       7.4836E+02  3.0069E+14  9.9887E-01  1.6118E-09  4.7575E-21  9.9887E-01
       7.4842E+02  3.0260E+14  9.9892E-01  7.1517E-09 -8.0366E-20  9.9892E-01
       7.4847E+02  3.0440E+14  9.9896E-01  1.0871E-09  1.2532E-20  9.9896E-01
       7.4853E+02  3.0606E+14  9.9901E-01  4.5973E-09  2.3370E-20  9.9901E-01
       7.4859E+02  3.0752E+14  9.9905E-01 -1.4049E-09  5.2720E-20  9.9905E-01
       7.4865E+02  3.0873E+14  9.9909E-01 -1.9365E-09  2.9346E-20  9.9909E-01
       7.4871E+02  3.0964E+14  9.9912E-01  9.2691E-10  3.3879E-20  9.9912E-01
       7.4876E+02  3.1021E+14  9.9915E-01  1.4182E-09 -2.7669E-20  9.9915E-01
       7.4882E+02  3.1036E+14  9.9919E-01  7.9036E-09  5.2237E-20  9.9919E-01
       7.4888E+02  3.1006E+14  9.9922E-01 -3.3092E-09 -1.3533E-19  9.9922E-01
       7.4894E+02  3.0925E+14  9.9924E-01 -6.8807E-09  4.6257E-21  9.9924E-01
       7.4899E+02  3.0789E+14  9.9927E-01 -2.7418E-09 -2.4780E-20  9.9927E-01
       7.4905E+02  3.0593E+14  9.9929E-01 -5.5857E-09 -3.5849E-20  9.9929E-01
       7.4911E+02  3.0334E+14  9.9931E-01  9.1322E-10  1.7292E-20  9.9931E-01
       7.4917E+02  3.0008E+14  9.9933E-01 -5.0783E-09  3.8137E-20  9.9933E-01
       7.4923E+02  2.9614E+14  9.9934E-01 -5.9550E-09  3.0594E-20  9.9934E-01
       7.4928E+02  2.9148E+14  9.9935E-01  1.4669E-09  1.6359E-21  9.9935E-01
       7.4934E+02  2.8612E+14  9.9936E-01  2.8771E-09 -3.9997E-20  9.9936E-01
       7.4940E+02  2.8005E+14  9.9937E-01  5.2762E-09  3.9162E-20  9.9937E-01
       7.4946E+02  2.7327E+14  9.9938E-01  2.0020E-09  1.7449E-21  9.9938E-01
       7.4951E+02  2.6582E+14  9.9938E-01 -2.6100E-09  0.0000E+00  9.9938E-01
       7.4957E+02  2.5771E+14  9.9938E-01  9.8407E-11 -9.8065E-20  9.9938E-01
       7.4963E+02  2.4899E+14  9.9938E-01 -5.1115E-09 -5.7452E-20  9.9938E-01
       7.4969E+02  2.3971E+14  9.9937E-01 -2.0957E-09 -3.6801E-20  9.9937E-01
       7.4975E+02  2.2991E+14  9.9936E-01  6.2104E-09 -1.0370E-21  9.9936E-01
       7.4980E+02  2.1967E+14  9.9935E-01 -5.8302E-10  3.4731E-20  9.9935E-01
       7.4986E+02  2.0905E+14  9.9933E-01 -9.4587E-09 -4.5619E-20  9.9933E-01
       7.4992E+02  1.9813E+14  9.9931E-01 -1.3250E-09  4.8133E-20  9.9931E-01
       7.4998E+02  1.8698E+14  9.9929E-01  3.1960E-10 -2.0401E-20  9.9929E-01
       7.5003E+02  1.7569E+14  9.9926E-01  5.2562E-09 -5.4280E-20  9.9926E-01
       7.5009E+02  1.6434E+14  9.9922E-01  1.5456E-08  5.9480E-20  9.9922E-01
       7.5015E+02  1.5302E+14  9.9918E-01 -1.3271E-09 -1.8697E-20  9.9918E-01
       7.5021E+02  1.4180E+14  9.9913E-01  3.5154E-10 -1.3115E-19  9.9913E-01
       7.5027E+02  1.3077E+14  9.9908E-01  2.1893E-09  8.7515E-20  9.9908E-01
       7.5032E+02  1.2000E+14  9.9901E-01 -1.5556E-08  1.5895E-20  9.9901E-01
       7.5038E+02  1.0957E+14  9.9893E-01 -4.4421E-09 -1.0880E-19  9.9893E-01
       7.5044E+02  9.9534E+13  9.9884E-01  5.3087E-09  1.2935E-19  9.9884E-01
       7.5050E+02  8.9962E+13  9.9874E-01 -1.5844E-09 -7.9506E-20  9.9874E-01
       7.5055E+02  8.0902E+13  9.9862E-01  3.6907E-09 -5.8940E-21  9.9862E-01
       7.5061E+02  7.2397E+13  9.9847E-01  1.1208E-10 -3.9519E-20  9.9847E-01
       7.5067E+02  6.4480E+13  9.9830E-01 -8.4157E-10  5.9161E-20  9.9830E-01
       7.5073E+02  5.7177E+13  9.9811E-01  6.0125E-09 -4.1698E-20  9.9811E-01
       7.5078E+02  5.0504E+13  9.9788E-01 -7.6592E-09 -2.6437E-19  9.9788E-01
       7.5084E+02  4.4467E+13  9.9762E-01 -6.1610E-09 -4.2894E-20  9.9762E-01
       7.5090E+02  3.9064E+13  9.9732E-01 -2.5446E-09  1.2207E-20  9.9732E-01
       7.5096E+02  3.4285E+13  9.9698E-01 -4.7187E-09  1.1126E-19  9.9698E-01
       7.5102E+02  3.0112E+13  9.9659E-01  3.3432E-09  4.4340E-19  9.9659E-01
       7.5107E+02  2.6518E+13  9.9616E-01 -8.3435E-09  1.7982E-19  9.9616E-01
       7.5113E+02  2.3472E+13  9.9570E-01  4.2603E-09  3.2505E-19  9.9570E-01
       7.5119E+02  2.0936E+13  9.9523E-01 -7.3808E-10 -1.2527E-19  9.9523E-01
       7.5125E+02  1.8869E+13  9.9475E-01  1.2922E-09  1.3899E-19  9.9475E-01
       7.5130E+02  1.7226E+13  9.9430E-01  2.4517E-09  5.1211E-19  9.9430E-01
       7.5136E+02  1.5958E+13  9.9390E-01 -6.0783E-09  1.4940E-19  9.9390E-01
       7.5142E+02  1.5019E+13  9.9357E-01  4.7631E-09 -6.9849E-19  9.9357E-01


      Photon energy [eV] or wavelength [nm] for selected point
      of pinhole, S0, S1/S0, S2/S0, S3/S0, P of
      STOKES vector per unit area [m**2]:


           Observation point (x,y,z) [m]:
              10.0000000       0.00000000       0.00000000    

       7.4680E+02  2.2067E+19  1.0000E+00  0.0000E+00  0.0000E+00  1.0000E+00
       7.4686E+02  2.8070E+19  1.0000E+00  0.0000E+00  0.0000E+00  1.0000E+00
       7.4692E+02  3.4522E+19  1.0000E+00  0.0000E+00  0.0000E+00  1.0000E+00
       7.4697E+02  4.1236E+19  1.0000E+00  0.0000E+00  0.0000E+00  1.0000E+00
       7.4703E+02  4.8004E+19  1.0000E+00  0.0000E+00  0.0000E+00  1.0000E+00
       7.4709E+02  5.4602E+19  1.0000E+00  0.0000E+00  0.0000E+00  1.0000E+00
       7.4715E+02  6.0797E+19  1.0000E+00  0.0000E+00  0.0000E+00  1.0000E+00
       7.4720E+02  6.6355E+19  1.0000E+00  0.0000E+00  0.0000E+00  1.0000E+00
       7.4726E+02  7.1054E+19  1.0000E+00  0.0000E+00  0.0000E+00  1.0000E+00
       7.4732E+02  7.4686E+19  1.0000E+00  0.0000E+00  0.0000E+00  1.0000E+00
       7.4738E+02  7.7074E+19  1.0000E+00  0.0000E+00  0.0000E+00  1.0000E+00
       7.4744E+02  7.8076E+19  1.0000E+00  0.0000E+00  0.0000E+00  1.0000E+00
       7.4749E+02  7.7595E+19  1.0000E+00  0.0000E+00  0.0000E+00  1.0000E+00
       7.4755E+02  7.5591E+19  1.0000E+00  0.0000E+00  0.0000E+00  1.0000E+00
       7.4761E+02  7.2082E+19  1.0000E+00  0.0000E+00  0.0000E+00  1.0000E+00
       7.4767E+02  6.7153E+19  1.0000E+00  0.0000E+00  0.0000E+00  1.0000E+00
       7.4772E+02  6.0958E+19  1.0000E+00  0.0000E+00  0.0000E+00  1.0000E+00
       7.4778E+02  5.3725E+19  1.0000E+00  0.0000E+00  0.0000E+00  1.0000E+00
       7.4784E+02  4.5752E+19  1.0000E+00  0.0000E+00  0.0000E+00  1.0000E+00
       7.4790E+02  3.7408E+19  1.0000E+00  0.0000E+00  0.0000E+00  1.0000E+00
       7.4796E+02  2.9126E+19  1.0000E+00  0.0000E+00  0.0000E+00  1.0000E+00
       7.4801E+02  2.1399E+19  1.0000E+00  0.0000E+00  0.0000E+00  1.0000E+00
       7.4807E+02  1.4770E+19  1.0000E+00  0.0000E+00  0.0000E+00  1.0000E+00
       7.4813E+02  9.8198E+18  1.0000E+00  0.0000E+00  0.0000E+00  1.0000E+00
       7.4819E+02  7.1566E+18  1.0000E+00  0.0000E+00  0.0000E+00  1.0000E+00
       7.4824E+02  7.4011E+18  1.0000E+00  0.0000E+00  0.0000E+00  1.0000E+00
       7.4830E+02  1.1171E+19  1.0000E+00  0.0000E+00  0.0000E+00  1.0000E+00
       7.4836E+02  1.9064E+19  1.0000E+00  0.0000E+00  0.0000E+00  1.0000E+00
       7.4842E+02  3.1643E+19  1.0000E+00  0.0000E+00  0.0000E+00  1.0000E+00
       7.4847E+02  4.9418E+19  1.0000E+00  0.0000E+00  0.0000E+00  1.0000E+00
       7.4853E+02  7.2829E+19  1.0000E+00  0.0000E+00  0.0000E+00  1.0000E+00
       7.4859E+02  1.0223E+20  1.0000E+00  0.0000E+00  0.0000E+00  1.0000E+00
       7.4865E+02  1.3789E+20  1.0000E+00  0.0000E+00  0.0000E+00  1.0000E+00
       7.4871E+02  1.7994E+20  1.0000E+00  0.0000E+00  0.0000E+00  1.0000E+00
       7.4876E+02  2.2842E+20  1.0000E+00  0.0000E+00  0.0000E+00  1.0000E+00
       7.4882E+02  2.8321E+20  1.0000E+00  0.0000E+00  0.0000E+00  1.0000E+00
       7.4888E+02  3.4409E+20  1.0000E+00  0.0000E+00  0.0000E+00  1.0000E+00
       7.4894E+02  4.1068E+20  1.0000E+00  0.0000E+00  0.0000E+00  1.0000E+00
       7.4899E+02  4.8246E+20  1.0000E+00  0.0000E+00  0.0000E+00  1.0000E+00
       7.4905E+02  5.5882E+20  1.0000E+00  0.0000E+00  0.0000E+00  1.0000E+00
       7.4911E+02  6.3897E+20  1.0000E+00  0.0000E+00  0.0000E+00  1.0000E+00
       7.4917E+02  7.2205E+20  1.0000E+00  0.0000E+00  0.0000E+00  1.0000E+00
       7.4923E+02  8.0708E+20  1.0000E+00  0.0000E+00  0.0000E+00  1.0000E+00
       7.4928E+02  8.9302E+20  1.0000E+00  0.0000E+00  0.0000E+00  1.0000E+00
       7.4934E+02  9.7874E+20  1.0000E+00  0.0000E+00  0.0000E+00  1.0000E+00
       7.4940E+02  1.0631E+21  1.0000E+00  0.0000E+00  0.0000E+00  1.0000E+00
       7.4946E+02  1.1449E+21  1.0000E+00  0.0000E+00  0.0000E+00  1.0000E+00
       7.4951E+02  1.2229E+21  1.0000E+00  0.0000E+00  0.0000E+00  1.0000E+00
       7.4957E+02  1.2961E+21  1.0000E+00  0.0000E+00  0.0000E+00  1.0000E+00
       7.4963E+02  1.3633E+21  1.0000E+00  0.0000E+00  0.0000E+00  1.0000E+00
       7.4969E+02  1.4235E+21  1.0000E+00  0.0000E+00  0.0000E+00  1.0000E+00
       7.4975E+02  1.4757E+21  1.0000E+00  0.0000E+00  0.0000E+00  1.0000E+00
       7.4980E+02  1.5191E+21  1.0000E+00  0.0000E+00  0.0000E+00  1.0000E+00
       7.4986E+02  1.5531E+21  1.0000E+00  0.0000E+00  0.0000E+00  1.0000E+00
       7.4992E+02  1.5770E+21  1.0000E+00  0.0000E+00  0.0000E+00  1.0000E+00
       7.4998E+02  1.5906E+21  1.0000E+00  0.0000E+00  0.0000E+00  1.0000E+00
       7.5003E+02  1.5935E+21  1.0000E+00  0.0000E+00  0.0000E+00  1.0000E+00
       7.5009E+02  1.5858E+21  1.0000E+00  0.0000E+00  0.0000E+00  1.0000E+00
       7.5015E+02  1.5675E+21  1.0000E+00  0.0000E+00  0.0000E+00  1.0000E+00
       7.5021E+02  1.5390E+21  1.0000E+00  0.0000E+00  0.0000E+00  1.0000E+00
       7.5027E+02  1.5007E+21  1.0000E+00  0.0000E+00  0.0000E+00  1.0000E+00
       7.5032E+02  1.4531E+21  1.0000E+00  0.0000E+00  0.0000E+00  1.0000E+00
       7.5038E+02  1.3971E+21  1.0000E+00  0.0000E+00  0.0000E+00  1.0000E+00
       7.5044E+02  1.3336E+21  1.0000E+00  0.0000E+00  0.0000E+00  1.0000E+00
       7.5050E+02  1.2634E+21  1.0000E+00  0.0000E+00  0.0000E+00  1.0000E+00
       7.5055E+02  1.1878E+21  1.0000E+00  0.0000E+00  0.0000E+00  1.0000E+00
       7.5061E+02  1.1077E+21  1.0000E+00  0.0000E+00  0.0000E+00  1.0000E+00
       7.5067E+02  1.0244E+21  1.0000E+00  0.0000E+00  0.0000E+00  1.0000E+00
       7.5073E+02  9.3912E+20  1.0000E+00  0.0000E+00  0.0000E+00  1.0000E+00
       7.5078E+02  8.5294E+20  1.0000E+00  0.0000E+00  0.0000E+00  1.0000E+00
       7.5084E+02  7.6706E+20  1.0000E+00  0.0000E+00  0.0000E+00  1.0000E+00
       7.5090E+02  6.8257E+20  1.0000E+00  0.0000E+00  0.0000E+00  1.0000E+00
       7.5096E+02  6.0049E+20  1.0000E+00  0.0000E+00  0.0000E+00  1.0000E+00
       7.5102E+02  5.2177E+20  1.0000E+00  0.0000E+00  0.0000E+00  1.0000E+00
       7.5107E+02  4.4725E+20  1.0000E+00  0.0000E+00  0.0000E+00  1.0000E+00
       7.5113E+02  3.7762E+20  1.0000E+00  0.0000E+00  0.0000E+00  1.0000E+00
       7.5119E+02  3.1349E+20  1.0000E+00  0.0000E+00  0.0000E+00  1.0000E+00
       7.5125E+02  2.5529E+20  1.0000E+00  0.0000E+00  0.0000E+00  1.0000E+00
       7.5130E+02  2.0336E+20  1.0000E+00  0.0000E+00  0.0000E+00  1.0000E+00
       7.5136E+02  1.5787E+20  1.0000E+00  0.0000E+00  0.0000E+00  1.0000E+00
       7.5142E+02  1.1885E+20  1.0000E+00  0.0000E+00  0.0000E+00  1.0000E+00

       Total absolut maxima found for Stokes-V. (z,y,Eph,fluxdens.)

        0.0000E+00  0.0000E+00  7.5003E+02  1.5935E+21
        0.0000E+00  0.0000E+00  7.5003E+02  1.5935E+21
        3.1429E-04  2.0000E-04  7.4680E+02  9.7301E+19
        3.1429E-04  2.5714E-04  7.4680E+02  2.4103E+19


       Estimated maxima of s0, s1, s2 ,s3 for selected point:
          750.021057       1.59381434E+21
          750.021057       1.59381462E+21
          0.00000000       0.00000000    
          0.00000000       0.00000000    


       Estimated maximum of s3*s3/s0 for selected point:
          0.00000000       0.00000000    


       Estimated maxima of fluxes s0, s1, s2 ,s3:
          748.812073       3.10367457E+14
          748.813232       3.10113550E+14
          747.553833       3125594.00    
          748.872559       4.23737583E-05
 *** WARNING: CALL TO UTIL_MAX_PARABEL FAILED FOR S3*S3/S0
 *** CHECK VALUES CAREFULLY


       Estimated maxima of fluxes s3*s3/s0:
          751.419983       7.32743944E-24



      Brilliance calculations:
      (only meaningful for undulators)

      sigr=sqrt(2*lambda*L)/2/pi*sigrc and 
      sigrp=sqrt(lambda/2/L)*sigrpc

       sigrc,sigrpc:   1.0000000000000000        1.0000000000000000     

      make sure that the device length agrees to the length
      of the trajectory
      (for rec-fields rangrec and rangpm are substracted by program)

      Observation point:

         10.0000000       0.00000000       0.00000000    

      considered device length [m]:   4.14960003    


      Brilliance [photons/sec/BW/mm**2/mrad**2]

          746.80        0.10063E+19    0.10063E+19     0.0000         0.0000    
          746.86        0.12801E+19    0.12801E+19     0.0000         0.0000    
          746.92        0.15745E+19    0.15745E+19     0.0000         0.0000    
          746.97        0.18808E+19    0.18808E+19     0.0000         0.0000    
          747.03        0.21897E+19    0.21897E+19     0.0000         0.0000    
          747.09        0.24909E+19    0.24909E+19     0.0000         0.0000    
          747.15        0.27737E+19    0.27737E+19     0.0000         0.0000    
          747.20        0.30275E+19    0.30275E+19     0.0000         0.0000    
          747.26        0.32421E+19    0.32421E+19     0.0000         0.0000    
          747.32        0.34081E+19    0.34081E+19     0.0000         0.0000    
          747.38        0.35174E+19    0.35174E+19     0.0000         0.0000    
          747.44        0.35634E+19    0.35634E+19     0.0000         0.0000    
          747.49        0.35417E+19    0.35417E+19     0.0000         0.0000    
          747.55        0.34505E+19    0.34505E+19     0.0000         0.0000    
          747.61        0.32906E+19    0.32906E+19     0.0000         0.0000    
          747.67        0.30658E+19    0.30658E+19     0.0000         0.0000    
          747.72        0.27832E+19    0.27832E+19     0.0000         0.0000    
          747.78        0.24531E+19    0.24531E+19     0.0000         0.0000    
          747.84        0.20892E+19    0.20892E+19     0.0000         0.0000    
          747.90        0.17083E+19    0.17083E+19     0.0000         0.0000    
          747.96        0.13302E+19    0.13302E+19     0.0000         0.0000    
          748.01        0.97741E+18    0.97741E+18     0.0000         0.0000    
          748.07        0.67467E+18    0.67467E+18     0.0000         0.0000    
          748.13        0.44859E+18    0.44859E+18     0.0000         0.0000    
          748.19        0.32696E+18    0.32696E+18     0.0000         0.0000    
          748.24        0.33815E+18    0.33815E+18     0.0000         0.0000    
          748.30        0.51042E+18    0.51042E+18     0.0000         0.0000    
          748.36        0.87115E+18    0.87115E+18     0.0000         0.0000    
          748.42        0.14461E+19    0.14461E+19     0.0000         0.0000    
          748.47        0.22586E+19    0.22586E+19     0.0000         0.0000    
          748.53        0.33288E+19    0.33288E+19     0.0000         0.0000    
          748.59        0.46731E+19    0.46731E+19     0.0000         0.0000    
          748.65        0.63034E+19    0.63034E+19     0.0000         0.0000    
          748.71        0.82264E+19    0.82264E+19     0.0000         0.0000    
          748.76        0.10443E+20    0.10443E+20     0.0000         0.0000    
          748.82        0.12950E+20    0.12950E+20     0.0000         0.0000    
          748.88        0.15734E+20    0.15734E+20     0.0000         0.0000    
          748.94        0.18781E+20    0.18781E+20     0.0000         0.0000    
          748.99        0.22066E+20    0.22066E+20     0.0000         0.0000    
          749.05        0.25559E+20    0.25559E+20     0.0000         0.0000    
          749.11        0.29228E+20    0.29228E+20     0.0000         0.0000    
          749.17        0.33030E+20    0.33030E+20     0.0000         0.0000    
          749.23        0.36923E+20    0.36923E+20     0.0000         0.0000    
          749.28        0.40858E+20    0.40858E+20     0.0000         0.0000    
          749.34        0.44783E+20    0.44783E+20     0.0000         0.0000    
          749.40        0.48647E+20    0.48647E+20     0.0000         0.0000    
          749.46        0.52393E+20    0.52393E+20     0.0000         0.0000    
          749.51        0.55970E+20    0.55970E+20     0.0000         0.0000    
          749.57        0.59323E+20    0.59323E+20     0.0000         0.0000    
          749.63        0.62403E+20    0.62403E+20     0.0000         0.0000    
          749.69        0.65162E+20    0.65162E+20     0.0000         0.0000    
          749.75        0.67558E+20    0.67558E+20     0.0000         0.0000    
          749.80        0.69552E+20    0.69552E+20     0.0000         0.0000    
          749.86        0.71113E+20    0.71113E+20     0.0000         0.0000    
          749.92        0.72215E+20    0.72215E+20     0.0000         0.0000    
          749.98        0.72842E+20    0.72842E+20     0.0000         0.0000    
          750.03        0.72982E+20    0.72982E+20     0.0000         0.0000    
          750.09        0.72634E+20    0.72633E+20     0.0000         0.0000    
          750.15        0.71802E+20    0.71802E+20     0.0000         0.0000    
          750.21        0.70500E+20    0.70500E+20     0.0000         0.0000    
          750.27        0.68749E+20    0.68749E+20     0.0000         0.0000    
          750.32        0.66576E+20    0.66576E+20     0.0000         0.0000    
          750.38        0.64017E+20    0.64017E+20     0.0000         0.0000    
          750.44        0.61109E+20    0.61109E+20     0.0000         0.0000    
          750.50        0.57900E+20    0.57900E+20     0.0000         0.0000    
          750.55        0.54436E+20    0.54436E+20     0.0000         0.0000    
          750.61        0.50771E+20    0.50771E+20     0.0000         0.0000    
          750.67        0.46958E+20    0.46958E+20     0.0000         0.0000    
          750.73        0.43050E+20    0.43050E+20     0.0000         0.0000    
          750.78        0.39103E+20    0.39103E+20     0.0000         0.0000    
          750.84        0.35168E+20    0.35168E+20     0.0000         0.0000    
          750.90        0.31297E+20    0.31297E+20     0.0000         0.0000    
          750.96        0.27536E+20    0.27536E+20     0.0000         0.0000    
          751.02        0.23928E+20    0.23928E+20     0.0000         0.0000    
          751.07        0.20512E+20    0.20512E+20     0.0000         0.0000    
          751.13        0.17320E+20    0.17320E+20     0.0000         0.0000    
          751.19        0.14379E+20    0.14379E+20     0.0000         0.0000    
          751.25        0.11711E+20    0.11711E+20     0.0000         0.0000    
          751.30        0.93294E+19    0.93294E+19     0.0000         0.0000    
          751.36        0.72428E+19    0.72428E+19     0.0000         0.0000    
          751.42        0.54534E+19    0.54534E+19     0.0000         0.0000    


      estimated brilliance maxima, flux and flux-density of S0, S1, S2, S3:

          750.02        0.72993E+20    0.19947E+15    0.15938E+18
          750.02        0.72993E+20    0.19947E+15    0.15938E+18
          0.0000         0.0000         0.0000         0.0000    
          0.0000         0.0000         0.0000         0.0000    

      estimated brilliance maximum of S3*S3/S0:

          0.0000         0.0000    

      ---> flag IFOLD is not set, emittance effects are estimated
      from horizontal beam size [mm] and divergence [mrad]: 
         2.16000000E-04   2.47999997E-05
      vertical beam size [mm] and divergence [mrad]: 
         1.87000005E-05   4.29000011E-06


      Brilliance [photons/sec/BW/mm**2/mrad**2] with emittance

          746.80        0.29053E+17    0.29053E+17     0.0000         0.0000    
          746.86        0.36957E+17    0.36957E+17     0.0000         0.0000    
          746.92        0.45450E+17    0.45450E+17     0.0000         0.0000    
          746.97        0.54289E+17    0.54289E+17     0.0000         0.0000    
          747.03        0.63199E+17    0.63199E+17     0.0000         0.0000    
          747.09        0.71884E+17    0.71884E+17     0.0000         0.0000    
          747.15        0.80039E+17    0.80039E+17     0.0000         0.0000    
          747.20        0.87356E+17    0.87356E+17     0.0000         0.0000    
          747.26        0.93540E+17    0.93540E+17     0.0000         0.0000    
          747.32        0.98321E+17    0.98321E+17     0.0000         0.0000    
          747.38        0.10146E+18    0.10146E+18     0.0000         0.0000    
          747.44        0.10278E+18    0.10278E+18     0.0000         0.0000    
          747.49        0.10215E+18    0.10215E+18     0.0000         0.0000    
          747.55        0.99507E+17    0.99507E+17     0.0000         0.0000    
          747.61        0.94887E+17    0.94887E+17     0.0000         0.0000    
          747.67        0.88397E+17    0.88397E+17     0.0000         0.0000    
          747.72        0.80241E+17    0.80241E+17     0.0000         0.0000    
          747.78        0.70719E+17    0.70719E+17     0.0000         0.0000    
          747.84        0.60223E+17    0.60223E+17     0.0000         0.0000    
          747.90        0.49239E+17    0.49239E+17     0.0000         0.0000    
          747.96        0.38337E+17    0.38337E+17     0.0000         0.0000    
          748.01        0.28167E+17    0.28167E+17     0.0000         0.0000    
          748.07        0.19441E+17    0.19441E+17     0.0000         0.0000    
          748.13        0.12925E+17    0.12925E+17     0.0000         0.0000    
          748.19        0.94195E+16    0.94195E+16     0.0000         0.0000    
          748.24        0.97412E+16    0.97412E+16     0.0000         0.0000    
          748.30        0.14703E+17    0.14703E+17     0.0000         0.0000    
          748.36        0.25091E+17    0.25091E+17     0.0000         0.0000    
          748.42        0.41646E+17    0.41646E+17     0.0000         0.0000    
          748.47        0.65039E+17    0.65039E+17     0.0000         0.0000    
          748.53        0.95850E+17    0.95850E+17     0.0000         0.0000    
          748.59        0.13455E+18    0.13455E+18     0.0000         0.0000    
          748.65        0.18147E+18    0.18147E+18     0.0000         0.0000    
          748.71        0.23681E+18    0.23681E+18     0.0000         0.0000    
          748.76        0.30060E+18    0.30060E+18     0.0000         0.0000    
          748.82        0.37271E+18    0.37271E+18     0.0000         0.0000    
          748.88        0.45282E+18    0.45282E+18     0.0000         0.0000    
          748.94        0.54044E+18    0.54044E+18     0.0000         0.0000    
          748.99        0.63490E+18    0.63490E+18     0.0000         0.0000    
          749.05        0.73537E+18    0.73537E+18     0.0000         0.0000    
          749.11        0.84083E+18    0.84083E+18     0.0000         0.0000    
          749.17        0.95015E+18    0.95015E+18     0.0000         0.0000    
          749.23        0.10620E+19    0.10620E+19     0.0000         0.0000    
          749.28        0.11751E+19    0.11751E+19     0.0000         0.0000    
          749.34        0.12879E+19    0.12879E+19     0.0000         0.0000    
          749.40        0.13989E+19    0.13989E+19     0.0000         0.0000    
          749.46        0.15065E+19    0.15065E+19     0.0000         0.0000    
          749.51        0.16091E+19    0.16091E+19     0.0000         0.0000    
          749.57        0.17054E+19    0.17054E+19     0.0000         0.0000    
          749.63        0.17938E+19    0.17938E+19     0.0000         0.0000    
          749.69        0.18729E+19    0.18729E+19     0.0000         0.0000    
          749.75        0.19416E+19    0.19416E+19     0.0000         0.0000    
          749.80        0.19987E+19    0.19987E+19     0.0000         0.0000    
          749.86        0.20434E+19    0.20434E+19     0.0000         0.0000    
          749.92        0.20749E+19    0.20749E+19     0.0000         0.0000    
          749.98        0.20927E+19    0.20927E+19     0.0000         0.0000    
          750.03        0.20966E+19    0.20966E+19     0.0000         0.0000    
          750.09        0.20864E+19    0.20864E+19     0.0000         0.0000    
          750.15        0.20623E+19    0.20623E+19     0.0000         0.0000    
          750.21        0.20247E+19    0.20247E+19     0.0000         0.0000    
          750.27        0.19742E+19    0.19742E+19     0.0000         0.0000    
          750.32        0.19117E+19    0.19117E+19     0.0000         0.0000    
          750.38        0.18380E+19    0.18380E+19     0.0000         0.0000    
          750.44        0.17544E+19    0.17544E+19     0.0000         0.0000    
          750.50        0.16621E+19    0.16621E+19     0.0000         0.0000    
          750.55        0.15625E+19    0.15625E+19     0.0000         0.0000    
          750.61        0.14572E+19    0.14572E+19     0.0000         0.0000    
          750.67        0.13476E+19    0.13476E+19     0.0000         0.0000    
          750.73        0.12354E+19    0.12354E+19     0.0000         0.0000    
          750.78        0.11220E+19    0.11220E+19     0.0000         0.0000    
          750.84        0.10090E+19    0.10090E+19     0.0000         0.0000    
          750.90        0.89785E+18    0.89785E+18     0.0000         0.0000    
          750.96        0.78988E+18    0.78988E+18     0.0000         0.0000    
          751.02        0.68632E+18    0.68632E+18     0.0000         0.0000    
          751.07        0.58828E+18    0.58828E+18     0.0000         0.0000    
          751.13        0.49670E+18    0.49670E+18     0.0000         0.0000    
          751.19        0.41233E+18    0.41233E+18     0.0000         0.0000    
          751.25        0.33579E+18    0.33579E+18     0.0000         0.0000    
          751.30        0.26748E+18    0.26748E+18     0.0000         0.0000    
          751.36        0.20764E+18    0.20764E+18     0.0000         0.0000    
          751.42        0.15632E+18    0.15632E+18     0.0000         0.0000    


      estimated brilliance maxima, flux and flux-density of S0, S1, S2, S3
      with emittance:

          750.02        0.20969E+19    0.19947E+15    0.75423E+17
          750.02        0.20969E+19    0.19947E+15    0.75423E+17
          0.0000         0.0000         0.0000         0.0000    
          0.0000         0.0000         0.0000         0.0000    

      estimated brilliance maximum of S3*S3/S0 with emittance:

          0.0000         0.0000    

      corresponding sigmas of source size [mm]
      and divergence [mrad] without and with emittance
      (including corr. factors sigrc,sigrpc):

      L/mm, lambda/mm:    4149.60010       1.65310280E-06
      without emit.:    1.86418146E-02   1.41134057E-02
         with emit.:    7.56611750E-02   2.05162242E-02
         (sigrf**2 = sigrxf*sigryf)


      LAST CHECK:

           BMAXGL:  0.51305640303978506     

           XBMAXGL:  -2.0501000020391169     
           YBMAXGL:   0.0000000000000000     
           ZBMAXGL:  -5.5216672970978148E-006


      CURRENT NUMBER:          29


                     --- Program WAVE completed ---



                                                   00:01:03 01.02.16

