\BOOKMARK [0][-]{chapter.1}{\376\377\000I\000n\000s\000t\000a\000l\000l}{}% 1
\BOOKMARK [1][-]{section.1.1}{\376\377\000I\000n\000s\000t\000a\000l\000l\000\040\000R\000A\000Y\000-\000U\000I}{chapter.1}% 2
\BOOKMARK [1][-]{section.1.2}{\376\377\000I\000n\000s\000t\000a\000l\000l\000\040\000x\000v\000f\000b}{chapter.1}% 3
\BOOKMARK [1][-]{section.1.3}{\376\377\000I\000n\000s\000t\000a\000l\000l\000\040\000r\000a\000y\000p\000y\000n\000g}{chapter.1}% 4
\BOOKMARK [0][-]{chapter.2}{\376\377\000T\000u\000t\000o\000r\000i\000a\000l}{}% 5
\BOOKMARK [1][-]{section.2.1}{\376\377\000M\000i\000n\000i\000m\000a\000l\000\040\000e\000x\000a\000m\000p\000l\000e}{chapter.2}% 6
\BOOKMARK [1][-]{section.2.2}{\376\377\000E\000x\000p\000o\000r\000t\000s}{chapter.2}% 7
\BOOKMARK [2][-]{subsection.2.2.1}{\376\377\000A\000n\000a\000l\000y\000s\000i\000s\000\040\000p\000e\000r\000f\000o\000r\000m\000e\000d\000\040\000b\000y\000\040\000R\000A\000Y\000-\000U\000I}{section.2.2}% 8
\BOOKMARK [2][-]{subsection.2.2.2}{\376\377\000A\000n\000a\000l\000y\000s\000i\000s\000\040\000p\000e\000r\000f\000o\000r\000m\000e\000d\000\040\000b\000y\000\040\000r\000a\000y\000p\000y\000n\000g}{section.2.2}% 9
\BOOKMARK [1][-]{section.2.3}{\376\377\000R\000e\000c\000i\000p\000e\000s}{chapter.2}% 10
\BOOKMARK [1][-]{section.2.4}{\376\377\000L\000i\000s\000t\000\040\000o\000f\000\040\000e\000x\000a\000m\000p\000l\000e\000s\000\040\000a\000v\000a\000i\000l\000a\000b\000l\000e\000\040\000a\000n\000d\000\040\000s\000h\000o\000r\000t\000\040\000e\000x\000p\000l\000a\000n\000a\000t\000i\000o\000n}{chapter.2}% 11
\BOOKMARK [0][-]{chapter.3}{\376\377\000H\000o\000w\000\040\000T\000o\000\040\000G\000u\000i\000d\000e\000s}{}% 12
\BOOKMARK [1][-]{section.3.1}{\376\377\000R\000e\000c\000i\000p\000e\000\040\000T\000e\000m\000p\000l\000a\000t\000e}{chapter.3}% 13
\BOOKMARK [1][-]{section.3.2}{\376\377\000H\000o\000w\000\040\000t\000o\000\040\000w\000r\000i\000t\000e\000\040\000a\000\040\000r\000e\000c\000i\000p\000e}{chapter.3}% 14
\BOOKMARK [0][-]{chapter.4}{\376\377\000S\000i\000m\000u\000l\000a\000t\000i\000o\000n}{}% 15
\BOOKMARK [1][-]{section.4.1}{\376\377\000S\000i\000m\000u\000l\000a\000t\000e}{chapter.4}% 16
\BOOKMARK [1][-]{section.4.2}{\376\377\000S\000i\000m\000u\000l\000a\000t\000i\000o\000n\000P\000a\000r\000a\000m\000s}{chapter.4}% 17
\BOOKMARK [0][-]{chapter.5}{\376\377\000R\000e\000c\000i\000p\000e\000s}{}% 18
\BOOKMARK [1][-]{section.5.1}{\376\377\000R\000e\000s\000o\000l\000v\000i\000n\000g\000\040\000P\000o\000w\000e\000r}{chapter.5}% 19
\BOOKMARK [1][-]{section.5.2}{\376\377\000F\000l\000u\000x}{chapter.5}% 20
\BOOKMARK [0][-]{chapter.6}{\376\377\000P\000r\000o\000c\000e\000s\000s\000\040\000s\000i\000m\000u\000l\000a\000t\000i\000o\000n\000\040\000f\000i\000l\000e\000s}{}% 21
\BOOKMARK [1][-]{section.6.1}{\376\377\000P\000o\000s\000t\000P\000r\000o\000c\000e\000s\000s\000\040\000r\000a\000y\000s\000\040\000a\000n\000a\000l\000y\000z\000e\000d\000\040\000b\000y\000\040\000r\000a\000y\000p\000y\000n\000g}{chapter.6}% 22
\BOOKMARK [1][-]{section.6.2}{\376\377\000P\000o\000s\000t\000P\000r\000o\000c\000e\000s\000s\000\040\000r\000a\000y\000s\000\040\000a\000n\000a\000l\000y\000z\000e\000d\000\040\000b\000y\000\040\000R\000A\000Y\000-\000U\000I}{chapter.6}% 23
\BOOKMARK [0][-]{chapter.7}{\376\377\000R\000A\000Y\000-\000U\000I\000\040\000A\000P\000I}{}% 24
\BOOKMARK [1][-]{section.7.1}{\376\377\000R\000a\000y\000U\000I\000R\000u\000n\000n\000e\000r}{chapter.7}% 25
\BOOKMARK [0][-]{chapter.8}{\376\377\000R\000M\000L}{}% 26
\BOOKMARK [1][-]{section.8.1}{\376\377\000R\000M\000L\000F\000i\000l\000e}{chapter.8}% 27
\BOOKMARK [1][-]{section.8.2}{\376\377\000B\000e\000a\000m\000l\000i\000n\000e\000E\000l\000e\000m\000e\000n\000t}{chapter.8}% 28
\BOOKMARK [1][-]{section.8.3}{\376\377\000O\000b\000j\000e\000c\000t\000E\000l\000e\000m\000e\000n\000t}{chapter.8}% 29
\BOOKMARK [1][-]{section.8.4}{\376\377\000P\000a\000r\000a\000m\000E\000l\000e\000m\000e\000n\000t}{chapter.8}% 30
\BOOKMARK [0][-]{section*.59}{\376\377\000I\000n\000d\000e\000x}{}% 31
