
                                                   17:50:59 29.01.16


           *********************************************
           *          PROGRAM WAVE                     *
           *                                           *
           *          VERSION 3.03/01 13.11.2015       *
           *                                           *
           *          Michael Scheer                   *
           *              BESSY                        *
           *********************************************

      USER COMMENT:

      U49 Peter Baumgaertel                                            

      CURRENT NUMBER:         214


      USER NAMELIST:



      MODE FLAGS:

      IUNDULATOR,IWIGGLER:            1           0



      CONTROL FLAGS:


      IUNAME,IUSTEP,IUOUT:            0           0           0
      IOPTIC,IGENFUN:                 0           0
      IMAGSPLN:                   -9999
      IEMIT,IEMIAHW:                  0           0
      IWLSOPT,IBEAMPOL:               0           0
      IENELOSS, IEFIELD:             -1           0
      IPOWER,ISPEC:                   0           1
      IVELOFIELD,ISPECMODE:           0           3
         IWFILL0,IRFILL0:                      0           0
         ISPECINT,IPIN:                        0           1
         IUSEM,ISTOKES:                        0           1
         IBRILL:                               1
         IPINCIRC,IRPHI:                       0           0
         IFOLD,ISIGUSR:                        0           1
         IF1DIM,IPOLA:                         0           0
         IWFILSP0,IWFILSPF:                    0           0
         IRFILSP0,IRFILSTO:                    0           0
         IWFILSTO,IWFLSTOF:                    0           0
         ISPECANA,ISPECANAF:                   0           0
         IAMPLI,IAMPSKIP:                      0           0
         IWFILFL0,IWFILFLF:                    0           0
         IWFILS,IWFILSF:                       0           0
         IWFILSE,IWFILSEF:                     0           0
         IWFILB,IWFILBF:                       0           0
         IWFILBE,IWFILBEF:                     0           0
         IWFILINT,IPINALL:                     0           0
         IRFILOB,IFILTER:                      0           0
         IWFILRAY,IDESYNC:                     1           0
         IPHASE,IPHASEANA:                     0           0
         IDOSE,IEFOLD:                         0           0
         ISPECDIP,IBL0CUT:                     0           0
         IEFFI,IFILMUL:                        0           0
         IBUNCH:                               0
      IWFILF:                         0


      MAGNETIC FIELD FLAGS:



      ICHARGE,IBMASK,JBMASK:          -1           0           0
      IBSUPER,IBERROR:                 1           0
      ICUTFIBO:                        1

      IPERIODG,IBSYM:                 0           0
      IBSYMY,IBSYMZ:                  0           0
      KBEXTERN,KBFELD:                0           0
      KHALBA,KHALBASY:                0           0
      KUCROSS,IRFILP:                 0           0
      KMAGSEQ,IMGSQF:                 0           0
             KMAGCOR:                 1
      IRFILF,IRBTAB:                  0           0
      IRBTABZY,KELLIP:                0           1
      KBPOLYH,KBPOLY3D:               0           0
      KBREC,KELLANA:                  0           0
      KBPOLYMAG,KBGENESIS:            0           0
      KBAMWLS:                        0



      HISTOGRAM FLAGS:

      IHBOOK,IHINDEX:                 1           0


      OTHER OPTIONS:


      IWBTAB,IWFILT0:                 0           0
      IWSECTMAGS:                     0
      IJUST,ISNORDER:                 0           0
      IWBMAP,IWBPOLY3D:               0           0
      IWBPOLY2DH,IWBPHARM:            0           0


      SR BELLIP, Parameters of elliptical undulator:
      horizontal and vertical peak field [T]:   0.00000000      0.708081245    
      number of periods, period and device length [m]:
         84.0000000       4.94000018E-02   4.14960003    
      shift parameter [periods], B_h/B_v:       0.00000000       0.00000000    
      B0_eff [T], deflection parameter K:  0.708081245       3.26611090    
      1. harmonical [nm] and [eV]:   13.7762432       90.0000000    
      critical energy [eV]:   1396.32959    

      longitudinal position of device center [m]:   0.0000000000000000     

      scaling factor for taper:   0.0000000000000000     

  
      Subroutine photon (quantum fluctuations):
  
       number of sampling bins (NBING1)        1000
       max. photon energy normalized to characteristic energy (EECMAXG1):
          5.0000000000000000     
  

      Number of tracking steps per meter (MYINUM):         5000

      Start and end of the trajectory [m](XSTART,XSTOP):
        -2.07480001       2.07480001    

      BMOVECUT:   1.00000001E-07

      Initial energy [GeV] and gamma:    1.72200000       3369.8702546331497     
      Final energy [GeV] and gamma:      1.72199702       3369.8643922687552     
      Relative change:                  -1.73964099E-06
      number of photons, RMS (keV) and rel. RMS of quantum fluctuation:
                14   1.31696689       7.64789149E-07


      B-rho [Tm], current [A]:   -5.74397326      0.100000001    

      Offset for vert. and hori. magnetic field (BYGOFF, BZGOFF):
          0.00000000       0.00000000    
      Global scaling factor for mag. field (B0SCGLOB,A0SCGLOB):
          1.00000000       1.00000000    

      Long. shift [m] of device (X(e-) -> X(e-)+XSHIFT):    0.00000000    
      Vert. shift [m] of device (Y(e-) -> Y(e-)+VSHIFT):    0.00000000    
      Hori. shift [m] of device (Z(e-) -> Z(e-)+HSHIFT):    0.00000000    
      Rotation angle [degree] of device:                    0.00000000    
      Y(e-) -> Y(e-)*sin(XROTD) + Y(e-)*cos(XROTD)
      Z(e-) -> Z(e-)*cos(XROTD) - Y(e-)*sin(XROTD)


      Magnetic field [T] at starting point:
         0.00000000       0.00000000       0.00000000    

      Vector potential [T-m] at starting point:
         0.00000000       0.00000000       0.00000000    


      Magnetic field [T] at stopping point:
         0.00000000       0.00000000       0.00000000    

      Vector potential [T-m] at stopping point:
         0.00000000       0.00000000       0.00000000    

      Extrema of magnetic field [T] and the trajectory [m]:

      BXmax,BXmin:    0.00000000       0.00000000    
      BYmax,BYmin:   0.708024919     -0.708081245    
      BZmax,BZmin:    0.00000000       0.00000000    

      Xmax,Xmin:    2.07480001      -2.07480001    
      Ymax,Ymin:    0.00000000       0.00000000    
      Zmax,Zmin:    7.62195486E-06  -7.61935280E-06


      Extrema of magnetic field [T] and the trajectory [m] between
      XIANF and XIEND

      BXmaxAE,BXminAE:    0.00000000       0.00000000    
      BYmaxAE,BYminAE:   0.708024919     -0.708081245    
      BZmaxAE,BZminAE:    0.00000000       0.00000000    

      XmaxAE,XminAE:    2.07479906      -2.07480001    
      YmaxAE,YminAE:    0.00000000       0.00000000    
      ZmaxAE,ZminAE:    7.62195486E-06  -7.61935280E-06


      Start values (coordinates [m] and slopes) of trajectory:

      X0:   -2.0747999999999998     
      Y0:    0.0000000000000000     
      Z0:    0.0000000000000000     

      ZP0:   0.0000000000000000     
      YP0:   0.0000000000000000     

      VX0:   299792444.80029100     
      VY0:   0.0000000000000000     
      VZ0:   0.0000000000000000     

      Values for X=0 (coordinates [m] and slopes) of trajectory:

      YCEN:    0.0000000000000000     
      ZCEN:    7.6208246344353683E-006

      YPCEN:   0.0000000000000000     
      ZPCEN:   5.8872008711684522E-010

      End values (coordinates [m] and slopes) of trajectory:

      XF0:    2.0747999999999998     
      YF0:    0.0000000000000000     
      ZF0:    1.9934995440939077E-009


      ZPF0:    4.6762927237317148E-010
      YPF0:    0.0000000000000000     

      VXF0:    299792444.80024475     
      VYF0:    0.0000000000000000     
      VZF0:   0.14019172282491263     


      Values for X=XIANF (coordinates [m] and slopes) of trajectory:

      XIANF:   -1.0000000000000000E+030
      YIANF:   -9999.0000000000000     
      ZIANF:   -9999.0000000000000     

      YPIANF:  -9999.0000000000000     
      ZPIANF:  -9999.0000000000000     



      Values for X=XIEND (coordinates [m] and slopes) of trajectory:

      XIEND:    1.0000000000000000E+030
      YIEND:   -9999.0000000000000     
      ZIEND:   -9999.0000000000000     

      YPIEND:  -9999.0000000000000     
      ZPIEND:  -9999.0000000000000     


      ZF0/(XSTOP-XSTART):    4.8040764027711298E-010
      YF0/(XSTOP-XSTART):    0.0000000000000000     

      YF0-Y0:   0.0000000000000000     
      ZF0-Z0:   1.9934995440939077E-009

      YPF0-YP0:   0.0000000000000000     
      ZPF0-ZP0:   4.6762927237317148E-010

      Straight line fit of z(x):
      offset:  -3.3145431096321032E-008
      slope:   5.3506982175144898E-010

      Straight line fit of vz(x)/vx(x):
      offset:   4.7647785239144432E-010
      slope:   2.3793169745248169E-008

      Straight line fit of y(x):
      offset:   0.0000000000000000     
      slope:   0.0000000000000000     

      Straight line fit of vy(x)/vx(x):
      offset:   0.0000000000000000     
      slope:   0.0000000000000000     

      1. magnetic integral [T-m]:    0.00000000       7.21101442E-11   0.00000000    
      2. mag. integral [T-m**2]:    0.00000000       2.77779698E-13   0.00000000    

      Integrated By**2 [T**2-m]:                      1.03407037    
      Energy irradiated by the device per e- [MeV]:   3.88004305E-03
      Rel. energy loss:                               2.25321901E-06
      Power irradiated by the device [kWATT]:        0.388004303    

      Length of trajectory (BINT0) [m]:
         4.1496009664225593     
      Integrated (YP**2+ZP**2)/2 of trajectory (WTRA2I) [m]:
         9.6642263630798195E-007
      corresponding phase advance [nm and eV]:
         1149.1280390734630        1.0789588988154000     
      dE/E and corresponding dL = 2 * dE/E * L [nm]:
         1.00000005E-03   1.93284523    
      Circumference of the ring [m]:                 240.000000    
      Rel. change of total circumference (from BINT0):         
         4.02676070E-09
      Rel. change of total circumference (from WTRA2I):
         4.02676115E-09

      Max. and min. deflection angle [rad]:    9.69218323E-04  -9.69218265E-04


      SPECTRUM
      ===========

      Start and end of points [m] of integration for spectrum
      calculations (XIANF,XIEND):  -1.00000002E+30   1.00000002E+30


      SR WFILL0:

      Parameters:
      WGWINFC:   2646.6899088765672     
      WBL0CUT:   0.0000000000000000     
      WBL0HYS:   1.0000000000000000     

      Pinhole of collimators:
      (X,Y,Z), width, height:

        1.0000E+01  0.0000E+00  0.0000E+00  1.0000E+03  1.0000E+03
        1.0000E+01  0.0000E+00  0.0000E+00  1.0000E+03  1.0000E+03

      Number of sources:           1
      Begin and end of sources (x,y,z):

                 1  -2.07480001       0.00000000       0.00000000    
                 1   2.07480001       0.00000000       1.99349959E-09

      Horiz., vert. slopes and mag. field
      at begin and end of sources:

                 1   0.00000000       0.00000000       0.00000000    
                 1   4.67629269E-10   0.00000000       1.54897439E-09


      SR COHEREN:
      Minimum and maximum number of phases  between
      photons and electrons:
         60.3305283       62.2278442    


       selected observation point:

          10.0000000       0.00000000       0.00000000    


      Source number, mean mag. field (sign from By), abs. mean and rel. rms
      for sources, and critical photon energy [eV] or wavelength [nm]
      (with respect to abs. mean):

           1  -1.09566895E-11  0.448897600      0.486472666       885.221863    

      Photon energy cut-off (SPECCUT):   0.00000000    

      Max. field and photon energy cuts for source points:

           1  0.708081901       0.00000000    

      Data-file written for program RAY
      File: wave_ray.dat                                                                                                                    
      (Device center is assumed at (0,0,0)
      Photon energy:   88.0800018    


      Results of spectrum calculations
      ================================


      Reflectivity coefficients (complex):

       (  1.0000000000000000     ,  0.0000000000000000     )
       (  1.0000000000000000     ,  0.0000000000000000     )
       (  1.0000000000000000     ,  0.0000000000000000     )



      Buffer size for integration (NDWSOU):       20849

      Provided number of integration steps for each source
      (controlled by NLPOI)
      (not necessarily used)

       20747

      Bandwidth:   1.00000005E-03


      Pinhole position (x,y,z) [m]:
         10.0000000       0.00000000       0.00000000    

      Numbers defining inner vert. and hori. edges (MMEDGEY,MMEDGEZ):            0           0
      Numbers defining outerer vert. and hori. edges (MEDGEY,MEDGEZ):            1           1
      Total number of vert. and hori. points:                    73          73
      Number of vert. and horiz. points inside pinhole:          71          71

      Vertical and horizontal grid size [m]:        2.85714286E-05   2.85714286E-05
      Vertical and horizontal size [m x m]:         2.00000009E-03   2.00000009E-03
      Total vert. and horiz. size [m x m]:          2.05714279E-03   2.05714279E-03

      Photon energy or wavelength and flux through pinhole:
      (for all sources and sum)

      88.0800018       5.40636961E+14   5.40636961E+14
      88.1146240       5.63130342E+14   5.63130342E+14
      88.1492462       5.85638991E+14   5.85638991E+14
      88.1838760       6.08053418E+14   6.08053418E+14
      88.2184982       6.30265647E+14   6.30265647E+14
      88.2531281       6.52171524E+14   6.52171524E+14
      88.2877502       6.73672398E+14   6.73672398E+14
      88.3223724       6.94677070E+14   6.94677070E+14
      88.3570023       7.15102995E+14   7.15102995E+14
      88.3916245       7.34878031E+14   7.34878031E+14
      88.4262466       7.53940707E+14   7.53940707E+14
      88.4608765       7.72241361E+14   7.72241361E+14
      88.4954987       7.89742010E+14   7.89742010E+14
      88.5301285       8.06416349E+14   8.06416349E+14
      88.5647507       8.22249142E+14   8.22249142E+14
      88.5993729       8.37235356E+14   8.37235356E+14
      88.6340027       8.51378751E+14   8.51378751E+14
      88.6686249       8.64690733E+14   8.64690733E+14
      88.7032471       8.77188014E+14   8.77188014E+14
      88.7378769       8.88890995E+14   8.88890995E+14
      88.7724991       8.99821553E+14   8.99821553E+14
      88.8071213       9.10000759E+14   9.10000759E+14
      88.8417511       9.19446600E+14   9.19446600E+14
      88.8763733       9.28172095E+14   9.28172095E+14
      88.9110031       9.36183148E+14   9.36183148E+14
      88.9456253       9.43476741E+14   9.43476741E+14
      88.9802475       9.50039652E+14   9.50039652E+14
      89.0148773       9.55847253E+14   9.55847253E+14
      89.0494995       9.60862769E+14   9.60862769E+14
      89.0841217       9.65037007E+14   9.65037007E+14
      89.1187515       9.68308564E+14   9.68308564E+14
      89.1533737       9.70604493E+14   9.70604493E+14
      89.1880035       9.71841175E+14   9.71841175E+14
      89.2226257       9.71926202E+14   9.71926202E+14
      89.2572479       9.70760185E+14   9.70760185E+14
      89.2918777       9.68239174E+14   9.68239174E+14
      89.3264999       9.64257269E+14   9.64257269E+14
      89.3611221       9.58709446E+14   9.58709446E+14
      89.3957520       9.51494975E+14   9.51494975E+14
      89.4303741       9.42520373E+14   9.42520373E+14
      89.4649963       9.31702692E+14   9.31702692E+14
      89.4996262       9.18972610E+14   9.18972610E+14
      89.5342484       9.04277313E+14   9.04277313E+14
      89.5688782       8.87583312E+14   8.87583312E+14
      89.6035004       8.68878863E+14   8.68878863E+14
      89.6381226       8.48175510E+14   8.48175510E+14
      89.6727524       8.25510028E+14   8.25510028E+14
      89.7073746       8.00944963E+14   8.00944963E+14
      89.7419968       7.74569166E+14   7.74569166E+14
      89.7766266       7.46497595E+14   7.46497595E+14
      89.8112488       7.16870240E+14   7.16870240E+14
      89.8458786       6.85851047E+14   6.85851047E+14
      89.8805008       6.53625639E+14   6.53625639E+14
      89.9151230       6.20398899E+14   6.20398899E+14
      89.9497528       5.86391952E+14   5.86391952E+14
      89.9843750       5.51838974E+14   5.51838974E+14
      90.0189972       5.16983066E+14   5.16983066E+14
      90.0536270       4.82072599E+14   4.82072599E+14
      90.0882492       4.47357083E+14   4.47357083E+14
      90.1228714       4.13082841E+14   4.13082841E+14
      90.1575012       3.79488983E+14   3.79488983E+14
      90.1921234       3.46803443E+14   3.46803443E+14
      90.2267532       3.15239124E+14   3.15239124E+14
      90.2613754       2.84990609E+14   2.84990609E+14
      90.2959976       2.56231055E+14   2.56231055E+14
      90.3306274       2.29109628E+14   2.29109628E+14
      90.3652496       2.03749507E+14   2.03749507E+14
      90.3998718       1.80246389E+14   1.80246389E+14
      90.4345016       1.58667601E+14   1.58667601E+14
      90.4691238       1.39051848E+14   1.39051848E+14
      90.5037537       1.21409473E+14   1.21409473E+14
      90.5383759       1.05723405E+14   1.05723405E+14
      90.5729980       9.19505522E+13   9.19505522E+13
      90.6076279       8.00237636E+13   8.00237636E+13
      90.6422501       6.98541912E+13   6.98541912E+13
      90.6768723       6.13340162E+13   6.13340162E+13
      90.7115021       5.43395110E+13   5.43395110E+13
      90.7461243       4.87342683E+13   4.87342683E+13
      90.7807465       4.43725822E+13   4.43725822E+13
      90.8153763       4.11028874E+13   4.11028874E+13
      90.8499985       3.87711102E+13   3.87711102E+13

      Estimated maximum:

         89.2076645       9.72042971E+14


      Flux density for selected point:

               88.0800018       7.22234224E+18   7.22234224E+18
               88.1146240       9.21950725E+18   9.21950725E+18
               88.1492462       1.13734142E+19   1.13734142E+19
               88.1838760       1.36222971E+19   1.36222971E+19
               88.2184982       1.58965038E+19   1.58965038E+19
               88.2531281       1.81206190E+19   1.81206190E+19
               88.2877502       2.02159550E+19   2.02159550E+19
               88.3223724       2.21033723E+19   2.21033723E+19
               88.3570023       2.37063239E+19   2.37063239E+19
               88.3916245       2.49540805E+19   2.49540805E+19
               88.4262466       2.57849946E+19   2.57849946E+19
               88.4608765       2.61497400E+19   2.61497400E+19
               88.4954987       2.60143835E+19   2.60143835E+19
               88.5301285       2.53632198E+19   2.53632198E+19
               88.5647507       2.42012097E+19   2.42012097E+19
               88.5993729       2.25559885E+19   2.25559885E+19
               88.6340027       2.04792749E+19   2.04792749E+19
               88.6686249       1.80476807E+19   1.80476807E+19
               88.7032471       1.53627910E+19   1.53627910E+19
               88.7378769       1.25505096E+19   1.25505096E+19
               88.7724991       9.75962805E+18   9.75962805E+18
               88.8071213       7.15961895E+18   7.15961895E+18
               88.8417511       4.93767197E+18   4.93767197E+18
               88.8763733       3.29501892E+18   3.29501892E+18
               88.9110031       2.44260879E+18   2.44260879E+18
               88.9456253       2.59622101E+18   2.59622101E+18
               88.9802475       3.97112951E+18   3.97112951E+18
               89.0148773       6.77643805E+18   6.77643805E+18
               89.0494995       1.12092297E+19   1.12092297E+19
               89.0841217       1.74486789E+19   1.74486789E+19
               89.1187515       2.56502913E+19   2.56502913E+19
               89.1533737       3.59404161E+19   3.59404161E+19
               89.1880035       4.84112199E+19   4.84112199E+19
               89.2226257       6.31162291E+19   6.31162291E+19
               89.2572479       8.00666566E+19   8.00666566E+19
               89.2918777       9.92285055E+19   9.92285055E+19
               89.3264999       1.20520777E+20   1.20520777E+20
               89.3611221       1.43814582E+20   1.43814582E+20
               89.3957520       1.68933488E+20   1.68933488E+20
               89.4303741       1.95654963E+20   1.95654963E+20
               89.4649963       2.23712899E+20   2.23712899E+20
               89.4996262       2.52801455E+20   2.52801455E+20
               89.5342484       2.82579643E+20   2.82579643E+20
               89.5688782       3.12677182E+20   3.12677182E+20
               89.6035004       3.42701027E+20   3.42701027E+20
               89.6381226       3.72242705E+20   3.72242705E+20
               89.6727524       4.00885986E+20   4.00885986E+20
               89.7073746       4.28215306E+20   4.28215306E+20
               89.7419968       4.53824005E+20   4.53824005E+20
               89.7766266       4.77322627E+20   4.77322627E+20
               89.8112488       4.98347154E+20   4.98347154E+20
               89.8458786       5.16566712E+20   5.16566712E+20
               89.8805008       5.31690433E+20   5.31690433E+20
               89.9151230       5.43474066E+20   5.43474066E+20
               89.9497528       5.51724978E+20   5.51724978E+20
               89.9843750       5.56306651E+20   5.56306651E+20
               90.0189972       5.57141541E+20   5.57141541E+20
               90.0536270       5.54213005E+20   5.54213005E+20
               90.0882492       5.47565587E+20   5.47565587E+20
               90.1228714       5.37304241E+20   5.37304241E+20
               90.1575012       5.23592152E+20   5.23592152E+20
               90.1921234       5.06647147E+20   5.06647147E+20
               90.2267532       4.86737155E+20   4.86737155E+20
               90.2613754       4.64174473E+20   4.64174473E+20
               90.2959976       4.39309150E+20   4.39309150E+20
               90.3306274       4.12521528E+20   4.12521528E+20
               90.3652496       3.84214469E+20   3.84214469E+20
               90.3998718       3.54804873E+20   3.54804873E+20
               90.4345016       3.24715127E+20   3.24715127E+20
               90.4691238       2.94364895E+20   2.94364895E+20
               90.5037537       2.64162524E+20   2.64162524E+20
               90.5383759       2.34497507E+20   2.34497507E+20
               90.5729980       2.05733122E+20   2.05733122E+20
               90.6076279       1.78200084E+20   1.78200084E+20
               90.6422501       1.52190934E+20   1.52190934E+20
               90.6768723       1.27955587E+20   1.27955587E+20
               90.7115021       1.05697926E+20   1.05697926E+20
               90.7461243       8.55735474E+19   8.55735474E+19
               90.7807465       6.76887462E+19   6.76887462E+19
               90.8153763       5.21006136E+19   5.21006136E+19
               90.8499985       3.88183196E+19   3.88183196E+19

      Estimated maximum:

         90.0093689       5.57287134E+20


      Power through pinhole [W]:
      (for all sources and sum)
       21.8606586       21.8606586    


      Power density at selected point [W/m**2]:

                5880728.00       5880728.00    




      Photon energy or wavelength and normalized components S0, S1/S0,
      S2/S0, S3/S0 of STOKES vector and polarization for pinhole:

       8.8080E+01  5.4064E+14  9.9767E-01  2.5742E-09 -3.3868E-19  9.9767E-01
       8.8115E+01  5.6313E+14  9.9777E-01 -2.9921E-09 -2.7096E-20  9.9777E-01
       8.8149E+01  5.8564E+14  9.9787E-01  1.6431E-10  1.0422E-19  9.9787E-01
       8.8184E+01  6.0805E+14  9.9797E-01 -1.0568E-10  0.0000E+00  9.9797E-01
       8.8218E+01  6.3027E+14  9.9806E-01 -1.2962E-09  0.0000E+00  9.9806E-01
       8.8253E+01  6.5217E+14  9.9815E-01 -7.2733E-11 -1.4038E-19  9.9815E-01
       8.8288E+01  6.7367E+14  9.9823E-01  2.1669E-09  6.7950E-20  9.9823E-01
       8.8322E+01  6.9468E+14  9.9831E-01 -2.3331E-10  0.0000E+00  9.9831E-01
       8.8357E+01  7.1510E+14  9.9839E-01  9.4585E-10 -2.1338E-20  9.9839E-01
       8.8392E+01  7.3488E+14  9.9846E-01 -2.3126E-09  2.2840E-19  9.9846E-01
       8.8426E+01  7.5394E+14  9.9853E-01 -1.4583E-09  4.0477E-20  9.9853E-01
       8.8461E+01  7.7224E+14  9.9860E-01 -8.6911E-10  3.1615E-19  9.9860E-01
       8.8495E+01  7.8974E+14  9.9866E-01  2.0298E-09 -5.7964E-20  9.9866E-01
       8.8530E+01  8.0642E+14  9.9872E-01  1.8239E-09 -5.6765E-20  9.9872E-01
       8.8565E+01  8.2225E+14  9.9878E-01 -3.8215E-09  1.8557E-20  9.9878E-01
       8.8599E+01  8.3724E+14  9.9884E-01  6.1262E-10  2.3693E-19  9.9884E-01
       8.8634E+01  8.5138E+14  9.9889E-01  1.2632E-10  1.7922E-19  9.9889E-01
       8.8669E+01  8.6469E+14  9.9895E-01  1.0846E-09  4.2352E-19  9.9895E-01
       8.8703E+01  8.7719E+14  9.9900E-01 -3.8799E-09 -4.3488E-20  9.9900E-01
       8.8738E+01  8.8889E+14  9.9905E-01  2.1279E-10  6.8664E-20  9.9905E-01
       8.8772E+01  8.9982E+14  9.9909E-01 -2.0073E-09 -4.4938E-19  9.9909E-01
       8.8807E+01  9.1000E+14  9.9914E-01  1.8421E-09 -1.1738E-19  9.9914E-01
       8.8842E+01  9.1945E+14  9.9918E-01 -2.6926E-09  0.0000E+00  9.9918E-01
       8.8876E+01  9.2817E+14  9.9922E-01  2.5643E-09  1.2741E-19  9.9922E-01
       8.8911E+01  9.3618E+14  9.9927E-01  3.7969E-10  1.0594E-19  9.9927E-01
       8.8946E+01  9.4348E+14  9.9930E-01 -1.5442E-09 -8.0865E-21  9.9930E-01
       8.8980E+01  9.5004E+14  9.9934E-01 -1.3081E-09  3.5435E-19  9.9934E-01
       8.9015E+01  9.5585E+14  9.9938E-01  7.4554E-10  1.6762E-19  9.9938E-01
       8.9049E+01  9.6086E+14  9.9941E-01  1.3263E-10 -1.5986E-19  9.9941E-01
       8.9084E+01  9.6504E+14  9.9944E-01  1.9333E-10  2.7176E-20  9.9944E-01
       8.9119E+01  9.6831E+14  9.9947E-01 -2.3710E-10 -3.7820E-19  9.9947E-01
       8.9153E+01  9.7060E+14  9.9950E-01  3.0152E-10  4.5136E-20  9.9950E-01
       8.9188E+01  9.7184E+14  9.9953E-01 -3.3010E-10 -4.7593E-20  9.9953E-01
       8.9223E+01  9.7193E+14  9.9956E-01  4.5275E-09 -1.2265E-20  9.9956E-01
       8.9257E+01  9.7076E+14  9.9958E-01 -1.6322E-09 -2.1220E-19  9.9958E-01
       8.9292E+01  9.6824E+14  9.9960E-01  2.5005E-10  9.6526E-20  9.9960E-01
       8.9326E+01  9.6426E+14  9.9963E-01 -3.0260E-09  2.4726E-19  9.9963E-01
       8.9361E+01  9.5871E+14  9.9965E-01  1.6453E-09 -5.5706E-20  9.9965E-01
       8.9396E+01  9.5149E+14  9.9966E-01 -1.6562E-09 -1.4834E-19  9.9966E-01
       8.9430E+01  9.4252E+14  9.9968E-01  9.2555E-12  1.0118E-19  9.9968E-01
       8.9465E+01  9.3170E+14  9.9970E-01  9.7920E-10  2.8660E-20  9.9970E-01
       8.9500E+01  9.1897E+14  9.9971E-01 -6.1436E-10 -1.7434E-19  9.9971E-01
       8.9534E+01  9.0428E+14  9.9973E-01  9.0416E-10 -1.2656E-20  9.9973E-01
       8.9569E+01  8.8758E+14  9.9974E-01 -2.4745E-09 -3.0085E-20  9.9974E-01
       8.9604E+01  8.6888E+14  9.9975E-01  1.6399E-09 -2.2391E-19  9.9975E-01
       8.9638E+01  8.4818E+14  9.9976E-01 -4.4341E-10 -9.8946E-20  9.9976E-01
       8.9673E+01  8.2551E+14  9.9977E-01  1.1404E-09  1.2939E-19  9.9977E-01
       8.9707E+01  8.0094E+14  9.9978E-01  1.8525E-09  3.8102E-20  9.9978E-01
       8.9742E+01  7.7457E+14  9.9978E-01 -5.4620E-10 -3.4474E-20  9.9978E-01
       8.9777E+01  7.4650E+14  9.9979E-01 -2.5108E-09  5.1101E-21  9.9979E-01
       8.9811E+01  7.1687E+14  9.9979E-01 -7.6909E-10  1.1175E-19  9.9979E-01
       8.9846E+01  6.8585E+14  9.9980E-01 -2.1544E-09  4.1715E-19  9.9980E-01
       8.9881E+01  6.5363E+14  9.9980E-01  3.4400E-09  5.8362E-21  9.9980E-01
       8.9915E+01  6.2040E+14  9.9980E-01 -3.1196E-09  0.0000E+00  9.9980E-01
       8.9950E+01  5.8639E+14  9.9980E-01 -2.5679E-10  6.8306E-20  9.9980E-01
       8.9984E+01  5.5184E+14  9.9980E-01 -2.2472E-09 -1.0715E-19  9.9980E-01
       9.0019E+01  5.1698E+14  9.9980E-01 -1.2024E-09 -1.6233E-19  9.9980E-01
       9.0054E+01  4.8207E+14  9.9980E-01 -1.2894E-09  4.3522E-20  9.9980E-01
       9.0088E+01  4.4736E+14  9.9979E-01  5.3291E-10 -1.7054E-19  9.9979E-01
       9.0123E+01  4.1308E+14  9.9979E-01 -3.6425E-09 -6.9260E-21  9.9979E-01
       9.0158E+01  3.7949E+14  9.9978E-01 -6.5444E-10 -1.3570E-19  9.9978E-01
       9.0192E+01  3.4680E+14  9.9977E-01 -5.2142E-09  1.2650E-19  9.9977E-01
       9.0227E+01  3.1524E+14  9.9976E-01 -1.8226E-10  2.2387E-19  9.9976E-01
       9.0261E+01  2.8499E+14  9.9974E-01  2.5936E-09 -8.3658E-20  9.9974E-01
       9.0296E+01  2.5623E+14  9.9972E-01 -4.6475E-09 -1.1166E-19  9.9972E-01
       9.0331E+01  2.2911E+14  9.9970E-01  2.0969E-09  1.8315E-19  9.9970E-01
       9.0365E+01  2.0375E+14  9.9967E-01 -1.2395E-09 -2.2467E-19  9.9967E-01
       9.0400E+01  1.8025E+14  9.9963E-01 -1.2087E-10 -6.8782E-20  9.9963E-01
       9.0435E+01  1.5867E+14  9.9959E-01  2.8872E-09 -1.6829E-19  9.9959E-01
       9.0469E+01  1.3905E+14  9.9954E-01  1.8677E-09  1.7832E-19  9.9954E-01
       9.0504E+01  1.2141E+14  9.9948E-01  5.1209E-10 -2.0423E-19  9.9948E-01
       9.0538E+01  1.0572E+14  9.9942E-01 -1.9191E-09  1.0825E-19  9.9942E-01
       9.0573E+01  9.1951E+13  9.9934E-01  1.6472E-09 -3.9412E-19  9.9934E-01
       9.0608E+01  8.0024E+13  9.9925E-01 -1.6376E-09 -2.6218E-19  9.9925E-01
       9.0642E+01  6.9854E+13  9.9914E-01 -6.0810E-12  1.6383E-19  9.9914E-01
       9.0677E+01  6.1334E+13  9.9904E-01  1.9074E-10  7.4635E-19  9.9904E-01
       9.0712E+01  5.4340E+13  9.9892E-01  1.3589E-09  2.8080E-19  9.9892E-01
       9.0746E+01  4.8734E+13  9.9881E-01 -1.7142E-09  1.5655E-19  9.9881E-01
       9.0781E+01  4.4373E+13  9.9871E-01  1.8678E-10 -2.5791E-19  9.9871E-01
       9.0815E+01  4.1103E+13  9.9862E-01  2.0318E-09 -4.6404E-19  9.9862E-01
       9.0850E+01  3.8771E+13  9.9856E-01  4.4653E-09 -1.0331E-18  9.9856E-01


      Photon energy [eV] or wavelength [nm] for selected point
      of pinhole, S0, S1/S0, S2/S0, S3/S0, P of
      STOKES vector per unit area [m**2]:


           Observation point (x,y,z) [m]:
              10.0000000       0.00000000       0.00000000    

       8.8080E+01  7.2223E+18  1.0000E+00  0.0000E+00  0.0000E+00  1.0000E+00
       8.8115E+01  9.2195E+18  1.0000E+00  0.0000E+00  0.0000E+00  1.0000E+00
       8.8149E+01  1.1373E+19  1.0000E+00  0.0000E+00  0.0000E+00  1.0000E+00
       8.8184E+01  1.3622E+19  1.0000E+00  0.0000E+00  0.0000E+00  1.0000E+00
       8.8218E+01  1.5897E+19  1.0000E+00  0.0000E+00  0.0000E+00  1.0000E+00
       8.8253E+01  1.8121E+19  1.0000E+00  0.0000E+00  0.0000E+00  1.0000E+00
       8.8288E+01  2.0216E+19  1.0000E+00  0.0000E+00  0.0000E+00  1.0000E+00
       8.8322E+01  2.2103E+19  1.0000E+00  0.0000E+00  0.0000E+00  1.0000E+00
       8.8357E+01  2.3706E+19  1.0000E+00  0.0000E+00  0.0000E+00  1.0000E+00
       8.8392E+01  2.4954E+19  1.0000E+00  0.0000E+00  0.0000E+00  1.0000E+00
       8.8426E+01  2.5785E+19  1.0000E+00  0.0000E+00  0.0000E+00  1.0000E+00
       8.8461E+01  2.6150E+19  1.0000E+00  0.0000E+00  0.0000E+00  1.0000E+00
       8.8495E+01  2.6014E+19  1.0000E+00  0.0000E+00  0.0000E+00  1.0000E+00
       8.8530E+01  2.5363E+19  1.0000E+00  0.0000E+00  0.0000E+00  1.0000E+00
       8.8565E+01  2.4201E+19  1.0000E+00  0.0000E+00  0.0000E+00  1.0000E+00
       8.8599E+01  2.2556E+19  1.0000E+00  0.0000E+00  0.0000E+00  1.0000E+00
       8.8634E+01  2.0479E+19  1.0000E+00  0.0000E+00  0.0000E+00  1.0000E+00
       8.8669E+01  1.8048E+19  1.0000E+00  0.0000E+00  0.0000E+00  1.0000E+00
       8.8703E+01  1.5363E+19  1.0000E+00  0.0000E+00  0.0000E+00  1.0000E+00
       8.8738E+01  1.2551E+19  1.0000E+00  0.0000E+00  0.0000E+00  1.0000E+00
       8.8772E+01  9.7596E+18  1.0000E+00  0.0000E+00  0.0000E+00  1.0000E+00
       8.8807E+01  7.1596E+18  1.0000E+00  0.0000E+00  0.0000E+00  1.0000E+00
       8.8842E+01  4.9377E+18  1.0000E+00  0.0000E+00  0.0000E+00  1.0000E+00
       8.8876E+01  3.2950E+18  1.0000E+00  0.0000E+00  0.0000E+00  1.0000E+00
       8.8911E+01  2.4426E+18  1.0000E+00  0.0000E+00  0.0000E+00  1.0000E+00
       8.8946E+01  2.5962E+18  1.0000E+00  0.0000E+00  0.0000E+00  1.0000E+00
       8.8980E+01  3.9711E+18  1.0000E+00  0.0000E+00  0.0000E+00  1.0000E+00
       8.9015E+01  6.7764E+18  1.0000E+00  0.0000E+00  0.0000E+00  1.0000E+00
       8.9049E+01  1.1209E+19  1.0000E+00  0.0000E+00  0.0000E+00  1.0000E+00
       8.9084E+01  1.7449E+19  1.0000E+00  0.0000E+00  0.0000E+00  1.0000E+00
       8.9119E+01  2.5650E+19  1.0000E+00  0.0000E+00  0.0000E+00  1.0000E+00
       8.9153E+01  3.5940E+19  1.0000E+00  0.0000E+00  0.0000E+00  1.0000E+00
       8.9188E+01  4.8411E+19  1.0000E+00  0.0000E+00  0.0000E+00  1.0000E+00
       8.9223E+01  6.3116E+19  1.0000E+00  0.0000E+00  0.0000E+00  1.0000E+00
       8.9257E+01  8.0067E+19  1.0000E+00  0.0000E+00  0.0000E+00  1.0000E+00
       8.9292E+01  9.9229E+19  1.0000E+00  0.0000E+00  0.0000E+00  1.0000E+00
       8.9326E+01  1.2052E+20  1.0000E+00  0.0000E+00  0.0000E+00  1.0000E+00
       8.9361E+01  1.4381E+20  1.0000E+00  0.0000E+00  0.0000E+00  1.0000E+00
       8.9396E+01  1.6893E+20  1.0000E+00  0.0000E+00  0.0000E+00  1.0000E+00
       8.9430E+01  1.9565E+20  1.0000E+00  0.0000E+00  0.0000E+00  1.0000E+00
       8.9465E+01  2.2371E+20  1.0000E+00  0.0000E+00  0.0000E+00  1.0000E+00
       8.9500E+01  2.5280E+20  1.0000E+00  0.0000E+00  0.0000E+00  1.0000E+00
       8.9534E+01  2.8258E+20  1.0000E+00  0.0000E+00  0.0000E+00  1.0000E+00
       8.9569E+01  3.1268E+20  1.0000E+00  0.0000E+00  0.0000E+00  1.0000E+00
       8.9604E+01  3.4270E+20  1.0000E+00  0.0000E+00  0.0000E+00  1.0000E+00
       8.9638E+01  3.7224E+20  1.0000E+00  0.0000E+00  0.0000E+00  1.0000E+00
       8.9673E+01  4.0089E+20  1.0000E+00  0.0000E+00  0.0000E+00  1.0000E+00
       8.9707E+01  4.2822E+20  1.0000E+00  0.0000E+00  0.0000E+00  1.0000E+00
       8.9742E+01  4.5382E+20  1.0000E+00  0.0000E+00  0.0000E+00  1.0000E+00
       8.9777E+01  4.7732E+20  1.0000E+00  0.0000E+00  0.0000E+00  1.0000E+00
       8.9811E+01  4.9835E+20  1.0000E+00  0.0000E+00  0.0000E+00  1.0000E+00
       8.9846E+01  5.1657E+20  1.0000E+00  0.0000E+00  0.0000E+00  1.0000E+00
       8.9881E+01  5.3169E+20  1.0000E+00  0.0000E+00  0.0000E+00  1.0000E+00
       8.9915E+01  5.4347E+20  1.0000E+00  0.0000E+00  0.0000E+00  1.0000E+00
       8.9950E+01  5.5173E+20  1.0000E+00  0.0000E+00  0.0000E+00  1.0000E+00
       8.9984E+01  5.5631E+20  1.0000E+00  0.0000E+00  0.0000E+00  1.0000E+00
       9.0019E+01  5.5714E+20  1.0000E+00  0.0000E+00  0.0000E+00  1.0000E+00
       9.0054E+01  5.5421E+20  1.0000E+00  0.0000E+00  0.0000E+00  1.0000E+00
       9.0088E+01  5.4757E+20  1.0000E+00  0.0000E+00  0.0000E+00  1.0000E+00
       9.0123E+01  5.3730E+20  1.0000E+00  0.0000E+00  0.0000E+00  1.0000E+00
       9.0158E+01  5.2359E+20  1.0000E+00  0.0000E+00  0.0000E+00  1.0000E+00
       9.0192E+01  5.0665E+20  1.0000E+00  0.0000E+00  0.0000E+00  1.0000E+00
       9.0227E+01  4.8674E+20  1.0000E+00  0.0000E+00  0.0000E+00  1.0000E+00
       9.0261E+01  4.6417E+20  1.0000E+00  0.0000E+00  0.0000E+00  1.0000E+00
       9.0296E+01  4.3931E+20  1.0000E+00  0.0000E+00  0.0000E+00  1.0000E+00
       9.0331E+01  4.1252E+20  1.0000E+00  0.0000E+00  0.0000E+00  1.0000E+00
       9.0365E+01  3.8421E+20  1.0000E+00  0.0000E+00  0.0000E+00  1.0000E+00
       9.0400E+01  3.5480E+20  1.0000E+00  0.0000E+00  0.0000E+00  1.0000E+00
       9.0435E+01  3.2472E+20  1.0000E+00  0.0000E+00  0.0000E+00  1.0000E+00
       9.0469E+01  2.9436E+20  1.0000E+00  0.0000E+00  0.0000E+00  1.0000E+00
       9.0504E+01  2.6416E+20  1.0000E+00  0.0000E+00  0.0000E+00  1.0000E+00
       9.0538E+01  2.3450E+20  1.0000E+00  0.0000E+00  0.0000E+00  1.0000E+00
       9.0573E+01  2.0573E+20  1.0000E+00  0.0000E+00  0.0000E+00  1.0000E+00
       9.0608E+01  1.7820E+20  1.0000E+00  0.0000E+00  0.0000E+00  1.0000E+00
       9.0642E+01  1.5219E+20  1.0000E+00  0.0000E+00  0.0000E+00  1.0000E+00
       9.0677E+01  1.2796E+20  1.0000E+00  0.0000E+00  0.0000E+00  1.0000E+00
       9.0712E+01  1.0570E+20  1.0000E+00  0.0000E+00  0.0000E+00  1.0000E+00
       9.0746E+01  8.5574E+19  1.0000E+00  0.0000E+00  0.0000E+00  1.0000E+00
       9.0781E+01  6.7689E+19  1.0000E+00  0.0000E+00  0.0000E+00  1.0000E+00
       9.0815E+01  5.2101E+19  1.0000E+00  0.0000E+00  0.0000E+00  1.0000E+00
       9.0850E+01  3.8818E+19  1.0000E+00  0.0000E+00  0.0000E+00  1.0000E+00

       Total absolut maxima found for Stokes-V. (z,y,Eph,fluxdens.)

        0.0000E+00  0.0000E+00  9.0019E+01  5.5714E+20
        0.0000E+00  0.0000E+00  9.0019E+01  5.5714E+20
        1.0000E-03  4.8571E-04  8.8080E+01  2.1706E+19
        8.0000E-04  7.7143E-04  8.8080E+01  2.8581E+19


       Estimated maxima of s0, s1, s2 ,s3 for selected point:
          90.0093689       5.57287205E+20
          90.0093689       5.57287029E+20
          0.00000000       0.00000000    
          0.00000000       0.00000000    


       Estimated maximum of s3*s3/s0 for selected point:
          0.00000000       0.00000000    


       Estimated maxima of fluxes s0, s1, s2 ,s3:
          89.2076645       9.72042971E+14
          89.2083664       9.71602133E+14
          89.2257996       4429328.50    
          88.7737350       4.04766615E-04


       Estimated maxima of fluxes s3*s3/s0:
          88.7729187       1.81733724E-22



      Brilliance calculations:
      (only meaningful for undulators)

      sigr=sqrt(2*lambda*L)/2/pi*sigrc and 
      sigrp=sqrt(lambda/2/L)*sigrpc

       sigrc,sigrpc:   1.0000000000000000        1.0000000000000000     

      make sure that the device length agrees to the length
      of the trajectory
      (for rec-fields rangrec and rangpm are substracted by program)

      Observation point:

         10.0000000       0.00000000       0.00000000    

      considered device length [m]:   4.14960003    


      Brilliance [photons/sec/BW/mm**2/mrad**2]

          88.080        0.38844E+17    0.38844E+17     0.0000         0.0000    
          88.115        0.49605E+17    0.49605E+17     0.0000         0.0000    
          88.149        0.61218E+17    0.61218E+17     0.0000         0.0000    
          88.184        0.73352E+17    0.73352E+17     0.0000         0.0000    
          88.218        0.85631E+17    0.85631E+17     0.0000         0.0000    
          88.253        0.97650E+17    0.97650E+17     0.0000         0.0000    
          88.288        0.10898E+18    0.10898E+18     0.0000         0.0000    
          88.322        0.11921E+18    0.11921E+18     0.0000         0.0000    
          88.357        0.12790E+18    0.12790E+18     0.0000         0.0000    
          88.392        0.13469E+18    0.13469E+18     0.0000         0.0000    
          88.426        0.13923E+18    0.13923E+18     0.0000         0.0000    
          88.461        0.14125E+18    0.14125E+18     0.0000         0.0000    
          88.495        0.14057E+18    0.14057E+18     0.0000         0.0000    
          88.530        0.13711E+18    0.13711E+18     0.0000         0.0000    
          88.565        0.13088E+18    0.13088E+18     0.0000         0.0000    
          88.599        0.12203E+18    0.12203E+18     0.0000         0.0000    
          88.634        0.11084E+18    0.11084E+18     0.0000         0.0000    
          88.669        0.97715E+17    0.97715E+17     0.0000         0.0000    
          88.703        0.83211E+17    0.83211E+17     0.0000         0.0000    
          88.738        0.68005E+17    0.68005E+17     0.0000         0.0000    
          88.772        0.52903E+17    0.52903E+17     0.0000         0.0000    
          88.807        0.38825E+17    0.38825E+17     0.0000         0.0000    
          88.842        0.26786E+17    0.26786E+17     0.0000         0.0000    
          88.876        0.17882E+17    0.17882E+17     0.0000         0.0000    
          88.911        0.13261E+17    0.13261E+17     0.0000         0.0000    
          88.946        0.14101E+17    0.14101E+17     0.0000         0.0000    
          88.980        0.21576E+17    0.21576E+17     0.0000         0.0000    
          89.015        0.36833E+17    0.36833E+17     0.0000         0.0000    
          89.049        0.60951E+17    0.60951E+17     0.0000         0.0000    
          89.084        0.94915E+17    0.94915E+17     0.0000         0.0000    
          89.119        0.13958E+18    0.13958E+18     0.0000         0.0000    
          89.153        0.19566E+18    0.19566E+18     0.0000         0.0000    
          89.188        0.26365E+18    0.26365E+18     0.0000         0.0000    
          89.223        0.34386E+18    0.34386E+18     0.0000         0.0000    
          89.257        0.43638E+18    0.43638E+18     0.0000         0.0000    
          89.292        0.54103E+18    0.54103E+18     0.0000         0.0000    
          89.326        0.65737E+18    0.65737E+18     0.0000         0.0000    
          89.361        0.78473E+18    0.78473E+18     0.0000         0.0000    
          89.396        0.92215E+18    0.92215E+18     0.0000         0.0000    
          89.430        0.10684E+19    0.10684E+19     0.0000         0.0000    
          89.465        0.12221E+19    0.12221E+19     0.0000         0.0000    
          89.500        0.13816E+19    0.13816E+19     0.0000         0.0000    
          89.534        0.15449E+19    0.15449E+19     0.0000         0.0000    
          89.569        0.17101E+19    0.17101E+19     0.0000         0.0000    
          89.604        0.18750E+19    0.18750E+19     0.0000         0.0000    
          89.638        0.20375E+19    0.20375E+19     0.0000         0.0000    
          89.673        0.21951E+19    0.21951E+19     0.0000         0.0000    
          89.707        0.23456E+19    0.23456E+19     0.0000         0.0000    
          89.742        0.24869E+19    0.24869E+19     0.0000         0.0000    
          89.777        0.26167E+19    0.26166E+19     0.0000         0.0000    
          89.811        0.27330E+19    0.27330E+19     0.0000         0.0000    
          89.846        0.28340E+19    0.28340E+19     0.0000         0.0000    
          89.881        0.29181E+19    0.29181E+19     0.0000         0.0000    
          89.915        0.29839E+19    0.29839E+19     0.0000         0.0000    
          89.950        0.30304E+19    0.30304E+19     0.0000         0.0000    
          89.984        0.30567E+19    0.30567E+19     0.0000         0.0000    
          90.019        0.30625E+19    0.30625E+19     0.0000         0.0000    
          90.054        0.30475E+19    0.30475E+19     0.0000         0.0000    
          90.088        0.30121E+19    0.30121E+19     0.0000         0.0000    
          90.123        0.29568E+19    0.29568E+19     0.0000         0.0000    
          90.158        0.28825E+19    0.28825E+19     0.0000         0.0000    
          90.192        0.27903E+19    0.27903E+19     0.0000         0.0000    
          90.227        0.26816E+19    0.26816E+19     0.0000         0.0000    
          90.261        0.25583E+19    0.25583E+19     0.0000         0.0000    
          90.296        0.24222E+19    0.24222E+19     0.0000         0.0000    
          90.331        0.22754E+19    0.22754E+19     0.0000         0.0000    
          90.365        0.21200E+19    0.21200E+19     0.0000         0.0000    
          90.400        0.19585E+19    0.19585E+19     0.0000         0.0000    
          90.435        0.17931E+19    0.17931E+19     0.0000         0.0000    
          90.469        0.16261E+19    0.16261E+19     0.0000         0.0000    
          90.504        0.14598E+19    0.14598E+19     0.0000         0.0000    
          90.538        0.12964E+19    0.12964E+19     0.0000         0.0000    
          90.573        0.11378E+19    0.11378E+19     0.0000         0.0000    
          90.608        0.98592E+18    0.98592E+18     0.0000         0.0000    
          90.642        0.84234E+18    0.84234E+18     0.0000         0.0000    
          90.677        0.70848E+18    0.70848E+18     0.0000         0.0000    
          90.712        0.58546E+18    0.58546E+18     0.0000         0.0000    
          90.746        0.47417E+18    0.47417E+18     0.0000         0.0000    
          90.781        0.37522E+18    0.37522E+18     0.0000         0.0000    
          90.815        0.28892E+18    0.28892E+18     0.0000         0.0000    
          90.850        0.21534E+18    0.21534E+18     0.0000         0.0000    


      estimated brilliance maxima, flux and flux-density of S0, S1, S2, S3:

          90.009        0.30629E+19    0.58118E+15    0.55729E+17
          90.009        0.30629E+19    0.58118E+15    0.55729E+17
          0.0000         0.0000         0.0000         0.0000    
          0.0000         0.0000         0.0000         0.0000    

      estimated brilliance maximum of S3*S3/S0:

          0.0000         0.0000    

      ---> flag IFOLD is not set, emittance effects are estimated
      from horizontal beam size [mm] and divergence [mrad]: 
         2.16000000E-04   2.47999997E-05
      vertical beam size [mm] and divergence [mrad]: 
         1.87000005E-05   4.29000011E-06


      Brilliance [photons/sec/BW/mm**2/mrad**2] with emittance

          88.080        0.76440E+16    0.76440E+16     0.0000         0.0000    
          88.115        0.97591E+16    0.97591E+16     0.0000         0.0000    
          88.149        0.12041E+17    0.12041E+17     0.0000         0.0000    
          88.184        0.14423E+17    0.14423E+17     0.0000         0.0000    
          88.218        0.16834E+17    0.16834E+17     0.0000         0.0000    
          88.253        0.19191E+17    0.19191E+17     0.0000         0.0000    
          88.288        0.21413E+17    0.21413E+17     0.0000         0.0000    
          88.322        0.23416E+17    0.23416E+17     0.0000         0.0000    
          88.357        0.25117E+17    0.25117E+17     0.0000         0.0000    
          88.392        0.26443E+17    0.26443E+17     0.0000         0.0000    
          88.426        0.27327E+17    0.27327E+17     0.0000         0.0000    
          88.461        0.27717E+17    0.27717E+17     0.0000         0.0000    
          88.495        0.27577E+17    0.27577E+17     0.0000         0.0000    
          88.530        0.26890E+17    0.26890E+17     0.0000         0.0000    
          88.565        0.25662E+17    0.25662E+17     0.0000         0.0000    
          88.599        0.23920E+17    0.23920E+17     0.0000         0.0000    
          88.634        0.21721E+17    0.21721E+17     0.0000         0.0000    
          88.669        0.19144E+17    0.19144E+17     0.0000         0.0000    
          88.703        0.16298E+17    0.16299E+17     0.0000         0.0000    
          88.738        0.13317E+17    0.13317E+17     0.0000         0.0000    
          88.772        0.10357E+17    0.10357E+17     0.0000         0.0000    
          88.807        0.75987E+16    0.75987E+16     0.0000         0.0000    
          88.842        0.52412E+16    0.52412E+16     0.0000         0.0000    
          88.876        0.34980E+16    0.34980E+16     0.0000         0.0000    
          88.911        0.25934E+16    0.25934E+16     0.0000         0.0000    
          88.946        0.27569E+16    0.27569E+16     0.0000         0.0000    
          88.980        0.42174E+16    0.42174E+16     0.0000         0.0000    
          89.015        0.71977E+16    0.71977E+16     0.0000         0.0000    
          89.049        0.11908E+17    0.11908E+17     0.0000         0.0000    
          89.084        0.18538E+17    0.18538E+17     0.0000         0.0000    
          89.119        0.27255E+17    0.27255E+17     0.0000         0.0000    
          89.153        0.38195E+17    0.38195E+17     0.0000         0.0000    
          89.188        0.51454E+17    0.51454E+17     0.0000         0.0000    
          89.223        0.67092E+17    0.67092E+17     0.0000         0.0000    
          89.257        0.85122E+17    0.85122E+17     0.0000         0.0000    
          89.292        0.10551E+18    0.10551E+18     0.0000         0.0000    
          89.326        0.12816E+18    0.12816E+18     0.0000         0.0000    
          89.361        0.15295E+18    0.15295E+18     0.0000         0.0000    
          89.396        0.17969E+18    0.17969E+18     0.0000         0.0000    
          89.430        0.20814E+18    0.20814E+18     0.0000         0.0000    
          89.465        0.23802E+18    0.23802E+18     0.0000         0.0000    
          89.500        0.26901E+18    0.26901E+18     0.0000         0.0000    
          89.534        0.30073E+18    0.30073E+18     0.0000         0.0000    
          89.569        0.33281E+18    0.33281E+18     0.0000         0.0000    
          89.604        0.36481E+18    0.36481E+18     0.0000         0.0000    
          89.638        0.39631E+18    0.39631E+18     0.0000         0.0000    
          89.673        0.42686E+18    0.42686E+18     0.0000         0.0000    
          89.707        0.45602E+18    0.45602E+18     0.0000         0.0000    
          89.742        0.48335E+18    0.48335E+18     0.0000         0.0000    
          89.777        0.50845E+18    0.50845E+18     0.0000         0.0000    
          89.811        0.53091E+18    0.53091E+18     0.0000         0.0000    
          89.846        0.55039E+18    0.55039E+18     0.0000         0.0000    
          89.881        0.56658E+18    0.56658E+18     0.0000         0.0000    
          89.915        0.57921E+18    0.57921E+18     0.0000         0.0000    
          89.950        0.58808E+18    0.58808E+18     0.0000         0.0000    
          89.984        0.59304E+18    0.59304E+18     0.0000         0.0000    
          90.019        0.59401E+18    0.59401E+18     0.0000         0.0000    
          90.054        0.59096E+18    0.59096E+18     0.0000         0.0000    
          90.088        0.58395E+18    0.58395E+18     0.0000         0.0000    
          90.123        0.57308E+18    0.57308E+18     0.0000         0.0000    
          90.158        0.55852E+18    0.55852E+18     0.0000         0.0000    
          90.192        0.54052E+18    0.54052E+18     0.0000         0.0000    
          90.227        0.51934E+18    0.51934E+18     0.0000         0.0000    
          90.261        0.49533E+18    0.49533E+18     0.0000         0.0000    
          90.296        0.46886E+18    0.46886E+18     0.0000         0.0000    
          90.331        0.44033E+18    0.44033E+18     0.0000         0.0000    
          90.365        0.41016E+18    0.41016E+18     0.0000         0.0000    
          90.400        0.37882E+18    0.37882E+18     0.0000         0.0000    
          90.435        0.34673E+18    0.34673E+18     0.0000         0.0000    
          90.469        0.31437E+18    0.31437E+18     0.0000         0.0000    
          90.504        0.28215E+18    0.28215E+18     0.0000         0.0000    
          90.538        0.25049E+18    0.25050E+18     0.0000         0.0000    
          90.573        0.21980E+18    0.21980E+18     0.0000         0.0000    
          90.608        0.19041E+18    0.19041E+18     0.0000         0.0000    
          90.642        0.16264E+18    0.16264E+18     0.0000         0.0000    
          90.677        0.13675E+18    0.13675E+18     0.0000         0.0000    
          90.712        0.11298E+18    0.11298E+18     0.0000         0.0000    
          90.746        0.91481E+17    0.91481E+17     0.0000         0.0000    
          90.781        0.72371E+17    0.72371E+17     0.0000         0.0000    
          90.815        0.55712E+17    0.55712E+17     0.0000         0.0000    
          90.850        0.41514E+17    0.41514E+17     0.0000         0.0000    


      estimated brilliance maxima, flux and flux-density of S0, S1, S2, S3
      with emittance:

          90.009        0.59414E+18    0.58118E+15    0.47341E+17
          90.009        0.59414E+18    0.58118E+15    0.47341E+17
          0.0000         0.0000         0.0000         0.0000    
          0.0000         0.0000         0.0000         0.0000    

      estimated brilliance maximum of S3*S3/S0 with emittance:

          0.0000         0.0000    

      corresponding sigmas of source size [mm]
      and divergence [mrad] without and with emittance
      (including corr. factors sigrc,sigrpc):

      L/mm, lambda/mm:    4149.60010       1.37748093E-05
      without emit.:    5.38122393E-02   4.07403447E-02
         with emit.:   0.112611666       4.42024320E-02
         (sigrf**2 = sigrxf*sigryf)


      LAST CHECK:

           BMAXGL:  0.70808125279190703     

           XBMAXGL:  -2.0501000029000616     
           YBMAXGL:   0.0000000000000000     
           ZBMAXGL:  -7.6205841763083781E-006


      CURRENT NUMBER:         214


                     --- Program WAVE completed ---



                                                   17:54:53 29.01.16

