
                                                   01:46:13 30.01.16


           *********************************************
           *          PROGRAM WAVE                     *
           *                                           *
           *          VERSION 3.03/01 13.11.2015       *
           *                                           *
           *          Michael Scheer                   *
           *              BESSY                        *
           *********************************************

      USER COMMENT:

      U49 Peter Baumgaertel                                            

      CURRENT NUMBER:         382


      USER NAMELIST:



      MODE FLAGS:

      IUNDULATOR,IWIGGLER:            1           0



      CONTROL FLAGS:


      IUNAME,IUSTEP,IUOUT:            0           0           0
      IOPTIC,IGENFUN:                 0           0
      IMAGSPLN:                   -9999
      IEMIT,IEMIAHW:                  0           0
      IWLSOPT,IBEAMPOL:               0           0
      IENELOSS, IEFIELD:             -1           0
      IPOWER,ISPEC:                   0           1
      IVELOFIELD,ISPECMODE:           0           3
         IWFILL0,IRFILL0:                      0           0
         ISPECINT,IPIN:                        0           1
         IUSEM,ISTOKES:                        0           1
         IBRILL:                               1
         IPINCIRC,IRPHI:                       0           0
         IFOLD,ISIGUSR:                        0           1
         IF1DIM,IPOLA:                         0           0
         IWFILSP0,IWFILSPF:                    0           0
         IRFILSP0,IRFILSTO:                    0           0
         IWFILSTO,IWFLSTOF:                    0           0
         ISPECANA,ISPECANAF:                   0           0
         IAMPLI,IAMPSKIP:                      0           0
         IWFILFL0,IWFILFLF:                    0           0
         IWFILS,IWFILSF:                       0           0
         IWFILSE,IWFILSEF:                     0           0
         IWFILB,IWFILBF:                       0           0
         IWFILBE,IWFILBEF:                     0           0
         IWFILINT,IPINALL:                     0           0
         IRFILOB,IFILTER:                      0           0
         IWFILRAY,IDESYNC:                     1           0
         IPHASE,IPHASEANA:                     0           0
         IDOSE,IEFOLD:                         0           0
         ISPECDIP,IBL0CUT:                     0           0
         IEFFI,IFILMUL:                        0           0
         IBUNCH:                               0
      IWFILF:                         0


      MAGNETIC FIELD FLAGS:



      ICHARGE,IBMASK,JBMASK:          -1           0           0
      IBSUPER,IBERROR:                 1           0
      ICUTFIBO:                        1

      IPERIODG,IBSYM:                 0           0
      IBSYMY,IBSYMZ:                  0           0
      KBEXTERN,KBFELD:                0           0
      KHALBA,KHALBASY:                0           0
      KUCROSS,IRFILP:                 0           0
      KMAGSEQ,IMGSQF:                 0           0
             KMAGCOR:                 1
      IRFILF,IRBTAB:                  0           0
      IRBTABZY,KELLIP:                0           1
      KBPOLYH,KBPOLY3D:               0           0
      KBREC,KELLANA:                  0           0
      KBPOLYMAG,KBGENESIS:            0           0
      KBAMWLS:                        0



      HISTOGRAM FLAGS:

      IHBOOK,IHINDEX:                 1           0


      OTHER OPTIONS:


      IWBTAB,IWFILT0:                 0           0
      IWSECTMAGS:                     0
      IJUST,ISNORDER:                 0           0
      IWBMAP,IWBPOLY3D:               0           0
      IWBPOLY2DH,IWBPHARM:            0           0


      SR BELLIP, Parameters of elliptical undulator:
      horizontal and vertical peak field [T]:   0.00000000      0.105193786    
      number of periods, period and device length [m]:
         84.0000000       4.94000018E-02   4.14960003    
      shift parameter [periods], B_h/B_v:       0.00000000       0.00000000    
      B0_eff [T], deflection parameter K:  0.105193786      0.485219121    
      1. harmonical [nm] and [eV]:   2.43110180       510.000000    
      critical energy [eV]:   207.441162    

      longitudinal position of device center [m]:   0.0000000000000000     

      scaling factor for taper:   0.0000000000000000     

  
      Subroutine photon (quantum fluctuations):
  
       number of sampling bins (NBING1)        1000
       max. photon energy normalized to characteristic energy (EECMAXG1):
          5.0000000000000000     
  

      Number of tracking steps per meter (MYINUM):         5000

      Start and end of the trajectory [m](XSTART,XSTOP):
        -2.07480001       2.07480001    

      BMOVECUT:   1.00000001E-07

      Initial energy [GeV] and gamma:    1.72200000       3369.8702546331497     
      Final energy [GeV] and gamma:      1.72200000       3369.8702546331497     
      Relative change:                   0.00000000    
      number of photons, RMS (keV) and rel. RMS of quantum fluctuation:
                 1   0.00000000       0.00000000    


      B-rho [Tm], current [A]:   -5.74397326      0.100000001    

      Offset for vert. and hori. magnetic field (BYGOFF, BZGOFF):
          0.00000000       0.00000000    
      Global scaling factor for mag. field (B0SCGLOB,A0SCGLOB):
          1.00000000       1.00000000    

      Long. shift [m] of device (X(e-) -> X(e-)+XSHIFT):    0.00000000    
      Vert. shift [m] of device (Y(e-) -> Y(e-)+VSHIFT):    0.00000000    
      Hori. shift [m] of device (Z(e-) -> Z(e-)+HSHIFT):    0.00000000    
      Rotation angle [degree] of device:                    0.00000000    
      Y(e-) -> Y(e-)*sin(XROTD) + Y(e-)*cos(XROTD)
      Z(e-) -> Z(e-)*cos(XROTD) - Y(e-)*sin(XROTD)


      Magnetic field [T] at starting point:
         0.00000000       0.00000000       0.00000000    

      Vector potential [T-m] at starting point:
         0.00000000       0.00000000       0.00000000    


      Magnetic field [T] at stopping point:
         0.00000000       0.00000000       0.00000000    

      Vector potential [T-m] at stopping point:
         0.00000000       0.00000000       0.00000000    

      Extrema of magnetic field [T] and the trajectory [m]:

      BXmax,BXmin:    0.00000000       0.00000000    
      BYmax,BYmin:   0.105185315     -0.105193786    
      BZmax,BZmin:    0.00000000       0.00000000    

      Xmax,Xmin:    2.07480001      -2.07480001    
      Ymax,Ymin:    0.00000000       0.00000000    
      Zmax,Zmin:    1.13210751E-06  -1.13194483E-06


      Extrema of magnetic field [T] and the trajectory [m] between
      XIANF and XIEND

      BXmaxAE,BXminAE:    0.00000000       0.00000000    
      BYmaxAE,BYminAE:   0.105185315     -0.105193786    
      BZmaxAE,BZminAE:    0.00000000       0.00000000    

      XmaxAE,XminAE:    2.07479978      -2.07480001    
      YmaxAE,YminAE:    0.00000000       0.00000000    
      ZmaxAE,ZminAE:    1.13210751E-06  -1.13194483E-06


      Start values (coordinates [m] and slopes) of trajectory:

      X0:   -2.0747999999999998     
      Y0:    0.0000000000000000     
      Z0:    0.0000000000000000     

      ZP0:   0.0000000000000000     
      YP0:   0.0000000000000000     

      VX0:   299792444.80029100     
      VY0:   0.0000000000000000     
      VZ0:   0.0000000000000000     

      Values for X=0 (coordinates [m] and slopes) of trajectory:

      YCEN:    0.0000000000000000     
      ZCEN:    1.1320743260885170E-006

      YPCEN:   0.0000000000000000     
      ZPCEN:   2.0361169873554856E-013

      End values (coordinates [m] and slopes) of trajectory:

      XF0:    2.0747999999999998     
      YF0:    0.0000000000000000     
      ZF0:    7.1360866582594636E-011


      ZPF0:   -4.4764782215753350E-013
      YPF0:    0.0000000000000000     

      VXF0:    299792444.80029237     
      VYF0:    0.0000000000000000     
      VZF0:   -1.3420143501413346E-004


      Values for X=XIANF (coordinates [m] and slopes) of trajectory:

      XIANF:   -1.0000000000000000E+030
      YIANF:   -9999.0000000000000     
      ZIANF:   -9999.0000000000000     

      YPIANF:  -9999.0000000000000     
      ZPIANF:  -9999.0000000000000     



      Values for X=XIEND (coordinates [m] and slopes) of trajectory:

      XIEND:    1.0000000000000000E+030
      YIEND:   -9999.0000000000000     
      ZIEND:   -9999.0000000000000     

      YPIEND:  -9999.0000000000000     
      ZPIEND:  -9999.0000000000000     


      ZF0/(XSTOP-XSTART):    1.7197047084681569E-011
      YF0/(XSTOP-XSTART):    0.0000000000000000     

      YF0-Y0:   0.0000000000000000     
      ZF0-Z0:   7.1360866582594636E-011

      YPF0-YP0:   0.0000000000000000     
      ZPF0-ZP0:  -4.4764782215753350E-013

      Straight line fit of z(x):
      offset:  -5.0160714229348080E-009
      slope:   1.7884933008213666E-011

      Straight line fit of vz(x)/vx(x):
      offset:   9.7874009660657932E-016
      slope:   3.5215126150981081E-009

      Straight line fit of y(x):
      offset:   0.0000000000000000     
      slope:   0.0000000000000000     

      Straight line fit of vy(x)/vx(x):
      offset:   0.0000000000000000     
      slope:   0.0000000000000000     

      1. magnetic integral [T-m]:    0.00000000       2.58074313E-12   0.00000000    
      2. mag. integral [T-m**2]:    0.00000000       5.11276964E-15   0.00000000    

      Integrated By**2 [T**2-m]:                      2.28225198E-02
      Energy irradiated by the device per e- [MeV]:   8.56350525E-05
      Rel. energy loss:                               4.97299979E-08
      Power irradiated by the device [kWATT]:         8.56350549E-03

      Length of trajectory (BINT0) [m]:
         4.1496000213303725     
      Integrated (YP**2+ZP**2)/2 of trajectory (WTRA2I) [m]:
         2.1329448714401239E-008
      corresponding phase advance [nm and eV]:
         204.03421579682325        6.0767353102739143     
      dE/E and corresponding dL = 2 * dE/E * L [nm]:
         1.00000005E-03   4.26588990E-02
      Circumference of the ring [m]:                 240.000000    
      Rel. change of total circumference (from BINT0):         
         8.88765520E-11
      Rel. change of total circumference (from WTRA2I):
         8.88727009E-11

      Max. and min. deflection angle [rad]:    1.43988451E-04  -1.43988480E-04


      SPECTRUM
      ===========

      Start and end of points [m] of integration for spectrum
      calculations (XIANF,XIEND):  -1.00000002E+30   1.00000002E+30


      SR WFILL0:

      Parameters:
      WGWINFC:   2646.6899088765672     
      WBL0CUT:   0.0000000000000000     
      WBL0HYS:   1.0000000000000000     

      Pinhole of collimators:
      (X,Y,Z), width, height:

        1.0000E+01  0.0000E+00  0.0000E+00  1.0000E+03  1.0000E+03
        1.0000E+01  0.0000E+00  0.0000E+00  1.0000E+03  1.0000E+03

      Number of sources:           1
      Begin and end of sources (x,y,z):

                 1  -2.07480001       0.00000000       0.00000000    
                 1   2.07480001       0.00000000       7.13608686E-11

      Horiz., vert. slopes and mag. field
      at begin and end of sources:

                 1   0.00000000       0.00000000       0.00000000    
                 1  -4.47647832E-13   0.00000000       1.32833675E-11


      SR COHEREN:
      Minimum and maximum number of phases  between
      photons and electrons:
         82.1307068       84.7258835    


       selected observation point:

          10.0000000       0.00000000       0.00000000    


      Source number, mean mag. field (sign from By), abs. mean and rel. rms
      for sources, and critical photon energy [eV] or wavelength [nm]
      (with respect to abs. mean):

           1   5.60728330E-13   6.66890144E-02  0.486472696       131.510101    

      Photon energy cut-off (SPECCUT):   0.00000000    

      Max. field and photon energy cuts for source points:

           1  0.105193838       0.00000000    

      Data-file written for program RAY
      File: wave_ray.dat                                                                                                                    
      (Device center is assumed at (0,0,0)
      Photon energy:   499.079987    


      Results of spectrum calculations
      ================================


      Reflectivity coefficients (complex):

       (  1.0000000000000000     ,  0.0000000000000000     )
       (  1.0000000000000000     ,  0.0000000000000000     )
       (  1.0000000000000000     ,  0.0000000000000000     )



      Buffer size for integration (NDWSOU):       20849

      Provided number of integration steps for each source
      (controlled by NLPOI)
      (not necessarily used)

       20747

      Bandwidth:   1.00000005E-03


      Pinhole position (x,y,z) [m]:
         10.0000000       0.00000000       0.00000000    

      Numbers defining inner vert. and hori. edges (MMEDGEY,MMEDGEZ):            0           0
      Numbers defining outerer vert. and hori. edges (MEDGEY,MEDGEZ):            1           1
      Total number of vert. and hori. points:                    73          73
      Number of vert. and horiz. points inside pinhole:          71          71

      Vertical and horizontal grid size [m]:        2.85714286E-05   2.85714286E-05
      Vertical and horizontal size [m x m]:         2.00000009E-03   2.00000009E-03
      Total vert. and horiz. size [m x m]:          2.05714279E-03   2.05714279E-03

      Photon energy or wavelength and flux through pinhole:
      (for all sources and sum)

      499.079987       2.15180747E+14   2.15180747E+14
      499.277130       2.15346573E+14   2.15346573E+14
      499.474243       2.15483140E+14   2.15483140E+14
      499.671387       2.15588618E+14   2.15588618E+14
      499.868500       2.15662153E+14   2.15662153E+14
      500.065613       2.15703945E+14   2.15703945E+14
      500.262756       2.15715286E+14   2.15715286E+14
      500.459869       2.15698677E+14   2.15698677E+14
      500.657013       2.15657690E+14   2.15657690E+14
      500.854126       2.15596990E+14   2.15596990E+14
      501.051239       2.15522214E+14   2.15522214E+14
      501.248383       2.15439787E+14   2.15439787E+14
      501.445496       2.15356707E+14   2.15356707E+14
      501.642639       2.15280354E+14   2.15280354E+14
      501.839752       2.15218194E+14   2.15218194E+14
      502.036865       2.15177409E+14   2.15177409E+14
      502.234009       2.15164591E+14   2.15164591E+14
      502.431122       2.15185411E+14   2.15185411E+14
      502.628235       2.15244249E+14   2.15244249E+14
      502.825378       2.15343805E+14   2.15343805E+14
      503.022491       2.15484767E+14   2.15484767E+14
      503.219635       2.15665558E+14   2.15665558E+14
      503.416748       2.15882001E+14   2.15882001E+14
      503.613861       2.16127083E+14   2.16127083E+14
      503.811005       2.16390871E+14   2.16390871E+14
      504.008118       2.16660330E+14   2.16660330E+14
      504.205261       2.16919353E+14   2.16919353E+14
      504.402374       2.17148799E+14   2.17148799E+14
      504.599487       2.17326637E+14   2.17326637E+14
      504.796631       2.17428139E+14   2.17428139E+14
      504.993744       2.17426243E+14   2.17426243E+14
      505.190887       2.17291925E+14   2.17291925E+14
      505.388000       2.16994649E+14   2.16994649E+14
      505.585114       2.16502876E+14   2.16502876E+14
      505.782257       2.15784710E+14   2.15784710E+14
      505.979370       2.14808478E+14   2.14808478E+14
      506.176514       2.13543425E+14   2.13543425E+14
      506.373627       2.11960361E+14   2.11960361E+14
      506.570740       2.10032373E+14   2.10032373E+14
      506.767883       2.07735489E+14   2.07735489E+14
      506.964996       2.05049272E+14   2.05049272E+14
      507.162140       2.01957449E+14   2.01957449E+14
      507.359253       1.98448427E+14   1.98448427E+14
      507.556366       1.94515680E+14   1.94515680E+14
      507.753510       1.90158184E+14   1.90158184E+14
      507.950623       1.85380620E+14   1.85380620E+14
      508.147736       1.80193524E+14   1.80193524E+14
      508.344879       1.74613288E+14   1.74613288E+14
      508.541992       1.68662158E+14   1.68662158E+14
      508.739136       1.62367883E+14   1.62367883E+14
      508.936249       1.55763515E+14   1.55763515E+14
      509.133362       1.48886887E+14   1.48886887E+14
      509.330505       1.41780142E+14   1.41780142E+14
      509.527618       1.34489007E+14   1.34489007E+14
      509.724762       1.27062178E+14   1.27062178E+14
      509.921875       1.19550473E+14   1.19550473E+14
      510.118988       1.12006036E+14   1.12006036E+14
      510.316132       1.04481480E+14   1.04481480E+14
      510.513245       9.70290322E+13   9.70290322E+13
      510.710388       8.96996706E+13   8.96996706E+13
      510.907501       8.25422837E+13   8.25422837E+13
      511.104614       7.56029000E+13   7.56029000E+13
      511.301758       6.89239910E+13   6.89239910E+13
      511.498871       6.25437793E+13   6.25437793E+13
      511.696014       5.64957272E+13   5.64957272E+13
      511.893127       5.08080622E+13   5.08080622E+13
      512.090271       4.55034630E+13   4.55034630E+13
      512.287354       4.05988117E+13   4.05988117E+13
      512.484497       3.61051099E+13   3.61051099E+13
      512.681641       3.20274872E+13   3.20274872E+13
      512.878723       2.83653398E+13   2.83653398E+13
      513.075867       2.51125668E+13   2.51125668E+13
      513.273010       2.22579277E+13   2.22579277E+13
      513.470154       1.97854799E+13   1.97854799E+13
      513.667236       1.76750886E+13   1.76750886E+13
      513.864380       1.59030308E+13   1.59030308E+13
      514.061523       1.44426108E+13   1.44426108E+13
      514.258606       1.32648408E+13   1.32648408E+13
      514.455750       1.23391244E+13   1.23391244E+13
      514.652893       1.16339392E+13   1.16339392E+13
      514.849976       1.11175134E+13   1.11175134E+13

      Estimated maximum:

         504.891571       2.17440135E+14


      Flux density for selected point:

               499.079987       8.48458489E+18   8.48458489E+18
               499.277130       1.08949893E+19   1.08949893E+19
               499.474243       1.35048989E+19   1.35048989E+19
               499.671387       1.62391094E+19   1.62391094E+19
               499.868500       1.90124692E+19   1.90124692E+19
               500.065613       2.17324916E+19   2.17324916E+19
               500.262756       2.43024263E+19   2.43024263E+19
               500.459869       2.66247356E+19   2.66247356E+19
               500.657013       2.86048835E+19   2.86048835E+19
               500.854126       3.01553027E+19   3.01553027E+19
               501.051239       3.11994715E+19   3.11994715E+19
               501.248383       3.16759031E+19   3.16759031E+19
               501.445496       3.15419715E+19   3.15419715E+19
               501.642639       3.07774085E+19   3.07774085E+19
               501.839752       2.93873444E+19   2.93873444E+19
               502.036865       2.74047644E+19   2.74047644E+19
               502.234009       2.48922638E+19   2.48922638E+19
               502.431122       2.19430217E+19   2.19430217E+19
               502.628235       1.86808895E+19   1.86808895E+19
               502.825378       1.52595457E+19   1.52595457E+19
               503.022491       1.18607101E+19   1.18607101E+19
               503.219635       8.69137444E+18   8.69137444E+18
               503.416748       5.98010960E+18   5.98010960E+18
               503.613861       3.97248878E+18   3.97248878E+18
               503.811005       2.92571578E+18   2.92571578E+18
               504.008118       3.10256783E+18   3.10256783E+18
               504.205261       4.76479081E+18   4.76479081E+18
               504.402374       8.16610530E+18   8.16610530E+18
               504.599487       1.35449981E+19   1.35449981E+19
               504.796631       2.11174864E+19   2.11174864E+19
               504.993744       3.10700612E+19   3.10700612E+19
               505.190887       4.35530014E+19   4.35530014E+19
               505.388000       5.86742461E+19   5.86742461E+19
               505.585114       7.64940531E+19   7.64940531E+19
               505.782257       9.70205454E+19   9.70205454E+19
               505.979370       1.20206413E+20   1.20206413E+20
               506.176514       1.45946746E+20   1.45946746E+20
               506.373627       1.74078217E+20   1.74078217E+20
               506.570740       2.04379719E+20   2.04379719E+20
               506.767883       2.36574282E+20   2.36574282E+20
               506.964996       2.70332456E+20   2.70332456E+20
               507.162140       3.05277099E+20   3.05277099E+20
               507.359253       3.40989483E+20   3.40989483E+20
               507.556366       3.77016345E+20   3.77016345E+20
               507.753510       4.12878227E+20   4.12878227E+20
               507.950623       4.48078432E+20   4.48078432E+20
               508.147736       4.82112873E+20   4.82112873E+20
               508.344879       5.14479962E+20   5.14479962E+20
               508.541992       5.44691024E+20   5.44691024E+20
               508.739136       5.72280321E+20   5.72280321E+20
               508.936249       5.96815052E+20   5.96815052E+20
               509.133362       6.17904424E+20   6.17904424E+20
               509.330505       6.35208239E+20   6.35208239E+20
               509.527618       6.48444318E+20   6.48444318E+20
               509.724762       6.57394519E+20   6.57394519E+20
               509.921875       6.61909870E+20   6.61909870E+20
               510.118988       6.61913529E+20   6.61913529E+20
               510.316132       6.57402963E+20   6.57402963E+20
               510.513245       6.48449807E+20   6.48449807E+20
               510.710388       6.35198458E+20   6.35198458E+20
               510.907501       6.17862766E+20   6.17862766E+20
               511.104614       5.96721743E+20   5.96721743E+20
               511.301758       5.72113336E+20   5.72113336E+20
               511.498871       5.44427141E+20   5.44427141E+20
               511.696014       5.14096031E+20   5.14096031E+20
               511.893127       4.81587113E+20   4.81587113E+20
               512.090271       4.47391598E+20   4.47391598E+20
               512.287354       4.12014838E+20   4.12014838E+20
               512.484497       3.75965810E+20   3.75965810E+20
               512.681641       3.39746982E+20   3.39746982E+20
               512.878723       3.03844215E+20   3.03844215E+20
               513.075867       2.68717739E+20   2.68717739E+20
               513.273010       2.34793495E+20   2.34793495E+20
               513.470154       2.02455715E+20   2.02455715E+20
               513.667236       1.72040620E+20   1.72040620E+20
               513.864380       1.43831400E+20   1.43831400E+20
               514.061523       1.18054511E+20   1.18054511E+20
               514.258606       9.48775445E+19   9.48775445E+19
               514.455750       7.44083939E+19   7.44083939E+19
               514.652893       5.66959872E+19   5.66959872E+19
               514.849976       4.17322409E+19   4.17322409E+19

      Estimated maximum:

         510.020599       6.62475987E+20


      Power through pinhole [W]:
      (for all sources and sum)
       2.23014736       2.23014736    


      Power density at selected point [W/m**2]:

                695410.125       695410.125    




      Photon energy or wavelength and normalized components S0, S1/S0,
      S2/S0, S3/S0 of STOKES vector and polarization for pinhole:

       4.9908E+02  2.1518E+14  9.9932E-01  1.7909E-09  1.1357E-20  9.9932E-01
       4.9928E+02  2.1535E+14  9.9934E-01 -4.8638E-09 -1.1348E-20  9.9934E-01
       4.9947E+02  2.1548E+14  9.9936E-01 -6.0657E-09 -1.3277E-20  9.9936E-01
       4.9967E+02  2.1559E+14  9.9937E-01  8.0263E-10  1.6588E-20  9.9937E-01
       4.9987E+02  2.1566E+14  9.9939E-01  3.4771E-09  8.2914E-22  9.9939E-01
       5.0007E+02  2.1570E+14  9.9941E-01 -1.5536E-09  3.3159E-21  9.9941E-01
       5.0026E+02  2.1572E+14  9.9943E-01  3.9991E-09 -9.3946E-21  9.9943E-01
       5.0046E+02  2.1570E+14  9.9945E-01 -2.0778E-09 -1.3817E-21  9.9945E-01
       5.0066E+02  2.1566E+14  9.9946E-01 -1.8509E-09 -1.2990E-20  9.9946E-01
       5.0085E+02  2.1560E+14  9.9948E-01  3.0497E-09 -9.3998E-21  9.9948E-01
       5.0105E+02  2.1552E+14  9.9949E-01 -1.6841E-09 -9.4030E-21  9.9949E-01
       5.0125E+02  2.1544E+14  9.9951E-01  1.9671E-09 -4.4266E-21  9.9951E-01
       5.0145E+02  2.1536E+14  9.9953E-01  9.1904E-10 -1.3839E-20  9.9953E-01
       5.0164E+02  2.1528E+14  9.9954E-01 -4.3426E-09  6.0911E-21  9.9954E-01
       5.0184E+02  2.1522E+14  9.9956E-01 -1.6099E-09 -6.3698E-21  9.9956E-01
       5.0204E+02  2.1518E+14  9.9957E-01  2.9400E-09 -8.3101E-21  9.9957E-01
       5.0223E+02  2.1516E+14  9.9958E-01  5.2678E-09  1.1081E-21  9.9958E-01
       5.0243E+02  2.1519E+14  9.9960E-01 -3.4182E-09  1.4404E-20  9.9960E-01
       5.0263E+02  2.1524E+14  9.9961E-01  8.6852E-11 -2.2153E-21  9.9961E-01
       5.0283E+02  2.1534E+14  9.9963E-01 -6.1551E-10 -1.4670E-20  9.9963E-01
       5.0302E+02  2.1548E+14  9.9964E-01  1.0758E-09 -3.1257E-20  9.9964E-01
       5.0322E+02  2.1567E+14  9.9965E-01 -4.6391E-09  4.1456E-21  9.9965E-01
       5.0342E+02  2.1588E+14  9.9966E-01  1.9695E-09 -6.9025E-21  9.9966E-01
       5.0361E+02  2.1613E+14  9.9968E-01  6.2466E-10  5.5157E-21  9.9968E-01
       5.0381E+02  2.1639E+14  9.9969E-01  2.9229E-09 -9.6407E-21  9.9969E-01
       5.0401E+02  2.1666E+14  9.9970E-01 -3.3287E-09 -3.8515E-21  9.9970E-01
       5.0421E+02  2.1692E+14  9.9971E-01 -4.7523E-09  1.2640E-20  9.9971E-01
       5.0440E+02  2.1715E+14  9.9972E-01 -5.6895E-09 -1.2352E-20  9.9972E-01
       5.0460E+02  2.1733E+14  9.9973E-01 -4.2312E-09 -2.1941E-21  9.9973E-01
       5.0480E+02  2.1743E+14  9.9974E-01  3.2376E-09  1.0417E-20  9.9974E-01
       5.0499E+02  2.1743E+14  9.9975E-01  3.3522E-09 -8.2241E-21  9.9975E-01
       5.0519E+02  2.1729E+14  9.9976E-01  1.0641E-08  8.7778E-21  9.9976E-01
       5.0539E+02  2.1699E+14  9.9977E-01  2.2178E-09  1.9228E-21  9.9977E-01
       5.0559E+02  2.1650E+14  9.9978E-01  2.0051E-10 -2.9733E-20  9.9978E-01
       5.0578E+02  2.1578E+14  9.9979E-01 -3.7695E-09  3.3147E-21  9.9979E-01
       5.0598E+02  2.1481E+14  9.9979E-01 -1.6633E-09 -2.7748E-21  9.9979E-01
       5.0618E+02  2.1354E+14  9.9980E-01 -6.1907E-09  5.5824E-21  9.9980E-01
       5.0637E+02  2.1196E+14  9.9981E-01  2.6125E-09 -1.4060E-21  9.9981E-01
       5.0657E+02  2.1003E+14  9.9981E-01 -1.6321E-09  1.0784E-20  9.9981E-01
       5.0677E+02  2.0774E+14  9.9982E-01 -1.0559E-09 -4.0170E-21  9.9982E-01
       5.0696E+02  2.0505E+14  9.9982E-01 -4.0547E-09  2.9068E-22  9.9982E-01
       5.0716E+02  2.0196E+14  9.9982E-01 -4.7991E-09 -1.1805E-21  9.9982E-01
       5.0736E+02  1.9845E+14  9.9983E-01  2.9209E-10 -1.0512E-20  9.9983E-01
       5.0756E+02  1.9452E+14  9.9983E-01 -6.5918E-09 -3.3707E-21  9.9983E-01
       5.0775E+02  1.9016E+14  9.9983E-01 -4.1980E-09 -1.0344E-20  9.9983E-01
       5.0795E+02  1.8538E+14  9.9983E-01  3.9693E-09 -8.3597E-21  9.9983E-01
       5.0815E+02  1.8019E+14  9.9983E-01 -9.2887E-11 -2.2162E-20  9.9983E-01
       5.0834E+02  1.7461E+14  9.9983E-01  1.0947E-09 -6.1443E-21  9.9983E-01
       5.0854E+02  1.6866E+14  9.9983E-01  1.0211E-10 -1.5196E-20  9.9983E-01
       5.0874E+02  1.6237E+14  9.9983E-01  1.2014E-09  2.2026E-21  9.9983E-01
       5.0894E+02  1.5576E+14  9.9983E-01 -3.9095E-09 -2.0281E-20  9.9983E-01
       5.0913E+02  1.4889E+14  9.9983E-01  1.1987E-08  4.0034E-21  9.9983E-01
       5.0933E+02  1.4178E+14  9.9982E-01 -3.0416E-09  5.8856E-21  9.9982E-01
       5.0953E+02  1.3449E+14  9.9982E-01  3.3244E-09 -3.5455E-21  9.9982E-01
       5.0972E+02  1.2706E+14  9.9981E-01 -3.8394E-09 -1.8764E-21  9.9981E-01
       5.0992E+02  1.1955E+14  9.9981E-01  1.1159E-08 -5.9829E-21  9.9981E-01
       5.1012E+02  1.1201E+14  9.9980E-01  8.4412E-09 -5.3216E-22  9.9980E-01
       5.1032E+02  1.0448E+14  9.9979E-01  6.0103E-10  2.6813E-20  9.9979E-01
       5.1051E+02  9.7029E+13  9.9977E-01 -1.7542E-09 -2.0272E-20  9.9977E-01
       5.1071E+02  8.9700E+13  9.9976E-01 -3.2874E-09  1.9935E-21  9.9976E-01
       5.1091E+02  8.2542E+13  9.9974E-01  4.7218E-09  1.7331E-20  9.9974E-01
       5.1110E+02  7.5603E+13  9.9973E-01 -4.4090E-09 -1.8133E-20  9.9973E-01
       5.1130E+02  6.8924E+13  9.9970E-01 -1.1487E-08 -1.6431E-20  9.9970E-01
       5.1150E+02  6.2544E+13  9.9968E-01 -2.6624E-09 -7.9100E-20  9.9968E-01
       5.1170E+02  5.6496E+13  9.9965E-01 -9.5442E-09 -2.0046E-20  9.9965E-01
       5.1189E+02  5.0808E+13  9.9962E-01 -3.8033E-09 -2.3463E-21  9.9962E-01
       5.1209E+02  4.5503E+13  9.9958E-01 -7.1199E-09  2.2268E-20  9.9958E-01
       5.1229E+02  4.0599E+13  9.9953E-01  1.3382E-08 -3.3767E-20  9.9953E-01
       5.1248E+02  3.6105E+13  9.9948E-01 -7.8810E-09  0.0000E+00  9.9948E-01
       5.1268E+02  3.2027E+13  9.9942E-01 -9.7199E-10 -3.7221E-20  9.9942E-01
       5.1288E+02  2.8365E+13  9.9935E-01  1.8575E-09 -4.2026E-21  9.9935E-01
       5.1308E+02  2.5113E+13  9.9928E-01  1.1062E-09  2.6108E-20  9.9928E-01
       5.1327E+02  2.2258E+13  9.9919E-01  7.6791E-10  1.3390E-20  9.9919E-01
       5.1347E+02  1.9785E+13  9.9910E-01  1.4413E-09 -1.2050E-20  9.9910E-01
       5.1367E+02  1.7675E+13  9.9901E-01  1.5551E-10  4.0467E-20  9.9901E-01
       5.1386E+02  1.5903E+13  9.9891E-01  2.1753E-09 -1.3868E-19  9.9891E-01
       5.1406E+02  1.4443E+13  9.9881E-01  2.7419E-09 -7.0159E-20  9.9881E-01
       5.1426E+02  1.3265E+13  9.9871E-01  3.4306E-09 -2.6961E-20  9.9871E-01
       5.1446E+02  1.2339E+13  9.9863E-01  2.4518E-09  4.3475E-20  9.9863E-01
       5.1465E+02  1.1634E+13  9.9856E-01 -3.8593E-11 -4.6110E-20  9.9856E-01
       5.1485E+02  1.1118E+13  9.9851E-01 -5.9117E-09  0.0000E+00  9.9851E-01


      Photon energy [eV] or wavelength [nm] for selected point
      of pinhole, S0, S1/S0, S2/S0, S3/S0, P of
      STOKES vector per unit area [m**2]:


           Observation point (x,y,z) [m]:
              10.0000000       0.00000000       0.00000000    

       4.9908E+02  8.4846E+18  1.0000E+00  0.0000E+00  0.0000E+00  1.0000E+00
       4.9928E+02  1.0895E+19  1.0000E+00  0.0000E+00  0.0000E+00  1.0000E+00
       4.9947E+02  1.3505E+19  1.0000E+00  0.0000E+00  0.0000E+00  1.0000E+00
       4.9967E+02  1.6239E+19  1.0000E+00  0.0000E+00  0.0000E+00  1.0000E+00
       4.9987E+02  1.9012E+19  1.0000E+00  0.0000E+00  0.0000E+00  1.0000E+00
       5.0007E+02  2.1732E+19  1.0000E+00  0.0000E+00  0.0000E+00  1.0000E+00
       5.0026E+02  2.4302E+19  1.0000E+00  0.0000E+00  0.0000E+00  1.0000E+00
       5.0046E+02  2.6625E+19  1.0000E+00  0.0000E+00  0.0000E+00  1.0000E+00
       5.0066E+02  2.8605E+19  1.0000E+00  0.0000E+00  0.0000E+00  1.0000E+00
       5.0085E+02  3.0155E+19  1.0000E+00  0.0000E+00  0.0000E+00  1.0000E+00
       5.0105E+02  3.1199E+19  1.0000E+00  0.0000E+00  0.0000E+00  1.0000E+00
       5.0125E+02  3.1676E+19  1.0000E+00  0.0000E+00  0.0000E+00  1.0000E+00
       5.0145E+02  3.1542E+19  1.0000E+00  0.0000E+00  0.0000E+00  1.0000E+00
       5.0164E+02  3.0777E+19  1.0000E+00  0.0000E+00  0.0000E+00  1.0000E+00
       5.0184E+02  2.9387E+19  1.0000E+00  0.0000E+00  0.0000E+00  1.0000E+00
       5.0204E+02  2.7405E+19  1.0000E+00  0.0000E+00  0.0000E+00  1.0000E+00
       5.0223E+02  2.4892E+19  1.0000E+00  0.0000E+00  0.0000E+00  1.0000E+00
       5.0243E+02  2.1943E+19  1.0000E+00  0.0000E+00  0.0000E+00  1.0000E+00
       5.0263E+02  1.8681E+19  1.0000E+00  0.0000E+00  0.0000E+00  1.0000E+00
       5.0283E+02  1.5260E+19  1.0000E+00  0.0000E+00  0.0000E+00  1.0000E+00
       5.0302E+02  1.1861E+19  1.0000E+00  0.0000E+00  0.0000E+00  1.0000E+00
       5.0322E+02  8.6914E+18  1.0000E+00  0.0000E+00  0.0000E+00  1.0000E+00
       5.0342E+02  5.9801E+18  1.0000E+00  0.0000E+00  0.0000E+00  1.0000E+00
       5.0361E+02  3.9725E+18  1.0000E+00  0.0000E+00  0.0000E+00  1.0000E+00
       5.0381E+02  2.9257E+18  1.0000E+00  0.0000E+00  0.0000E+00  1.0000E+00
       5.0401E+02  3.1026E+18  1.0000E+00  0.0000E+00  0.0000E+00  1.0000E+00
       5.0421E+02  4.7648E+18  1.0000E+00  0.0000E+00  0.0000E+00  1.0000E+00
       5.0440E+02  8.1661E+18  1.0000E+00  0.0000E+00  0.0000E+00  1.0000E+00
       5.0460E+02  1.3545E+19  1.0000E+00  0.0000E+00  0.0000E+00  1.0000E+00
       5.0480E+02  2.1117E+19  1.0000E+00  0.0000E+00  0.0000E+00  1.0000E+00
       5.0499E+02  3.1070E+19  1.0000E+00  0.0000E+00  0.0000E+00  1.0000E+00
       5.0519E+02  4.3553E+19  1.0000E+00  0.0000E+00  0.0000E+00  1.0000E+00
       5.0539E+02  5.8674E+19  1.0000E+00  0.0000E+00  0.0000E+00  1.0000E+00
       5.0559E+02  7.6494E+19  1.0000E+00  0.0000E+00  0.0000E+00  1.0000E+00
       5.0578E+02  9.7021E+19  1.0000E+00  0.0000E+00  0.0000E+00  1.0000E+00
       5.0598E+02  1.2021E+20  1.0000E+00  0.0000E+00  0.0000E+00  1.0000E+00
       5.0618E+02  1.4595E+20  1.0000E+00  0.0000E+00  0.0000E+00  1.0000E+00
       5.0637E+02  1.7408E+20  1.0000E+00  0.0000E+00  0.0000E+00  1.0000E+00
       5.0657E+02  2.0438E+20  1.0000E+00  0.0000E+00  0.0000E+00  1.0000E+00
       5.0677E+02  2.3657E+20  1.0000E+00  0.0000E+00  0.0000E+00  1.0000E+00
       5.0696E+02  2.7033E+20  1.0000E+00  0.0000E+00  0.0000E+00  1.0000E+00
       5.0716E+02  3.0528E+20  1.0000E+00  0.0000E+00  0.0000E+00  1.0000E+00
       5.0736E+02  3.4099E+20  1.0000E+00  0.0000E+00  0.0000E+00  1.0000E+00
       5.0756E+02  3.7702E+20  1.0000E+00  0.0000E+00  0.0000E+00  1.0000E+00
       5.0775E+02  4.1288E+20  1.0000E+00  0.0000E+00  0.0000E+00  1.0000E+00
       5.0795E+02  4.4808E+20  1.0000E+00  0.0000E+00  0.0000E+00  1.0000E+00
       5.0815E+02  4.8211E+20  1.0000E+00  0.0000E+00  0.0000E+00  1.0000E+00
       5.0834E+02  5.1448E+20  1.0000E+00  0.0000E+00  0.0000E+00  1.0000E+00
       5.0854E+02  5.4469E+20  1.0000E+00  0.0000E+00  0.0000E+00  1.0000E+00
       5.0874E+02  5.7228E+20  1.0000E+00  0.0000E+00  0.0000E+00  1.0000E+00
       5.0894E+02  5.9681E+20  1.0000E+00  0.0000E+00  0.0000E+00  1.0000E+00
       5.0913E+02  6.1790E+20  1.0000E+00  0.0000E+00  0.0000E+00  1.0000E+00
       5.0933E+02  6.3521E+20  1.0000E+00  0.0000E+00  0.0000E+00  1.0000E+00
       5.0953E+02  6.4844E+20  1.0000E+00  0.0000E+00  0.0000E+00  1.0000E+00
       5.0972E+02  6.5739E+20  1.0000E+00  0.0000E+00  0.0000E+00  1.0000E+00
       5.0992E+02  6.6191E+20  1.0000E+00  0.0000E+00  0.0000E+00  1.0000E+00
       5.1012E+02  6.6191E+20  1.0000E+00  0.0000E+00  0.0000E+00  1.0000E+00
       5.1032E+02  6.5740E+20  1.0000E+00  0.0000E+00  0.0000E+00  1.0000E+00
       5.1051E+02  6.4845E+20  1.0000E+00  0.0000E+00  0.0000E+00  1.0000E+00
       5.1071E+02  6.3520E+20  1.0000E+00  0.0000E+00  0.0000E+00  1.0000E+00
       5.1091E+02  6.1786E+20  1.0000E+00  0.0000E+00  0.0000E+00  1.0000E+00
       5.1110E+02  5.9672E+20  1.0000E+00  0.0000E+00  0.0000E+00  1.0000E+00
       5.1130E+02  5.7211E+20  1.0000E+00  0.0000E+00  0.0000E+00  1.0000E+00
       5.1150E+02  5.4443E+20  1.0000E+00  0.0000E+00  0.0000E+00  1.0000E+00
       5.1170E+02  5.1410E+20  1.0000E+00  0.0000E+00  0.0000E+00  1.0000E+00
       5.1189E+02  4.8159E+20  1.0000E+00  0.0000E+00  0.0000E+00  1.0000E+00
       5.1209E+02  4.4739E+20  1.0000E+00  0.0000E+00  0.0000E+00  1.0000E+00
       5.1229E+02  4.1201E+20  1.0000E+00  0.0000E+00  0.0000E+00  1.0000E+00
       5.1248E+02  3.7597E+20  1.0000E+00  0.0000E+00  0.0000E+00  1.0000E+00
       5.1268E+02  3.3975E+20  1.0000E+00  0.0000E+00  0.0000E+00  1.0000E+00
       5.1288E+02  3.0384E+20  1.0000E+00  0.0000E+00  0.0000E+00  1.0000E+00
       5.1308E+02  2.6872E+20  1.0000E+00  0.0000E+00  0.0000E+00  1.0000E+00
       5.1327E+02  2.3479E+20  1.0000E+00  0.0000E+00  0.0000E+00  1.0000E+00
       5.1347E+02  2.0246E+20  1.0000E+00  0.0000E+00  0.0000E+00  1.0000E+00
       5.1367E+02  1.7204E+20  1.0000E+00  0.0000E+00  0.0000E+00  1.0000E+00
       5.1386E+02  1.4383E+20  1.0000E+00  0.0000E+00  0.0000E+00  1.0000E+00
       5.1406E+02  1.1805E+20  1.0000E+00  0.0000E+00  0.0000E+00  1.0000E+00
       5.1426E+02  9.4878E+19  1.0000E+00  0.0000E+00  0.0000E+00  1.0000E+00
       5.1446E+02  7.4408E+19  1.0000E+00  0.0000E+00  0.0000E+00  1.0000E+00
       5.1465E+02  5.6696E+19  1.0000E+00  0.0000E+00  0.0000E+00  1.0000E+00
       5.1485E+02  4.1732E+19  1.0000E+00  0.0000E+00  0.0000E+00  1.0000E+00

       Total absolut maxima found for Stokes-V. (z,y,Eph,fluxdens.)

       -2.8571E-05  0.0000E+00  5.0992E+02  6.6219E+20
       -2.8571E-05  0.0000E+00  5.0992E+02  6.6219E+20
       -3.4286E-04 -3.1429E-04  4.9908E+02  2.5461E+19
        3.7143E-04  3.4286E-04  4.9908E+02  3.4093E+18


       Estimated maxima of s0, s1, s2 ,s3 for selected point:
          510.020599       6.62475987E+20
          510.020599       6.62475987E+20
          0.00000000       0.00000000    
          0.00000000       0.00000000    


       Estimated maximum of s3*s3/s0 for selected point:
          0.00000000       0.00000000    


       Estimated maxima of fluxes s0, s1, s2 ,s3:
          504.891571       2.17440135E+14
          504.895477       2.17388813E+14
          505.183716       2314402.75    
          502.998810       6.80341736E-06


       Estimated maxima of fluxes s3*s3/s0:
          511.499420       3.91323031E-25



      Brilliance calculations:
      (only meaningful for undulators)

      sigr=sqrt(2*lambda*L)/2/pi*sigrc and 
      sigrp=sqrt(lambda/2/L)*sigrpc

       sigrc,sigrpc:   1.0000000000000000        1.0000000000000000     

      make sure that the device length agrees to the length
      of the trajectory
      (for rec-fields rangrec and rangpm are substracted by program)

      Observation point:

         10.0000000       0.00000000       0.00000000    

      considered device length [m]:   4.14960003    


      Brilliance [photons/sec/BW/mm**2/mrad**2]

          499.08        0.25857E+18    0.25857E+18     0.0000         0.0000    
          499.28        0.33215E+18    0.33215E+18     0.0000         0.0000    
          499.47        0.41188E+18    0.41188E+18     0.0000         0.0000    
          499.67        0.49547E+18    0.49547E+18     0.0000         0.0000    
          499.87        0.58032E+18    0.58032E+18     0.0000         0.0000    
          500.07        0.66360E+18    0.66360E+18     0.0000         0.0000    
          500.26        0.74237E+18    0.74237E+18     0.0000         0.0000    
          500.46        0.81363E+18    0.81363E+18     0.0000         0.0000    
          500.66        0.87448E+18    0.87448E+18     0.0000         0.0000    
          500.85        0.92224E+18    0.92224E+18     0.0000         0.0000    
          501.05        0.95455E+18    0.95455E+18     0.0000         0.0000    
          501.25        0.96951E+18    0.96951E+18     0.0000         0.0000    
          501.45        0.96579E+18    0.96579E+18     0.0000         0.0000    
          501.64        0.94275E+18    0.94275E+18     0.0000         0.0000    
          501.84        0.90052E+18    0.90052E+18     0.0000         0.0000    
          502.04        0.84010E+18    0.84010E+18     0.0000         0.0000    
          502.23        0.76338E+18    0.76338E+18     0.0000         0.0000    
          502.43        0.67320E+18    0.67320E+18     0.0000         0.0000    
          502.63        0.57334E+18    0.57334E+18     0.0000         0.0000    
          502.83        0.46852E+18    0.46852E+18     0.0000         0.0000    
          503.02        0.36431E+18    0.36431E+18     0.0000         0.0000    
          503.22        0.26706E+18    0.26706E+18     0.0000         0.0000    
          503.42        0.18383E+18    0.18383E+18     0.0000         0.0000    
          503.61        0.12216E+18    0.12216E+18     0.0000         0.0000    
          503.81        0.90006E+17    0.90006E+17     0.0000         0.0000    
          504.01        0.95484E+17    0.95484E+17     0.0000         0.0000    
          504.21        0.14670E+18    0.14670E+18     0.0000         0.0000    
          504.40        0.25151E+18    0.25151E+18     0.0000         0.0000    
          504.60        0.41735E+18    0.41735E+18     0.0000         0.0000    
          504.80        0.65092E+18    0.65092E+18     0.0000         0.0000    
          504.99        0.95807E+18    0.95807E+18     0.0000         0.0000    
          505.19        0.13435E+19    0.13435E+19     0.0000         0.0000    
          505.39        0.18107E+19    0.18107E+19     0.0000         0.0000    
          505.59        0.23615E+19    0.23615E+19     0.0000         0.0000    
          505.78        0.29964E+19    0.29964E+19     0.0000         0.0000    
          505.98        0.37139E+19    0.37139E+19     0.0000         0.0000    
          506.18        0.45109E+19    0.45109E+19     0.0000         0.0000    
          506.37        0.53825E+19    0.53825E+19     0.0000         0.0000    
          506.57        0.63219E+19    0.63219E+19     0.0000         0.0000    
          506.77        0.73206E+19    0.73206E+19     0.0000         0.0000    
          506.96        0.83685E+19    0.83685E+19     0.0000         0.0000    
          507.16        0.94539E+19    0.94539E+19     0.0000         0.0000    
          507.36        0.10564E+20    0.10564E+20     0.0000         0.0000    
          507.56        0.11685E+20    0.11685E+20     0.0000         0.0000    
          507.75        0.12801E+20    0.12801E+20     0.0000         0.0000    
          507.95        0.13898E+20    0.13898E+20     0.0000         0.0000    
          508.15        0.14959E+20    0.14959E+20     0.0000         0.0000    
          508.34        0.15970E+20    0.15970E+20     0.0000         0.0000    
          508.54        0.16914E+20    0.16914E+20     0.0000         0.0000    
          508.74        0.17778E+20    0.17778E+20     0.0000         0.0000    
          508.94        0.18547E+20    0.18547E+20     0.0000         0.0000    
          509.13        0.19210E+20    0.19210E+20     0.0000         0.0000    
          509.33        0.19755E+20    0.19755E+20     0.0000         0.0000    
          509.53        0.20175E+20    0.20175E+20     0.0000         0.0000    
          509.72        0.20461E+20    0.20461E+20     0.0000         0.0000    
          509.92        0.20610E+20    0.20610E+20     0.0000         0.0000    
          510.12        0.20618E+20    0.20618E+20     0.0000         0.0000    
          510.32        0.20485E+20    0.20485E+20     0.0000         0.0000    
          510.51        0.20214E+20    0.20214E+20     0.0000         0.0000    
          510.71        0.19809E+20    0.19809E+20     0.0000         0.0000    
          510.91        0.19275E+20    0.19275E+20     0.0000         0.0000    
          511.10        0.18623E+20    0.18623E+20     0.0000         0.0000    
          511.30        0.17862E+20    0.17862E+20     0.0000         0.0000    
          511.50        0.17004E+20    0.17004E+20     0.0000         0.0000    
          511.70        0.16063E+20    0.16063E+20     0.0000         0.0000    
          511.89        0.15053E+20    0.15053E+20     0.0000         0.0000    
          512.09        0.13990E+20    0.13990E+20     0.0000         0.0000    
          512.29        0.12888E+20    0.12888E+20     0.0000         0.0000    
          512.48        0.11765E+20    0.11765E+20     0.0000         0.0000    
          512.68        0.10636E+20    0.10636E+20     0.0000         0.0000    
          512.88        0.95156E+19    0.95156E+19     0.0000         0.0000    
          513.08        0.84188E+19    0.84188E+19     0.0000         0.0000    
          513.27        0.73588E+19    0.73588E+19     0.0000         0.0000    
          513.47        0.63477E+19    0.63477E+19     0.0000         0.0000    
          513.67        0.53961E+19    0.53961E+19     0.0000         0.0000    
          513.86        0.45131E+19    0.45131E+19     0.0000         0.0000    
          514.06        0.37057E+19    0.37057E+19     0.0000         0.0000    
          514.26        0.29793E+19    0.29793E+19     0.0000         0.0000    
          514.46        0.23374E+19    0.23374E+19     0.0000         0.0000    
          514.65        0.17817E+19    0.17817E+19     0.0000         0.0000    
          514.85        0.13120E+19    0.13120E+19     0.0000         0.0000    


      estimated brilliance maxima, flux and flux-density of S0, S1, S2, S3:

          510.02        0.20631E+20    0.12193E+15    0.66248E+17
          510.02        0.20631E+20    0.12193E+15    0.66248E+17
          0.0000         0.0000         0.0000         0.0000    
          0.0000         0.0000         0.0000         0.0000    

      estimated brilliance maximum of S3*S3/S0:

          0.0000         0.0000    

      ---> flag IFOLD is not set, emittance effects are estimated
      from horizontal beam size [mm] and divergence [mrad]: 
         2.16000000E-04   2.47999997E-05
      vertical beam size [mm] and divergence [mrad]: 
         1.87000005E-05   4.29000011E-06


      Brilliance [photons/sec/BW/mm**2/mrad**2] with emittance

          499.08        0.11692E+17    0.11692E+17     0.0000         0.0000    
          499.28        0.15014E+17    0.15014E+17     0.0000         0.0000    
          499.47        0.18610E+17    0.18610E+17     0.0000         0.0000    
          499.67        0.22377E+17    0.22377E+17     0.0000         0.0000    
          499.87        0.26198E+17    0.26198E+17     0.0000         0.0000    
          500.07        0.29945E+17    0.29945E+17     0.0000         0.0000    
          500.26        0.33485E+17    0.33485E+17     0.0000         0.0000    
          500.46        0.36684E+17    0.36684E+17     0.0000         0.0000    
          500.66        0.39412E+17    0.39412E+17     0.0000         0.0000    
          500.85        0.41547E+17    0.41547E+17     0.0000         0.0000    
          501.05        0.42985E+17    0.42985E+17     0.0000         0.0000    
          501.25        0.43640E+17    0.43640E+17     0.0000         0.0000    
          501.45        0.43454E+17    0.43454E+17     0.0000         0.0000    
          501.64        0.42400E+17    0.42400E+17     0.0000         0.0000    
          501.84        0.40484E+17    0.40484E+17     0.0000         0.0000    
          502.04        0.37752E+17    0.37752E+17     0.0000         0.0000    
          502.23        0.34290E+17    0.34290E+17     0.0000         0.0000    
          502.43        0.30226E+17    0.30226E+17     0.0000         0.0000    
          502.63        0.25732E+17    0.25732E+17     0.0000         0.0000    
          502.83        0.21019E+17    0.21019E+17     0.0000         0.0000    
          503.02        0.16337E+17    0.16337E+17     0.0000         0.0000    
          503.22        0.11971E+17    0.11971E+17     0.0000         0.0000    
          503.42        0.82366E+16    0.82366E+16     0.0000         0.0000    
          503.61        0.54713E+16    0.54713E+16     0.0000         0.0000    
          503.81        0.40295E+16    0.40295E+16     0.0000         0.0000    
          504.01        0.42729E+16    0.42729E+16     0.0000         0.0000    
          504.21        0.65620E+16    0.65620E+16     0.0000         0.0000    
          504.40        0.11246E+17    0.11246E+17     0.0000         0.0000    
          504.60        0.18653E+17    0.18653E+17     0.0000         0.0000    
          504.80        0.29081E+17    0.29081E+17     0.0000         0.0000    
          504.99        0.42785E+17    0.42785E+17     0.0000         0.0000    
          505.19        0.59974E+17    0.59974E+17     0.0000         0.0000    
          505.39        0.80794E+17    0.80794E+17     0.0000         0.0000    
          505.59        0.10533E+18    0.10533E+18     0.0000         0.0000    
          505.78        0.13359E+18    0.13359E+18     0.0000         0.0000    
          505.98        0.16551E+18    0.16551E+18     0.0000         0.0000    
          506.18        0.20095E+18    0.20095E+18     0.0000         0.0000    
          506.37        0.23967E+18    0.23967E+18     0.0000         0.0000    
          506.57        0.28139E+18    0.28139E+18     0.0000         0.0000    
          506.77        0.32570E+18    0.32570E+18     0.0000         0.0000    
          506.96        0.37217E+18    0.37217E+18     0.0000         0.0000    
          507.16        0.42027E+18    0.42027E+18     0.0000         0.0000    
          507.36        0.46942E+18    0.46942E+18     0.0000         0.0000    
          507.56        0.51901E+18    0.51901E+18     0.0000         0.0000    
          507.75        0.56836E+18    0.56836E+18     0.0000         0.0000    
          507.95        0.61680E+18    0.61680E+18     0.0000         0.0000    
          508.15        0.66363E+18    0.66363E+18     0.0000         0.0000    
          508.34        0.70817E+18    0.70817E+18     0.0000         0.0000    
          508.54        0.74973E+18    0.74973E+18     0.0000         0.0000    
          508.74        0.78769E+18    0.78769E+18     0.0000         0.0000    
          508.94        0.82144E+18    0.82144E+18     0.0000         0.0000    
          509.13        0.85044E+18    0.85044E+18     0.0000         0.0000    
          509.33        0.87424E+18    0.87424E+18     0.0000         0.0000    
          509.53        0.89243E+18    0.89243E+18     0.0000         0.0000    
          509.72        0.90473E+18    0.90473E+18     0.0000         0.0000    
          509.92        0.91092E+18    0.91092E+18     0.0000         0.0000    
          510.12        0.91090E+18    0.91090E+18     0.0000         0.0000    
          510.32        0.90467E+18    0.90467E+18     0.0000         0.0000    
          510.51        0.89233E+18    0.89233E+18     0.0000         0.0000    
          510.71        0.87407E+18    0.87407E+18     0.0000         0.0000    
          510.91        0.85019E+18    0.85019E+18     0.0000         0.0000    
          511.10        0.82108E+18    0.82108E+18     0.0000         0.0000    
          511.30        0.78720E+18    0.78720E+18     0.0000         0.0000    
          511.50        0.74908E+18    0.74908E+18     0.0000         0.0000    
          511.70        0.70733E+18    0.70733E+18     0.0000         0.0000    
          511.89        0.66259E+18    0.66259E+18     0.0000         0.0000    
          512.09        0.61552E+18    0.61552E+18     0.0000         0.0000    
          512.29        0.56684E+18    0.56684E+18     0.0000         0.0000    
          512.48        0.51723E+18    0.51723E+18     0.0000         0.0000    
          512.68        0.46739E+18    0.46739E+18     0.0000         0.0000    
          512.88        0.41799E+18    0.41799E+18     0.0000         0.0000    
          513.08        0.36966E+18    0.36966E+18     0.0000         0.0000    
          513.27        0.32298E+18    0.32298E+18     0.0000         0.0000    
          513.47        0.27849E+18    0.27849E+18     0.0000         0.0000    
          513.67        0.23665E+18    0.23665E+18     0.0000         0.0000    
          513.86        0.19784E+18    0.19784E+18     0.0000         0.0000    
          514.06        0.16238E+18    0.16238E+18     0.0000         0.0000    
          514.26        0.13050E+18    0.13050E+18     0.0000         0.0000    
          514.46        0.10234E+18    0.10234E+18     0.0000         0.0000    
          514.65        0.77976E+17    0.77976E+17     0.0000         0.0000    
          514.85        0.57395E+17    0.57395E+17     0.0000         0.0000    


      estimated brilliance maxima, flux and flux-density of S0, S1, S2, S3
      with emittance:

          510.02        0.91168E+18    0.12193E+15    0.36499E+17
          510.02        0.91168E+18    0.12193E+15    0.36499E+17
          0.0000         0.0000         0.0000         0.0000    
          0.0000         0.0000         0.0000         0.0000    

      estimated brilliance maximum of S3*S3/S0 with emittance:

          0.0000         0.0000    

      corresponding sigmas of source size [mm]
      and divergence [mrad] without and with emittance
      (including corr. factors sigrc,sigrpc):

      L/mm, lambda/mm:    4149.60010       2.43100362E-06
      without emit.:    2.26063821E-02   1.71149131E-02
         with emit.:    7.98228979E-02   2.30579115E-02
         (sigrf**2 = sigrxf*sigryf)


      LAST CHECK:

           BMAXGL:  0.10519378602379439     

           XBMAXGL:  -2.0501000011275301     
           YBMAXGL:   0.0000000000000000     
           ZBMAXGL:  -1.1321279989187532E-006


      CURRENT NUMBER:         382


                     --- Program WAVE completed ---



                                                   01:50:07 30.01.16

