
                                                   02:31:17 30.01.16


           *********************************************
           *          PROGRAM WAVE                     *
           *                                           *
           *          VERSION 3.03/01 13.11.2015       *
           *                                           *
           *          Michael Scheer                   *
           *              BESSY                        *
           *********************************************

      USER COMMENT:

      U49 Peter Baumgaertel                                            

      CURRENT NUMBER:         398


      USER NAMELIST:



      MODE FLAGS:

      IUNDULATOR,IWIGGLER:            1           0



      CONTROL FLAGS:


      IUNAME,IUSTEP,IUOUT:            0           0           0
      IOPTIC,IGENFUN:                 0           0
      IMAGSPLN:                   -9999
      IEMIT,IEMIAHW:                  0           0
      IWLSOPT,IBEAMPOL:               0           0
      IENELOSS, IEFIELD:             -1           0
      IPOWER,ISPEC:                   0           1
      IVELOFIELD,ISPECMODE:           0           3
         IWFILL0,IRFILL0:                      0           0
         ISPECINT,IPIN:                        0           1
         IUSEM,ISTOKES:                        0           1
         IBRILL:                               1
         IPINCIRC,IRPHI:                       0           0
         IFOLD,ISIGUSR:                        0           1
         IF1DIM,IPOLA:                         0           0
         IWFILSP0,IWFILSPF:                    0           0
         IRFILSP0,IRFILSTO:                    0           0
         IWFILSTO,IWFLSTOF:                    0           0
         ISPECANA,ISPECANAF:                   0           0
         IAMPLI,IAMPSKIP:                      0           0
         IWFILFL0,IWFILFLF:                    0           0
         IWFILS,IWFILSF:                       0           0
         IWFILSE,IWFILSEF:                     0           0
         IWFILB,IWFILBF:                       0           0
         IWFILBE,IWFILBEF:                     0           0
         IWFILINT,IPINALL:                     0           0
         IRFILOB,IFILTER:                      0           0
         IWFILRAY,IDESYNC:                     1           0
         IPHASE,IPHASEANA:                     0           0
         IDOSE,IEFOLD:                         0           0
         ISPECDIP,IBL0CUT:                     0           0
         IEFFI,IFILMUL:                        0           0
         IBUNCH:                               0
      IWFILF:                         0


      MAGNETIC FIELD FLAGS:



      ICHARGE,IBMASK,JBMASK:          -1           0           0
      IBSUPER,IBERROR:                 1           0
      ICUTFIBO:                        1

      IPERIODG,IBSYM:                 0           0
      IBSYMY,IBSYMZ:                  0           0
      KBEXTERN,KBFELD:                0           0
      KHALBA,KHALBASY:                0           0
      KUCROSS,IRFILP:                 0           0
      KMAGSEQ,IMGSQF:                 0           0
             KMAGCOR:                 1
      IRFILF,IRBTAB:                  0           0
      IRBTABZY,KELLIP:                0           1
      KBPOLYH,KBPOLY3D:               0           0
      KBREC,KELLANA:                  0           0
      KBPOLYMAG,KBGENESIS:            0           0
      KBAMWLS:                        0



      HISTOGRAM FLAGS:

      IHBOOK,IHINDEX:                 1           0


      OTHER OPTIONS:


      IWBTAB,IWFILT0:                 0           0
      IWSECTMAGS:                     0
      IJUST,ISNORDER:                 0           0
      IWBMAP,IWBPOLY3D:               0           0
      IWBPOLY2DH,IWBPHARM:            0           0


      SR BELLIP, Parameters of elliptical undulator:
      horizontal and vertical peak field [T]:   0.00000000       5.85191064E-02
      number of periods, period and device length [m]:
         84.0000000       4.94000018E-02   4.14960003    
      shift parameter [periods], B_h/B_v:       0.00000000       0.00000000    
      B0_eff [T], deflection parameter K:   5.85191064E-02  0.269926488    
      1. harmonical [nm] and [eV]:   2.25429440       550.000000    
      critical energy [eV]:   115.399132    

      longitudinal position of device center [m]:   0.0000000000000000     

      scaling factor for taper:   0.0000000000000000     

  
      Subroutine photon (quantum fluctuations):
  
       number of sampling bins (NBING1)        1000
       max. photon energy normalized to characteristic energy (EECMAXG1):
          5.0000000000000000     
  

      Number of tracking steps per meter (MYINUM):         5000

      Start and end of the trajectory [m](XSTART,XSTOP):
        -2.07480001       2.07480001    

      BMOVECUT:   1.00000001E-07

      Initial energy [GeV] and gamma:    1.72200000       3369.8702546331497     
      Final energy [GeV] and gamma:      1.72200000       3369.8702546331497     
      Relative change:                   0.00000000    
      number of photons, RMS (keV) and rel. RMS of quantum fluctuation:
                 1   0.00000000       0.00000000    


      B-rho [Tm], current [A]:   -5.74397326      0.100000001    

      Offset for vert. and hori. magnetic field (BYGOFF, BZGOFF):
          0.00000000       0.00000000    
      Global scaling factor for mag. field (B0SCGLOB,A0SCGLOB):
          1.00000000       1.00000000    

      Long. shift [m] of device (X(e-) -> X(e-)+XSHIFT):    0.00000000    
      Vert. shift [m] of device (Y(e-) -> Y(e-)+VSHIFT):    0.00000000    
      Hori. shift [m] of device (Z(e-) -> Z(e-)+HSHIFT):    0.00000000    
      Rotation angle [degree] of device:                    0.00000000    
      Y(e-) -> Y(e-)*sin(XROTD) + Y(e-)*cos(XROTD)
      Z(e-) -> Z(e-)*cos(XROTD) - Y(e-)*sin(XROTD)


      Magnetic field [T] at starting point:
         0.00000000       0.00000000       0.00000000    

      Vector potential [T-m] at starting point:
         0.00000000       0.00000000       0.00000000    


      Magnetic field [T] at stopping point:
         0.00000000       0.00000000       0.00000000    

      Vector potential [T-m] at stopping point:
         0.00000000       0.00000000       0.00000000    

      Extrema of magnetic field [T] and the trajectory [m]:

      BXmax,BXmin:    0.00000000       0.00000000    
      BYmax,BYmin:    5.85143901E-02  -5.85191064E-02
      BZmax,BZmin:    0.00000000       0.00000000    

      Xmax,Xmin:    2.07480001      -2.07480001    
      Ymax,Ymin:    0.00000000       0.00000000    
      Zmax,Zmin:    6.29751412E-07  -6.29756357E-07


      Extrema of magnetic field [T] and the trajectory [m] between
      XIANF and XIEND

      BXmaxAE,BXminAE:    0.00000000       0.00000000    
      BYmaxAE,BYminAE:    5.85143901E-02  -5.85191064E-02
      BZmaxAE,BZminAE:    0.00000000       0.00000000    

      XmaxAE,XminAE:    2.07479978      -2.07480001    
      YmaxAE,YminAE:    0.00000000       0.00000000    
      ZmaxAE,ZminAE:    6.29751412E-07  -6.29756357E-07


      Start values (coordinates [m] and slopes) of trajectory:

      X0:   -2.0747999999999998     
      Y0:    0.0000000000000000     
      Z0:    0.0000000000000000     

      ZP0:   0.0000000000000000     
      YP0:   0.0000000000000000     

      VX0:   299792444.80029100     
      VY0:   0.0000000000000000     
      VZ0:   0.0000000000000000     

      Values for X=0 (coordinates [m] and slopes) of trajectory:

      YCEN:    0.0000000000000000     
      ZCEN:    6.2972251862598057E-007

      YPCEN:   0.0000000000000000     
      ZPCEN:   1.0453087391812274E-013

      End values (coordinates [m] and slopes) of trajectory:

      XF0:    2.0747999999999998     
      YF0:    0.0000000000000000     
      ZF0:   -6.0181311210521544E-011


      ZPF0:   -2.3213718075762200E-013
      YPF0:    0.0000000000000000     

      VXF0:    299792444.80029202     
      VYF0:    0.0000000000000000     
      VZF0:   -6.9592972948374801E-005


      Values for X=XIANF (coordinates [m] and slopes) of trajectory:

      XIANF:   -1.0000000000000000E+030
      YIANF:   -9999.0000000000000     
      ZIANF:   -9999.0000000000000     

      YPIANF:  -9999.0000000000000     
      ZPIANF:  -9999.0000000000000     



      Values for X=XIEND (coordinates [m] and slopes) of trajectory:

      XIEND:    1.0000000000000000E+030
      YIEND:   -9999.0000000000000     
      ZIEND:   -9999.0000000000000     

      YPIEND:  -9999.0000000000000     
      ZPIEND:  -9999.0000000000000     


      ZF0/(XSTOP-XSTART):   -1.4502918645296305E-011
      YF0/(XSTOP-XSTART):    0.0000000000000000     

      YF0-Y0:   0.0000000000000000     
      ZF0-Z0:  -6.0181311210521544E-011

      YPF0-YP0:   0.0000000000000000     
      ZPF0-ZP0:  -2.3213718075762200E-013

      Straight line fit of z(x):
      offset:  -2.8387325209725996E-009
      slope:  -1.4286006490196801E-011

      Straight line fit of vz(x)/vx(x):
      offset:  -4.6399494412038028E-017
      slope:   1.9590132619166849E-009

      Straight line fit of y(x):
      offset:   0.0000000000000000     
      slope:   0.0000000000000000     

      Straight line fit of vy(x)/vx(x):
      offset:   0.0000000000000000     
      slope:   0.0000000000000000     

      1. magnetic integral [T-m]:    0.00000000       1.33140276E-12   0.00000000    
      2. mag. integral [T-m**2]:    0.00000000       9.82050423E-16   0.00000000    

      Integrated By**2 [T**2-m]:                      7.06283096E-03
      Energy irradiated by the device per e- [MeV]:   2.65012768E-05
      Rel. energy loss:                               1.53898245E-08
      Power irradiated by the device [kWATT]:         2.65012775E-03

      Length of trajectory (BINT0) [m]:
         4.1496000066014833     
      Integrated (YP**2+ZP**2)/2 of trajectory (WTRA2I) [m]:
         6.6007744784172265E-009
      corresponding phase advance [nm and eV]:
         189.30554156083923        6.5495278871069678     
      dE/E and corresponding dL = 2 * dE/E * L [nm]:
         1.00000005E-03   1.32015487E-02
      Circumference of the ring [m]:                 240.000000    
      Rel. change of total circumference (from BINT0):         
         2.75061831E-11
      Rel. change of total circumference (from WTRA2I):
         2.75032271E-11

      Max. and min. deflection angle [rad]:    8.01005081E-05  -8.01005226E-05


      SPECTRUM
      ===========

      Start and end of points [m] of integration for spectrum
      calculations (XIANF,XIEND):  -1.00000002E+30   1.00000002E+30


      SR WFILL0:

      Parameters:
      WGWINFC:   2646.6899088765672     
      WBL0CUT:   0.0000000000000000     
      WBL0HYS:   1.0000000000000000     

      Pinhole of collimators:
      (X,Y,Z), width, height:

        1.0000E+01  0.0000E+00  0.0000E+00  1.0000E+03  1.0000E+03
        1.0000E+01  0.0000E+00  0.0000E+00  1.0000E+03  1.0000E+03

      Number of sources:           1
      Begin and end of sources (x,y,z):

                 1  -2.07480001       0.00000000       0.00000000    
                 1   2.07480001       0.00000000      -6.01813113E-11

      Horiz., vert. slopes and mag. field
      at begin and end of sources:

                 1   0.00000000       0.00000000       0.00000000    
                 1  -2.32137172E-13   0.00000000       6.36111303E-12


      SR COHEREN:
      Minimum and maximum number of phases  between
      photons and electrons:
         82.1791534       84.7747803    


       selected observation point:

          10.0000000       0.00000000       0.00000000    


      Source number, mean mag. field (sign from By), abs. mean and rel. rms
      for sources, and critical photon energy [eV] or wavelength [nm]
      (with respect to abs. mean):

           1   3.20012246E-13   3.70989740E-02  0.486472696       73.1588287    

      Photon energy cut-off (SPECCUT):   0.00000000    

      Max. field and photon energy cuts for source points:

           1   5.85191362E-02   0.00000000    

      Data-file written for program RAY
      File: wave_ray.dat                                                                                                                    
      (Device center is assumed at (0,0,0)
      Photon energy:   538.229980    


      Results of spectrum calculations
      ================================


      Reflectivity coefficients (complex):

       (  1.0000000000000000     ,  0.0000000000000000     )
       (  1.0000000000000000     ,  0.0000000000000000     )
       (  1.0000000000000000     ,  0.0000000000000000     )



      Buffer size for integration (NDWSOU):       20849

      Provided number of integration steps for each source
      (controlled by NLPOI)
      (not necessarily used)

       20747

      Bandwidth:   1.00000005E-03


      Pinhole position (x,y,z) [m]:
         10.0000000       0.00000000       0.00000000    

      Numbers defining inner vert. and hori. edges (MMEDGEY,MMEDGEZ):            0           0
      Numbers defining outerer vert. and hori. edges (MEDGEY,MEDGEZ):            1           1
      Total number of vert. and hori. points:                    73          73
      Number of vert. and horiz. points inside pinhole:          71          71

      Vertical and horizontal grid size [m]:        2.85714286E-05   2.85714286E-05
      Vertical and horizontal size [m x m]:         2.00000009E-03   2.00000009E-03
      Total vert. and horiz. size [m x m]:          2.05714279E-03   2.05714279E-03

      Photon energy or wavelength and flux through pinhole:
      (for all sources and sum)

      538.229980       7.47052519E+13   7.47052519E+13
      538.442505       7.47598030E+13   7.47598030E+13
      538.655029       7.48042710E+13   7.48042710E+13
      538.867493       7.48380100E+13   7.48380100E+13
      539.080017       7.48607095E+13   7.48607095E+13
      539.292480       7.48724284E+13   7.48724284E+13
      539.505005       7.48735944E+13   7.48735944E+13
      539.717529       7.48650632E+13   7.48650632E+13
      539.929993       7.48480595E+13   7.48480595E+13
      540.142517       7.48241855E+13   7.48241855E+13
      540.354980       7.47953875E+13   7.47953875E+13
      540.567505       7.47638798E+13   7.47638798E+13
      540.780029       7.47320954E+13   7.47320954E+13
      540.992493       7.47025843E+13   7.47025843E+13
      541.205017       7.46779218E+13   7.46779218E+13
      541.417480       7.46606161E+13   7.46606161E+13
      541.630005       7.46529405E+13   7.46529405E+13
      541.842529       7.46568915E+13   7.46568915E+13
      542.054993       7.46739707E+13   7.46739707E+13
      542.267517       7.47051428E+13   7.47051428E+13
      542.479980       7.47506510E+13   7.47506510E+13
      542.692505       7.48099585E+13   7.48099585E+13
      542.905029       7.48816391E+13   7.48816391E+13
      543.117493       7.49632771E+13   7.49632771E+13
      543.330017       7.50514329E+13   7.50514329E+13
      543.542480       7.51416189E+13   7.51416189E+13
      543.755005       7.52282564E+13   7.52282564E+13
      543.967529       7.53047270E+13   7.53047270E+13
      544.179993       7.53634053E+13   7.53634053E+13
      544.392517       7.53957350E+13   7.53957350E+13
      544.604980       7.53923544E+13   7.53923544E+13
      544.817505       7.53432139E+13   7.53432139E+13
      545.030029       7.52377439E+13   7.52377439E+13
      545.242493       7.50650225E+13   7.50650225E+13
      545.455017       7.48140018E+13   7.48140018E+13
      545.667480       7.44737263E+13   7.44737263E+13
      545.880005       7.40335509E+13   7.40335509E+13
      546.092529       7.34833588E+13   7.34833588E+13
      546.304993       7.28138472E+13   7.28138472E+13
      546.517517       7.20167114E+13   7.20167114E+13
      546.729980       7.10848796E+13   7.10848796E+13
      546.942505       7.00127149E+13   7.00127149E+13
      547.155029       6.87962115E+13   6.87962115E+13
      547.367493       6.74331089E+13   6.74331089E+13
      547.580017       6.59230588E+13   6.59230588E+13
      547.792480       6.42676760E+13   6.42676760E+13
      548.005005       6.24706013E+13   6.24706013E+13
      548.217529       6.05375179E+13   6.05375179E+13
      548.429993       5.84761056E+13   5.84761056E+13
      548.642517       5.62959735E+13   5.62959735E+13
      548.854980       5.40085469E+13   5.40085469E+13
      549.067505       5.16269120E+13   5.16269120E+13
      549.280029       4.91656399E+13   4.91656399E+13
      549.492493       4.66405430E+13   4.66405430E+13
      549.705017       4.40684574E+13   4.40684574E+13
      549.917480       4.14669529E+13   4.14669529E+13
      550.130005       3.88540609E+13   3.88540609E+13
      550.342529       3.62479763E+13   3.62479763E+13
      550.554993       3.36667492E+13   3.36667492E+13
      550.767517       3.11280104E+13   3.11280104E+13
      550.979980       2.86486650E+13   2.86486650E+13
      551.192505       2.62446388E+13   2.62446388E+13
      551.405029       2.39306162E+13   2.39306162E+13
      551.617493       2.17198258E+13   2.17198258E+13
      551.830017       1.96238503E+13   1.96238503E+13
      552.042480       1.76524624E+13   1.76524624E+13
      552.255005       1.58135254E+13   1.58135254E+13
      552.467529       1.41128966E+13   1.41128966E+13
      552.679993       1.25544054E+13   1.25544054E+13
      552.892517       1.11398502E+13   1.11398502E+13
      553.104980       9.86905156E+12   9.86905156E+12
      553.317505       8.73993024E+12   8.73993024E+12
      553.530029       7.74863113E+12   7.74863113E+12
      553.742493       6.88967018E+12   6.88967018E+12
      553.955017       6.15611682E+12   6.15611682E+12
      554.167480       5.53979426E+12   5.53979426E+12
      554.380005       5.03149652E+12   5.03149652E+12
      554.592529       4.62122176E+12   4.62122176E+12
      554.804993       4.29840715E+12   4.29840715E+12
      555.017517       4.05216428E+12   4.05216428E+12
      555.229980       3.87151325E+12   3.87151325E+12

      Estimated maximum:

         544.478638       7.53986710E+13


      Flux density for selected point:

               538.229980       3.17684698E+18   3.17684698E+18
               538.442505       4.07813728E+18   4.07813728E+18
               538.655029       5.05374797E+18   5.05374797E+18
               538.867493       6.07554776E+18   6.07554776E+18
               539.080017       7.11170058E+18   7.11170058E+18
               539.292480       8.12763998E+18   8.12763998E+18
               539.505005       9.08721896E+18   9.08721896E+18
               539.717529       9.95401071E+18   9.95401071E+18
               539.929993       1.06927165E+19   1.06927165E+19
               540.142517       1.12706550E+19   1.12706550E+19
               540.354980       1.16592763E+19   1.16592763E+19
               540.567505       1.18356500E+19   1.18356500E+19
               540.780029       1.17839004E+19   1.17839004E+19
               540.992493       1.14965002E+19   1.14965002E+19
               541.205017       1.09754053E+19   1.09754053E+19
               541.417480       1.02329733E+19   1.02329733E+19
               541.630005       9.29261378E+18   9.29261378E+18
               541.842529       8.18914941E+18   8.18914941E+18
               542.054993       6.96884543E+18   6.96884543E+18
               542.267517       5.68909581E+18   5.68909581E+18
               542.479980       4.41775306E+18   4.41775306E+18
               542.692505       3.23209387E+18   3.23209387E+18
               542.905029       2.21744063E+18   2.21744063E+18
               543.117493       1.46545329E+18   1.46545329E+18
               543.330017       1.07212520E+18   1.07212520E+18
               543.542480       1.13552331E+18   1.13552331E+18
               543.755005       1.75332550E+18   1.75332550E+18
               543.967529       3.02021193E+18   3.02021193E+18
               544.179993       5.02517661E+18   5.02517661E+18
               544.392517       7.84883187E+18   7.84883187E+18
               544.604980       1.15607743E+19   1.15607743E+19
               544.817505       1.62170961E+19   1.62170961E+19
               545.030029       2.18580976E+19   2.18580976E+19
               545.242493       2.85062991E+19   2.85062991E+19
               545.455017       3.61647780E+19   3.61647780E+19
               545.667480       4.48159400E+19   4.48159400E+19
               545.880005       5.44207062E+19   5.44207062E+19
               546.092529       6.49182319E+19   6.49182319E+19
               546.304993       7.62261065E+19   7.62261065E+19
               546.517517       8.82410770E+19   8.82410770E+19
               546.729980       1.00840354E+20   1.00840354E+20
               546.942505       1.13883342E+20   1.13883342E+20
               547.155029       1.27213882E+20   1.27213882E+20
               547.367493       1.40663003E+20   1.40663003E+20
               547.580017       1.54051888E+20   1.54051888E+20
               547.792480       1.67195327E+20   1.67195327E+20
               548.005005       1.79905294E+20   1.79905294E+20
               548.217529       1.91994680E+20   1.91994680E+20
               548.429993       2.03281158E+20   2.03281158E+20
               548.642517       2.13590988E+20   2.13590988E+20
               548.854980       2.22762586E+20   2.22762586E+20
               549.067505       2.30650078E+20   2.30650078E+20
               549.280029       2.37126395E+20   2.37126395E+20
               549.492493       2.42086055E+20   2.42086055E+20
               549.705017       2.45447482E+20   2.45447482E+20
               549.917480       2.47154821E+20   2.47154821E+20
               550.130005       2.47179133E+20   2.47179133E+20
               550.342529       2.45519134E+20   2.45519134E+20
               550.554993       2.42201231E+20   2.42201231E+20
               550.767517       2.37278884E+20   2.37278884E+20
               550.979980       2.30831577E+20   2.30831577E+20
               551.192505       2.22963014E+20   2.22963014E+20
               551.405029       2.13798910E+20   2.13798910E+20
               551.617493       2.03484277E+20   2.03484277E+20
               551.830017       1.92180330E+20   1.92180330E+20
               552.042480       1.80061020E+20   1.80061020E+20
               552.255005       1.67309412E+20   1.67309412E+20
               552.467529       1.54113865E+20   1.54113865E+20
               552.679993       1.40664147E+20   1.40664147E+20
               552.892517       1.27147648E+20   1.27147648E+20
               553.104980       1.13745665E+20   1.13745665E+20
               553.317505       1.00629961E+20   1.00629961E+20
               553.530029       8.79596020E+19   8.79596020E+19
               553.742493       7.58781419E+19   7.58781419E+19
               553.955017       6.45113027E+19   6.45113027E+19
               554.167480       5.39650510E+19   5.39650510E+19
               554.380005       4.43242648E+19   4.43242648E+19
               554.592529       3.56518756E+19   3.56518756E+19
               554.804993       2.79886006E+19   2.79886006E+19
               555.017517       2.13531513E+19   2.13531513E+19
               555.229980       1.57429988E+19   1.57429988E+19

      Estimated maximum:

         550.026794       2.47377679E+20


      Power through pinhole [W]:
      (for all sources and sum)
      0.788726807      0.788726807    


      Power density at selected point [W/m**2]:

                266621.219       266621.219    




      Photon energy or wavelength and normalized components S0, S1/S0,
      S2/S0, S3/S0 of STOKES vector and polarization for pinhole:

       5.3823E+02  7.4705E+13  9.9936E-01  2.1474E-09 -4.9867E-21  9.9936E-01
       5.3844E+02  7.4760E+13  9.9937E-01 -8.7407E-10 -5.9796E-22  9.9937E-01
       5.3866E+02  7.4804E+13  9.9939E-01  3.0394E-09  1.9920E-21  9.9939E-01
       5.3887E+02  7.4838E+13  9.9941E-01  2.4140E-09 -4.3805E-21  9.9941E-01
       5.3908E+02  7.4861E+13  9.9943E-01  9.7176E-10 -8.9573E-21  9.9943E-01
       5.3929E+02  7.4872E+13  9.9944E-01  2.6764E-10 -7.1647E-21  9.9944E-01
       5.3951E+02  7.4874E+13  9.9946E-01 -1.0955E-09  1.0548E-20  9.9946E-01
       5.3972E+02  7.4865E+13  9.9948E-01  3.2513E-09  3.1846E-21  9.9948E-01
       5.3993E+02  7.4848E+13  9.9949E-01  1.7024E-09 -1.9909E-22  9.9949E-01
       5.4014E+02  7.4824E+13  9.9951E-01  9.0771E-10 -8.5634E-21  9.9951E-01
       5.4035E+02  7.4795E+13  9.9952E-01 -1.2909E-09 -1.7930E-21  9.9952E-01
       5.4057E+02  7.4764E+13  9.9954E-01  2.4928E-09  6.1786E-21  9.9954E-01
       5.4078E+02  7.4732E+13  9.9955E-01 -1.4247E-09 -9.5709E-21  9.9955E-01
       5.4099E+02  7.4703E+13  9.9956E-01  1.3049E-09 -1.8152E-20  9.9956E-01
       5.4121E+02  7.4678E+13  9.9958E-01 -3.8705E-09 -8.3806E-21  9.9958E-01
       5.4142E+02  7.4661E+13  9.9959E-01  7.6441E-10  8.5822E-21  9.9959E-01
       5.4163E+02  7.4653E+13  9.9960E-01  7.4401E-10 -8.1838E-21  9.9960E-01
       5.4184E+02  7.4657E+13  9.9962E-01 -1.4235E-10  5.3891E-21  9.9962E-01
       5.4205E+02  7.4674E+13  9.9963E-01 -2.9262E-09 -1.6164E-20  9.9963E-01
       5.4227E+02  7.4705E+13  9.9964E-01 -2.3723E-09  7.4800E-21  9.9964E-01
       5.4248E+02  7.4751E+13  9.9966E-01  5.3502E-10  2.4918E-21  9.9966E-01
       5.4269E+02  7.4810E+13  9.9967E-01  2.6749E-09 -1.3943E-21  9.9967E-01
       5.4291E+02  7.4882E+13  9.9968E-01  2.4579E-10 -4.5769E-21  9.9968E-01
       5.4312E+02  7.4963E+13  9.9969E-01  4.7272E-10 -7.7524E-21  9.9969E-01
       5.4333E+02  7.5051E+13  9.9970E-01  1.8468E-09 -2.1840E-21  9.9970E-01
       5.4354E+02  7.5142E+13  9.9971E-01 -4.9066E-10  3.2721E-21  9.9971E-01
       5.4376E+02  7.5228E+13  9.9972E-01 -1.6953E-09 -1.9808E-21  9.9972E-01
       5.4397E+02  7.5305E+13  9.9973E-01 -3.0664E-09 -4.1554E-21  9.9973E-01
       5.4418E+02  7.5363E+13  9.9974E-01  9.9942E-10  1.9772E-22  9.9974E-01
       5.4439E+02  7.5396E+13  9.9975E-01  4.1127E-09  7.9056E-22  9.9975E-01
       5.4460E+02  7.5392E+13  9.9976E-01 -1.5137E-09 -3.4588E-21  9.9976E-01
       5.4482E+02  7.5343E+13  9.9977E-01  1.5188E-09  1.1471E-20  9.9977E-01
       5.4503E+02  7.5238E+13  9.9978E-01  2.5173E-09 -1.3864E-21  9.9978E-01
       5.4524E+02  7.5065E+13  9.9979E-01 -8.5161E-09  3.1762E-21  9.9979E-01
       5.4546E+02  7.4814E+13  9.9979E-01 -4.5829E-09  3.8839E-21  9.9979E-01
       5.4567E+02  7.4474E+13  9.9980E-01 -5.4183E-10 -2.7012E-21  9.9980E-01
       5.4588E+02  7.4034E+13  9.9981E-01 -3.7024E-10 -6.9440E-21  9.9981E-01
       5.4609E+02  7.3483E+13  9.9981E-01 -1.6810E-10  3.3459E-21  9.9981E-01
       5.4630E+02  7.2814E+13  9.9982E-01 -1.6027E-09  8.2882E-21  9.9982E-01
       5.4652E+02  7.2017E+13  9.9982E-01 -2.4996E-09  3.1037E-21  9.9982E-01
       5.4673E+02  7.1085E+13  9.9983E-01 -1.1353E-09  1.1529E-21  9.9983E-01
       5.4694E+02  7.0013E+13  9.9983E-01 -1.4556E-09 -2.9797E-21  9.9983E-01
       5.4716E+02  6.8796E+13  9.9983E-01  3.2785E-09  5.3067E-21  9.9983E-01
       5.4737E+02  6.7433E+13  9.9983E-01  1.8301E-09  4.9720E-21  9.9983E-01
       5.4758E+02  6.5923E+13  9.9984E-01  6.4158E-10 -6.7812E-22  9.9984E-01
       5.4779E+02  6.4268E+13  9.9984E-01 -1.5757E-09 -2.3186E-21  9.9984E-01
       5.4801E+02  6.2471E+13  9.9984E-01  2.8276E-09 -5.9633E-21  9.9984E-01
       5.4822E+02  6.0538E+13  9.9984E-01  7.4388E-09  2.0923E-21  9.9984E-01
       5.4843E+02  5.8476E+13  9.9984E-01 -1.6031E-09  2.1660E-21  9.9984E-01
       5.4864E+02  5.6296E+13  9.9984E-01  8.9041E-09  7.9408E-22  9.9984E-01
       5.4885E+02  5.4009E+13  9.9983E-01 -5.9657E-10  6.6217E-21  9.9983E-01
       5.4907E+02  5.1627E+13  9.9983E-01 -8.1521E-10  1.0391E-20  9.9983E-01
       5.4928E+02  4.9166E+13  9.9983E-01  1.8392E-09  5.4555E-21  9.9983E-01
       5.4949E+02  4.6641E+13  9.9982E-01 -7.9146E-10  5.2716E-21  9.9982E-01
       5.4971E+02  4.4068E+13  9.9981E-01 -1.1947E-09 -1.3525E-21  9.9981E-01
       5.4992E+02  4.1467E+13  9.9981E-01  4.8829E-09 -1.0781E-21  9.9981E-01
       5.5013E+02  3.8854E+13  9.9980E-01 -2.6929E-09  3.6434E-21  9.9980E-01
       5.5034E+02  3.6248E+13  9.9979E-01  8.0338E-09  1.1305E-20  9.9979E-01
       5.5055E+02  3.3667E+13  9.9978E-01  2.6940E-09 -6.1965E-21  9.9978E-01
       5.5077E+02  3.1128E+13  9.9976E-01 -3.8677E-09 -1.4361E-21  9.9976E-01
       5.5098E+02  2.8649E+13  9.9975E-01  3.7241E-09  7.8020E-22  9.9975E-01
       5.5119E+02  2.6245E+13  9.9973E-01 -2.0803E-10 -9.6522E-21  9.9973E-01
       5.5141E+02  2.3931E+13  9.9971E-01  2.8898E-09 -6.5382E-21  9.9971E-01
       5.5162E+02  2.1720E+13  9.9968E-01 -2.0675E-09  5.8315E-21  9.9968E-01
       5.5183E+02  1.9624E+13  9.9965E-01  4.1647E-09  2.0882E-20  9.9965E-01
       5.5204E+02  1.7652E+13  9.9962E-01 -7.8593E-09 -2.1948E-20  9.9962E-01
       5.5226E+02  1.5814E+13  9.9958E-01 -5.5222E-09 -1.7904E-20  9.9958E-01
       5.5247E+02  1.4113E+13  9.9954E-01 -7.8730E-09 -9.5027E-21  9.9954E-01
       5.5268E+02  1.2554E+13  9.9948E-01 -9.5878E-10 -1.1869E-21  9.9948E-01
       5.5289E+02  1.1140E+13  9.9943E-01  2.6881E-10  1.6052E-20  9.9943E-01
       5.5310E+02  9.8691E+12  9.9936E-01 -3.3291E-09 -4.0767E-20  9.9936E-01
       5.5332E+02  8.7399E+12  9.9928E-01 -6.3159E-10 -2.1312E-20  9.9928E-01
       5.5353E+02  7.7486E+12  9.9920E-01 -8.7690E-09 -2.1154E-20  9.9920E-01
       5.5374E+02  6.8897E+12  9.9911E-01  1.0529E-09 -2.5954E-20  9.9911E-01
       5.5396E+02  6.1561E+12  9.9901E-01 -3.7934E-09  1.2103E-20  9.9901E-01
       5.5417E+02  5.5398E+12  9.9891E-01  4.0987E-09  2.4209E-20  9.9891E-01
       5.5438E+02  5.0315E+12  9.9882E-01  1.3761E-11  1.4808E-20  9.9882E-01
       5.5459E+02  4.6212E+12  9.9872E-01  1.1091E-09 -5.3204E-20  9.9872E-01
       5.5480E+02  4.2984E+12  9.9864E-01 -4.4535E-09 -3.4667E-20  9.9864E-01
       5.5502E+02  4.0522E+12  9.9857E-01  2.2592E-09  5.8837E-20  9.9857E-01
       5.5523E+02  3.8715E+12  9.9852E-01  2.3486E-09  5.7734E-21  9.9852E-01


      Photon energy [eV] or wavelength [nm] for selected point
      of pinhole, S0, S1/S0, S2/S0, S3/S0, P of
      STOKES vector per unit area [m**2]:


           Observation point (x,y,z) [m]:
              10.0000000       0.00000000       0.00000000    

       5.3823E+02  3.1768E+18  1.0000E+00  0.0000E+00  0.0000E+00  1.0000E+00
       5.3844E+02  4.0781E+18  1.0000E+00  0.0000E+00  0.0000E+00  1.0000E+00
       5.3866E+02  5.0537E+18  1.0000E+00  0.0000E+00  0.0000E+00  1.0000E+00
       5.3887E+02  6.0755E+18  1.0000E+00  0.0000E+00  0.0000E+00  1.0000E+00
       5.3908E+02  7.1117E+18  1.0000E+00  0.0000E+00  0.0000E+00  1.0000E+00
       5.3929E+02  8.1276E+18  1.0000E+00  0.0000E+00  0.0000E+00  1.0000E+00
       5.3951E+02  9.0872E+18  1.0000E+00  0.0000E+00  0.0000E+00  1.0000E+00
       5.3972E+02  9.9540E+18  1.0000E+00  0.0000E+00  0.0000E+00  1.0000E+00
       5.3993E+02  1.0693E+19  1.0000E+00  0.0000E+00  0.0000E+00  1.0000E+00
       5.4014E+02  1.1271E+19  1.0000E+00  0.0000E+00  0.0000E+00  1.0000E+00
       5.4035E+02  1.1659E+19  1.0000E+00  0.0000E+00  0.0000E+00  1.0000E+00
       5.4057E+02  1.1836E+19  1.0000E+00  0.0000E+00  0.0000E+00  1.0000E+00
       5.4078E+02  1.1784E+19  1.0000E+00  0.0000E+00  0.0000E+00  1.0000E+00
       5.4099E+02  1.1496E+19  1.0000E+00  0.0000E+00  0.0000E+00  1.0000E+00
       5.4121E+02  1.0975E+19  1.0000E+00  0.0000E+00  0.0000E+00  1.0000E+00
       5.4142E+02  1.0233E+19  1.0000E+00  0.0000E+00  0.0000E+00  1.0000E+00
       5.4163E+02  9.2926E+18  1.0000E+00  0.0000E+00  0.0000E+00  1.0000E+00
       5.4184E+02  8.1891E+18  1.0000E+00  0.0000E+00  0.0000E+00  1.0000E+00
       5.4205E+02  6.9688E+18  1.0000E+00  0.0000E+00  0.0000E+00  1.0000E+00
       5.4227E+02  5.6891E+18  1.0000E+00  0.0000E+00  0.0000E+00  1.0000E+00
       5.4248E+02  4.4178E+18  1.0000E+00  0.0000E+00  0.0000E+00  1.0000E+00
       5.4269E+02  3.2321E+18  1.0000E+00  0.0000E+00  0.0000E+00  1.0000E+00
       5.4291E+02  2.2174E+18  1.0000E+00  0.0000E+00  0.0000E+00  1.0000E+00
       5.4312E+02  1.4655E+18  1.0000E+00  0.0000E+00  0.0000E+00  1.0000E+00
       5.4333E+02  1.0721E+18  1.0000E+00  0.0000E+00  0.0000E+00  1.0000E+00
       5.4354E+02  1.1355E+18  1.0000E+00  0.0000E+00  0.0000E+00  1.0000E+00
       5.4376E+02  1.7533E+18  1.0000E+00  0.0000E+00  0.0000E+00  1.0000E+00
       5.4397E+02  3.0202E+18  1.0000E+00  0.0000E+00  0.0000E+00  1.0000E+00
       5.4418E+02  5.0252E+18  1.0000E+00  0.0000E+00  0.0000E+00  1.0000E+00
       5.4439E+02  7.8488E+18  1.0000E+00  0.0000E+00  0.0000E+00  1.0000E+00
       5.4460E+02  1.1561E+19  1.0000E+00  0.0000E+00  0.0000E+00  1.0000E+00
       5.4482E+02  1.6217E+19  1.0000E+00  0.0000E+00  0.0000E+00  1.0000E+00
       5.4503E+02  2.1858E+19  1.0000E+00  0.0000E+00  0.0000E+00  1.0000E+00
       5.4524E+02  2.8506E+19  1.0000E+00  0.0000E+00  0.0000E+00  1.0000E+00
       5.4546E+02  3.6165E+19  1.0000E+00  0.0000E+00  0.0000E+00  1.0000E+00
       5.4567E+02  4.4816E+19  1.0000E+00  0.0000E+00  0.0000E+00  1.0000E+00
       5.4588E+02  5.4421E+19  1.0000E+00  0.0000E+00  0.0000E+00  1.0000E+00
       5.4609E+02  6.4918E+19  1.0000E+00  0.0000E+00  0.0000E+00  1.0000E+00
       5.4630E+02  7.6226E+19  1.0000E+00  0.0000E+00  0.0000E+00  1.0000E+00
       5.4652E+02  8.8241E+19  1.0000E+00  0.0000E+00  0.0000E+00  1.0000E+00
       5.4673E+02  1.0084E+20  1.0000E+00  0.0000E+00  0.0000E+00  1.0000E+00
       5.4694E+02  1.1388E+20  1.0000E+00  0.0000E+00  0.0000E+00  1.0000E+00
       5.4716E+02  1.2721E+20  1.0000E+00  0.0000E+00  0.0000E+00  1.0000E+00
       5.4737E+02  1.4066E+20  1.0000E+00  0.0000E+00  0.0000E+00  1.0000E+00
       5.4758E+02  1.5405E+20  1.0000E+00  0.0000E+00  0.0000E+00  1.0000E+00
       5.4779E+02  1.6720E+20  1.0000E+00  0.0000E+00  0.0000E+00  1.0000E+00
       5.4801E+02  1.7991E+20  1.0000E+00  0.0000E+00  0.0000E+00  1.0000E+00
       5.4822E+02  1.9199E+20  1.0000E+00  0.0000E+00  0.0000E+00  1.0000E+00
       5.4843E+02  2.0328E+20  1.0000E+00  0.0000E+00  0.0000E+00  1.0000E+00
       5.4864E+02  2.1359E+20  1.0000E+00  0.0000E+00  0.0000E+00  1.0000E+00
       5.4885E+02  2.2276E+20  1.0000E+00  0.0000E+00  0.0000E+00  1.0000E+00
       5.4907E+02  2.3065E+20  1.0000E+00  0.0000E+00  0.0000E+00  1.0000E+00
       5.4928E+02  2.3713E+20  1.0000E+00  0.0000E+00  0.0000E+00  1.0000E+00
       5.4949E+02  2.4209E+20  1.0000E+00  0.0000E+00  0.0000E+00  1.0000E+00
       5.4971E+02  2.4545E+20  1.0000E+00  0.0000E+00  0.0000E+00  1.0000E+00
       5.4992E+02  2.4715E+20  1.0000E+00  0.0000E+00  0.0000E+00  1.0000E+00
       5.5013E+02  2.4718E+20  1.0000E+00  0.0000E+00  0.0000E+00  1.0000E+00
       5.5034E+02  2.4552E+20  1.0000E+00  0.0000E+00  0.0000E+00  1.0000E+00
       5.5055E+02  2.4220E+20  1.0000E+00  0.0000E+00  0.0000E+00  1.0000E+00
       5.5077E+02  2.3728E+20  1.0000E+00  0.0000E+00  0.0000E+00  1.0000E+00
       5.5098E+02  2.3083E+20  1.0000E+00  0.0000E+00  0.0000E+00  1.0000E+00
       5.5119E+02  2.2296E+20  1.0000E+00  0.0000E+00  0.0000E+00  1.0000E+00
       5.5141E+02  2.1380E+20  1.0000E+00  0.0000E+00  0.0000E+00  1.0000E+00
       5.5162E+02  2.0348E+20  1.0000E+00  0.0000E+00  0.0000E+00  1.0000E+00
       5.5183E+02  1.9218E+20  1.0000E+00  0.0000E+00  0.0000E+00  1.0000E+00
       5.5204E+02  1.8006E+20  1.0000E+00  0.0000E+00  0.0000E+00  1.0000E+00
       5.5226E+02  1.6731E+20  1.0000E+00  0.0000E+00  0.0000E+00  1.0000E+00
       5.5247E+02  1.5411E+20  1.0000E+00  0.0000E+00  0.0000E+00  1.0000E+00
       5.5268E+02  1.4066E+20  1.0000E+00  0.0000E+00  0.0000E+00  1.0000E+00
       5.5289E+02  1.2715E+20  1.0000E+00  0.0000E+00  0.0000E+00  1.0000E+00
       5.5310E+02  1.1375E+20  1.0000E+00  0.0000E+00  0.0000E+00  1.0000E+00
       5.5332E+02  1.0063E+20  1.0000E+00  0.0000E+00  0.0000E+00  1.0000E+00
       5.5353E+02  8.7960E+19  1.0000E+00  0.0000E+00  0.0000E+00  1.0000E+00
       5.5374E+02  7.5878E+19  1.0000E+00  0.0000E+00  0.0000E+00  1.0000E+00
       5.5396E+02  6.4511E+19  1.0000E+00  0.0000E+00  0.0000E+00  1.0000E+00
       5.5417E+02  5.3965E+19  1.0000E+00  0.0000E+00  0.0000E+00  1.0000E+00
       5.5438E+02  4.4324E+19  1.0000E+00  0.0000E+00  0.0000E+00  1.0000E+00
       5.5459E+02  3.5652E+19  1.0000E+00  0.0000E+00  0.0000E+00  1.0000E+00
       5.5480E+02  2.7989E+19  1.0000E+00  0.0000E+00  0.0000E+00  1.0000E+00
       5.5502E+02  2.1353E+19  1.0000E+00  0.0000E+00  0.0000E+00  1.0000E+00
       5.5523E+02  1.5743E+19  1.0000E+00  0.0000E+00  0.0000E+00  1.0000E+00

       Total absolut maxima found for Stokes-V. (z,y,Eph,fluxdens.)

       -2.8571E-05  0.0000E+00  5.4992E+02  2.4727E+20
       -2.8571E-05  0.0000E+00  5.4992E+02  2.4727E+20
        3.1429E-04  3.1429E-04  5.3823E+02  9.2178E+18
        3.4286E-04  3.4286E-04  5.3823E+02  1.2048E+18


       Estimated maxima of s0, s1, s2 ,s3 for selected point:
          550.026794       2.47377696E+20
          550.026794       2.47377661E+20
          0.00000000       0.00000000    
          0.00000000       0.00000000    


       Estimated maximum of s3*s3/s0 for selected point:
          0.00000000       0.00000000    


       Estimated maxima of fluxes s0, s1, s2 ,s3:
          544.478638       7.53986710E+13
          544.482666       7.53803503E+13
          545.264343       643208.062    
          540.985596       1.35673451E-06


       Estimated maxima of fluxes s3*s3/s0:
          540.987915       2.46229173E-26



      Brilliance calculations:
      (only meaningful for undulators)

      sigr=sqrt(2*lambda*L)/2/pi*sigrc and 
      sigrp=sqrt(lambda/2/L)*sigrpc

       sigrc,sigrpc:   1.0000000000000000        1.0000000000000000     

      make sure that the device length agrees to the length
      of the trajectory
      (for rec-fields rangrec and rangpm are substracted by program)

      Observation point:

         10.0000000       0.00000000       0.00000000    

      considered device length [m]:   4.14960003    


      Brilliance [photons/sec/BW/mm**2/mrad**2]

          538.23        0.10441E+18    0.10441E+18     0.0000         0.0000    
          538.44        0.13408E+18    0.13408E+18     0.0000         0.0000    
          538.66        0.16622E+18    0.16622E+18     0.0000         0.0000    
          538.87        0.19991E+18    0.19991E+18     0.0000         0.0000    
          539.08        0.23410E+18    0.23410E+18     0.0000         0.0000    
          539.29        0.26765E+18    0.26765E+18     0.0000         0.0000    
          539.51        0.29936E+18    0.29936E+18     0.0000         0.0000    
          539.72        0.32805E+18    0.32805E+18     0.0000         0.0000    
          539.93        0.35253E+18    0.35253E+18     0.0000         0.0000    
          540.14        0.37173E+18    0.37173E+18     0.0000         0.0000    
          540.35        0.38470E+18    0.38470E+18     0.0000         0.0000    
          540.57        0.39067E+18    0.39067E+18     0.0000         0.0000    
          540.78        0.38912E+18    0.38912E+18     0.0000         0.0000    
          540.99        0.37978E+18    0.37978E+18     0.0000         0.0000    
          541.21        0.36270E+18    0.36270E+18     0.0000         0.0000    
          541.42        0.33830E+18    0.33830E+18     0.0000         0.0000    
          541.63        0.30733E+18    0.30733E+18     0.0000         0.0000    
          541.84        0.27095E+18    0.27095E+18     0.0000         0.0000    
          542.05        0.23066E+18    0.23066E+18     0.0000         0.0000    
          542.27        0.18838E+18    0.18838E+18     0.0000         0.0000    
          542.48        0.14634E+18    0.14634E+18     0.0000         0.0000    
          542.69        0.10710E+18    0.10710E+18     0.0000         0.0000    
          542.91        0.73510E+17    0.73510E+17     0.0000         0.0000    
          543.12        0.48600E+17    0.48600E+17     0.0000         0.0000    
          543.33        0.35570E+17    0.35570E+17     0.0000         0.0000    
          543.54        0.37688E+17    0.37688E+17     0.0000         0.0000    
          543.76        0.58215E+17    0.58215E+17     0.0000         0.0000    
          543.97        0.10032E+18    0.10032E+18     0.0000         0.0000    
          544.18        0.16698E+18    0.16698E+18     0.0000         0.0000    
          544.39        0.26091E+18    0.26091E+18     0.0000         0.0000    
          544.60        0.38445E+18    0.38445E+18     0.0000         0.0000    
          544.82        0.53950E+18    0.53950E+18     0.0000         0.0000    
          545.03        0.72745E+18    0.72745E+18     0.0000         0.0000    
          545.24        0.94908E+18    0.94908E+18     0.0000         0.0000    
          545.46        0.12045E+19    0.12045E+19     0.0000         0.0000    
          545.67        0.14932E+19    0.14932E+19     0.0000         0.0000    
          545.88        0.18140E+19    0.18140E+19     0.0000         0.0000    
          546.09        0.21647E+19    0.21647E+19     0.0000         0.0000    
          546.30        0.25428E+19    0.25428E+19     0.0000         0.0000    
          546.52        0.29447E+19    0.29447E+19     0.0000         0.0000    
          546.73        0.33665E+19    0.33665E+19     0.0000         0.0000    
          546.94        0.38034E+19    0.38034E+19     0.0000         0.0000    
          547.16        0.42503E+19    0.42503E+19     0.0000         0.0000    
          547.37        0.47014E+19    0.47014E+19     0.0000         0.0000    
          547.58        0.51509E+19    0.51509E+19     0.0000         0.0000    
          547.79        0.55926E+19    0.55926E+19     0.0000         0.0000    
          548.01        0.60200E+19    0.60200E+19     0.0000         0.0000    
          548.22        0.64271E+19    0.64271E+19     0.0000         0.0000    
          548.43        0.68075E+19    0.68075E+19     0.0000         0.0000    
          548.64        0.71555E+19    0.71555E+19     0.0000         0.0000    
          548.85        0.74657E+19    0.74657E+19     0.0000         0.0000    
          549.07        0.77330E+19    0.77330E+19     0.0000         0.0000    
          549.28        0.79532E+19    0.79532E+19     0.0000         0.0000    
          549.49        0.81227E+19    0.81227E+19     0.0000         0.0000    
          549.71        0.82387E+19    0.82387E+19     0.0000         0.0000    
          549.92        0.82992E+19    0.82992E+19     0.0000         0.0000    
          550.13        0.83032E+19    0.83032E+19     0.0000         0.0000    
          550.34        0.82507E+19    0.82507E+19     0.0000         0.0000    
          550.55        0.81423E+19    0.81423E+19     0.0000         0.0000    
          550.77        0.79799E+19    0.79799E+19     0.0000         0.0000    
          550.98        0.77661E+19    0.77661E+19     0.0000         0.0000    
          551.19        0.75042E+19    0.75042E+19     0.0000         0.0000    
          551.41        0.71986E+19    0.71986E+19     0.0000         0.0000    
          551.62        0.68539E+19    0.68539E+19     0.0000         0.0000    
          551.83        0.64757E+19    0.64757E+19     0.0000         0.0000    
          552.04        0.60696E+19    0.60696E+19     0.0000         0.0000    
          552.26        0.56420E+19    0.56420E+19     0.0000         0.0000    
          552.47        0.51990E+19    0.51990E+19     0.0000         0.0000    
          552.68        0.47471E+19    0.47471E+19     0.0000         0.0000    
          552.89        0.42926E+19    0.42926E+19     0.0000         0.0000    
          553.10        0.38416E+19    0.38416E+19     0.0000         0.0000    
          553.32        0.33999E+19    0.33999E+19     0.0000         0.0000    
          553.53        0.29730E+19    0.29730E+19     0.0000         0.0000    
          553.74        0.25656E+19    0.25656E+19     0.0000         0.0000    
          553.96        0.21821E+19    0.21821E+19     0.0000         0.0000    
          554.17        0.18261E+19    0.18261E+19     0.0000         0.0000    
          554.38        0.15004E+19    0.15004E+19     0.0000         0.0000    
          554.59        0.12073E+19    0.12073E+19     0.0000         0.0000    
          554.80        0.94818E+18    0.94818E+18     0.0000         0.0000    
          555.02        0.72367E+18    0.72367E+18     0.0000         0.0000    
          555.23        0.53374E+18    0.53374E+18     0.0000         0.0000    


      estimated brilliance maxima, flux and flux-density of S0, S1, S2, S3:

          550.03        0.83083E+19    0.42218E+14    0.24738E+17
          550.03        0.83083E+19    0.42218E+14    0.24738E+17
          0.0000         0.0000         0.0000         0.0000    
          0.0000         0.0000         0.0000         0.0000    

      estimated brilliance maximum of S3*S3/S0:

          0.0000         0.0000    

      ---> flag IFOLD is not set, emittance effects are estimated
      from horizontal beam size [mm] and divergence [mrad]: 
         2.16000000E-04   2.47999997E-05
      vertical beam size [mm] and divergence [mrad]: 
         1.87000005E-05   4.29000011E-06


      Brilliance [photons/sec/BW/mm**2/mrad**2] with emittance

          538.23        0.43547E+16    0.43547E+16     0.0000         0.0000    
          538.44        0.55900E+16    0.55900E+16     0.0000         0.0000    
          538.66        0.69271E+16    0.69271E+16     0.0000         0.0000    
          538.87        0.83274E+16    0.83274E+16     0.0000         0.0000    
          539.08        0.97473E+16    0.97473E+16     0.0000         0.0000    
          539.29        0.11139E+17    0.11139E+17     0.0000         0.0000    
          539.51        0.12454E+17    0.12454E+17     0.0000         0.0000    
          539.72        0.13642E+17    0.13642E+17     0.0000         0.0000    
          539.93        0.14654E+17    0.14654E+17     0.0000         0.0000    
          540.14        0.15445E+17    0.15445E+17     0.0000         0.0000    
          540.35        0.15977E+17    0.15977E+17     0.0000         0.0000    
          540.57        0.16218E+17    0.16218E+17     0.0000         0.0000    
          540.78        0.16147E+17    0.16147E+17     0.0000         0.0000    
          540.99        0.15753E+17    0.15753E+17     0.0000         0.0000    
          541.21        0.15038E+17    0.15038E+17     0.0000         0.0000    
          541.42        0.14020E+17    0.14020E+17     0.0000         0.0000    
          541.63        0.12732E+17    0.12732E+17     0.0000         0.0000    
          541.84        0.11219E+17    0.11219E+17     0.0000         0.0000    
          542.05        0.95472E+16    0.95472E+16     0.0000         0.0000    
          542.27        0.77938E+16    0.77938E+16     0.0000         0.0000    
          542.48        0.60519E+16    0.60519E+16     0.0000         0.0000    
          542.69        0.44275E+16    0.44275E+16     0.0000         0.0000    
          542.91        0.30375E+16    0.30375E+16     0.0000         0.0000    
          543.12        0.20073E+16    0.20073E+16     0.0000         0.0000    
          543.33        0.14685E+16    0.14685E+16     0.0000         0.0000    
          543.54        0.15553E+16    0.15553E+16     0.0000         0.0000    
          543.76        0.24014E+16    0.24014E+16     0.0000         0.0000    
          543.97        0.41365E+16    0.41365E+16     0.0000         0.0000    
          544.18        0.68822E+16    0.68822E+16     0.0000         0.0000    
          544.39        0.10749E+17    0.10749E+17     0.0000         0.0000    
          544.60        0.15832E+17    0.15832E+17     0.0000         0.0000    
          544.82        0.22208E+17    0.22208E+17     0.0000         0.0000    
          545.03        0.29932E+17    0.29932E+17     0.0000         0.0000    
          545.24        0.39034E+17    0.39034E+17     0.0000         0.0000    
          545.46        0.49520E+17    0.49520E+17     0.0000         0.0000    
          545.67        0.61364E+17    0.61364E+17     0.0000         0.0000    
          545.88        0.74512E+17    0.74512E+17     0.0000         0.0000    
          546.09        0.88883E+17    0.88883E+17     0.0000         0.0000    
          546.30        0.10436E+18    0.10436E+18     0.0000         0.0000    
          546.52        0.12081E+18    0.12081E+18     0.0000         0.0000    
          546.73        0.13805E+18    0.13805E+18     0.0000         0.0000    
          546.94        0.15590E+18    0.15590E+18     0.0000         0.0000    
          547.16        0.17415E+18    0.17415E+18     0.0000         0.0000    
          547.37        0.19255E+18    0.19255E+18     0.0000         0.0000    
          547.58        0.21087E+18    0.21087E+18     0.0000         0.0000    
          547.79        0.22885E+18    0.22885E+18     0.0000         0.0000    
          548.01        0.24624E+18    0.24624E+18     0.0000         0.0000    
          548.22        0.26278E+18    0.26278E+18     0.0000         0.0000    
          548.43        0.27822E+18    0.27822E+18     0.0000         0.0000    
          548.64        0.29232E+18    0.29232E+18     0.0000         0.0000    
          548.85        0.30486E+18    0.30486E+18     0.0000         0.0000    
          549.07        0.31565E+18    0.31565E+18     0.0000         0.0000    
          549.28        0.32450E+18    0.32450E+18     0.0000         0.0000    
          549.49        0.33128E+18    0.33128E+18     0.0000         0.0000    
          549.71        0.33587E+18    0.33587E+18     0.0000         0.0000    
          549.92        0.33819E+18    0.33819E+18     0.0000         0.0000    
          550.13        0.33821E+18    0.33821E+18     0.0000         0.0000    
          550.34        0.33593E+18    0.33593E+18     0.0000         0.0000    
          550.55        0.33138E+18    0.33138E+18     0.0000         0.0000    
          550.77        0.32463E+18    0.32463E+18     0.0000         0.0000    
          550.98        0.31580E+18    0.31580E+18     0.0000         0.0000    
          551.19        0.30503E+18    0.30503E+18     0.0000         0.0000    
          551.41        0.29248E+18    0.29248E+18     0.0000         0.0000    
          551.62        0.27836E+18    0.27836E+18     0.0000         0.0000    
          551.83        0.26289E+18    0.26289E+18     0.0000         0.0000    
          552.04        0.24630E+18    0.24630E+18     0.0000         0.0000    
          552.26        0.22885E+18    0.22885E+18     0.0000         0.0000    
          552.47        0.21080E+18    0.21080E+18     0.0000         0.0000    
          552.68        0.19239E+18    0.19239E+18     0.0000         0.0000    
          552.89        0.17390E+18    0.17390E+18     0.0000         0.0000    
          553.10        0.15556E+18    0.15556E+18     0.0000         0.0000    
          553.32        0.13762E+18    0.13762E+18     0.0000         0.0000    
          553.53        0.12029E+18    0.12029E+18     0.0000         0.0000    
          553.74        0.10376E+18    0.10376E+18     0.0000         0.0000    
          553.96        0.88217E+17    0.88217E+17     0.0000         0.0000    
          554.17        0.73793E+17    0.73793E+17     0.0000         0.0000    
          554.38        0.60608E+17    0.60608E+17     0.0000         0.0000    
          554.59        0.48748E+17    0.48748E+17     0.0000         0.0000    
          554.80        0.38268E+17    0.38268E+17     0.0000         0.0000    
          555.02        0.29195E+17    0.29195E+17     0.0000         0.0000    
          555.23        0.21524E+17    0.21524E+17     0.0000         0.0000    


      estimated brilliance maxima, flux and flux-density of S0, S1, S2, S3
      with emittance:

          550.03        0.33849E+18    0.42218E+14    0.13250E+17
          550.03        0.33849E+18    0.42218E+14    0.13250E+17
          0.0000         0.0000         0.0000         0.0000    
          0.0000         0.0000         0.0000         0.0000    

      estimated brilliance maximum of S3*S3/S0 with emittance:

          0.0000         0.0000    

      corresponding sigmas of source size [mm]
      and divergence [mrad] without and with emittance
      (including corr. factors sigrc,sigrpc):

      L/mm, lambda/mm:    4149.60010       2.25418466E-06
      without emit.:    2.17687245E-02   1.64807364E-02
         with emit.:    7.89312273E-02   2.25187950E-02
         (sigrf**2 = sigrxf*sigryf)


      LAST CHECK:

           BMAXGL:   5.8519107553552857E-002

           XBMAXGL:  -2.0501000010999082     
           YBMAXGL:   0.0000000000000000     
           ZBMAXGL:  -6.2979856244160916E-007


      CURRENT NUMBER:         398


                     --- Program WAVE completed ---



                                                   02:35:11 30.01.16

