
                                                   22:56:30 29.01.16


           *********************************************
           *          PROGRAM WAVE                     *
           *                                           *
           *          VERSION 3.03/01 13.11.2015       *
           *                                           *
           *          Michael Scheer                   *
           *              BESSY                        *
           *********************************************

      USER COMMENT:

      U49 Peter Baumgaertel                                            

      CURRENT NUMBER:         322


      USER NAMELIST:



      MODE FLAGS:

      IUNDULATOR,IWIGGLER:            1           0



      CONTROL FLAGS:


      IUNAME,IUSTEP,IUOUT:            0           0           0
      IOPTIC,IGENFUN:                 0           0
      IMAGSPLN:                   -9999
      IEMIT,IEMIAHW:                  0           0
      IWLSOPT,IBEAMPOL:               0           0
      IENELOSS, IEFIELD:             -1           0
      IPOWER,ISPEC:                   0           1
      IVELOFIELD,ISPECMODE:           0           3
         IWFILL0,IRFILL0:                      0           0
         ISPECINT,IPIN:                        0           1
         IUSEM,ISTOKES:                        0           1
         IBRILL:                               1
         IPINCIRC,IRPHI:                       0           0
         IFOLD,ISIGUSR:                        0           1
         IF1DIM,IPOLA:                         0           0
         IWFILSP0,IWFILSPF:                    0           0
         IRFILSP0,IRFILSTO:                    0           0
         IWFILSTO,IWFLSTOF:                    0           0
         ISPECANA,ISPECANAF:                   0           0
         IAMPLI,IAMPSKIP:                      0           0
         IWFILFL0,IWFILFLF:                    0           0
         IWFILS,IWFILSF:                       0           0
         IWFILSE,IWFILSEF:                     0           0
         IWFILB,IWFILBF:                       0           0
         IWFILBE,IWFILBEF:                     0           0
         IWFILINT,IPINALL:                     0           0
         IRFILOB,IFILTER:                      0           0
         IWFILRAY,IDESYNC:                     1           0
         IPHASE,IPHASEANA:                     0           0
         IDOSE,IEFOLD:                         0           0
         ISPECDIP,IBL0CUT:                     0           0
         IEFFI,IFILMUL:                        0           0
         IBUNCH:                               0
      IWFILF:                         0


      MAGNETIC FIELD FLAGS:



      ICHARGE,IBMASK,JBMASK:          -1           0           0
      IBSUPER,IBERROR:                 1           0
      ICUTFIBO:                        1

      IPERIODG,IBSYM:                 0           0
      IBSYMY,IBSYMZ:                  0           0
      KBEXTERN,KBFELD:                0           0
      KHALBA,KHALBASY:                0           0
      KUCROSS,IRFILP:                 0           0
      KMAGSEQ,IMGSQF:                 0           0
             KMAGCOR:                 1
      IRFILF,IRBTAB:                  0           0
      IRBTABZY,KELLIP:                0           1
      KBPOLYH,KBPOLY3D:               0           0
      KBREC,KELLANA:                  0           0
      KBPOLYMAG,KBGENESIS:            0           0
      KBAMWLS:                        0



      HISTOGRAM FLAGS:

      IHBOOK,IHINDEX:                 1           0


      OTHER OPTIONS:


      IWBTAB,IWFILT0:                 0           0
      IWSECTMAGS:                     0
      IJUST,ISNORDER:                 0           0
      IWBMAP,IWBPOLY3D:               0           0
      IWBPOLY2DH,IWBPHARM:            0           0


      SR BELLIP, Parameters of elliptical undulator:
      horizontal and vertical peak field [T]:   0.00000000      0.234187335    
      number of periods, period and device length [m]:
         84.0000000       4.94000018E-02   4.14960003    
      shift parameter [periods], B_h/B_v:       0.00000000       0.00000000    
      B0_eff [T], deflection parameter K:  0.234187335       1.08021748    
      1. harmonical [nm] and [eV]:   3.44406080       360.000000    
      critical energy [eV]:   461.815216    

      longitudinal position of device center [m]:   0.0000000000000000     

      scaling factor for taper:   0.0000000000000000     

  
      Subroutine photon (quantum fluctuations):
  
       number of sampling bins (NBING1)        1000
       max. photon energy normalized to characteristic energy (EECMAXG1):
          5.0000000000000000     
  

      Number of tracking steps per meter (MYINUM):         5000

      Start and end of the trajectory [m](XSTART,XSTOP):
        -2.07480001       2.07480001    

      BMOVECUT:   1.00000001E-07

      Initial energy [GeV] and gamma:    1.72200000       3369.8702546331497     
      Final energy [GeV] and gamma:      1.72199965       3369.8696167561934     
      Relative change:                  -1.89288286E-07
      number of photons, RMS (keV) and rel. RMS of quantum fluctuation:
                 5  0.140915945       8.18327237E-08


      B-rho [Tm], current [A]:   -5.74397326      0.100000001    

      Offset for vert. and hori. magnetic field (BYGOFF, BZGOFF):
          0.00000000       0.00000000    
      Global scaling factor for mag. field (B0SCGLOB,A0SCGLOB):
          1.00000000       1.00000000    

      Long. shift [m] of device (X(e-) -> X(e-)+XSHIFT):    0.00000000    
      Vert. shift [m] of device (Y(e-) -> Y(e-)+VSHIFT):    0.00000000    
      Hori. shift [m] of device (Z(e-) -> Z(e-)+HSHIFT):    0.00000000    
      Rotation angle [degree] of device:                    0.00000000    
      Y(e-) -> Y(e-)*sin(XROTD) + Y(e-)*cos(XROTD)
      Z(e-) -> Z(e-)*cos(XROTD) - Y(e-)*sin(XROTD)


      Magnetic field [T] at starting point:
         0.00000000       0.00000000       0.00000000    

      Vector potential [T-m] at starting point:
         0.00000000       0.00000000       0.00000000    


      Magnetic field [T] at stopping point:
         0.00000000       0.00000000       0.00000000    

      Vector potential [T-m] at stopping point:
         0.00000000       0.00000000       0.00000000    

      Extrema of magnetic field [T] and the trajectory [m]:

      BXmax,BXmin:    0.00000000       0.00000000    
      BYmax,BYmin:   0.234168410     -0.234187335    
      BZmax,BZmin:    0.00000000       0.00000000    

      Xmax,Xmin:    2.07480001      -2.07480001    
      Ymax,Ymin:    0.00000000       0.00000000    
      Zmax,Zmin:    2.52019640E-06  -2.51998858E-06


      Extrema of magnetic field [T] and the trajectory [m] between
      XIANF and XIEND

      BXmaxAE,BXminAE:    0.00000000       0.00000000    
      BYmaxAE,BYminAE:   0.234168410     -0.234187335    
      BZmaxAE,BZminAE:    0.00000000       0.00000000    

      XmaxAE,XminAE:    2.07480001      -2.07480001    
      YmaxAE,YminAE:    0.00000000       0.00000000    
      ZmaxAE,ZminAE:    2.52019640E-06  -2.51998858E-06


      Start values (coordinates [m] and slopes) of trajectory:

      X0:   -2.0747999999999998     
      Y0:    0.0000000000000000     
      Z0:    0.0000000000000000     

      ZP0:   0.0000000000000000     
      YP0:   0.0000000000000000     

      VX0:   299792444.80029100     
      VY0:   0.0000000000000000     
      VZ0:   0.0000000000000000     

      Values for X=0 (coordinates [m] and slopes) of trajectory:

      YCEN:    0.0000000000000000     
      ZCEN:    2.5201945499701641E-006

      YPCEN:   0.0000000000000000     
      ZPCEN:   2.2326106878949223E-014

      End values (coordinates [m] and slopes) of trajectory:

      XF0:    2.0747999999999998     
      YF0:    0.0000000000000000     
      ZF0:    2.9850332563301683E-014


      ZPF0:   -6.5163765898336677E-012
      YPF0:    0.0000000000000000     

      VXF0:    299792451.35332400     
      VYF0:    0.0000000000000000     
      VZF0:   -1.9535605118076492E-003


      Values for X=XIANF (coordinates [m] and slopes) of trajectory:

      XIANF:   -1.0000000000000000E+030
      YIANF:   -9999.0000000000000     
      ZIANF:   -9999.0000000000000     

      YPIANF:  -9999.0000000000000     
      ZPIANF:  -9999.0000000000000     



      Values for X=XIEND (coordinates [m] and slopes) of trajectory:

      XIEND:    1.0000000000000000E+030
      YIEND:   -9999.0000000000000     
      ZIEND:   -9999.0000000000000     

      YPIEND:  -9999.0000000000000     
      ZPIEND:  -9999.0000000000000     


      ZF0/(XSTOP-XSTART):    7.1935445737665518E-015
      YF0/(XSTOP-XSTART):    0.0000000000000000     

      YF0-Y0:   0.0000000000000000     
      ZF0-Z0:   2.9850332563301683E-014

      YPF0-YP0:   0.0000000000000000     
      ZPF0-ZP0:  -6.5163765898336677E-012

      Straight line fit of z(x):
      offset:  -1.1248018514200478E-008
      slope:   1.4229967716738463E-013

      Straight line fit of vz(x)/vx(x):
      offset:  -1.8513712931223619E-012
      slope:   7.8379048884178070E-009

      Straight line fit of y(x):
      offset:   0.0000000000000000     
      slope:   0.0000000000000000     

      Straight line fit of vy(x)/vx(x):
      offset:   0.0000000000000000     
      slope:   0.0000000000000000     

      1. magnetic integral [T-m]:    0.00000000       1.38732417E-12   0.00000000    
      2. mag. integral [T-m**2]:    0.00000000      -5.74418985E-14   0.00000000    

      Integrated By**2 [T**2-m]:                     0.113112442    
      Energy irradiated by the device per e- [MeV]:   4.24422295E-04
      Rel. energy loss:                               2.46470535E-07
      Power irradiated by the device [kWATT]:         4.24422286E-02

      Length of trajectory (BINT0) [m]:
         4.1496001057128060     
      Integrated (YP**2+ZP**2)/2 of trajectory (WTRA2I) [m]:
         1.0571250713260352E-007
      corresponding phase advance [nm and eV]:
         288.41734338278866        4.2988466265395617     
      dE/E and corresponding dL = 2 * dE/E * L [nm]:
         1.00000005E-03  0.211425021    
      Circumference of the ring [m]:                 240.000000    
      Rel. change of total circumference (from BINT0):         
         4.40470022E-10
      Rel. change of total circumference (from WTRA2I):
         4.40468773E-10

      Max. and min. deflection angle [rad]:    3.20553896E-04  -3.20553925E-04


      SPECTRUM
      ===========

      Start and end of points [m] of integration for spectrum
      calculations (XIANF,XIEND):  -1.00000002E+30   1.00000002E+30


      SR WFILL0:

      Parameters:
      WGWINFC:   2646.6899088765672     
      WBL0CUT:   0.0000000000000000     
      WBL0HYS:   1.0000000000000000     

      Pinhole of collimators:
      (X,Y,Z), width, height:

        1.0000E+01  0.0000E+00  0.0000E+00  1.0000E+03  1.0000E+03
        1.0000E+01  0.0000E+00  0.0000E+00  1.0000E+03  1.0000E+03

      Number of sources:           1
      Begin and end of sources (x,y,z):

                 1  -2.07480001       0.00000000       0.00000000    
                 1   2.07480001       0.00000000       2.98503321E-14

      Horiz., vert. slopes and mag. field
      at begin and end of sources:

                 1   0.00000000       0.00000000       0.00000000    
                 1  -6.51637641E-12   0.00000000       1.77062531E-12


      SR COHEREN:
      Minimum and maximum number of phases  between
      photons and electrons:
         14.1859264       14.6336908    


       selected observation point:

          10.0000000       0.00000000       0.00000000    


      Source number, mean mag. field (sign from By), abs. mean and rel. rms
      for sources, and critical photon energy [eV] or wavelength [nm]
      (with respect to abs. mean):

           1  -1.13003259E-12  0.148466215      0.486472636       292.773956    

      Photon energy cut-off (SPECCUT):   0.00000000    

      Max. field and photon energy cuts for source points:

           1  0.234187454       0.00000000    

      Data-file written for program RAY
      File: wave_ray.dat                                                                                                                    
      (Device center is assumed at (0,0,0)
      Photon energy:   352.299988    


      Results of spectrum calculations
      ================================


      Reflectivity coefficients (complex):

       (  1.0000000000000000     ,  0.0000000000000000     )
       (  1.0000000000000000     ,  0.0000000000000000     )
       (  1.0000000000000000     ,  0.0000000000000000     )



      Buffer size for integration (NDWSOU):       20849

      Provided number of integration steps for each source
      (controlled by NLPOI)
      (not necessarily used)

       20747

      Bandwidth:   1.00000005E-03


      Pinhole position (x,y,z) [m]:
         10.0000000       0.00000000       0.00000000    

      Numbers defining inner vert. and hori. edges (MMEDGEY,MMEDGEZ):            0           0
      Numbers defining outerer vert. and hori. edges (MEDGEY,MEDGEZ):            1           1
      Total number of vert. and hori. points:                    73          73
      Number of vert. and horiz. points inside pinhole:          71          71

      Vertical and horizontal grid size [m]:        2.85714286E-05   2.85714286E-05
      Vertical and horizontal size [m x m]:         2.00000009E-03   2.00000009E-03
      Total vert. and horiz. size [m x m]:          2.05714279E-03   2.05714279E-03

      Photon energy or wavelength and flux through pinhole:
      (for all sources and sum)

      352.299988       6.37140480E+14   6.37140480E+14
      352.438995       6.37758150E+14   6.37758150E+14
      352.578003       6.38288713E+14   6.38288713E+14
      352.717010       6.38726263E+14   6.38726263E+14
      352.855988       6.39067780E+14   6.39067780E+14
      352.994995       6.39313532E+14   6.39313532E+14
      353.134003       6.39467010E+14   6.39467010E+14
      353.273010       6.39535327E+14   6.39535327E+14
      353.411987       6.39528885E+14   6.39528885E+14
      353.550995       6.39461373E+14   6.39461373E+14
      353.690002       6.39349503E+14   6.39349503E+14
      353.829010       6.39212399E+14   6.39212399E+14
      353.967987       6.39070934E+14   6.39070934E+14
      354.106995       6.38947319E+14   6.38947319E+14
      354.246002       6.38863903E+14   6.38863903E+14
      354.385010       6.38842361E+14   6.38842361E+14
      354.523987       6.38902826E+14   6.38902826E+14
      354.662994       6.39062411E+14   6.39062411E+14
      354.802002       6.39334605E+14   6.39334605E+14
      354.941010       6.39727795E+14   6.39727795E+14
      355.079987       6.40244601E+14   6.40244601E+14
      355.218994       6.40880659E+14   6.40880659E+14
      355.358002       6.41623889E+14   6.41623889E+14
      355.497009       6.42453825E+14   6.42453825E+14
      355.635986       6.43341071E+14   6.43341071E+14
      355.774994       6.44247108E+14   6.44247108E+14
      355.914001       6.45124153E+14   6.45124153E+14
      356.053009       6.45915233E+14   6.45915233E+14
      356.191986       6.46554847E+14   6.46554847E+14
      356.330994       6.46969379E+14   6.46969379E+14
      356.470001       6.47078028E+14   6.47078028E+14
      356.609009       6.46794157E+14   6.46794157E+14
      356.747986       6.46026633E+14   6.46026633E+14
      356.886993       6.44681168E+14   6.44681168E+14
      357.026001       6.42662466E+14   6.42662466E+14
      357.165009       6.39875636E+14   6.39875636E+14
      357.303986       6.36228605E+14   6.36228605E+14
      357.442993       6.31633930E+14   6.31633930E+14
      357.582001       6.26010744E+14   6.26010744E+14
      357.721008       6.19287039E+14   6.19287039E+14
      357.859985       6.11401211E+14   6.11401211E+14
      357.998993       6.02304001E+14   6.02304001E+14
      358.138000       5.91960109E+14   5.91960109E+14
      358.277008       5.80349336E+14   5.80349336E+14
      358.415985       5.67467722E+14   5.67467722E+14
      358.554993       5.53328321E+14   5.53328321E+14
      358.694000       5.37961699E+14   5.37961699E+14
      358.833008       5.21415908E+14   5.21415908E+14
      358.971985       5.03756244E+14   5.03756244E+14
      359.110992       4.85064681E+14   4.85064681E+14
      359.250000       4.65438929E+14   4.65438929E+14
      359.389008       4.44991059E+14   4.44991059E+14
      359.528015       4.23845928E+14   4.23845928E+14
      359.666992       4.02139365E+14   4.02139365E+14
      359.806000       3.80016089E+14   3.80016089E+14
      359.945007       3.57627230E+14   3.57627230E+14
      360.084015       3.35128111E+14   3.35128111E+14
      360.222992       3.12675565E+14   3.12675565E+14
      360.362000       2.90425487E+14   2.90425487E+14
      360.501007       2.68530113E+14   2.68530113E+14
      360.640015       2.47135774E+14   2.47135774E+14
      360.778992       2.26380445E+14   2.26380445E+14
      360.917999       2.06391583E+14   2.06391583E+14
      361.057007       1.87284230E+14   1.87284230E+14
      361.196014       1.69159317E+14   1.69159317E+14
      361.334991       1.52102391E+14   1.52102391E+14
      361.473999       1.36182474E+14   1.36182474E+14
      361.613007       1.21451449E+14   1.21451449E+14
      361.752014       1.07943693E+14   1.07943693E+14
      361.890991       9.56760924E+13   9.56760924E+13
      362.029999       8.46484283E+13   8.46484283E+13
      362.169006       7.48440498E+13   7.48440498E+13
      362.308014       6.62308913E+13   6.62308913E+13
      362.446991       5.87627443E+13   5.87627443E+13
      362.585999       5.23807752E+13   5.23807752E+13
      362.725006       4.70152622E+13   4.70152622E+13
      362.864014       4.25874403E+13   4.25874403E+13
      363.002991       3.90115025E+13   3.90115025E+13
      363.141998       3.61966212E+13   3.61966212E+13
      363.281006       3.40489929E+13   3.40489929E+13
      363.420013       3.24738346E+13   3.24738346E+13

      Estimated maximum:

         356.438965       6.47087759E+14


      Flux density for selected point:

               352.299988       1.78418818E+19   1.78418818E+19
               352.438995       2.28972813E+19   2.28972813E+19
               352.578003       2.83696738E+19   2.83696738E+19
               352.717010       3.41018039E+19   3.41018039E+19
               352.855988       3.99156058E+19   3.99156058E+19
               352.994995       4.56176511E+19   4.56176511E+19
               353.134003       5.10055528E+19   5.10055528E+19
               353.273010       5.58752370E+19   5.58752370E+19
               353.411987       6.00288225E+19   6.00288225E+19
               353.550995       6.32829371E+19   6.32829371E+19
               353.690002       6.54772149E+19   6.54772149E+19
               353.829010       6.64826567E+19   6.64826567E+19
               353.967987       6.62096523E+19   6.62096523E+19
               354.106995       6.46152857E+19   6.46152857E+19
               354.246002       6.17097295E+19   6.17097295E+19
               354.385010       5.75614216E+19   5.75614216E+19
               354.523987       5.23007819E+19   5.23007819E+19
               354.662994       4.61222742E+19   4.61222742E+19
               354.802002       3.92846665E+19   3.92846665E+19
               354.941010       3.21093151E+19   3.21093151E+19
               355.079987       2.49764732E+19   2.49764732E+19
               355.218994       1.83195724E+19   1.83195724E+19
               355.358002       1.26175435E+19   1.26175435E+19
               355.497009       8.38529789E+18   8.38529789E+18
               355.635986       6.16252133E+18   6.16252133E+18
               355.774994       6.50104117E+18   6.50104117E+18
               355.914001       9.95101894E+18   9.95101894E+18
               356.053009       1.70463203E+19   1.70463203E+19
               356.191986       2.82894182E+19   2.82894182E+19
               356.330994       4.41362175E+19   4.41362175E+19
               356.470001       6.49812384E+19   6.49812384E+19
               356.609009       9.11435414E+19   9.11435414E+19
               356.747986       1.22853817E+20   1.22853817E+20
               356.886993       1.60243124E+20   1.60243124E+20
               357.026001       2.03333407E+20   2.03333407E+20
               357.165009       2.52030425E+20   2.52030425E+20
               357.303986       3.06119131E+20   3.06119131E+20
               357.442993       3.65261879E+20   3.65261879E+20
               357.582001       4.28999284E+20   4.28999284E+20
               357.721008       4.96754463E+20   4.96754463E+20
               357.859985       5.67839737E+20   5.67839737E+20
               357.998993       6.41466624E+20   6.41466624E+20
               358.138000       7.16758225E+20   7.16758225E+20
               358.277008       7.92764420E+20   7.92764420E+20
               358.415985       8.68478656E+20   8.68478656E+20
               358.554993       9.42857222E+20   9.42857222E+20
               358.694000       1.01483924E+21   1.01483924E+21
               358.833008       1.08336805E+21   1.08336805E+21
               358.971985       1.14741241E+21   1.14741241E+21
               359.110992       1.20598826E+21   1.20598826E+21
               359.250000       1.25817921E+21   1.25817921E+21
               359.389008       1.30315596E+21   1.30315596E+21
               359.528015       1.34019469E+21   1.34019469E+21
               359.666992       1.36869220E+21   1.36869220E+21
               359.806000       1.38817956E+21   1.38817956E+21
               359.945007       1.39833236E+21   1.39833236E+21
               360.084015       1.39897806E+21   1.39897806E+21
               360.222992       1.39009978E+21   1.39009978E+21
               360.362000       1.37183698E+21   1.37183698E+21
               360.501007       1.34448268E+21   1.34448268E+21
               360.640015       1.30847682E+21   1.30847682E+21
               360.778992       1.26439742E+21   1.26439742E+21
               360.917999       1.21294717E+21   1.21294717E+21
               361.057007       1.15493919E+21   1.15493919E+21
               361.196014       1.09127940E+21   1.09127940E+21
               361.334991       1.02294713E+21   1.02294713E+21
               361.473999       9.50974468E+20   9.50974468E+20
               361.613007       8.76424976E+20   8.76424976E+20
               361.752014       8.00371844E+20   8.00371844E+20
               361.890991       7.23876234E+20   7.23876234E+20
               362.029999       6.47966374E+20   6.47966374E+20
               362.169006       5.73617820E+20   5.73617820E+20
               362.308014       5.01735725E+20   5.01735725E+20
               362.446991       4.33138514E+20   4.33138514E+20
               362.585999       3.68544616E+20   3.68544616E+20
               362.725006       3.08561454E+20   3.08561454E+20
               362.864014       2.53677599E+20   2.53677599E+20
               363.002991       2.04257806E+20   2.04257806E+20
               363.141998       1.60541012E+20   1.60541012E+20
               363.281006       1.22641594E+20   1.22641594E+20
               363.420013       9.05532180E+19   9.05532180E+19

      Estimated maximum:

         360.023926       1.39986752E+21


      Power through pinhole [W]:
      (for all sources and sum)
       6.71786356       6.71786356    


      Power density at selected point [W/m**2]:

                1860204.50       1860204.50    




      Photon energy or wavelength and normalized components S0, S1/S0,
      S2/S0, S3/S0 of STOKES vector and polarization for pinhole:

       3.5230E+02  6.3714E+14  9.9915E-01 -3.5224E-09  1.7962E-20  9.9915E-01
       3.5244E+02  6.3776E+14  9.9918E-01  2.5434E-09 -1.8692E-20  9.9918E-01
       3.5258E+02  6.3829E+14  9.9920E-01 -4.8890E-09 -1.9423E-20  9.9920E-01
       3.5272E+02  6.3873E+14  9.9923E-01 -1.7422E-09 -3.6581E-20  9.9923E-01
       3.5286E+02  6.3907E+14  9.9925E-01  1.5568E-09  2.2384E-20  9.9925E-01
       3.5299E+02  6.3931E+14  9.9927E-01 -1.0793E-09  4.4006E-20  9.9927E-01
       3.5313E+02  6.3947E+14  9.9930E-01 -9.7418E-10 -2.9827E-20  9.9930E-01
       3.5327E+02  6.3954E+14  9.9932E-01  6.8291E-10 -1.2675E-20  9.9932E-01
       3.5341E+02  6.3953E+14  9.9934E-01  1.5458E-09  7.4561E-21  9.9934E-01
       3.5355E+02  6.3946E+14  9.9936E-01  3.2392E-09  2.9827E-21  9.9936E-01
       3.5369E+02  6.3935E+14  9.9938E-01  3.7307E-09  9.6956E-21  9.9938E-01
       3.5383E+02  6.3921E+14  9.9940E-01 -3.2297E-10  2.9839E-21  9.9940E-01
       3.5397E+02  6.3907E+14  9.9942E-01  6.5178E-09  2.9846E-21  9.9942E-01
       3.5411E+02  6.3895E+14  9.9944E-01  2.1117E-09 -1.4179E-20  9.9944E-01
       3.5425E+02  6.3886E+14  9.9946E-01 -5.6923E-09 -4.2544E-20  9.9946E-01
       3.5439E+02  6.3884E+14  9.9948E-01  3.1216E-09 -1.9407E-20  9.9948E-01
       3.5452E+02  6.3890E+14  9.9950E-01  2.7864E-09 -4.4780E-21  9.9950E-01
       3.5466E+02  6.3906E+14  9.9952E-01 -1.2478E-09 -3.0592E-20  9.9952E-01
       3.5480E+02  6.3933E+14  9.9953E-01 -7.5449E-10 -1.4917E-21  9.9953E-01
       3.5494E+02  6.3973E+14  9.9955E-01  4.2991E-09  1.1926E-20  9.9955E-01
       3.5508E+02  6.4024E+14  9.9957E-01 -1.3782E-09 -6.7030E-21  9.9957E-01
       3.5522E+02  6.4088E+14  9.9958E-01  3.2704E-09 -5.2082E-20  9.9958E-01
       3.5536E+02  6.4162E+14  9.9960E-01 -2.0225E-09  2.8984E-20  9.9960E-01
       3.5550E+02  6.4245E+14  9.9962E-01 -1.8007E-09 -1.0391E-20  9.9962E-01
       3.5564E+02  6.4334E+14  9.9963E-01  3.8680E-10  3.0389E-20  9.9963E-01
       3.5577E+02  6.4425E+14  9.9965E-01 -2.0979E-10  3.7007E-21  9.9965E-01
       3.5591E+02  6.4512E+14  9.9966E-01 -1.7338E-09 -2.2174E-20  9.9966E-01
       3.5605E+02  6.4592E+14  9.9967E-01  1.3693E-09  1.1074E-20  9.9967E-01
       3.5619E+02  6.4655E+14  9.9969E-01  2.2853E-09  3.1713E-20  9.9969E-01
       3.5633E+02  6.4697E+14  9.9970E-01 -6.6572E-09  4.3485E-20  9.9970E-01
       3.5647E+02  6.4708E+14  9.9971E-01  2.8733E-09  6.6322E-21  9.9971E-01
       3.5661E+02  6.4679E+14  9.9973E-01  8.1293E-09 -1.6219E-20  9.9973E-01
       3.5675E+02  6.4603E+14  9.9974E-01 -2.0077E-09  2.9524E-20  9.9974E-01
       3.5689E+02  6.4468E+14  9.9975E-01  2.1556E-09 -2.2929E-20  9.9975E-01
       3.5703E+02  6.4266E+14  9.9976E-01  4.5686E-10  2.9679E-21  9.9976E-01
       3.5717E+02  6.3988E+14  9.9977E-01 -6.7011E-09  4.4712E-21  9.9977E-01
       3.5730E+02  6.3623E+14  9.9977E-01 -1.1112E-09 -6.7453E-21  9.9977E-01
       3.5744E+02  6.3163E+14  9.9978E-01 -7.5740E-11 -2.5667E-20  9.9978E-01
       3.5758E+02  6.2601E+14  9.9979E-01  1.7239E-09 -8.3788E-21  9.9979E-01
       3.5772E+02  6.1929E+14  9.9980E-01 -8.8751E-10 -3.2339E-20  9.9980E-01
       3.5786E+02  6.1140E+14  9.9980E-01  2.4805E-09 -1.6378E-20  9.9980E-01
       3.5800E+02  6.0230E+14  9.9981E-01  2.6186E-09 -2.5334E-20  9.9981E-01
       3.5814E+02  5.9196E+14  9.9981E-01  3.8096E-11 -5.1553E-20  9.9981E-01
       3.5828E+02  5.8035E+14  9.9982E-01 -2.9361E-09 -1.3146E-20  9.9982E-01
       3.5842E+02  5.6747E+14  9.9982E-01 -9.8334E-10  5.0417E-21  9.9982E-01
       3.5855E+02  5.5333E+14  9.9982E-01 -1.3144E-09  5.8600E-20  9.9982E-01
       3.5869E+02  5.3796E+14  9.9982E-01  1.2595E-09 -4.4319E-22  9.9982E-01
       3.5883E+02  5.2142E+14  9.9983E-01  8.9788E-09 -9.6023E-21  9.9983E-01
       3.5897E+02  5.0376E+14  9.9983E-01 -4.5277E-10 -2.3664E-21  9.9983E-01
       3.5911E+02  4.8506E+14  9.9983E-01  1.1469E-09 -3.5389E-20  9.9983E-01
       3.5925E+02  4.6544E+14  9.9982E-01  2.2205E-10 -9.0667E-20  9.9982E-01
       3.5939E+02  4.4499E+14  9.9982E-01  2.0366E-09 -2.7861E-20  9.9982E-01
       3.5953E+02  4.2385E+14  9.9982E-01 -4.1751E-09  9.0002E-20  9.9982E-01
       3.5967E+02  4.0214E+14  9.9982E-01 -3.2255E-09  2.3715E-21  9.9982E-01
       3.5981E+02  3.8002E+14  9.9981E-01 -9.0703E-10  4.2663E-20  9.9981E-01
       3.5995E+02  3.5763E+14  9.9980E-01 -1.3907E-09  5.3333E-21  9.9980E-01
       3.6008E+02  3.3513E+14  9.9980E-01  4.9363E-09 -3.4148E-20  9.9980E-01
       3.6022E+02  3.1268E+14  9.9979E-01 -3.9580E-09 -3.2025E-20  9.9979E-01
       3.6036E+02  2.9043E+14  9.9978E-01  1.1758E-08  6.0749E-20  9.9978E-01
       3.6050E+02  2.6853E+14  9.9976E-01  1.5033E-09 -2.1309E-20  9.9976E-01
       3.6064E+02  2.4714E+14  9.9975E-01 -2.6243E-09  2.5083E-20  9.9975E-01
       3.6078E+02  2.2638E+14  9.9973E-01 -3.0490E-10  1.4744E-20  9.9973E-01
       3.6092E+02  2.0639E+14  9.9971E-01  6.4972E-09  0.0000E+00  9.9971E-01
       3.6106E+02  1.8728E+14  9.9969E-01  4.0434E-09  2.5461E-20  9.9969E-01
       3.6120E+02  1.6916E+14  9.9966E-01  6.1863E-09 -8.4566E-21  9.9966E-01
       3.6133E+02  1.5210E+14  9.9963E-01  5.2548E-09  9.4049E-21  9.9963E-01
       3.6147E+02  1.3618E+14  9.9959E-01  2.9956E-09 -1.4006E-20  9.9959E-01
       3.6161E+02  1.2145E+14  9.9955E-01 -3.3506E-09  2.3557E-20  9.9955E-01
       3.6175E+02  1.0794E+14  9.9950E-01 -1.1123E-09 -3.0922E-20  9.9950E-01
       3.6189E+02  9.5676E+13  9.9944E-01  2.0244E-09 -9.4694E-20  9.9944E-01
       3.6203E+02  8.4648E+13  9.9938E-01 -1.2205E-09  4.5065E-20  9.9938E-01
       3.6217E+02  7.4844E+13  9.9931E-01 -1.6483E-09 -2.8670E-20  9.9931E-01
       3.6231E+02  6.6231E+13  9.9923E-01  2.1861E-09 -2.0519E-19  9.9923E-01
       3.6245E+02  5.8763E+13  9.9914E-01  4.0318E-09  2.7995E-19  9.9914E-01
       3.6259E+02  5.2381E+13  9.9905E-01  2.9086E-09  5.9171E-20  9.9905E-01
       3.6273E+02  4.7015E+13  9.9895E-01 -2.3197E-10 -2.0284E-19  9.9895E-01
       3.6286E+02  4.2587E+13  9.9886E-01  1.1246E-09 -1.6795E-19  9.9886E-01
       3.6300E+02  3.9012E+13  9.9877E-01  2.0179E-09 -6.7226E-20  9.9877E-01
       3.6314E+02  3.6197E+13  9.9868E-01  2.6936E-09  1.8443E-19  9.9868E-01
       3.6328E+02  3.4049E+13  9.9862E-01  1.7826E-09  2.3808E-19  9.9862E-01
       3.6342E+02  3.2474E+13  9.9856E-01 -7.1168E-10  2.7165E-19  9.9856E-01


      Photon energy [eV] or wavelength [nm] for selected point
      of pinhole, S0, S1/S0, S2/S0, S3/S0, P of
      STOKES vector per unit area [m**2]:


           Observation point (x,y,z) [m]:
              10.0000000       0.00000000       0.00000000    

       3.5230E+02  1.7842E+19  1.0000E+00  0.0000E+00  0.0000E+00  1.0000E+00
       3.5244E+02  2.2897E+19  1.0000E+00  0.0000E+00  0.0000E+00  1.0000E+00
       3.5258E+02  2.8370E+19  1.0000E+00  0.0000E+00  0.0000E+00  1.0000E+00
       3.5272E+02  3.4102E+19  1.0000E+00  0.0000E+00  0.0000E+00  1.0000E+00
       3.5286E+02  3.9916E+19  1.0000E+00  0.0000E+00  0.0000E+00  1.0000E+00
       3.5299E+02  4.5618E+19  1.0000E+00  0.0000E+00  0.0000E+00  1.0000E+00
       3.5313E+02  5.1006E+19  1.0000E+00  0.0000E+00  0.0000E+00  1.0000E+00
       3.5327E+02  5.5875E+19  1.0000E+00  0.0000E+00  0.0000E+00  1.0000E+00
       3.5341E+02  6.0029E+19  1.0000E+00  0.0000E+00  0.0000E+00  1.0000E+00
       3.5355E+02  6.3283E+19  1.0000E+00  0.0000E+00  0.0000E+00  1.0000E+00
       3.5369E+02  6.5477E+19  1.0000E+00  0.0000E+00  0.0000E+00  1.0000E+00
       3.5383E+02  6.6483E+19  1.0000E+00  0.0000E+00  0.0000E+00  1.0000E+00
       3.5397E+02  6.6210E+19  1.0000E+00  0.0000E+00  0.0000E+00  1.0000E+00
       3.5411E+02  6.4615E+19  1.0000E+00  0.0000E+00  0.0000E+00  1.0000E+00
       3.5425E+02  6.1710E+19  1.0000E+00  0.0000E+00  0.0000E+00  1.0000E+00
       3.5439E+02  5.7561E+19  1.0000E+00  0.0000E+00  0.0000E+00  1.0000E+00
       3.5452E+02  5.2301E+19  1.0000E+00  0.0000E+00  0.0000E+00  1.0000E+00
       3.5466E+02  4.6122E+19  1.0000E+00  0.0000E+00  0.0000E+00  1.0000E+00
       3.5480E+02  3.9285E+19  1.0000E+00  0.0000E+00  0.0000E+00  1.0000E+00
       3.5494E+02  3.2109E+19  1.0000E+00  0.0000E+00  0.0000E+00  1.0000E+00
       3.5508E+02  2.4976E+19  1.0000E+00  0.0000E+00  0.0000E+00  1.0000E+00
       3.5522E+02  1.8320E+19  1.0000E+00  0.0000E+00  0.0000E+00  1.0000E+00
       3.5536E+02  1.2618E+19  1.0000E+00  0.0000E+00  0.0000E+00  1.0000E+00
       3.5550E+02  8.3853E+18  1.0000E+00  0.0000E+00  0.0000E+00  1.0000E+00
       3.5564E+02  6.1625E+18  1.0000E+00  0.0000E+00  0.0000E+00  1.0000E+00
       3.5577E+02  6.5010E+18  1.0000E+00  0.0000E+00  0.0000E+00  1.0000E+00
       3.5591E+02  9.9510E+18  1.0000E+00  0.0000E+00  0.0000E+00  1.0000E+00
       3.5605E+02  1.7046E+19  1.0000E+00  0.0000E+00  0.0000E+00  1.0000E+00
       3.5619E+02  2.8289E+19  1.0000E+00  0.0000E+00  0.0000E+00  1.0000E+00
       3.5633E+02  4.4136E+19  1.0000E+00  0.0000E+00  0.0000E+00  1.0000E+00
       3.5647E+02  6.4981E+19  1.0000E+00  0.0000E+00  0.0000E+00  1.0000E+00
       3.5661E+02  9.1144E+19  1.0000E+00  0.0000E+00  0.0000E+00  1.0000E+00
       3.5675E+02  1.2285E+20  1.0000E+00  0.0000E+00  0.0000E+00  1.0000E+00
       3.5689E+02  1.6024E+20  1.0000E+00  0.0000E+00  0.0000E+00  1.0000E+00
       3.5703E+02  2.0333E+20  1.0000E+00  0.0000E+00  0.0000E+00  1.0000E+00
       3.5717E+02  2.5203E+20  1.0000E+00  0.0000E+00  0.0000E+00  1.0000E+00
       3.5730E+02  3.0612E+20  1.0000E+00  0.0000E+00  0.0000E+00  1.0000E+00
       3.5744E+02  3.6526E+20  1.0000E+00  0.0000E+00  0.0000E+00  1.0000E+00
       3.5758E+02  4.2900E+20  1.0000E+00  0.0000E+00  0.0000E+00  1.0000E+00
       3.5772E+02  4.9675E+20  1.0000E+00  0.0000E+00  0.0000E+00  1.0000E+00
       3.5786E+02  5.6784E+20  1.0000E+00  0.0000E+00  0.0000E+00  1.0000E+00
       3.5800E+02  6.4147E+20  1.0000E+00  0.0000E+00  0.0000E+00  1.0000E+00
       3.5814E+02  7.1676E+20  1.0000E+00  0.0000E+00  0.0000E+00  1.0000E+00
       3.5828E+02  7.9276E+20  1.0000E+00  0.0000E+00  0.0000E+00  1.0000E+00
       3.5842E+02  8.6848E+20  1.0000E+00  0.0000E+00  0.0000E+00  1.0000E+00
       3.5855E+02  9.4286E+20  1.0000E+00  0.0000E+00  0.0000E+00  1.0000E+00
       3.5869E+02  1.0148E+21  1.0000E+00  0.0000E+00  0.0000E+00  1.0000E+00
       3.5883E+02  1.0834E+21  1.0000E+00  0.0000E+00  0.0000E+00  1.0000E+00
       3.5897E+02  1.1474E+21  1.0000E+00  0.0000E+00  0.0000E+00  1.0000E+00
       3.5911E+02  1.2060E+21  1.0000E+00  0.0000E+00  0.0000E+00  1.0000E+00
       3.5925E+02  1.2582E+21  1.0000E+00  0.0000E+00  0.0000E+00  1.0000E+00
       3.5939E+02  1.3032E+21  1.0000E+00  0.0000E+00  0.0000E+00  1.0000E+00
       3.5953E+02  1.3402E+21  1.0000E+00  0.0000E+00  0.0000E+00  1.0000E+00
       3.5967E+02  1.3687E+21  1.0000E+00  0.0000E+00  0.0000E+00  1.0000E+00
       3.5981E+02  1.3882E+21  1.0000E+00  0.0000E+00  0.0000E+00  1.0000E+00
       3.5995E+02  1.3983E+21  1.0000E+00  0.0000E+00  0.0000E+00  1.0000E+00
       3.6008E+02  1.3990E+21  1.0000E+00  0.0000E+00  0.0000E+00  1.0000E+00
       3.6022E+02  1.3901E+21  1.0000E+00  0.0000E+00  0.0000E+00  1.0000E+00
       3.6036E+02  1.3718E+21  1.0000E+00  0.0000E+00  0.0000E+00  1.0000E+00
       3.6050E+02  1.3445E+21  1.0000E+00  0.0000E+00  0.0000E+00  1.0000E+00
       3.6064E+02  1.3085E+21  1.0000E+00  0.0000E+00  0.0000E+00  1.0000E+00
       3.6078E+02  1.2644E+21  1.0000E+00  0.0000E+00  0.0000E+00  1.0000E+00
       3.6092E+02  1.2129E+21  1.0000E+00  0.0000E+00  0.0000E+00  1.0000E+00
       3.6106E+02  1.1549E+21  1.0000E+00  0.0000E+00  0.0000E+00  1.0000E+00
       3.6120E+02  1.0913E+21  1.0000E+00  0.0000E+00  0.0000E+00  1.0000E+00
       3.6133E+02  1.0229E+21  1.0000E+00  0.0000E+00  0.0000E+00  1.0000E+00
       3.6147E+02  9.5097E+20  1.0000E+00  0.0000E+00  0.0000E+00  1.0000E+00
       3.6161E+02  8.7642E+20  1.0000E+00  0.0000E+00  0.0000E+00  1.0000E+00
       3.6175E+02  8.0037E+20  1.0000E+00  0.0000E+00  0.0000E+00  1.0000E+00
       3.6189E+02  7.2388E+20  1.0000E+00  0.0000E+00  0.0000E+00  1.0000E+00
       3.6203E+02  6.4797E+20  1.0000E+00  0.0000E+00  0.0000E+00  1.0000E+00
       3.6217E+02  5.7362E+20  1.0000E+00  0.0000E+00  0.0000E+00  1.0000E+00
       3.6231E+02  5.0174E+20  1.0000E+00  0.0000E+00  0.0000E+00  1.0000E+00
       3.6245E+02  4.3314E+20  1.0000E+00  0.0000E+00  0.0000E+00  1.0000E+00
       3.6259E+02  3.6854E+20  1.0000E+00  0.0000E+00  0.0000E+00  1.0000E+00
       3.6273E+02  3.0856E+20  1.0000E+00  0.0000E+00  0.0000E+00  1.0000E+00
       3.6286E+02  2.5368E+20  1.0000E+00  0.0000E+00  0.0000E+00  1.0000E+00
       3.6300E+02  2.0426E+20  1.0000E+00  0.0000E+00  0.0000E+00  1.0000E+00
       3.6314E+02  1.6054E+20  1.0000E+00  0.0000E+00  0.0000E+00  1.0000E+00
       3.6328E+02  1.2264E+20  1.0000E+00  0.0000E+00  0.0000E+00  1.0000E+00
       3.6342E+02  9.0553E+19  1.0000E+00  0.0000E+00  0.0000E+00  1.0000E+00

       Total absolut maxima found for Stokes-V. (z,y,Eph,fluxdens.)

       -5.7143E-05  0.0000E+00  3.5995E+02  1.3992E+21
       -5.7143E-05  0.0000E+00  3.5995E+02  1.3992E+21
       -4.0000E-04 -3.7143E-04  3.5230E+02  6.1682E+19
        4.2857E-04  4.0000E-04  3.5230E+02  1.0109E+19


       Estimated maxima of s0, s1, s2 ,s3 for selected point:
          360.023926       1.39986766E+21
          360.023926       1.39986766E+21
          0.00000000       0.00000000    
          0.00000000       0.00000000    


       Estimated maximum of s3*s3/s0 for selected point:
          0.00000000       0.00000000    


       Estimated maxima of fluxes s0, s1, s2 ,s3:
          356.438965       6.47087826E+14
          356.441772       6.46900726E+14
          356.603699       5263321.00    
          359.243958       4.22519188E-05


       Estimated maxima of fluxes s3*s3/s0:
          362.417969       4.74146228E-24



      Brilliance calculations:
      (only meaningful for undulators)

      sigr=sqrt(2*lambda*L)/2/pi*sigrc and 
      sigrp=sqrt(lambda/2/L)*sigrpc

       sigrc,sigrpc:   1.0000000000000000        1.0000000000000000     

      make sure that the device length agrees to the length
      of the trajectory
      (for rec-fields rangrec and rangpm are substracted by program)

      Observation point:

         10.0000000       0.00000000       0.00000000    

      considered device length [m]:   4.14960003    


      Brilliance [photons/sec/BW/mm**2/mrad**2]

          352.30        0.38382E+18    0.38382E+18     0.0000         0.0000    
          352.44        0.49276E+18    0.49276E+18     0.0000         0.0000    
          352.58        0.61077E+18    0.61077E+18     0.0000         0.0000    
          352.72        0.73447E+18    0.73447E+18     0.0000         0.0000    
          352.86        0.86002E+18    0.86002E+18     0.0000         0.0000    
          352.99        0.98327E+18    0.98327E+18     0.0000         0.0000    
          353.13        0.10998E+19    0.10998E+19     0.0000         0.0000    
          353.27        0.12053E+19    0.12053E+19     0.0000         0.0000    
          353.41        0.12954E+19    0.12954E+19     0.0000         0.0000    
          353.55        0.13662E+19    0.13662E+19     0.0000         0.0000    
          353.69        0.14141E+19    0.14141E+19     0.0000         0.0000    
          353.83        0.14364E+19    0.14364E+19     0.0000         0.0000    
          353.97        0.14311E+19    0.14311E+19     0.0000         0.0000    
          354.11        0.13971E+19    0.13971E+19     0.0000         0.0000    
          354.25        0.13348E+19    0.13348E+19     0.0000         0.0000    
          354.39        0.12456E+19    0.12456E+19     0.0000         0.0000    
          354.52        0.11322E+19    0.11322E+19     0.0000         0.0000    
          354.66        0.99884E+18    0.99884E+18     0.0000         0.0000    
          354.80        0.85110E+18    0.85110E+18     0.0000         0.0000    
          354.94        0.69592E+18    0.69592E+18     0.0000         0.0000    
          355.08        0.54154E+18    0.54154E+18     0.0000         0.0000    
          355.22        0.39736E+18    0.39736E+18     0.0000         0.0000    
          355.36        0.27379E+18    0.27379E+18     0.0000         0.0000    
          355.50        0.18202E+18    0.18202E+18     0.0000         0.0000    
          355.64        0.13382E+18    0.13382E+18     0.0000         0.0000    
          355.77        0.14123E+18    0.14123E+18     0.0000         0.0000    
          355.91        0.21626E+18    0.21626E+18     0.0000         0.0000    
          356.05        0.37061E+18    0.37061E+18     0.0000         0.0000    
          356.19        0.61529E+18    0.61529E+18     0.0000         0.0000    
          356.33        0.96033E+18    0.96033E+18     0.0000         0.0000    
          356.47        0.14144E+19    0.14144E+19     0.0000         0.0000    
          356.61        0.19847E+19    0.19847E+19     0.0000         0.0000    
          356.75        0.26762E+19    0.26762E+19     0.0000         0.0000    
          356.89        0.34920E+19    0.34920E+19     0.0000         0.0000    
          357.03        0.44328E+19    0.44328E+19     0.0000         0.0000    
          357.17        0.54966E+19    0.54966E+19     0.0000         0.0000    
          357.30        0.66788E+19    0.66788E+19     0.0000         0.0000    
          357.44        0.79723E+19    0.79723E+19     0.0000         0.0000    
          357.58        0.93670E+19    0.93670E+19     0.0000         0.0000    
          357.72        0.10851E+20    0.10851E+20     0.0000         0.0000    
          357.86        0.12408E+20    0.12408E+20     0.0000         0.0000    
          358.00        0.14023E+20    0.14023E+20     0.0000         0.0000    
          358.14        0.15674E+20    0.15674E+20     0.0000         0.0000    
          358.28        0.17343E+20    0.17343E+20     0.0000         0.0000    
          358.42        0.19007E+20    0.19007E+20     0.0000         0.0000    
          358.55        0.20643E+20    0.20643E+20     0.0000         0.0000    
          358.69        0.22228E+20    0.22228E+20     0.0000         0.0000    
          358.83        0.23738E+20    0.23738E+20     0.0000         0.0000    
          358.97        0.25151E+20    0.25151E+20     0.0000         0.0000    
          359.11        0.26445E+20    0.26445E+20     0.0000         0.0000    
          359.25        0.27600E+20    0.27600E+20     0.0000         0.0000    
          359.39        0.28598E+20    0.28598E+20     0.0000         0.0000    
          359.53        0.29422E+20    0.29422E+20     0.0000         0.0000    
          359.67        0.30059E+20    0.30059E+20     0.0000         0.0000    
          359.81        0.30499E+20    0.30499E+20     0.0000         0.0000    
          359.95        0.30734E+20    0.30734E+20     0.0000         0.0000    
          360.08        0.30760E+20    0.30760E+20     0.0000         0.0000    
          360.22        0.30576E+20    0.30576E+20     0.0000         0.0000    
          360.36        0.30186E+20    0.30186E+20     0.0000         0.0000    
          360.50        0.29596E+20    0.29596E+20     0.0000         0.0000    
          360.64        0.28814E+20    0.28814E+20     0.0000         0.0000    
          360.78        0.27854E+20    0.27854E+20     0.0000         0.0000    
          360.92        0.26731E+20    0.26731E+20     0.0000         0.0000    
          361.06        0.25463E+20    0.25463E+20     0.0000         0.0000    
          361.20        0.24069E+20    0.24069E+20     0.0000         0.0000    
          361.33        0.22570E+20    0.22570E+20     0.0000         0.0000    
          361.47        0.20990E+20    0.20990E+20     0.0000         0.0000    
          361.61        0.19352E+20    0.19352E+20     0.0000         0.0000    
          361.75        0.17680E+20    0.17680E+20     0.0000         0.0000    
          361.89        0.15996E+20    0.15996E+20     0.0000         0.0000    
          362.03        0.14324E+20    0.14324E+20     0.0000         0.0000    
          362.17        0.12685E+20    0.12685E+20     0.0000         0.0000    
          362.31        0.11100E+20    0.11100E+20     0.0000         0.0000    
          362.45        0.95861E+19    0.95861E+19     0.0000         0.0000    
          362.59        0.81596E+19    0.81596E+19     0.0000         0.0000    
          362.73        0.68342E+19    0.68342E+19     0.0000         0.0000    
          362.86        0.56208E+19    0.56208E+19     0.0000         0.0000    
          363.00        0.45275E+19    0.45275E+19     0.0000         0.0000    
          363.14        0.35599E+19    0.35599E+19     0.0000         0.0000    
          363.28        0.27205E+19    0.27205E+19     0.0000         0.0000    
          363.42        0.20095E+19    0.20095E+19     0.0000         0.0000    


      estimated brilliance maxima, flux and flux-density of S0, S1, S2, S3:

          360.02        0.30774E+20    0.36498E+15    0.13999E+18
          360.02        0.30774E+20    0.36498E+15    0.13999E+18
          0.0000         0.0000         0.0000         0.0000    
          0.0000         0.0000         0.0000         0.0000    

      estimated brilliance maximum of S3*S3/S0:

          0.0000         0.0000    

      ---> flag IFOLD is not set, emittance effects are estimated
      from horizontal beam size [mm] and divergence [mrad]: 
         2.16000000E-04   2.47999997E-05
      vertical beam size [mm] and divergence [mrad]: 
         1.87000005E-05   4.29000011E-06


      Brilliance [photons/sec/BW/mm**2/mrad**2] with emittance

          352.30        0.24713E+17    0.24713E+17     0.0000         0.0000    
          352.44        0.31716E+17    0.31716E+17     0.0000         0.0000    
          352.58        0.39297E+17    0.39297E+17     0.0000         0.0000    
          352.72        0.47237E+17    0.47237E+17     0.0000         0.0000    
          352.86        0.55291E+17    0.55291E+17     0.0000         0.0000    
          352.99        0.63190E+17    0.63190E+17     0.0000         0.0000    
          353.13        0.70654E+17    0.70654E+17     0.0000         0.0000    
          353.27        0.77401E+17    0.77401E+17     0.0000         0.0000    
          353.41        0.83155E+17    0.83155E+17     0.0000         0.0000    
          353.55        0.87664E+17    0.87664E+17     0.0000         0.0000    
          353.69        0.90705E+17    0.90705E+17     0.0000         0.0000    
          353.83        0.92099E+17    0.92099E+17     0.0000         0.0000    
          353.97        0.91722E+17    0.91722E+17     0.0000         0.0000    
          354.11        0.89514E+17    0.89514E+17     0.0000         0.0000    
          354.25        0.85490E+17    0.85490E+17     0.0000         0.0000    
          354.39        0.79744E+17    0.79744E+17     0.0000         0.0000    
          354.52        0.72457E+17    0.72457E+17     0.0000         0.0000    
          354.66        0.63898E+17    0.63898E+17     0.0000         0.0000    
          354.80        0.54426E+17    0.54426E+17     0.0000         0.0000    
          354.94        0.44485E+17    0.44485E+17     0.0000         0.0000    
          355.08        0.34604E+17    0.34604E+17     0.0000         0.0000    
          355.22        0.25381E+17    0.25381E+17     0.0000         0.0000    
          355.36        0.17481E+17    0.17481E+17     0.0000         0.0000    
          355.50        0.11618E+17    0.11618E+17     0.0000         0.0000    
          355.64        0.85382E+16    0.85382E+16     0.0000         0.0000    
          355.77        0.90074E+16    0.90074E+16     0.0000         0.0000    
          355.91        0.13788E+17    0.13788E+17     0.0000         0.0000    
          356.05        0.23619E+17    0.23619E+17     0.0000         0.0000    
          356.19        0.39197E+17    0.39197E+17     0.0000         0.0000    
          356.33        0.61154E+17    0.61154E+17     0.0000         0.0000    
          356.47        0.90038E+17    0.90038E+17     0.0000         0.0000    
          356.61        0.12629E+18    0.12629E+18     0.0000         0.0000    
          356.75        0.17023E+18    0.17023E+18     0.0000         0.0000    
          356.89        0.22204E+18    0.22204E+18     0.0000         0.0000    
          357.03        0.28175E+18    0.28175E+18     0.0000         0.0000    
          357.17        0.34923E+18    0.34923E+18     0.0000         0.0000    
          357.30        0.42419E+18    0.42419E+18     0.0000         0.0000    
          357.44        0.50614E+18    0.50614E+18     0.0000         0.0000    
          357.58        0.59447E+18    0.59447E+18     0.0000         0.0000    
          357.72        0.68837E+18    0.68837E+18     0.0000         0.0000    
          357.86        0.78688E+18    0.78688E+18     0.0000         0.0000    
          358.00        0.88892E+18    0.88892E+18     0.0000         0.0000    
          358.14        0.99327E+18    0.99327E+18     0.0000         0.0000    
          358.28        0.10986E+19    0.10986E+19     0.0000         0.0000    
          358.42        0.12035E+19    0.12035E+19     0.0000         0.0000    
          358.55        0.13066E+19    0.13066E+19     0.0000         0.0000    
          358.69        0.14064E+19    0.14064E+19     0.0000         0.0000    
          358.83        0.15014E+19    0.15014E+19     0.0000         0.0000    
          358.97        0.15902E+19    0.15902E+19     0.0000         0.0000    
          359.11        0.16713E+19    0.16713E+19     0.0000         0.0000    
          359.25        0.17437E+19    0.17437E+19     0.0000         0.0000    
          359.39        0.18060E+19    0.18060E+19     0.0000         0.0000    
          359.53        0.18574E+19    0.18574E+19     0.0000         0.0000    
          359.67        0.18969E+19    0.18969E+19     0.0000         0.0000    
          359.81        0.19239E+19    0.19239E+19     0.0000         0.0000    
          359.95        0.19380E+19    0.19380E+19     0.0000         0.0000    
          360.08        0.19389E+19    0.19389E+19     0.0000         0.0000    
          360.22        0.19267E+19    0.19267E+19     0.0000         0.0000    
          360.36        0.19014E+19    0.19014E+19     0.0000         0.0000    
          360.50        0.18635E+19    0.18635E+19     0.0000         0.0000    
          360.64        0.18136E+19    0.18136E+19     0.0000         0.0000    
          360.78        0.17525E+19    0.17525E+19     0.0000         0.0000    
          360.92        0.16812E+19    0.16812E+19     0.0000         0.0000    
          361.06        0.16008E+19    0.16008E+19     0.0000         0.0000    
          361.20        0.15126E+19    0.15126E+19     0.0000         0.0000    
          361.33        0.14179E+19    0.14179E+19     0.0000         0.0000    
          361.47        0.13181E+19    0.13181E+19     0.0000         0.0000    
          361.61        0.12148E+19    0.12148E+19     0.0000         0.0000    
          361.75        0.11094E+19    0.11094E+19     0.0000         0.0000    
          361.89        0.10034E+19    0.10034E+19     0.0000         0.0000    
          362.03        0.89818E+18    0.89818E+18     0.0000         0.0000    
          362.17        0.79513E+18    0.79513E+18     0.0000         0.0000    
          362.31        0.69549E+18    0.69549E+18     0.0000         0.0000    
          362.45        0.60041E+18    0.60041E+18     0.0000         0.0000    
          362.59        0.51088E+18    0.51088E+18     0.0000         0.0000    
          362.73        0.42773E+18    0.42773E+18     0.0000         0.0000    
          362.86        0.35165E+18    0.35165E+18     0.0000         0.0000    
          363.00        0.28315E+18    0.28315E+18     0.0000         0.0000    
          363.14        0.22255E+18    0.22255E+18     0.0000         0.0000    
          363.28        0.17001E+18    0.17001E+18     0.0000         0.0000    
          363.42        0.12553E+18    0.12553E+18     0.0000         0.0000    


      estimated brilliance maxima, flux and flux-density of S0, S1, S2, S3
      with emittance:

          360.02        0.19402E+19    0.36498E+15    0.86946E+17
          360.02        0.19402E+19    0.36498E+15    0.86946E+17
          0.0000         0.0000         0.0000         0.0000    
          0.0000         0.0000         0.0000         0.0000    

      estimated brilliance maximum of S3*S3/S0 with emittance:

          0.0000         0.0000    

      corresponding sigmas of source size [mm]
      and divergence [mrad] without and with emittance
      (including corr. factors sigrc,sigrpc):

      L/mm, lambda/mm:    4149.60010       3.44383193E-06
      without emit.:    2.69066244E-02   2.03705560E-02
         with emit.:    8.44529867E-02   2.58477274E-02
         (sigrf**2 = sigrxf*sigryf)


      LAST CHECK:

           BMAXGL:  0.23418733596573138     

           XBMAXGL:  0.17289999994491850     
           YBMAXGL:   0.0000000000000000     
           ZBMAXGL:  -2.5203910734728305E-006


      CURRENT NUMBER:         322


                     --- Program WAVE completed ---



                                                   23:00:24 29.01.16

