
                                                   18:36:23 29.01.16


           *********************************************
           *          PROGRAM WAVE                     *
           *                                           *
           *          VERSION 3.03/01 13.11.2015       *
           *                                           *
           *          Michael Scheer                   *
           *              BESSY                        *
           *********************************************

      USER COMMENT:

      U49 Peter Baumgaertel                                            

      CURRENT NUMBER:         230


      USER NAMELIST:



      MODE FLAGS:

      IUNDULATOR,IWIGGLER:            1           0



      CONTROL FLAGS:


      IUNAME,IUSTEP,IUOUT:            0           0           0
      IOPTIC,IGENFUN:                 0           0
      IMAGSPLN:                   -9999
      IEMIT,IEMIAHW:                  0           0
      IWLSOPT,IBEAMPOL:               0           0
      IENELOSS, IEFIELD:             -1           0
      IPOWER,ISPEC:                   0           1
      IVELOFIELD,ISPECMODE:           0           3
         IWFILL0,IRFILL0:                      0           0
         ISPECINT,IPIN:                        0           1
         IUSEM,ISTOKES:                        0           1
         IBRILL:                               1
         IPINCIRC,IRPHI:                       0           0
         IFOLD,ISIGUSR:                        0           1
         IF1DIM,IPOLA:                         0           0
         IWFILSP0,IWFILSPF:                    0           0
         IRFILSP0,IRFILSTO:                    0           0
         IWFILSTO,IWFLSTOF:                    0           0
         ISPECANA,ISPECANAF:                   0           0
         IAMPLI,IAMPSKIP:                      0           0
         IWFILFL0,IWFILFLF:                    0           0
         IWFILS,IWFILSF:                       0           0
         IWFILSE,IWFILSEF:                     0           0
         IWFILB,IWFILBF:                       0           0
         IWFILBE,IWFILBEF:                     0           0
         IWFILINT,IPINALL:                     0           0
         IRFILOB,IFILTER:                      0           0
         IWFILRAY,IDESYNC:                     1           0
         IPHASE,IPHASEANA:                     0           0
         IDOSE,IEFOLD:                         0           0
         ISPECDIP,IBL0CUT:                     0           0
         IEFFI,IFILMUL:                        0           0
         IBUNCH:                               0
      IWFILF:                         0


      MAGNETIC FIELD FLAGS:



      ICHARGE,IBMASK,JBMASK:          -1           0           0
      IBSUPER,IBERROR:                 1           0
      ICUTFIBO:                        1

      IPERIODG,IBSYM:                 0           0
      IBSYMY,IBSYMZ:                  0           0
      KBEXTERN,KBFELD:                0           0
      KHALBA,KHALBASY:                0           0
      KUCROSS,IRFILP:                 0           0
      KMAGSEQ,IMGSQF:                 0           0
             KMAGCOR:                 1
      IRFILF,IRBTAB:                  0           0
      IRBTABZY,KELLIP:                0           1
      KBPOLYH,KBPOLY3D:               0           0
      KBREC,KELLANA:                  0           0
      KBPOLYMAG,KBGENESIS:            0           0
      KBAMWLS:                        0



      HISTOGRAM FLAGS:

      IHBOOK,IHINDEX:                 1           0


      OTHER OPTIONS:


      IWBTAB,IWFILT0:                 0           0
      IWSECTMAGS:                     0
      IJUST,ISNORDER:                 0           0
      IWBMAP,IWBPOLY3D:               0           0
      IWBPOLY2DH,IWBPHARM:            0           0


      SR BELLIP, Parameters of elliptical undulator:
      horizontal and vertical peak field [T]:   0.00000000      0.564078987    
      number of periods, period and device length [m]:
         84.0000000       4.94000018E-02   4.14960003    
      shift parameter [periods], B_h/B_v:       0.00000000       0.00000000    
      B0_eff [T], deflection parameter K:  0.564078987       2.60188270    
      1. harmonical [nm] and [eV]:   9.53739929       130.000000    
      critical energy [eV]:   1112.35840    

      longitudinal position of device center [m]:   0.0000000000000000     

      scaling factor for taper:   0.0000000000000000     

  
      Subroutine photon (quantum fluctuations):
  
       number of sampling bins (NBING1)        1000
       max. photon energy normalized to characteristic energy (EECMAXG1):
          5.0000000000000000     
  

      Number of tracking steps per meter (MYINUM):         5000

      Start and end of the trajectory [m](XSTART,XSTOP):
        -2.07480001       2.07480001    

      BMOVECUT:   1.00000001E-07

      Initial energy [GeV] and gamma:    1.72200000       3369.8702546331497     
      Final energy [GeV] and gamma:      1.72199833       3369.8669815213734     
      Relative change:                  -9.71287136E-07
      number of photons, RMS (keV) and rel. RMS of quantum fluctuation:
                14  0.888009489       5.15684974E-07


      B-rho [Tm], current [A]:   -5.74397326      0.100000001    

      Offset for vert. and hori. magnetic field (BYGOFF, BZGOFF):
          0.00000000       0.00000000    
      Global scaling factor for mag. field (B0SCGLOB,A0SCGLOB):
          1.00000000       1.00000000    

      Long. shift [m] of device (X(e-) -> X(e-)+XSHIFT):    0.00000000    
      Vert. shift [m] of device (Y(e-) -> Y(e-)+VSHIFT):    0.00000000    
      Hori. shift [m] of device (Z(e-) -> Z(e-)+HSHIFT):    0.00000000    
      Rotation angle [degree] of device:                    0.00000000    
      Y(e-) -> Y(e-)*sin(XROTD) + Y(e-)*cos(XROTD)
      Z(e-) -> Z(e-)*cos(XROTD) - Y(e-)*sin(XROTD)


      Magnetic field [T] at starting point:
         0.00000000       0.00000000       0.00000000    

      Vector potential [T-m] at starting point:
         0.00000000       0.00000000       0.00000000    


      Magnetic field [T] at stopping point:
         0.00000000       0.00000000       0.00000000    

      Vector potential [T-m] at stopping point:
         0.00000000       0.00000000       0.00000000    

      Extrema of magnetic field [T] and the trajectory [m]:

      BXmax,BXmin:    0.00000000       0.00000000    
      BYmax,BYmin:   0.564033866     -0.564078987    
      BZmax,BZmin:    0.00000000       0.00000000    

      Xmax,Xmin:    2.07480001      -2.07480001    
      Ymax,Ymin:    0.00000000       0.00000000    
      Zmax,Zmin:    6.07086258E-06  -6.06980620E-06


      Extrema of magnetic field [T] and the trajectory [m] between
      XIANF and XIEND

      BXmaxAE,BXminAE:    0.00000000       0.00000000    
      BYmaxAE,BYminAE:   0.564033866     -0.564078987    
      BZmaxAE,BZminAE:    0.00000000       0.00000000    

      XmaxAE,XminAE:    2.07479930      -2.07480001    
      YmaxAE,YminAE:    0.00000000       0.00000000    
      ZmaxAE,ZminAE:    6.07086258E-06  -6.06980620E-06


      Start values (coordinates [m] and slopes) of trajectory:

      X0:   -2.0747999999999998     
      Y0:    0.0000000000000000     
      Z0:    0.0000000000000000     

      ZP0:   0.0000000000000000     
      YP0:   0.0000000000000000     

      VX0:   299792444.80029100     
      VY0:   0.0000000000000000     
      VZ0:   0.0000000000000000     

      Values for X=0 (coordinates [m] and slopes) of trajectory:

      YCEN:    0.0000000000000000     
      ZCEN:    6.0705341443936382E-006

      YPCEN:   0.0000000000000000     
      ZPCEN:   1.8152840373390631E-010

      End values (coordinates [m] and slopes) of trajectory:

      XF0:    2.0747999999999998     
      YF0:    0.0000000000000000     
      ZF0:    5.6397331063845587E-010


      ZPF0:    1.0590889689693922E-010
      YPF0:    0.0000000000000000     

      VXF0:    299792444.80026513     
      VYF0:    0.0000000000000000     
      VZF0:    3.1750687126832620E-002


      Values for X=XIANF (coordinates [m] and slopes) of trajectory:

      XIANF:   -1.0000000000000000E+030
      YIANF:   -9999.0000000000000     
      ZIANF:   -9999.0000000000000     

      YPIANF:  -9999.0000000000000     
      ZPIANF:  -9999.0000000000000     



      Values for X=XIEND (coordinates [m] and slopes) of trajectory:

      XIEND:    1.0000000000000000E+030
      YIEND:   -9999.0000000000000     
      ZIEND:   -9999.0000000000000     

      YPIEND:  -9999.0000000000000     
      ZPIEND:  -9999.0000000000000     


      ZF0/(XSTOP-XSTART):    1.3591028307269518E-010
      YF0/(XSTOP-XSTART):    0.0000000000000000     

      YF0-Y0:   0.0000000000000000     
      ZF0-Z0:   5.6397331063845587E-010

      YPF0-YP0:   0.0000000000000000     
      ZPF0-ZP0:   1.0590889689693922E-010

      Straight line fit of z(x):
      offset:  -2.6854418144481653E-008
      slope:   1.5497422337623165E-010

      Straight line fit of vz(x)/vx(x):
      offset:   1.3410781670768243E-010
      slope:   1.8910312695047462E-008

      Straight line fit of y(x):
      offset:   0.0000000000000000     
      slope:   0.0000000000000000     

      Straight line fit of vy(x)/vx(x):
      offset:   0.0000000000000000     
      slope:   0.0000000000000000     

      1. magnetic integral [T-m]:    0.00000000       4.01667102E-11   0.00000000    
      2. mag. integral [T-m**2]:    0.00000000       1.44882194E-13   0.00000000    

      Integrated By**2 [T**2-m]:                     0.656241298    
      Energy irradiated by the device per e- [MeV]:   2.46235495E-03
      Rel. energy loss:                               1.42993906E-06
      Power irradiated by the device [kWATT]:        0.246235505    

      Length of trajectory (BINT0) [m]:
         4.1496006133100014     
      Integrated (YP**2+ZP**2)/2 of trajectory (WTRA2I) [m]:
         6.1330999788191331E-007
      corresponding phase advance [nm and eV]:
         796.01511988244829        1.5575858958805964     
      dE/E and corresponding dL = 2 * dE/E * L [nm]:
         1.00000005E-03   1.22661996    
      Circumference of the ring [m]:                 240.000000    
      Rel. change of total circumference (from BINT0):         
         2.55545829E-09
      Rel. change of total circumference (from WTRA2I):
         2.55545829E-09

      Max. and min. deflection angle [rad]:    7.72107742E-04  -7.72108091E-04


      SPECTRUM
      ===========

      Start and end of points [m] of integration for spectrum
      calculations (XIANF,XIEND):  -1.00000002E+30   1.00000002E+30


      SR WFILL0:

      Parameters:
      WGWINFC:   2646.6899088765672     
      WBL0CUT:   0.0000000000000000     
      WBL0HYS:   1.0000000000000000     

      Pinhole of collimators:
      (X,Y,Z), width, height:

        1.0000E+01  0.0000E+00  0.0000E+00  1.0000E+03  1.0000E+03
        1.0000E+01  0.0000E+00  0.0000E+00  1.0000E+03  1.0000E+03

      Number of sources:           1
      Begin and end of sources (x,y,z):

                 1  -2.07480001       0.00000000       0.00000000    
                 1   2.07480001       0.00000000       5.63973312E-10

      Horiz., vert. slopes and mag. field
      at begin and end of sources:

                 1   0.00000000       0.00000000       0.00000000    
                 1   1.05908900E-10   0.00000000       6.00963557E-10


      SR COHEREN:
      Minimum and maximum number of phases  between
      photons and electrons:
         60.8166542       62.7286758    


       selected observation point:

          10.0000000       0.00000000       0.00000000    


      Source number, mean mag. field (sign from By), abs. mean and rel. rms
      for sources, and critical photon energy [eV] or wavelength [nm]
      (with respect to abs. mean):

           1  -4.68305429E-12  0.357605428      0.486472666       705.194519    

      Photon energy cut-off (SPECCUT):   0.00000000    

      Max. field and photon energy cuts for source points:

           1  0.564079404       0.00000000    

      Data-file written for program RAY
      File: wave_ray.dat                                                                                                                    
      (Device center is assumed at (0,0,0)
      Photon energy:   127.230003    


      Results of spectrum calculations
      ================================


      Reflectivity coefficients (complex):

       (  1.0000000000000000     ,  0.0000000000000000     )
       (  1.0000000000000000     ,  0.0000000000000000     )
       (  1.0000000000000000     ,  0.0000000000000000     )



      Buffer size for integration (NDWSOU):       20849

      Provided number of integration steps for each source
      (controlled by NLPOI)
      (not necessarily used)

       20747

      Bandwidth:   1.00000005E-03


      Pinhole position (x,y,z) [m]:
         10.0000000       0.00000000       0.00000000    

      Numbers defining inner vert. and hori. edges (MMEDGEY,MMEDGEZ):            0           0
      Numbers defining outerer vert. and hori. edges (MEDGEY,MEDGEZ):            1           1
      Total number of vert. and hori. points:                    73          73
      Number of vert. and horiz. points inside pinhole:          71          71

      Vertical and horizontal grid size [m]:        2.85714286E-05   2.85714286E-05
      Vertical and horizontal size [m x m]:         2.00000009E-03   2.00000009E-03
      Total vert. and horiz. size [m x m]:          2.05714279E-03   2.05714279E-03

      Photon energy or wavelength and flux through pinhole:
      (for all sources and sum)

      127.230003       8.69024020E+14   8.69024020E+14
      127.279999       8.77339345E+14   8.77339345E+14
      127.330002       8.84892246E+14   8.84892246E+14
      127.379997       8.91709701E+14   8.91709701E+14
      127.430000       8.97827077E+14   8.97827077E+14
      127.480003       9.03287390E+14   9.03287390E+14
      127.529999       9.08141038E+14   9.08141038E+14
      127.580002       9.12444529E+14   9.12444529E+14
      127.629997       9.16259600E+14   9.16259600E+14
      127.680000       9.19652155E+14   9.19652155E+14
      127.730003       9.22690844E+14   9.22690844E+14
      127.779999       9.25445596E+14   9.25445596E+14
      127.830002       9.27986136E+14   9.27986136E+14
      127.879997       9.30380379E+14   9.30380379E+14
      127.930000       9.32692749E+14   9.32692749E+14
      127.980003       9.34982437E+14   9.34982437E+14
      128.029999       9.37301719E+14   9.37301719E+14
      128.080002       9.39694418E+14   9.39694418E+14
      128.130005       9.42194291E+14   9.42194291E+14
      128.179993       9.44823683E+14   9.44823683E+14
      128.229996       9.47592259E+14   9.47592259E+14
      128.279999       9.50495858E+14   9.50495858E+14
      128.330002       9.53515891E+14   9.53515891E+14
      128.380005       9.56618670E+14   9.56618670E+14
      128.429993       9.59755003E+14   9.59755003E+14
      128.479996       9.62860599E+14   9.62860599E+14
      128.529999       9.65856272E+14   9.65856272E+14
      128.580002       9.68648538E+14   9.68648538E+14
      128.630005       9.71131029E+14   9.71131029E+14
      128.679993       9.73185500E+14   9.73185500E+14
      128.729996       9.74683839E+14   9.74683839E+14
      128.779999       9.75490085E+14   9.75490085E+14
      128.830002       9.75462436E+14   9.75462436E+14
      128.880005       9.74456206E+14   9.74456206E+14
      128.929993       9.72326103E+14   9.72326103E+14
      128.979996       9.68929455E+14   9.68929455E+14
      129.029999       9.64128823E+14   9.64128823E+14
      129.080002       9.57795155E+14   9.57795155E+14
      129.130005       9.49810610E+14   9.49810610E+14
      129.179993       9.40071436E+14   9.40071436E+14
      129.229996       9.28490593E+14   9.28490593E+14
      129.279999       9.15000034E+14   9.15000034E+14
      129.330002       8.99552983E+14   8.99552983E+14
      129.380005       8.82125750E+14   8.82125750E+14
      129.429993       8.62718874E+14   8.62718874E+14
      129.479996       8.41358391E+14   8.41358391E+14
      129.529999       8.18096110E+14   8.18096110E+14
      129.580002       7.93009810E+14   7.93009810E+14
      129.630005       7.66202436E+14   7.66202436E+14
      129.679993       7.37801696E+14   7.37801696E+14
      129.729996       7.07957914E+14   7.07957914E+14
      129.779999       6.76842822E+14   6.76842822E+14
      129.830002       6.44646607E+14   6.44646607E+14
      129.880005       6.11575493E+14   6.11575493E+14
      129.929993       5.77848725E+14   5.77848725E+14
      129.979996       5.43695011E+14   5.43695011E+14
      130.029999       5.09349231E+14   5.09349231E+14
      130.080002       4.75048582E+14   4.75048582E+14
      130.130005       4.41028885E+14   4.41028885E+14
      130.179993       4.07520925E+14   4.07520925E+14
      130.229996       3.74746835E+14   3.74746835E+14
      130.279999       3.42916732E+14   3.42916732E+14
      130.330002       3.12225298E+14   3.12225298E+14
      130.380005       2.82849232E+14   2.82849232E+14
      130.429993       2.54944460E+14   2.54944460E+14
      130.479996       2.28644279E+14   2.28644279E+14
      130.529999       2.04057587E+14   2.04057587E+14
      130.580002       1.81267870E+14   1.81267870E+14
      130.630005       1.60332488E+14   1.60332488E+14
      130.679993       1.41282664E+14   1.41282664E+14
      130.729996       1.24123825E+14   1.24123825E+14
      130.779999       1.08836510E+14   1.08836510E+14
      130.830002       9.53777432E+13   9.53777432E+13
      130.880005       8.36827989E+13   8.36827989E+13
      130.929993       7.36673294E+13   7.36673294E+13
      130.979996       6.52298578E+13   6.52298578E+13
      131.029999       5.82544492E+13   5.82544492E+13
      131.080002       5.26136430E+13   5.26136430E+13
      131.130005       4.81714221E+13   4.81714221E+13
      131.179993       4.47862790E+13   4.47862790E+13
      131.229996       4.23142233E+13   4.23142233E+13

      Estimated maximum:

         128.803345       9.75580950E+14


      Flux density for selected point:

               127.230003       1.03439173E+19   1.03439173E+19
               127.279999       1.31740339E+19   1.31740339E+19
               127.330002       1.62196250E+19   1.62196250E+19
               127.379997       1.93928452E+19   1.93928452E+19
               127.430000       2.25949310E+19   2.25949310E+19
               127.480003       2.57192174E+19   2.57192174E+19
               127.529999       2.86546914E+19   2.86546914E+19
               127.580002       3.12899789E+19   3.12899789E+19
               127.629997       3.35176686E+19   3.35176686E+19
               127.680000       3.52388397E+19   3.52388397E+19
               127.730003       3.63676753E+19   3.63676753E+19
               127.779999       3.68360079E+19   3.68360079E+19
               127.830002       3.65976250E+19   3.65976250E+19
               127.879997       3.56322208E+19   3.56322208E+19
               127.930000       3.39488003E+19   3.39488003E+19
               127.980003       3.15884413E+19   3.15884413E+19
               128.029999       2.86262404E+19   2.86262404E+19
               128.080002       2.51723577E+19   2.51723577E+19
               128.130005       2.13720871E+19   2.13720871E+19
               128.179993       1.74048414E+19   1.74048414E+19
               128.229996       1.34820719E+19   1.34820719E+19
               128.279999       9.84409033E+18   9.84409033E+18
               128.330002       6.75582165E+18   6.75582165E+18
               128.380005       4.50157103E+18   4.50157103E+18
               128.429993       3.37887482E+18   3.37887482E+18
               128.479996       3.69158225E+18   3.69158225E+18
               128.529999       5.74230613E+18   5.74230613E+18
               128.580002       9.82443216E+18   9.82443216E+18
               128.630005       1.62138713E+19   1.62138713E+19
               128.679993       2.51607909E+19   2.51607909E+19
               128.729996       3.68815189E+19   3.68815189E+19
               128.779999       5.15508709E+19   5.15508709E+19
               128.830002       6.92951282E+19   6.92951282E+19
               128.880005       9.01858316E+19   9.01858316E+19
               128.929993       1.14234658E+20   1.14234658E+20
               128.979996       1.41389525E+20   1.41389525E+20
               129.029999       1.71532047E+20   1.71532047E+20
               129.080002       2.04476512E+20   2.04476512E+20
               129.130005       2.39970365E+20   2.39970365E+20
               129.179993       2.77696421E+20   2.77696421E+20
               129.229996       3.17276518E+20   3.17276518E+20
               129.279999       3.58276972E+20   3.58276972E+20
               129.330002       4.00215196E+20   4.00215196E+20
               129.380005       4.42567997E+20   4.42567997E+20
               129.429993       4.84780764E+20   4.84780764E+20
               129.479996       5.26277845E+20   5.26277845E+20
               129.529999       5.66473633E+20   5.66473633E+20
               129.580002       6.04784031E+20   6.04784031E+20
               129.630005       6.40638243E+20   6.40638243E+20
               129.679993       6.73490666E+20   6.73490666E+20
               129.729996       7.02831828E+20   7.02831828E+20
               129.779999       7.28199901E+20   7.28199901E+20
               129.830002       7.49189701E+20   7.49189701E+20
               129.880005       7.65462192E+20   7.65462192E+20
               129.929993       7.76751379E+20   7.76751379E+20
               129.979996       7.82870504E+20   7.82870504E+20
               130.029999       7.83715915E+20   7.83715915E+20
               130.080002       7.79269665E+20   7.79269665E+20
               130.130005       7.69599944E+20   7.69599944E+20
               130.179993       7.54859593E+20   7.54859593E+20
               130.229996       7.35283078E+20   7.35283078E+20
               130.279999       7.11181432E+20   7.11181432E+20
               130.330002       6.82935488E+20   6.82935488E+20
               130.380005       6.50988078E+20   6.50988078E+20
               130.429993       6.15834246E+20   6.15834246E+20
               130.479996       5.78011257E+20   5.78011257E+20
               130.529999       5.38086987E+20   5.38086987E+20
               130.580002       4.96648417E+20   4.96648417E+20
               130.630005       4.54289635E+20   4.54289635E+20
               130.679993       4.11599908E+20   4.11599908E+20
               130.729996       3.69152039E+20   3.69152039E+20
               130.779999       3.27491667E+20   3.27491667E+20
               130.830002       2.87126977E+20   2.87126977E+20
               130.880005       2.48519763E+20   2.48519763E+20
               130.929993       2.12077849E+20   2.12077849E+20
               130.979996       1.78148785E+20   1.78148785E+20
               131.029999       1.47015146E+20   1.47015146E+20
               131.080002       1.18891538E+20   1.18891538E+20
               131.130005       9.39232123E+19   9.39232123E+19
               131.179993       7.21863512E+19   7.21863512E+19
               131.229996       5.36899620E+19   5.36899620E+19

      Estimated maximum:

         130.012985       7.84022159E+20


      Power through pinhole [W]:
      (for all sources and sum)
       17.2783318       17.2783318    


      Power density at selected point [W/m**2]:

                4657532.00       4657532.00    




      Photon energy or wavelength and normalized components S0, S1/S0,
      S2/S0, S3/S0 of STOKES vector and polarization for pinhole:

       1.2723E+02  8.6902E+14  9.9861E-01  4.9415E-10  1.7997E-19  9.9861E-01
       1.2728E+02  8.7734E+14  9.9866E-01 -1.6453E-09  3.9132E-20  9.9866E-01
       1.2733E+02  8.8489E+14  9.9871E-01  2.0794E-09  4.3109E-21  9.9871E-01
       1.2738E+02  8.9171E+14  9.9876E-01 -9.6231E-10  2.6737E-19  9.9876E-01
       1.2743E+02  8.9783E+14  9.9880E-01  3.8077E-09  2.1244E-20  9.9880E-01
       1.2748E+02  9.0329E+14  9.9885E-01  1.9779E-09 -2.9562E-20  9.9885E-01
       1.2753E+02  9.0814E+14  9.9889E-01 -1.1934E-09 -6.3008E-21  9.9889E-01
       1.2758E+02  9.1244E+14  9.9893E-01  4.3351E-10 -2.7697E-20  9.9893E-01
       1.2763E+02  9.1626E+14  9.9897E-01 -1.1469E-09  7.2858E-21  9.9897E-01
       1.2768E+02  9.1965E+14  9.9900E-01 -9.2279E-10  6.9479E-20  9.9900E-01
       1.2773E+02  9.2269E+14  9.9904E-01  3.2674E-10  5.8914E-20  9.9904E-01
       1.2778E+02  9.2545E+14  9.9908E-01  9.5178E-10 -1.3087E-19  9.9908E-01
       1.2783E+02  9.2799E+14  9.9911E-01 -5.7256E-10 -8.8381E-20  9.9911E-01
       1.2788E+02  9.3038E+14  9.9914E-01 -4.5617E-10  8.8153E-20  9.9914E-01
       1.2793E+02  9.3269E+14  9.9918E-01  7.2935E-10 -9.2025E-20  9.9918E-01
       1.2798E+02  9.3498E+14  9.9921E-01 -1.0053E-09  0.0000E+00  9.9921E-01
       1.2803E+02  9.3730E+14  9.9924E-01 -1.7866E-10 -6.1048E-20  9.9924E-01
       1.2808E+02  9.3969E+14  9.9927E-01 -1.0819E-09 -7.3071E-20  9.9927E-01
       1.2813E+02  9.4219E+14  9.9930E-01  8.2636E-10  6.0731E-20  9.9930E-01
       1.2818E+02  9.4482E+14  9.9933E-01 -6.2694E-10 -1.2516E-19  9.9933E-01
       1.2823E+02  9.4759E+14  9.9936E-01  2.5236E-09 -2.0128E-19  9.9936E-01
       1.2828E+02  9.5050E+14  9.9939E-01  1.4512E-09 -4.0134E-20  9.9939E-01
       1.2833E+02  9.5352E+14  9.9942E-01  1.5471E-10  0.0000E+00  9.9942E-01
       1.2838E+02  9.5662E+14  9.9944E-01  1.5026E-09  1.0368E-19  9.9944E-01
       1.2843E+02  9.5976E+14  9.9947E-01 -1.3170E-09 -3.1797E-20  9.9947E-01
       1.2848E+02  9.6286E+14  9.9950E-01  1.6082E-09 -7.9237E-21  9.9950E-01
       1.2853E+02  9.6586E+14  9.9952E-01 -1.8814E-09 -1.1849E-20  9.9952E-01
       1.2858E+02  9.6865E+14  9.9954E-01  6.4128E-10  1.9691E-20  9.9954E-01
       1.2863E+02  9.7113E+14  9.9957E-01  3.9810E-11  1.3356E-19  9.9957E-01
       1.2868E+02  9.7319E+14  9.9959E-01  9.9376E-10 -1.5679E-20  9.9959E-01
       1.2873E+02  9.7468E+14  9.9961E-01 -2.5745E-10 -1.9960E-19  9.9961E-01
       1.2878E+02  9.7549E+14  9.9963E-01 -1.1190E-10 -8.2121E-20  9.9963E-01
       1.2883E+02  9.7546E+14  9.9965E-01 -4.7472E-10 -5.4749E-20  9.9965E-01
       1.2888E+02  9.7446E+14  9.9967E-01  1.6057E-09  1.9573E-20  9.9967E-01
       1.2893E+02  9.7233E+14  9.9968E-01  9.7775E-10 -2.3540E-20  9.9968E-01
       1.2898E+02  9.6893E+14  9.9970E-01  1.6562E-09  7.2835E-20  9.9970E-01
       1.2903E+02  9.6413E+14  9.9972E-01 -1.1562E-09 -3.3631E-20  9.9972E-01
       1.2908E+02  9.5780E+14  9.9973E-01  7.6171E-10 -9.2600E-20  9.9973E-01
       1.2913E+02  9.4981E+14  9.9974E-01 -1.2084E-09 -1.3354E-19  9.9974E-01
       1.2918E+02  9.4007E+14  9.9975E-01  5.6101E-09 -2.6883E-19  9.9975E-01
       1.2923E+02  9.2849E+14  9.9977E-01 -4.0319E-10  9.3468E-20  9.9977E-01
       1.2928E+02  9.1500E+14  9.9978E-01  7.2240E-10 -1.4592E-20  9.9978E-01
       1.2933E+02  8.9955E+14  9.9979E-01  2.8083E-09 -1.1026E-19  9.9979E-01
       1.2938E+02  8.8213E+14  9.9979E-01  4.1659E-10  1.7298E-20  9.9979E-01
       1.2943E+02  8.6272E+14  9.9980E-01  1.6453E-09 -1.6803E-19  9.9980E-01
       1.2948E+02  8.4136E+14  9.9981E-01  4.3277E-09  7.9345E-20  9.9981E-01
       1.2953E+02  8.1810E+14  9.9981E-01 -1.3866E-09  2.0983E-20  9.9981E-01
       1.2958E+02  7.9301E+14  9.9982E-01 -2.0488E-10 -1.4431E-20  9.9982E-01
       1.2963E+02  7.6620E+14  9.9982E-01 -2.3239E-09 -1.1202E-19  9.9982E-01
       1.2968E+02  7.3780E+14  9.9983E-01  2.5102E-09 -1.2667E-19  9.9983E-01
       1.2973E+02  7.0796E+14  9.9983E-01 -8.4159E-10  7.0048E-20  9.9983E-01
       1.2978E+02  6.7684E+14  9.9983E-01  2.9190E-10  1.4090E-20  9.9983E-01
       1.2983E+02  6.4465E+14  9.9983E-01  2.8604E-09 -3.8464E-20  9.9983E-01
       1.2988E+02  6.1158E+14  9.9983E-01  1.9463E-09  2.0896E-19  9.9983E-01
       1.2993E+02  5.7785E+14  9.9983E-01 -3.0858E-09  1.1883E-19  9.9983E-01
       1.2998E+02  5.4370E+14  9.9983E-01  2.0198E-09  2.1750E-19  9.9983E-01
       1.3003E+02  5.0935E+14  9.9982E-01 -2.7604E-09 -2.9957E-20  9.9982E-01
       1.3008E+02  4.7505E+14  9.9982E-01 -9.9162E-10 -4.0151E-20  9.9982E-01
       1.3013E+02  4.4103E+14  9.9981E-01 -6.1410E-10 -7.3521E-20  9.9981E-01
       1.3018E+02  4.0752E+14  9.9980E-01  4.3929E-09  1.0765E-19  9.9980E-01
       1.3023E+02  3.7475E+14  9.9979E-01  1.2815E-09 -4.5807E-20  9.9979E-01
       1.3028E+02  3.4292E+14  9.9978E-01 -9.4988E-10  1.1124E-20  9.9978E-01
       1.3033E+02  3.1223E+14  9.9977E-01  1.2490E-09 -6.1089E-21  9.9977E-01
       1.3038E+02  2.8285E+14  9.9975E-01  4.0460E-09  4.7203E-20  9.9975E-01
       1.3043E+02  2.5494E+14  9.9973E-01 -2.8603E-09  2.9926E-20  9.9973E-01
       1.3048E+02  2.2864E+14  9.9971E-01  2.3384E-09 -2.2523E-19  9.9971E-01
       1.3053E+02  2.0406E+14  9.9968E-01  1.4211E-09 -1.9162E-19  9.9968E-01
       1.3058E+02  1.8127E+14  9.9965E-01 -2.1822E-09 -2.1045E-20  9.9965E-01
       1.3063E+02  1.6033E+14  9.9961E-01  3.3642E-09  1.0707E-19  9.9961E-01
       1.3068E+02  1.4128E+14  9.9957E-01  2.1182E-09  8.7752E-20  9.9957E-01
       1.3073E+02  1.2412E+14  9.9951E-01 -6.4573E-10  9.9882E-20  9.9951E-01
       1.3078E+02  1.0884E+14  9.9946E-01 -7.5084E-10 -2.4535E-19  9.9946E-01
       1.3083E+02  9.5378E+13  9.9939E-01 -2.7927E-09 -2.4497E-19  9.9939E-01
       1.3088E+02  8.3683E+13  9.9931E-01 -4.2998E-09 -4.3306E-19  9.9931E-01
       1.3093E+02  7.3667E+13  9.9923E-01 -1.3322E-09 -7.7674E-20  9.9923E-01
       1.3098E+02  6.5230E+13  9.9915E-01  8.8334E-10 -2.7778E-19  9.9915E-01
       1.3103E+02  5.8254E+13  9.9906E-01 -1.4001E-09 -8.6765E-19  9.9906E-01
       1.3108E+02  5.2614E+13  9.9897E-01 -1.9272E-09 -2.3564E-19  9.9897E-01
       1.3113E+02  4.8171E+13  9.9889E-01  7.0216E-10 -1.5838E-19  9.9889E-01
       1.3118E+02  4.4786E+13  9.9882E-01  6.1043E-10 -6.3882E-19  9.9882E-01
       1.3123E+02  4.2314E+13  9.9876E-01 -2.1633E-09  4.9583E-19  9.9876E-01


      Photon energy [eV] or wavelength [nm] for selected point
      of pinhole, S0, S1/S0, S2/S0, S3/S0, P of
      STOKES vector per unit area [m**2]:


           Observation point (x,y,z) [m]:
              10.0000000       0.00000000       0.00000000    

       1.2723E+02  1.0344E+19  1.0000E+00  0.0000E+00  0.0000E+00  1.0000E+00
       1.2728E+02  1.3174E+19  1.0000E+00  0.0000E+00  0.0000E+00  1.0000E+00
       1.2733E+02  1.6220E+19  1.0000E+00  0.0000E+00  0.0000E+00  1.0000E+00
       1.2738E+02  1.9393E+19  1.0000E+00  0.0000E+00  0.0000E+00  1.0000E+00
       1.2743E+02  2.2595E+19  1.0000E+00  0.0000E+00  0.0000E+00  1.0000E+00
       1.2748E+02  2.5719E+19  1.0000E+00  0.0000E+00  0.0000E+00  1.0000E+00
       1.2753E+02  2.8655E+19  1.0000E+00  0.0000E+00  0.0000E+00  1.0000E+00
       1.2758E+02  3.1290E+19  1.0000E+00  0.0000E+00  0.0000E+00  1.0000E+00
       1.2763E+02  3.3518E+19  1.0000E+00  0.0000E+00  0.0000E+00  1.0000E+00
       1.2768E+02  3.5239E+19  1.0000E+00  0.0000E+00  0.0000E+00  1.0000E+00
       1.2773E+02  3.6368E+19  1.0000E+00  0.0000E+00  0.0000E+00  1.0000E+00
       1.2778E+02  3.6836E+19  1.0000E+00  0.0000E+00  0.0000E+00  1.0000E+00
       1.2783E+02  3.6598E+19  1.0000E+00  0.0000E+00  0.0000E+00  1.0000E+00
       1.2788E+02  3.5632E+19  1.0000E+00  0.0000E+00  0.0000E+00  1.0000E+00
       1.2793E+02  3.3949E+19  1.0000E+00  0.0000E+00  0.0000E+00  1.0000E+00
       1.2798E+02  3.1588E+19  1.0000E+00  0.0000E+00  0.0000E+00  1.0000E+00
       1.2803E+02  2.8626E+19  1.0000E+00  0.0000E+00  0.0000E+00  1.0000E+00
       1.2808E+02  2.5172E+19  1.0000E+00  0.0000E+00  0.0000E+00  1.0000E+00
       1.2813E+02  2.1372E+19  1.0000E+00  0.0000E+00  0.0000E+00  1.0000E+00
       1.2818E+02  1.7405E+19  1.0000E+00  0.0000E+00  0.0000E+00  1.0000E+00
       1.2823E+02  1.3482E+19  1.0000E+00  0.0000E+00  0.0000E+00  1.0000E+00
       1.2828E+02  9.8441E+18  1.0000E+00  0.0000E+00  0.0000E+00  1.0000E+00
       1.2833E+02  6.7558E+18  1.0000E+00  0.0000E+00  0.0000E+00  1.0000E+00
       1.2838E+02  4.5016E+18  1.0000E+00  0.0000E+00  0.0000E+00  1.0000E+00
       1.2843E+02  3.3789E+18  1.0000E+00  0.0000E+00  0.0000E+00  1.0000E+00
       1.2848E+02  3.6916E+18  1.0000E+00  0.0000E+00  0.0000E+00  1.0000E+00
       1.2853E+02  5.7423E+18  1.0000E+00  0.0000E+00  0.0000E+00  1.0000E+00
       1.2858E+02  9.8244E+18  1.0000E+00  0.0000E+00  0.0000E+00  1.0000E+00
       1.2863E+02  1.6214E+19  1.0000E+00  0.0000E+00  0.0000E+00  1.0000E+00
       1.2868E+02  2.5161E+19  1.0000E+00  0.0000E+00  0.0000E+00  1.0000E+00
       1.2873E+02  3.6882E+19  1.0000E+00  0.0000E+00  0.0000E+00  1.0000E+00
       1.2878E+02  5.1551E+19  1.0000E+00  0.0000E+00  0.0000E+00  1.0000E+00
       1.2883E+02  6.9295E+19  1.0000E+00  0.0000E+00  0.0000E+00  1.0000E+00
       1.2888E+02  9.0186E+19  1.0000E+00  0.0000E+00  0.0000E+00  1.0000E+00
       1.2893E+02  1.1423E+20  1.0000E+00  0.0000E+00  0.0000E+00  1.0000E+00
       1.2898E+02  1.4139E+20  1.0000E+00  0.0000E+00  0.0000E+00  1.0000E+00
       1.2903E+02  1.7153E+20  1.0000E+00  0.0000E+00  0.0000E+00  1.0000E+00
       1.2908E+02  2.0448E+20  1.0000E+00  0.0000E+00  0.0000E+00  1.0000E+00
       1.2913E+02  2.3997E+20  1.0000E+00  0.0000E+00  0.0000E+00  1.0000E+00
       1.2918E+02  2.7770E+20  1.0000E+00  0.0000E+00  0.0000E+00  1.0000E+00
       1.2923E+02  3.1728E+20  1.0000E+00  0.0000E+00  0.0000E+00  1.0000E+00
       1.2928E+02  3.5828E+20  1.0000E+00  0.0000E+00  0.0000E+00  1.0000E+00
       1.2933E+02  4.0022E+20  1.0000E+00  0.0000E+00  0.0000E+00  1.0000E+00
       1.2938E+02  4.4257E+20  1.0000E+00  0.0000E+00  0.0000E+00  1.0000E+00
       1.2943E+02  4.8478E+20  1.0000E+00  0.0000E+00  0.0000E+00  1.0000E+00
       1.2948E+02  5.2628E+20  1.0000E+00  0.0000E+00  0.0000E+00  1.0000E+00
       1.2953E+02  5.6647E+20  1.0000E+00  0.0000E+00  0.0000E+00  1.0000E+00
       1.2958E+02  6.0478E+20  1.0000E+00  0.0000E+00  0.0000E+00  1.0000E+00
       1.2963E+02  6.4064E+20  1.0000E+00  0.0000E+00  0.0000E+00  1.0000E+00
       1.2968E+02  6.7349E+20  1.0000E+00  0.0000E+00  0.0000E+00  1.0000E+00
       1.2973E+02  7.0283E+20  1.0000E+00  0.0000E+00  0.0000E+00  1.0000E+00
       1.2978E+02  7.2820E+20  1.0000E+00  0.0000E+00  0.0000E+00  1.0000E+00
       1.2983E+02  7.4919E+20  1.0000E+00  0.0000E+00  0.0000E+00  1.0000E+00
       1.2988E+02  7.6546E+20  1.0000E+00  0.0000E+00  0.0000E+00  1.0000E+00
       1.2993E+02  7.7675E+20  1.0000E+00  0.0000E+00  0.0000E+00  1.0000E+00
       1.2998E+02  7.8287E+20  1.0000E+00  0.0000E+00  0.0000E+00  1.0000E+00
       1.3003E+02  7.8372E+20  1.0000E+00  0.0000E+00  0.0000E+00  1.0000E+00
       1.3008E+02  7.7927E+20  1.0000E+00  0.0000E+00  0.0000E+00  1.0000E+00
       1.3013E+02  7.6960E+20  1.0000E+00  0.0000E+00  0.0000E+00  1.0000E+00
       1.3018E+02  7.5486E+20  1.0000E+00  0.0000E+00  0.0000E+00  1.0000E+00
       1.3023E+02  7.3528E+20  1.0000E+00  0.0000E+00  0.0000E+00  1.0000E+00
       1.3028E+02  7.1118E+20  1.0000E+00  0.0000E+00  0.0000E+00  1.0000E+00
       1.3033E+02  6.8294E+20  1.0000E+00  0.0000E+00  0.0000E+00  1.0000E+00
       1.3038E+02  6.5099E+20  1.0000E+00  0.0000E+00  0.0000E+00  1.0000E+00
       1.3043E+02  6.1583E+20  1.0000E+00  0.0000E+00  0.0000E+00  1.0000E+00
       1.3048E+02  5.7801E+20  1.0000E+00  0.0000E+00  0.0000E+00  1.0000E+00
       1.3053E+02  5.3809E+20  1.0000E+00  0.0000E+00  0.0000E+00  1.0000E+00
       1.3058E+02  4.9665E+20  1.0000E+00  0.0000E+00  0.0000E+00  1.0000E+00
       1.3063E+02  4.5429E+20  1.0000E+00  0.0000E+00  0.0000E+00  1.0000E+00
       1.3068E+02  4.1160E+20  1.0000E+00  0.0000E+00  0.0000E+00  1.0000E+00
       1.3073E+02  3.6915E+20  1.0000E+00  0.0000E+00  0.0000E+00  1.0000E+00
       1.3078E+02  3.2749E+20  1.0000E+00  0.0000E+00  0.0000E+00  1.0000E+00
       1.3083E+02  2.8713E+20  1.0000E+00  0.0000E+00  0.0000E+00  1.0000E+00
       1.3088E+02  2.4852E+20  1.0000E+00  0.0000E+00  0.0000E+00  1.0000E+00
       1.3093E+02  2.1208E+20  1.0000E+00  0.0000E+00  0.0000E+00  1.0000E+00
       1.3098E+02  1.7815E+20  1.0000E+00  0.0000E+00  0.0000E+00  1.0000E+00
       1.3103E+02  1.4702E+20  1.0000E+00  0.0000E+00  0.0000E+00  1.0000E+00
       1.3108E+02  1.1889E+20  1.0000E+00  0.0000E+00  0.0000E+00  1.0000E+00
       1.3113E+02  9.3923E+19  1.0000E+00  0.0000E+00  0.0000E+00  1.0000E+00
       1.3118E+02  7.2186E+19  1.0000E+00  0.0000E+00  0.0000E+00  1.0000E+00
       1.3123E+02  5.3690E+19  1.0000E+00  0.0000E+00  0.0000E+00  1.0000E+00

       Total absolut maxima found for Stokes-V. (z,y,Eph,fluxdens.)

       -8.5714E-05  0.0000E+00  1.2998E+02  7.8376E+20
       -8.5714E-05  0.0000E+00  1.2998E+02  7.8376E+20
       -6.5714E-04 -6.2857E-04  1.2723E+02  4.3468E+19
        6.8571E-04  6.2857E-04  1.2723E+02  2.3037E+19


       Estimated maxima of s0, s1, s2 ,s3 for selected point:
          130.012985       7.84022230E+20
          130.012985       7.84022230E+20
          0.00000000       0.00000000    
          0.00000000       0.00000000    


       Estimated maximum of s3*s3/s0 for selected point:
          0.00000000       0.00000000    


       Estimated maxima of fluxes s0, s1, s2 ,s3:
          128.803345       9.75580950E+14
          128.804459       9.75229300E+14
          129.177856       5282209.50    
          129.176575       2.53410893E-04


       Estimated maxima of fluxes s3*s3/s0:
          129.178009       6.80287328E-23



      Brilliance calculations:
      (only meaningful for undulators)

      sigr=sqrt(2*lambda*L)/2/pi*sigrc and 
      sigrp=sqrt(lambda/2/L)*sigrpc

       sigrc,sigrpc:   1.0000000000000000        1.0000000000000000     

      make sure that the device length agrees to the length
      of the trajectory
      (for rec-fields rangrec and rangpm are substracted by program)

      Observation point:

         10.0000000       0.00000000       0.00000000    

      considered device length [m]:   4.14960003    


      Brilliance [photons/sec/BW/mm**2/mrad**2]

          127.23        0.80361E+17    0.80361E+17     0.0000         0.0000    
          127.28        0.10239E+18    0.10239E+18     0.0000         0.0000    
          127.33        0.12611E+18    0.12611E+18     0.0000         0.0000    
          127.38        0.15084E+18    0.15084E+18     0.0000         0.0000    
          127.43        0.17581E+18    0.17581E+18     0.0000         0.0000    
          127.48        0.20020E+18    0.20020E+18     0.0000         0.0000    
          127.53        0.22314E+18    0.22314E+18     0.0000         0.0000    
          127.58        0.24376E+18    0.24376E+18     0.0000         0.0000    
          127.63        0.26121E+18    0.26121E+18     0.0000         0.0000    
          127.68        0.27474E+18    0.27474E+18     0.0000         0.0000    
          127.73        0.28365E+18    0.28365E+18     0.0000         0.0000    
          127.78        0.28741E+18    0.28741E+18     0.0000         0.0000    
          127.83        0.28566E+18    0.28566E+18     0.0000         0.0000    
          127.88        0.27824E+18    0.27824E+18     0.0000         0.0000    
          127.93        0.26520E+18    0.26520E+18     0.0000         0.0000    
          127.98        0.24685E+18    0.24685E+18     0.0000         0.0000    
          128.03        0.22379E+18    0.22379E+18     0.0000         0.0000    
          128.08        0.19687E+18    0.19687E+18     0.0000         0.0000    
          128.13        0.16721E+18    0.16721E+18     0.0000         0.0000    
          128.18        0.13623E+18    0.13623E+18     0.0000         0.0000    
          128.23        0.10556E+18    0.10556E+18     0.0000         0.0000    
          128.28        0.77109E+17    0.77109E+17     0.0000         0.0000    
          128.33        0.52939E+17    0.52939E+17     0.0000         0.0000    
          128.38        0.35288E+17    0.35288E+17     0.0000         0.0000    
          128.43        0.26498E+17    0.26498E+17     0.0000         0.0000    
          128.48        0.28961E+17    0.28961E+17     0.0000         0.0000    
          128.53        0.45067E+17    0.45067E+17     0.0000         0.0000    
          128.58        0.77135E+17    0.77135E+17     0.0000         0.0000    
          128.63        0.12735E+18    0.12735E+18     0.0000         0.0000    
          128.68        0.19770E+18    0.19770E+18     0.0000         0.0000    
          128.73        0.28991E+18    0.28991E+18     0.0000         0.0000    
          128.78        0.40537E+18    0.40537E+18     0.0000         0.0000    
          128.83        0.54512E+18    0.54512E+18     0.0000         0.0000    
          128.88        0.70973E+18    0.70973E+18     0.0000         0.0000    
          128.93        0.89934E+18    0.89934E+18     0.0000         0.0000    
          128.98        0.11136E+19    0.11136E+19     0.0000         0.0000    
          129.03        0.13515E+19    0.13515E+19     0.0000         0.0000    
          129.08        0.16117E+19    0.16117E+19     0.0000         0.0000    
          129.13        0.18921E+19    0.18921E+19     0.0000         0.0000    
          129.18        0.21905E+19    0.21905E+19     0.0000         0.0000    
          129.23        0.25036E+19    0.25036E+19     0.0000         0.0000    
          129.28        0.28283E+19    0.28283E+19     0.0000         0.0000    
          129.33        0.31606E+19    0.31606E+19     0.0000         0.0000    
          129.38        0.34964E+19    0.34964E+19     0.0000         0.0000    
          129.43        0.38313E+19    0.38313E+19     0.0000         0.0000    
          129.48        0.41609E+19    0.41609E+19     0.0000         0.0000    
          129.53        0.44804E+19    0.44804E+19     0.0000         0.0000    
          129.58        0.47853E+19    0.47853E+19     0.0000         0.0000    
          129.63        0.50709E+19    0.50709E+19     0.0000         0.0000    
          129.68        0.53330E+19    0.53330E+19     0.0000         0.0000    
          129.73        0.55675E+19    0.55675E+19     0.0000         0.0000    
          129.78        0.57707E+19    0.57707E+19     0.0000         0.0000    
          129.83        0.59393E+19    0.59393E+19     0.0000         0.0000    
          129.88        0.60707E+19    0.60707E+19     0.0000         0.0000    
          129.93        0.61626E+19    0.61626E+19     0.0000         0.0000    
          129.98        0.62135E+19    0.62135E+19     0.0000         0.0000    
          130.03        0.62226E+19    0.62226E+19     0.0000         0.0000    
          130.08        0.61897E+19    0.61897E+19     0.0000         0.0000    
          130.13        0.61152E+19    0.61152E+19     0.0000         0.0000    
          130.18        0.60004E+19    0.60004E+19     0.0000         0.0000    
          130.23        0.58470E+19    0.58470E+19     0.0000         0.0000    
          130.28        0.56576E+19    0.56575E+19     0.0000         0.0000    
          130.33        0.54349E+19    0.54349E+19     0.0000         0.0000    
          130.38        0.51827E+19    0.51827E+19     0.0000         0.0000    
          130.43        0.49047E+19    0.49047E+19     0.0000         0.0000    
          130.48        0.46052E+19    0.46052E+19     0.0000         0.0000    
          130.53        0.42888E+19    0.42888E+19     0.0000         0.0000    
          130.58        0.39600E+19    0.39600E+19     0.0000         0.0000    
          130.63        0.36236E+19    0.36236E+19     0.0000         0.0000    
          130.68        0.32844E+19    0.32844E+19     0.0000         0.0000    
          130.73        0.29468E+19    0.29468E+19     0.0000         0.0000    
          130.78        0.26152E+19    0.26152E+19     0.0000         0.0000    
          130.83        0.22938E+19    0.22938E+19     0.0000         0.0000    
          130.88        0.19861E+19    0.19861E+19     0.0000         0.0000    
          130.93        0.16955E+19    0.16955E+19     0.0000         0.0000    
          130.98        0.14248E+19    0.14248E+19     0.0000         0.0000    
          131.03        0.11763E+19    0.11763E+19     0.0000         0.0000    
          131.08        0.95161E+18    0.95161E+18     0.0000         0.0000    
          131.13        0.75205E+18    0.75205E+18     0.0000         0.0000    
          131.18        0.57822E+18    0.57822E+18     0.0000         0.0000    
          131.23        0.43023E+18    0.43023E+18     0.0000         0.0000    


      estimated brilliance maxima, flux and flux-density of S0, S1, S2, S3:

          130.01        0.62242E+19    0.56605E+15    0.78402E+17
          130.01        0.62242E+19    0.56605E+15    0.78402E+17
          0.0000         0.0000         0.0000         0.0000    
          0.0000         0.0000         0.0000         0.0000    

      estimated brilliance maximum of S3*S3/S0:

          0.0000         0.0000    

      ---> flag IFOLD is not set, emittance effects are estimated
      from horizontal beam size [mm] and divergence [mrad]: 
         2.16000000E-04   2.47999997E-05
      vertical beam size [mm] and divergence [mrad]: 
         1.87000005E-05   4.29000011E-06


      Brilliance [photons/sec/BW/mm**2/mrad**2] with emittance

          127.23        0.12244E+17    0.12244E+17     0.0000         0.0000    
          127.28        0.15596E+17    0.15596E+17     0.0000         0.0000    
          127.33        0.19203E+17    0.19203E+17     0.0000         0.0000    
          127.38        0.22963E+17    0.22963E+17     0.0000         0.0000    
          127.43        0.26757E+17    0.26757E+17     0.0000         0.0000    
          127.48        0.30460E+17    0.30460E+17     0.0000         0.0000    
          127.53        0.33940E+17    0.33940E+17     0.0000         0.0000    
          127.58        0.37065E+17    0.37065E+17     0.0000         0.0000    
          127.63        0.39708E+17    0.39708E+17     0.0000         0.0000    
          127.68        0.41752E+17    0.41752E+17     0.0000         0.0000    
          127.73        0.43094E+17    0.43094E+17     0.0000         0.0000    
          127.78        0.43653E+17    0.43653E+17     0.0000         0.0000    
          127.83        0.43375E+17    0.43375E+17     0.0000         0.0000    
          127.88        0.42236E+17    0.42236E+17     0.0000         0.0000    
          127.93        0.40244E+17    0.40245E+17     0.0000         0.0000    
          127.98        0.37450E+17    0.37450E+17     0.0000         0.0000    
          128.03        0.33942E+17    0.33942E+17     0.0000         0.0000    
          128.08        0.29850E+17    0.29850E+17     0.0000         0.0000    
          128.13        0.25346E+17    0.25346E+17     0.0000         0.0000    
          128.18        0.20643E+17    0.20643E+17     0.0000         0.0000    
          128.23        0.15992E+17    0.15992E+17     0.0000         0.0000    
          128.28        0.11678E+17    0.11678E+17     0.0000         0.0000    
          128.33        0.80153E+16    0.80153E+16     0.0000         0.0000    
          128.38        0.53414E+16    0.53414E+16     0.0000         0.0000    
          128.43        0.40097E+16    0.40097E+16     0.0000         0.0000    
          128.48        0.43812E+16    0.43812E+16     0.0000         0.0000    
          128.53        0.68157E+16    0.68157E+16     0.0000         0.0000    
          128.58        0.11662E+17    0.11662E+17     0.0000         0.0000    
          128.63        0.19249E+17    0.19249E+17     0.0000         0.0000    
          128.68        0.29873E+17    0.29873E+17     0.0000         0.0000    
          128.73        0.43794E+17    0.43794E+17     0.0000         0.0000    
          128.78        0.61219E+17    0.61219E+17     0.0000         0.0000    
          128.83        0.82299E+17    0.82299E+17     0.0000         0.0000    
          128.88        0.10712E+18    0.10712E+18     0.0000         0.0000    
          128.93        0.13570E+18    0.13570E+18     0.0000         0.0000    
          128.98        0.16798E+18    0.16798E+18     0.0000         0.0000    
          129.03        0.20381E+18    0.20381E+18     0.0000         0.0000    
          129.08        0.24297E+18    0.24297E+18     0.0000         0.0000    
          129.13        0.28518E+18    0.28518E+18     0.0000         0.0000    
          129.18        0.33005E+18    0.33005E+18     0.0000         0.0000    
          129.23        0.37713E+18    0.37713E+18     0.0000         0.0000    
          129.28        0.42591E+18    0.42591E+18     0.0000         0.0000    
          129.33        0.47581E+18    0.47581E+18     0.0000         0.0000    
          129.38        0.52622E+18    0.52622E+18     0.0000         0.0000    
          129.43        0.57647E+18    0.57647E+18     0.0000         0.0000    
          129.48        0.62588E+18    0.62588E+18     0.0000         0.0000    
          129.53        0.67375E+18    0.67375E+18     0.0000         0.0000    
          129.58        0.71939E+18    0.71939E+18     0.0000         0.0000    
          129.63        0.76211E+18    0.76212E+18     0.0000         0.0000    
          129.68        0.80128E+18    0.80128E+18     0.0000         0.0000    
          129.73        0.83627E+18    0.83627E+18     0.0000         0.0000    
          129.78        0.86654E+18    0.86654E+18     0.0000         0.0000    
          129.83        0.89161E+18    0.89161E+18     0.0000         0.0000    
          129.88        0.91107E+18    0.91107E+18     0.0000         0.0000    
          129.93        0.92460E+18    0.92460E+18     0.0000         0.0000    
          129.98        0.93198E+18    0.93198E+18     0.0000         0.0000    
          130.03        0.93308E+18    0.93308E+18     0.0000         0.0000    
          130.08        0.92788E+18    0.92788E+18     0.0000         0.0000    
          130.13        0.91646E+18    0.91646E+18     0.0000         0.0000    
          130.18        0.89900E+18    0.89900E+18     0.0000         0.0000    
          130.23        0.87577E+18    0.87577E+18     0.0000         0.0000    
          130.28        0.84715E+18    0.84715E+18     0.0000         0.0000    
          130.33        0.81359E+18    0.81359E+18     0.0000         0.0000    
          130.38        0.77561E+18    0.77561E+18     0.0000         0.0000    
          130.43        0.73380E+18    0.73380E+18     0.0000         0.0000    
          130.48        0.68880E+18    0.68880E+18     0.0000         0.0000    
          130.53        0.64129E+18    0.64129E+18     0.0000         0.0000    
          130.58        0.59196E+18    0.59196E+18     0.0000         0.0000    
          130.63        0.54153E+18    0.54153E+18     0.0000         0.0000    
          130.68        0.49069E+18    0.49069E+18     0.0000         0.0000    
          130.73        0.44013E+18    0.44013E+18     0.0000         0.0000    
          130.78        0.39050E+18    0.39050E+18     0.0000         0.0000    
          130.83        0.34240E+18    0.34240E+18     0.0000         0.0000    
          130.88        0.29639E+18    0.29639E+18     0.0000         0.0000    
          130.93        0.25296E+18    0.25296E+18     0.0000         0.0000    
          130.98        0.21251E+18    0.21251E+18     0.0000         0.0000    
          131.03        0.17539E+18    0.17539E+18     0.0000         0.0000    
          131.08        0.14185E+18    0.14185E+18     0.0000         0.0000    
          131.13        0.11207E+18    0.11207E+18     0.0000         0.0000    
          131.18        0.86144E+17    0.86144E+17     0.0000         0.0000    
          131.23        0.64077E+17    0.64077E+17     0.0000         0.0000    


      estimated brilliance maxima, flux and flux-density of S0, S1, S2, S3
      with emittance:

          130.01        0.93341E+18    0.56605E+15    0.62775E+17
          130.01        0.93341E+18    0.56605E+15    0.62775E+17
          0.0000         0.0000         0.0000         0.0000    
          0.0000         0.0000         0.0000         0.0000    

      estimated brilliance maximum of S3*S3/S0 with emittance:

          0.0000         0.0000    

      corresponding sigmas of source size [mm]
      and divergence [mrad] without and with emittance
      (including corr. factors sigrc,sigrpc):

      L/mm, lambda/mm:    4149.60010       9.53644667E-06
      without emit.:    4.47745807E-02   3.38980854E-02
         with emit.:   0.103458755       3.78830396E-02
         (sigrf**2 = sigrxf*sigryf)


      LAST CHECK:

           BMAXGL:  0.56407895714828182     

           XBMAXGL:  -2.0501000022377971     
           YBMAXGL:   0.0000000000000000     
           ZBMAXGL:  -6.0707873030781445E-006


      CURRENT NUMBER:         230


                     --- Program WAVE completed ---



                                                   18:40:18 29.01.16

