
                                                   19:21:28 29.01.16


           *********************************************
           *          PROGRAM WAVE                     *
           *                                           *
           *          VERSION 3.03/01 13.11.2015       *
           *                                           *
           *          Michael Scheer                   *
           *              BESSY                        *
           *********************************************

      USER COMMENT:

      U49 Peter Baumgaertel                                            

      CURRENT NUMBER:         246


      USER NAMELIST:



      MODE FLAGS:

      IUNDULATOR,IWIGGLER:            1           0



      CONTROL FLAGS:


      IUNAME,IUSTEP,IUOUT:            0           0           0
      IOPTIC,IGENFUN:                 0           0
      IMAGSPLN:                   -9999
      IEMIT,IEMIAHW:                  0           0
      IWLSOPT,IBEAMPOL:               0           0
      IENELOSS, IEFIELD:             -1           0
      IPOWER,ISPEC:                   0           1
      IVELOFIELD,ISPECMODE:           0           3
         IWFILL0,IRFILL0:                      0           0
         ISPECINT,IPIN:                        0           1
         IUSEM,ISTOKES:                        0           1
         IBRILL:                               1
         IPINCIRC,IRPHI:                       0           0
         IFOLD,ISIGUSR:                        0           1
         IF1DIM,IPOLA:                         0           0
         IWFILSP0,IWFILSPF:                    0           0
         IRFILSP0,IRFILSTO:                    0           0
         IWFILSTO,IWFLSTOF:                    0           0
         ISPECANA,ISPECANAF:                   0           0
         IAMPLI,IAMPSKIP:                      0           0
         IWFILFL0,IWFILFLF:                    0           0
         IWFILS,IWFILSF:                       0           0
         IWFILSE,IWFILSEF:                     0           0
         IWFILB,IWFILBF:                       0           0
         IWFILBE,IWFILBEF:                     0           0
         IWFILINT,IPINALL:                     0           0
         IRFILOB,IFILTER:                      0           0
         IWFILRAY,IDESYNC:                     1           0
         IPHASE,IPHASEANA:                     0           0
         IDOSE,IEFOLD:                         0           0
         ISPECDIP,IBL0CUT:                     0           0
         IEFFI,IFILMUL:                        0           0
         IBUNCH:                               0
      IWFILF:                         0


      MAGNETIC FIELD FLAGS:



      ICHARGE,IBMASK,JBMASK:          -1           0           0
      IBSUPER,IBERROR:                 1           0
      ICUTFIBO:                        1

      IPERIODG,IBSYM:                 0           0
      IBSYMY,IBSYMZ:                  0           0
      KBEXTERN,KBFELD:                0           0
      KHALBA,KHALBASY:                0           0
      KUCROSS,IRFILP:                 0           0
      KMAGSEQ,IMGSQF:                 0           0
             KMAGCOR:                 1
      IRFILF,IRBTAB:                  0           0
      IRBTABZY,KELLIP:                0           1
      KBPOLYH,KBPOLY3D:               0           0
      KBREC,KELLANA:                  0           0
      KBPOLYMAG,KBGENESIS:            0           0
      KBAMWLS:                        0



      HISTOGRAM FLAGS:

      IHBOOK,IHINDEX:                 1           0


      OTHER OPTIONS:


      IWBTAB,IWFILT0:                 0           0
      IWSECTMAGS:                     0
      IJUST,ISNORDER:                 0           0
      IWBMAP,IWBPOLY3D:               0           0
      IWBPOLY2DH,IWBPHARM:            0           0


      SR BELLIP, Parameters of elliptical undulator:
      horizontal and vertical peak field [T]:   0.00000000      0.470319062    
      number of periods, period and device length [m]:
         84.0000000       4.94000018E-02   4.14960003    
      shift parameter [periods], B_h/B_v:       0.00000000       0.00000000    
      B0_eff [T], deflection parameter K:  0.470319062       2.16940379    
      1. harmonical [nm] and [eV]:   7.29330540       170.000000    
      critical energy [eV]:   927.464783    

      longitudinal position of device center [m]:   0.0000000000000000     

      scaling factor for taper:   0.0000000000000000     

  
      Subroutine photon (quantum fluctuations):
  
       number of sampling bins (NBING1)        1000
       max. photon energy normalized to characteristic energy (EECMAXG1):
          5.0000000000000000     
  

      Number of tracking steps per meter (MYINUM):         5000

      Start and end of the trajectory [m](XSTART,XSTOP):
        -2.07480001       2.07480001    

      BMOVECUT:   1.00000001E-07

      Initial energy [GeV] and gamma:    1.72200000       3369.8702546331497     
      Final energy [GeV] and gamma:      1.72199929       3369.8687574193882     
      Relative change:                  -4.44294187E-07
      number of photons, RMS (keV) and rel. RMS of quantum fluctuation:
                12  0.350603670       2.03602582E-07


      B-rho [Tm], current [A]:   -5.74397326      0.100000001    

      Offset for vert. and hori. magnetic field (BYGOFF, BZGOFF):
          0.00000000       0.00000000    
      Global scaling factor for mag. field (B0SCGLOB,A0SCGLOB):
          1.00000000       1.00000000    

      Long. shift [m] of device (X(e-) -> X(e-)+XSHIFT):    0.00000000    
      Vert. shift [m] of device (Y(e-) -> Y(e-)+VSHIFT):    0.00000000    
      Hori. shift [m] of device (Z(e-) -> Z(e-)+HSHIFT):    0.00000000    
      Rotation angle [degree] of device:                    0.00000000    
      Y(e-) -> Y(e-)*sin(XROTD) + Y(e-)*cos(XROTD)
      Z(e-) -> Z(e-)*cos(XROTD) - Y(e-)*sin(XROTD)


      Magnetic field [T] at starting point:
         0.00000000       0.00000000       0.00000000    

      Vector potential [T-m] at starting point:
         0.00000000       0.00000000       0.00000000    


      Magnetic field [T] at stopping point:
         0.00000000       0.00000000       0.00000000    

      Vector potential [T-m] at stopping point:
         0.00000000       0.00000000       0.00000000    

      Extrema of magnetic field [T] and the trajectory [m]:

      BXmax,BXmin:    0.00000000       0.00000000    
      BYmax,BYmin:   0.470281392     -0.470319062    
      BZmax,BZmin:    0.00000000       0.00000000    

      Xmax,Xmin:    2.07480001      -2.07480001    
      Ymax,Ymin:    0.00000000       0.00000000    
      Zmax,Zmin:    5.06140213E-06  -5.06089737E-06


      Extrema of magnetic field [T] and the trajectory [m] between
      XIANF and XIEND

      BXmaxAE,BXminAE:    0.00000000       0.00000000    
      BYmaxAE,BYminAE:   0.470281392     -0.470319062    
      BZmaxAE,BZminAE:    0.00000000       0.00000000    

      XmaxAE,XminAE:    2.07479954      -2.07480001    
      YmaxAE,YminAE:    0.00000000       0.00000000    
      ZmaxAE,ZminAE:    5.06140213E-06  -5.06089737E-06


      Start values (coordinates [m] and slopes) of trajectory:

      X0:   -2.0747999999999998     
      Y0:    0.0000000000000000     
      Z0:    0.0000000000000000     

      ZP0:   0.0000000000000000     
      YP0:   0.0000000000000000     

      VX0:   299792444.80029100     
      VY0:   0.0000000000000000     
      VZ0:   0.0000000000000000     

      Values for X=0 (coordinates [m] and slopes) of trajectory:

      YCEN:    0.0000000000000000     
      ZCEN:    5.0613472305071590E-006

      YPCEN:   0.0000000000000000     
      ZPCEN:   3.9390356654753138E-011

      End values (coordinates [m] and slopes) of trajectory:

      XF0:    2.0747999999999998     
      YF0:    0.0000000000000000     
      ZF0:    9.2107571417390186E-011


      ZPF0:   -1.1316889782494843E-011
      YPF0:    0.0000000000000000     

      VXF0:    299792444.80027872     
      VYF0:    0.0000000000000000     
      VZF0:   -3.3927180554294235E-003


      Values for X=XIANF (coordinates [m] and slopes) of trajectory:

      XIANF:   -1.0000000000000000E+030
      YIANF:   -9999.0000000000000     
      ZIANF:   -9999.0000000000000     

      YPIANF:  -9999.0000000000000     
      ZPIANF:  -9999.0000000000000     



      Values for X=XIEND (coordinates [m] and slopes) of trajectory:

      XIEND:    1.0000000000000000E+030
      YIEND:   -9999.0000000000000     
      ZIEND:   -9999.0000000000000     

      YPIEND:  -9999.0000000000000     
      ZPIEND:  -9999.0000000000000     


      ZF0/(XSTOP-XSTART):    2.2196734966596829E-011
      YF0/(XSTOP-XSTART):    0.0000000000000000     

      YF0-Y0:   0.0000000000000000     
      ZF0-Z0:   9.2107571417390186E-011

      YPF0-YP0:   0.0000000000000000     
      ZPF0-ZP0:  -1.1316889782494843E-011

      Straight line fit of z(x):
      offset:  -2.2550977232135981E-008
      slope:   2.7737503280199221E-011

      Straight line fit of vz(x)/vx(x):
      offset:   2.0982260425252649E-011
      slope:   1.5747063138946380E-008

      Straight line fit of y(x):
      offset:   0.0000000000000000     
      slope:   0.0000000000000000     

      Straight line fit of vy(x)/vx(x):
      offset:   0.0000000000000000     
      slope:   0.0000000000000000     

      1. magnetic integral [T-m]:    0.00000000       2.84795919E-11   0.00000000    
      2. mag. integral [T-m**2]:    0.00000000       3.70867128E-13   0.00000000    

      Integrated By**2 [T**2-m]:                     0.456214190    
      Energy irradiated by the device per e- [MeV]:   1.71181315E-03
      Rel. energy loss:                               9.94084303E-07
      Power irradiated by the device [kWATT]:        0.171181321    

      Length of trajectory (BINT0) [m]:
         4.1496004263684156     
      Integrated (YP**2+ZP**2)/2 of trajectory (WTRA2I) [m]:
         4.2636837644344050E-007
      corresponding phase advance [nm and eV]:
         609.07330587530225        2.0356530349902497     
      dE/E and corresponding dL = 2 * dE/E * L [nm]:
         1.00000005E-03  0.852736771    
      Circumference of the ring [m]:                 240.000000    
      Rel. change of total circumference (from BINT0):         
         1.77653503E-09
      Rel. change of total circumference (from WTRA2I):
         1.77653492E-09

      Max. and min. deflection angle [rad]:    6.43769337E-04  -6.43769745E-04


      SPECTRUM
      ===========

      Start and end of points [m] of integration for spectrum
      calculations (XIANF,XIEND):  -1.00000002E+30   1.00000002E+30


      SR WFILL0:

      Parameters:
      WGWINFC:   2646.6899088765672     
      WBL0CUT:   0.0000000000000000     
      WBL0HYS:   1.0000000000000000     

      Pinhole of collimators:
      (X,Y,Z), width, height:

        1.0000E+01  0.0000E+00  0.0000E+00  1.0000E+03  1.0000E+03
        1.0000E+01  0.0000E+00  0.0000E+00  1.0000E+03  1.0000E+03

      Number of sources:           1
      Begin and end of sources (x,y,z):

                 1  -2.07480001       0.00000000       0.00000000    
                 1   2.07480001       0.00000000       9.21075716E-11

      Horiz., vert. slopes and mag. field
      at begin and end of sources:

                 1   0.00000000       0.00000000       0.00000000    
                 1  -1.13168901E-11   0.00000000       3.60686397E-10


      SR COHEREN:
      Minimum and maximum number of phases  between
      photons and electrons:
         67.4717941       69.5968857    


       selected observation point:

          10.0000000       0.00000000       0.00000000    


      Source number, mean mag. field (sign from By), abs. mean and rel. rms
      for sources, and critical photon energy [eV] or wavelength [nm]
      (with respect to abs. mean):

           1  -1.27198740E-12  0.298165083      0.486472696       587.978699    

      Photon energy cut-off (SPECCUT):   0.00000000    

      Max. field and photon energy cuts for source points:

           1  0.470319390       0.00000000    

      Data-file written for program RAY
      File: wave_ray.dat                                                                                                                    
      (Device center is assumed at (0,0,0)
      Photon energy:   166.369995    


      Results of spectrum calculations
      ================================


      Reflectivity coefficients (complex):

       (  1.0000000000000000     ,  0.0000000000000000     )
       (  1.0000000000000000     ,  0.0000000000000000     )
       (  1.0000000000000000     ,  0.0000000000000000     )



      Buffer size for integration (NDWSOU):       20849

      Provided number of integration steps for each source
      (controlled by NLPOI)
      (not necessarily used)

       20747

      Bandwidth:   1.00000005E-03


      Pinhole position (x,y,z) [m]:
         10.0000000       0.00000000       0.00000000    

      Numbers defining inner vert. and hori. edges (MMEDGEY,MMEDGEZ):            0           0
      Numbers defining outerer vert. and hori. edges (MEDGEY,MEDGEZ):            1           1
      Total number of vert. and hori. points:                    73          73
      Number of vert. and horiz. points inside pinhole:          71          71

      Vertical and horizontal grid size [m]:        2.85714286E-05   2.85714286E-05
      Vertical and horizontal size [m x m]:         2.00000009E-03   2.00000009E-03
      Total vert. and horiz. size [m x m]:          2.05714279E-03   2.05714279E-03

      Photon energy or wavelength and flux through pinhole:
      (for all sources and sum)

      166.369995       9.03704740E+14   9.03704740E+14
      166.435501       9.06807048E+14   9.06807048E+14
      166.501007       9.09702662E+14   9.09702662E+14
      166.566498       9.12381580E+14   9.12381580E+14
      166.632004       9.14837228E+14   9.14837228E+14
      166.697495       9.17066987E+14   9.17066987E+14
      166.763000       9.19073207E+14   9.19073207E+14
      166.828506       9.20863336E+14   9.20863336E+14
      166.893997       9.22450192E+14   9.22450192E+14
      166.959503       9.23852163E+14   9.23852163E+14
      167.024994       9.25092670E+14   9.25092670E+14
      167.090500       9.26199765E+14   9.26199765E+14
      167.156006       9.27205257E+14   9.27205257E+14
      167.221497       9.28143909E+14   9.28143909E+14
      167.287003       9.29051825E+14   9.29051825E+14
      167.352493       9.29965311E+14   9.29965311E+14
      167.417999       9.30919062E+14   9.30919062E+14
      167.483505       9.31944687E+14   9.31944687E+14
      167.548996       9.33068827E+14   9.33068827E+14
      167.614502       9.34311281E+14   9.34311281E+14
      167.679993       9.35683523E+14   9.35683523E+14
      167.745499       9.37187097E+14   9.37187097E+14
      167.811005       9.38811870E+14   9.38811870E+14
      167.876495       9.40535427E+14   9.40535427E+14
      167.942001       9.42321462E+14   9.42321462E+14
      168.007507       9.44119711E+14   9.44119711E+14
      168.072998       9.45865347E+14   9.45865347E+14
      168.138504       9.47479382E+14   9.47479382E+14
      168.203995       9.48868938E+14   9.48868938E+14
      168.269501       9.49928386E+14   9.49928386E+14
      168.335007       9.50540419E+14   9.50540419E+14
      168.400497       9.50578067E+14   9.50578067E+14
      168.466003       9.49906508E+14   9.49906508E+14
      168.531494       9.48385754E+14   9.48385754E+14
      168.597000       9.45872930E+14   9.45872930E+14
      168.662506       9.42225496E+14   9.42225496E+14
      168.727997       9.37304269E+14   9.37304269E+14
      168.793503       9.30976306E+14   9.30976306E+14
      168.858994       9.23118260E+14   9.23118260E+14
      168.924500       9.13619471E+14   9.13619471E+14
      168.990005       9.02384708E+14   9.02384708E+14
      169.055496       8.89337068E+14   8.89337068E+14
      169.121002       8.74420311E+14   8.74420311E+14
      169.186493       8.57601084E+14   8.57601084E+14
      169.251999       8.38870195E+14   8.38870195E+14
      169.317505       8.18244286E+14   8.18244286E+14
      169.382996       7.95766306E+14   7.95766306E+14
      169.448502       7.71505579E+14   7.71505579E+14
      169.514008       7.45557669E+14   7.45557669E+14
      169.579498       7.18043303E+14   7.18043303E+14
      169.645004       6.89107102E+14   6.89107102E+14
      169.710495       6.58915293E+14   6.58915293E+14
      169.776001       6.27653904E+14   6.27653904E+14
      169.841507       5.95525267E+14   5.95525267E+14
      169.906998       5.62745473E+14   5.62745473E+14
      169.972504       5.29540342E+14   5.29540342E+14
      170.037994       4.96142240E+14   4.96142240E+14
      170.103500       4.62785981E+14   4.62785981E+14
      170.169006       4.29705002E+14   4.29705002E+14
      170.234497       3.97127675E+14   3.97127675E+14
      170.300003       3.65273480E+14   3.65273480E+14
      170.365494       3.34349581E+14   3.34349581E+14
      170.431000       3.04547541E+14   3.04547541E+14
      170.496506       2.76040467E+14   2.76040467E+14
      170.561996       2.48980596E+14   2.48980596E+14
      170.627502       2.23497146E+14   2.23497146E+14
      170.692993       1.99694857E+14   1.99694857E+14
      170.758499       1.77652917E+14   1.77652917E+14
      170.824005       1.57424510E+14   1.57424510E+14
      170.889496       1.39036774E+14   1.39036774E+14
      170.955002       1.22491402E+14   1.22491402E+14
      171.020493       1.07765628E+14   1.07765628E+14
      171.085999       9.48137099E+13   9.48137099E+13
      171.151505       8.35688648E+13   8.35688648E+13
      171.216995       7.39454369E+13   7.39454369E+13
      171.282501       6.58414963E+13   6.58414963E+13
      171.348007       5.91415780E+13   5.91415780E+13
      171.413498       5.37195887E+13   5.37195887E+13
      171.479004       4.94418054E+13   4.94418054E+13
      171.544495       4.61698960E+13   4.61698960E+13
      171.610001       4.37638545E+13   4.37638545E+13

      Estimated maximum:

         168.371231       9.50648867E+14


      Flux density for selected point:

               166.369995       1.26574360E+19   1.26574360E+19
               166.435501       1.62007772E+19   1.62007772E+19
               166.501007       2.00294097E+19   2.00294097E+19
               166.566498       2.40335628E+19   2.40335628E+19
               166.632004       2.80891862E+19   2.80891862E+19
               166.697495       3.20617041E+19   3.20617041E+19
               166.763000       3.58104846E+19   3.58104846E+19
               166.828506       3.91938644E+19   3.91938644E+19
               166.893997       4.20746068E+19   4.20746068E+19
               166.959503       4.43256810E+19   4.43256810E+19
               167.024994       4.58361065E+19   4.58361065E+19
               167.090500       4.65167790E+19   4.65167790E+19
               167.156006       4.63059938E+19   4.63059938E+19
               167.221497       4.51745259E+19   4.51745259E+19
               167.287003       4.31300412E+19   4.31300412E+19
               167.352493       4.02206983E+19   4.02206983E+19
               167.417999       3.65377280E+19   3.65377280E+19
               167.483505       3.22168738E+19   3.22168738E+19
               167.548996       2.74385788E+19   2.74385788E+19
               167.614502       2.24268244E+19   2.24268244E+19
               167.679993       1.74465887E+19   1.74465887E+19
               167.745499       1.27999129E+19   1.27999129E+19
               167.811005       8.82059179E+18   8.82059179E+18
               167.876495       5.86760922E+18   5.86760922E+18
               167.942001       4.31738634E+18   4.31738634E+18
               168.007507       4.55503890E+18   4.55503890E+18
               168.072998       6.96481517E+18   6.96481517E+18
               168.138504       1.19199540E+19   1.19199540E+19
               168.203995       1.97721987E+19   1.97721987E+19
               168.269501       3.08412616E+19   3.08412616E+19
               168.335007       4.54044998E+19   4.54044998E+19
               168.400497       6.36871088E+19   6.36871088E+19
               168.466003       8.58531137E+19   8.58531137E+19
               168.531494       1.11997433E+20   1.11997433E+20
               168.597000       1.42139243E+20   1.42139243E+20
               168.662506       1.76216952E+20   1.76216952E+20
               168.727997       2.14084889E+20   2.14084889E+20
               168.793503       2.55511813E+20   2.55511813E+20
               168.858994       3.00181593E+20   3.00181593E+20
               168.924500       3.47695800E+20   3.47695800E+20
               168.990005       3.97578338E+20   3.97578338E+20
               169.055496       4.49282195E+20   4.49282195E+20
               169.121002       5.02197943E+20   5.02197943E+20
               169.186493       5.55664185E+20   5.55664185E+20
               169.251999       6.08979205E+20   6.08979205E+20
               169.317505       6.61413982E+20   6.61413982E+20
               169.382996       7.12226478E+20   7.12226478E+20
               169.448502       7.60676132E+20   7.60676132E+20
               169.514008       8.06038851E+20   8.06038851E+20
               169.579498       8.47622134E+20   8.47622134E+20
               169.645004       8.84779223E+20   8.84779223E+20
               169.710495       9.16923033E+20   9.16923033E+20
               169.776001       9.43538743E+20   9.43538743E+20
               169.841507       9.64194996E+20   9.64194996E+20
               169.906998       9.78553175E+20   9.78553175E+20
               169.972504       9.86374942E+20   9.86374942E+20
               170.037994       9.87527793E+20   9.87527793E+20
               170.103500       9.81987733E+20   9.81987733E+20
               170.169006       9.69840047E+20   9.69840047E+20
               170.234497       9.51277757E+20   9.51277757E+20
               170.300003       9.26597398E+20   9.26597398E+20
               170.365494       8.96192612E+20   8.96192612E+20
               170.431000       8.60545987E+20   8.60545987E+20
               170.496506       8.20218434E+20   8.20218434E+20
               170.561996       7.75837289E+20   7.75837289E+20
               170.627502       7.28083441E+20   7.28083441E+20
               170.692993       6.77676410E+20   6.77676410E+20
               170.758499       6.25360063E+20   6.25360063E+20
               170.824005       5.71886854E+20   5.71886854E+20
               170.889496       5.18003185E+20   5.18003185E+20
               170.955002       4.64434345E+20   4.64434345E+20
               171.020493       4.11870793E+20   4.11870793E+20
               171.085999       3.60955383E+20   3.60955383E+20
               171.151505       3.12271858E+20   3.12271858E+20
               171.216995       2.66335370E+20   2.66335370E+20
               171.282501       2.23584317E+20   2.23584317E+20
               171.348007       1.84374589E+20   1.84374589E+20
               171.413498       1.48975786E+20   1.48975786E+20
               171.479004       1.17569459E+20   1.17569459E+20
               171.544495       9.02495769E+19   9.02495769E+19
               171.610001       6.70249974E+19   6.70249974E+19

      Estimated maximum:

         170.016525       9.87887307E+20


      Power through pinhole [W]:
      (for all sources and sum)
       14.2941217       14.2941217    


      Power density at selected point [W/m**2]:

                3861876.00       3861876.00    




      Photon energy or wavelength and normalized components S0, S1/S0,
      S2/S0, S3/S0 of STOKES vector and polarization for pinhole:

       1.6637E+02  9.0370E+14  9.9882E-01  1.6593E-09 -1.6885E-20  9.9882E-01
       1.6644E+02  9.0681E+14  9.9886E-01  1.0768E-09  5.0481E-20  9.9886E-01
       1.6650E+02  9.0970E+14  9.9890E-01  2.1100E-10  3.3547E-20  9.9890E-01
       1.6657E+02  9.1238E+14  9.9893E-01 -3.4605E-10  1.2543E-19  9.9893E-01
       1.6663E+02  9.1484E+14  9.9897E-01 -1.2182E-09  1.5845E-19  9.9897E-01
       1.6670E+02  9.1707E+14  9.9900E-01 -6.1131E-10 -1.4975E-19  9.9900E-01
       1.6676E+02  9.1907E+14  9.9904E-01 -1.1777E-09  4.5657E-20  9.9904E-01
       1.6683E+02  9.2086E+14  9.9907E-01  9.3042E-10 -1.6984E-19  9.9907E-01
       1.6689E+02  9.2245E+14  9.9910E-01  1.8013E-09 -1.0338E-19  9.9910E-01
       1.6696E+02  9.2385E+14  9.9913E-01 -2.5872E-09  3.7162E-20  9.9913E-01
       1.6702E+02  9.2509E+14  9.9917E-01  4.7432E-09  3.2989E-20  9.9917E-01
       1.6709E+02  9.2620E+14  9.9920E-01  1.4801E-10 -1.4827E-19  9.9920E-01
       1.6716E+02  9.2721E+14  9.9923E-01 -8.9190E-10  4.9370E-20  9.9923E-01
       1.6722E+02  9.2814E+14  9.9925E-01 -1.1960E-09 -2.0550E-21  9.9925E-01
       1.6729E+02  9.2905E+14  9.9928E-01  2.7313E-09  1.1292E-19  9.9928E-01
       1.6735E+02  9.2997E+14  9.9931E-01 -3.0808E-09 -2.0510E-20  9.9931E-01
       1.6742E+02  9.3092E+14  9.9934E-01  1.2744E-09  2.0489E-20  9.9934E-01
       1.6748E+02  9.3194E+14  9.9936E-01  1.4532E-09 -2.6606E-20  9.9936E-01
       1.6755E+02  9.3307E+14  9.9939E-01 -1.4837E-09  1.0834E-19  9.9939E-01
       1.6761E+02  9.3431E+14  9.9941E-01  3.8651E-10  4.3891E-20  9.9941E-01
       1.6768E+02  9.3568E+14  9.9944E-01  3.4499E-09 -1.2536E-19  9.9944E-01
       1.6775E+02  9.3719E+14  9.9946E-01 -2.8812E-09 -3.0528E-20  9.9946E-01
       1.6781E+02  9.3881E+14  9.9949E-01 -1.1990E-09 -4.0633E-20  9.9949E-01
       1.6788E+02  9.4054E+14  9.9951E-01 -9.6706E-10  4.8671E-20  9.9951E-01
       1.6794E+02  9.4232E+14  9.9953E-01  1.1935E-10  9.9181E-20  9.9953E-01
       1.6801E+02  9.4412E+14  9.9955E-01  3.3820E-09 -2.8283E-20  9.9955E-01
       1.6807E+02  9.4587E+14  9.9957E-01  9.3092E-10  4.3355E-20  9.9957E-01
       1.6814E+02  9.4748E+14  9.9959E-01  7.8109E-10 -2.4157E-20  9.9959E-01
       1.6820E+02  9.4887E+14  9.9961E-01 -3.0448E-10  4.4223E-20  9.9961E-01
       1.6827E+02  9.4993E+14  9.9963E-01 -2.6478E-09 -1.0642E-19  9.9963E-01
       1.6834E+02  9.5054E+14  9.9965E-01 -1.7808E-10 -1.1438E-19  9.9965E-01
       1.6840E+02  9.5058E+14  9.9967E-01  2.1754E-09 -1.2039E-20  9.9967E-01
       1.6847E+02  9.4991E+14  9.9968E-01  2.9309E-09  1.1646E-19  9.9968E-01
       1.6853E+02  9.4839E+14  9.9970E-01  1.7640E-09  1.2670E-19  9.9970E-01
       1.6860E+02  9.4587E+14  9.9971E-01 -2.5812E-09  1.0082E-20  9.9971E-01
       1.6866E+02  9.4223E+14  9.9973E-01  1.6725E-09  1.3765E-19  9.9973E-01
       1.6873E+02  9.3730E+14  9.9974E-01 -7.4579E-10  4.2734E-20  9.9974E-01
       1.6879E+02  9.3098E+14  9.9975E-01  3.7056E-10  4.7122E-20  9.9975E-01
       1.6886E+02  9.2312E+14  9.9976E-01 -5.4605E-10  5.7854E-20  9.9976E-01
       1.6892E+02  9.1362E+14  9.9977E-01  5.0175E-10 -3.9666E-20  9.9977E-01
       1.6899E+02  9.0238E+14  9.9978E-01  3.1618E-11 -1.9657E-19  9.9978E-01
       1.6906E+02  8.8934E+14  9.9979E-01  1.2047E-09  3.8604E-20  9.9979E-01
       1.6912E+02  8.7442E+14  9.9980E-01 -1.8174E-09 -7.8526E-20  9.9980E-01
       1.6919E+02  8.5760E+14  9.9981E-01 -1.4073E-09 -3.1137E-20  9.9981E-01
       1.6925E+02  8.3887E+14  9.9981E-01  1.1171E-09  1.0232E-19  9.9981E-01
       1.6932E+02  8.1824E+14  9.9982E-01  2.1481E-09 -6.7600E-20  9.9982E-01
       1.6938E+02  7.9577E+14  9.9982E-01 -1.5083E-10 -5.8723E-20  9.9982E-01
       1.6945E+02  7.7151E+14  9.9983E-01  1.5945E-09  1.0878E-19  9.9983E-01
       1.6951E+02  7.4556E+14  9.9983E-01 -1.8363E-09  1.5989E-19  9.9983E-01
       1.6958E+02  7.1804E+14  9.9983E-01  1.1804E-09 -1.3813E-19  9.9983E-01
       1.6965E+02  6.8911E+14  9.9983E-01  1.0014E-09 -5.1205E-20  9.9983E-01
       1.6971E+02  6.5892E+14  9.9983E-01 -1.9104E-09  1.5776E-19  9.9983E-01
       1.6978E+02  6.2765E+14  9.9983E-01 -1.9645E-09 -9.1166E-21  9.9983E-01
       1.6984E+02  5.9553E+14  9.9983E-01 -4.5188E-09  1.8256E-19  9.9983E-01
       1.6991E+02  5.6275E+14  9.9983E-01  1.1291E-09 -6.9482E-20  9.9983E-01
       1.6997E+02  5.2954E+14  9.9983E-01 -2.5561E-10  4.3223E-20  9.9983E-01
       1.7004E+02  4.9614E+14  9.9982E-01 -1.0140E-09  1.2302E-19  9.9982E-01
       1.7010E+02  4.6279E+14  9.9982E-01  1.8733E-09  1.0304E-20  9.9982E-01
       1.7017E+02  4.2971E+14  9.9981E-01 -7.1760E-10  2.4413E-20  9.9981E-01
       1.7023E+02  3.9713E+14  9.9980E-01 -9.2511E-10  8.1649E-20  9.9980E-01
       1.7030E+02  3.6527E+14  9.9979E-01  1.1622E-09 -1.5665E-20  9.9979E-01
       1.7037E+02  3.3435E+14  9.9978E-01 -4.2913E-09 -2.3960E-19  9.9978E-01
       1.7043E+02  3.0455E+14  9.9976E-01  4.8502E-09  6.8892E-20  9.9976E-01
       1.7050E+02  2.7604E+14  9.9974E-01  3.9473E-09 -2.8330E-19  9.9974E-01
       1.7056E+02  2.4898E+14  9.9972E-01 -4.3718E-09  7.6606E-21  9.9972E-01
       1.7063E+02  2.2350E+14  9.9970E-01  2.3852E-09  6.8273E-20  9.9970E-01
       1.7069E+02  1.9969E+14  9.9967E-01 -1.9852E-09  1.9103E-19  9.9967E-01
       1.7076E+02  1.7765E+14  9.9963E-01  3.3658E-09 -1.7178E-19  9.9963E-01
       1.7082E+02  1.5742E+14  9.9959E-01 -4.5980E-09  6.0580E-20  9.9959E-01
       1.7089E+02  1.3904E+14  9.9955E-01  8.5876E-10 -2.8808E-19  9.9955E-01
       1.7096E+02  1.2249E+14  9.9950E-01 -6.1367E-09  1.5571E-19  9.9950E-01
       1.7102E+02  1.0777E+14  9.9944E-01 -9.4304E-12  3.5398E-20  9.9944E-01
       1.7109E+02  9.4814E+13  9.9937E-01  5.8548E-09  0.0000E+00  9.9937E-01
       1.7115E+02  8.3569E+13  9.9929E-01  2.4410E-09  3.3094E-19  9.9929E-01
       1.7122E+02  7.3945E+13  9.9921E-01  1.0879E-09 -4.2560E-19  9.9921E-01
       1.7128E+02  6.5841E+13  9.9913E-01 -6.6436E-10 -2.4623E-19  9.9913E-01
       1.7135E+02  5.9142E+13  9.9905E-01 -5.7436E-10 -2.4188E-19  9.9905E-01
       1.7141E+02  5.3720E+13  9.9896E-01 -4.4871E-10 -3.5506E-19  9.9896E-01
       1.7148E+02  4.9442E+13  9.9889E-01  2.2955E-10  5.5938E-19  9.9889E-01
       1.7154E+02  4.6170E+13  9.9883E-01 -3.3707E-09  3.9246E-19  9.9883E-01
       1.7161E+02  4.3764E+13  9.9878E-01 -4.1659E-09 -6.3195E-19  9.9878E-01


      Photon energy [eV] or wavelength [nm] for selected point
      of pinhole, S0, S1/S0, S2/S0, S3/S0, P of
      STOKES vector per unit area [m**2]:


           Observation point (x,y,z) [m]:
              10.0000000       0.00000000       0.00000000    

       1.6637E+02  1.2657E+19  1.0000E+00  0.0000E+00  0.0000E+00  1.0000E+00
       1.6644E+02  1.6201E+19  1.0000E+00  0.0000E+00  0.0000E+00  1.0000E+00
       1.6650E+02  2.0029E+19  1.0000E+00  0.0000E+00  0.0000E+00  1.0000E+00
       1.6657E+02  2.4034E+19  1.0000E+00  0.0000E+00  0.0000E+00  1.0000E+00
       1.6663E+02  2.8089E+19  1.0000E+00  0.0000E+00  0.0000E+00  1.0000E+00
       1.6670E+02  3.2062E+19  1.0000E+00  0.0000E+00  0.0000E+00  1.0000E+00
       1.6676E+02  3.5810E+19  1.0000E+00  0.0000E+00  0.0000E+00  1.0000E+00
       1.6683E+02  3.9194E+19  1.0000E+00  0.0000E+00  0.0000E+00  1.0000E+00
       1.6689E+02  4.2075E+19  1.0000E+00  0.0000E+00  0.0000E+00  1.0000E+00
       1.6696E+02  4.4326E+19  1.0000E+00  0.0000E+00  0.0000E+00  1.0000E+00
       1.6702E+02  4.5836E+19  1.0000E+00  0.0000E+00  0.0000E+00  1.0000E+00
       1.6709E+02  4.6517E+19  1.0000E+00  0.0000E+00  0.0000E+00  1.0000E+00
       1.6716E+02  4.6306E+19  1.0000E+00  0.0000E+00  0.0000E+00  1.0000E+00
       1.6722E+02  4.5175E+19  1.0000E+00  0.0000E+00  0.0000E+00  1.0000E+00
       1.6729E+02  4.3130E+19  1.0000E+00  0.0000E+00  0.0000E+00  1.0000E+00
       1.6735E+02  4.0221E+19  1.0000E+00  0.0000E+00  0.0000E+00  1.0000E+00
       1.6742E+02  3.6538E+19  1.0000E+00  0.0000E+00  0.0000E+00  1.0000E+00
       1.6748E+02  3.2217E+19  1.0000E+00  0.0000E+00  0.0000E+00  1.0000E+00
       1.6755E+02  2.7439E+19  1.0000E+00  0.0000E+00  0.0000E+00  1.0000E+00
       1.6761E+02  2.2427E+19  1.0000E+00  0.0000E+00  0.0000E+00  1.0000E+00
       1.6768E+02  1.7447E+19  1.0000E+00  0.0000E+00  0.0000E+00  1.0000E+00
       1.6775E+02  1.2800E+19  1.0000E+00  0.0000E+00  0.0000E+00  1.0000E+00
       1.6781E+02  8.8206E+18  1.0000E+00  0.0000E+00  0.0000E+00  1.0000E+00
       1.6788E+02  5.8676E+18  1.0000E+00  0.0000E+00  0.0000E+00  1.0000E+00
       1.6794E+02  4.3174E+18  1.0000E+00  0.0000E+00  0.0000E+00  1.0000E+00
       1.6801E+02  4.5550E+18  1.0000E+00  0.0000E+00  0.0000E+00  1.0000E+00
       1.6807E+02  6.9648E+18  1.0000E+00  0.0000E+00  0.0000E+00  1.0000E+00
       1.6814E+02  1.1920E+19  1.0000E+00  0.0000E+00  0.0000E+00  1.0000E+00
       1.6820E+02  1.9772E+19  1.0000E+00  0.0000E+00  0.0000E+00  1.0000E+00
       1.6827E+02  3.0841E+19  1.0000E+00  0.0000E+00  0.0000E+00  1.0000E+00
       1.6834E+02  4.5405E+19  1.0000E+00  0.0000E+00  0.0000E+00  1.0000E+00
       1.6840E+02  6.3687E+19  1.0000E+00  0.0000E+00  0.0000E+00  1.0000E+00
       1.6847E+02  8.5853E+19  1.0000E+00  0.0000E+00  0.0000E+00  1.0000E+00
       1.6853E+02  1.1200E+20  1.0000E+00  0.0000E+00  0.0000E+00  1.0000E+00
       1.6860E+02  1.4214E+20  1.0000E+00  0.0000E+00  0.0000E+00  1.0000E+00
       1.6866E+02  1.7622E+20  1.0000E+00  0.0000E+00  0.0000E+00  1.0000E+00
       1.6873E+02  2.1408E+20  1.0000E+00  0.0000E+00  0.0000E+00  1.0000E+00
       1.6879E+02  2.5551E+20  1.0000E+00  0.0000E+00  0.0000E+00  1.0000E+00
       1.6886E+02  3.0018E+20  1.0000E+00  0.0000E+00  0.0000E+00  1.0000E+00
       1.6892E+02  3.4770E+20  1.0000E+00  0.0000E+00  0.0000E+00  1.0000E+00
       1.6899E+02  3.9758E+20  1.0000E+00  0.0000E+00  0.0000E+00  1.0000E+00
       1.6906E+02  4.4928E+20  1.0000E+00  0.0000E+00  0.0000E+00  1.0000E+00
       1.6912E+02  5.0220E+20  1.0000E+00  0.0000E+00  0.0000E+00  1.0000E+00
       1.6919E+02  5.5566E+20  1.0000E+00  0.0000E+00  0.0000E+00  1.0000E+00
       1.6925E+02  6.0898E+20  1.0000E+00  0.0000E+00  0.0000E+00  1.0000E+00
       1.6932E+02  6.6141E+20  1.0000E+00  0.0000E+00  0.0000E+00  1.0000E+00
       1.6938E+02  7.1223E+20  1.0000E+00  0.0000E+00  0.0000E+00  1.0000E+00
       1.6945E+02  7.6068E+20  1.0000E+00  0.0000E+00  0.0000E+00  1.0000E+00
       1.6951E+02  8.0604E+20  1.0000E+00  0.0000E+00  0.0000E+00  1.0000E+00
       1.6958E+02  8.4762E+20  1.0000E+00  0.0000E+00  0.0000E+00  1.0000E+00
       1.6965E+02  8.8478E+20  1.0000E+00  0.0000E+00  0.0000E+00  1.0000E+00
       1.6971E+02  9.1692E+20  1.0000E+00  0.0000E+00  0.0000E+00  1.0000E+00
       1.6978E+02  9.4354E+20  1.0000E+00  0.0000E+00  0.0000E+00  1.0000E+00
       1.6984E+02  9.6419E+20  1.0000E+00  0.0000E+00  0.0000E+00  1.0000E+00
       1.6991E+02  9.7855E+20  1.0000E+00  0.0000E+00  0.0000E+00  1.0000E+00
       1.6997E+02  9.8638E+20  1.0000E+00  0.0000E+00  0.0000E+00  1.0000E+00
       1.7004E+02  9.8753E+20  1.0000E+00  0.0000E+00  0.0000E+00  1.0000E+00
       1.7010E+02  9.8199E+20  1.0000E+00  0.0000E+00  0.0000E+00  1.0000E+00
       1.7017E+02  9.6984E+20  1.0000E+00  0.0000E+00  0.0000E+00  1.0000E+00
       1.7023E+02  9.5128E+20  1.0000E+00  0.0000E+00  0.0000E+00  1.0000E+00
       1.7030E+02  9.2660E+20  1.0000E+00  0.0000E+00  0.0000E+00  1.0000E+00
       1.7037E+02  8.9619E+20  1.0000E+00  0.0000E+00  0.0000E+00  1.0000E+00
       1.7043E+02  8.6055E+20  1.0000E+00  0.0000E+00  0.0000E+00  1.0000E+00
       1.7050E+02  8.2022E+20  1.0000E+00  0.0000E+00  0.0000E+00  1.0000E+00
       1.7056E+02  7.7584E+20  1.0000E+00  0.0000E+00  0.0000E+00  1.0000E+00
       1.7063E+02  7.2808E+20  1.0000E+00  0.0000E+00  0.0000E+00  1.0000E+00
       1.7069E+02  6.7768E+20  1.0000E+00  0.0000E+00  0.0000E+00  1.0000E+00
       1.7076E+02  6.2536E+20  1.0000E+00  0.0000E+00  0.0000E+00  1.0000E+00
       1.7082E+02  5.7189E+20  1.0000E+00  0.0000E+00  0.0000E+00  1.0000E+00
       1.7089E+02  5.1800E+20  1.0000E+00  0.0000E+00  0.0000E+00  1.0000E+00
       1.7096E+02  4.6443E+20  1.0000E+00  0.0000E+00  0.0000E+00  1.0000E+00
       1.7102E+02  4.1187E+20  1.0000E+00  0.0000E+00  0.0000E+00  1.0000E+00
       1.7109E+02  3.6096E+20  1.0000E+00  0.0000E+00  0.0000E+00  1.0000E+00
       1.7115E+02  3.1227E+20  1.0000E+00  0.0000E+00  0.0000E+00  1.0000E+00
       1.7122E+02  2.6634E+20  1.0000E+00  0.0000E+00  0.0000E+00  1.0000E+00
       1.7128E+02  2.2358E+20  1.0000E+00  0.0000E+00  0.0000E+00  1.0000E+00
       1.7135E+02  1.8437E+20  1.0000E+00  0.0000E+00  0.0000E+00  1.0000E+00
       1.7141E+02  1.4898E+20  1.0000E+00  0.0000E+00  0.0000E+00  1.0000E+00
       1.7148E+02  1.1757E+20  1.0000E+00  0.0000E+00  0.0000E+00  1.0000E+00
       1.7154E+02  9.0250E+19  1.0000E+00  0.0000E+00  0.0000E+00  1.0000E+00
       1.7161E+02  6.7025E+19  1.0000E+00  0.0000E+00  0.0000E+00  1.0000E+00

       Total absolut maxima found for Stokes-V. (z,y,Eph,fluxdens.)

        0.0000E+00  0.0000E+00  1.7004E+02  9.8753E+20
        0.0000E+00  0.0000E+00  1.7004E+02  9.8753E+20
       -5.7143E-04 -5.4286E-04  1.6637E+02  5.2091E+19
        6.0000E-04  5.7143E-04  1.6637E+02  1.9362E+19


       Estimated maxima of s0, s1, s2 ,s3 for selected point:
          170.016525       9.87887378E+20
          170.016525       9.87887448E+20
          0.00000000       0.00000000    
          0.00000000       0.00000000    


       Estimated maximum of s3*s3/s0 for selected point:
          0.00000000       0.00000000    


       Estimated maxima of fluxes s0, s1, s2 ,s3:
          168.371231       9.50648867E+14
          168.372711       9.50326006E+14
          167.013184       4489488.50    
          168.989777       1.77385024E-04


       Estimated maxima of fluxes s3*s3/s0:
          168.989944       3.48686081E-23



      Brilliance calculations:
      (only meaningful for undulators)

      sigr=sqrt(2*lambda*L)/2/pi*sigrc and 
      sigrp=sqrt(lambda/2/L)*sigrpc

       sigrc,sigrpc:   1.0000000000000000        1.0000000000000000     

      make sure that the device length agrees to the length
      of the trajectory
      (for rec-fields rangrec and rangpm are substracted by program)

      Observation point:

         10.0000000       0.00000000       0.00000000    

      considered device length [m]:   4.14960003    


      Brilliance [photons/sec/BW/mm**2/mrad**2]

          166.37        0.12859E+18    0.12859E+18     0.0000         0.0000    
          166.44        0.16465E+18    0.16465E+18     0.0000         0.0000    
          166.50        0.20364E+18    0.20364E+18     0.0000         0.0000    
          166.57        0.24444E+18    0.24444E+18     0.0000         0.0000    
          166.63        0.28580E+18    0.28580E+18     0.0000         0.0000    
          166.70        0.32635E+18    0.32635E+18     0.0000         0.0000    
          166.76        0.36465E+18    0.36465E+18     0.0000         0.0000    
          166.83        0.39926E+18    0.39926E+18     0.0000         0.0000    
          166.89        0.42878E+18    0.42878E+18     0.0000         0.0000    
          166.96        0.45189E+18    0.45189E+18     0.0000         0.0000    
          167.02        0.46748E+18    0.46748E+18     0.0000         0.0000    
          167.09        0.47460E+18    0.47460E+18     0.0000         0.0000    
          167.16        0.47264E+18    0.47264E+18     0.0000         0.0000    
          167.22        0.46127E+18    0.46127E+18     0.0000         0.0000    
          167.29        0.44057E+18    0.44057E+18     0.0000         0.0000    
          167.35        0.41101E+18    0.41101E+18     0.0000         0.0000    
          167.42        0.37352E+18    0.37352E+18     0.0000         0.0000    
          167.48        0.32948E+18    0.32948E+18     0.0000         0.0000    
          167.55        0.28072E+18    0.28072E+18     0.0000         0.0000    
          167.61        0.22954E+18    0.22954E+18     0.0000         0.0000    
          167.68        0.17863E+18    0.17863E+18     0.0000         0.0000    
          167.75        0.13111E+18    0.13111E+18     0.0000         0.0000    
          167.81        0.90383E+17    0.90383E+17     0.0000         0.0000    
          167.88        0.60148E+17    0.60148E+17     0.0000         0.0000    
          167.94        0.44274E+17    0.44274E+17     0.0000         0.0000    
          168.01        0.46729E+17    0.46729E+17     0.0000         0.0000    
          168.07        0.71479E+17    0.71479E+17     0.0000         0.0000    
          168.14        0.12238E+18    0.12238E+18     0.0000         0.0000    
          168.20        0.20308E+18    0.20308E+18     0.0000         0.0000    
          168.27        0.31689E+18    0.31689E+18     0.0000         0.0000    
          168.34        0.46671E+18    0.46671E+18     0.0000         0.0000    
          168.40        0.65489E+18    0.65489E+18     0.0000         0.0000    
          168.47        0.88316E+18    0.88316E+18     0.0000         0.0000    
          168.53        0.11525E+19    0.11525E+19     0.0000         0.0000    
          168.60        0.14633E+19    0.14633E+19     0.0000         0.0000    
          168.66        0.18148E+19    0.18148E+19     0.0000         0.0000    
          168.73        0.22057E+19    0.22057E+19     0.0000         0.0000    
          168.79        0.26335E+19    0.26335E+19     0.0000         0.0000    
          168.86        0.30951E+19    0.30951E+19     0.0000         0.0000    
          168.92        0.35864E+19    0.35864E+19     0.0000         0.0000    
          168.99        0.41026E+19    0.41026E+19     0.0000         0.0000    
          169.06        0.46379E+19    0.46379E+19     0.0000         0.0000    
          169.12        0.51861E+19    0.51861E+19     0.0000         0.0000    
          169.19        0.57405E+19    0.57405E+19     0.0000         0.0000    
          169.25        0.62937E+19    0.62937E+19     0.0000         0.0000    
          169.32        0.68383E+19    0.68383E+19     0.0000         0.0000    
          169.38        0.73664E+19    0.73665E+19     0.0000         0.0000    
          169.45        0.78706E+19    0.78706E+19     0.0000         0.0000    
          169.51        0.83432E+19    0.83432E+19     0.0000         0.0000    
          169.58        0.87770E+19    0.87770E+19     0.0000         0.0000    
          169.65        0.91653E+19    0.91653E+19     0.0000         0.0000    
          169.71        0.95019E+19    0.95019E+19     0.0000         0.0000    
          169.78        0.97815E+19    0.97815E+19     0.0000         0.0000    
          169.84        0.99995E+19    0.99995E+19     0.0000         0.0000    
          169.91        0.10152E+20    0.10152E+20     0.0000         0.0000    
          169.97        0.10237E+20    0.10237E+20     0.0000         0.0000    
          170.04        0.10253E+20    0.10253E+20     0.0000         0.0000    
          170.10        0.10200E+20    0.10200E+20     0.0000         0.0000    
          170.17        0.10077E+20    0.10077E+20     0.0000         0.0000    
          170.23        0.98884E+19    0.98884E+19     0.0000         0.0000    
          170.30        0.96355E+19    0.96355E+19     0.0000         0.0000    
          170.37        0.93229E+19    0.93230E+19     0.0000         0.0000    
          170.43        0.89556E+19    0.89556E+19     0.0000         0.0000    
          170.50        0.85392E+19    0.85392E+19     0.0000         0.0000    
          170.56        0.80802E+19    0.80802E+19     0.0000         0.0000    
          170.63        0.75858E+19    0.75858E+19     0.0000         0.0000    
          170.69        0.70633E+19    0.70633E+19     0.0000         0.0000    
          170.76        0.65205E+19    0.65205E+19     0.0000         0.0000    
          170.82        0.59653E+19    0.59653E+19     0.0000         0.0000    
          170.89        0.54053E+19    0.54053E+19     0.0000         0.0000    
          170.96        0.48482E+19    0.48482E+19     0.0000         0.0000    
          171.02        0.43011E+19    0.43011E+19     0.0000         0.0000    
          171.09        0.37708E+19    0.37708E+19     0.0000         0.0000    
          171.15        0.32635E+19    0.32635E+19     0.0000         0.0000    
          171.22        0.27845E+19    0.27845E+19     0.0000         0.0000    
          171.28        0.23384E+19    0.23384E+19     0.0000         0.0000    
          171.35        0.19291E+19    0.19291E+19     0.0000         0.0000    
          171.41        0.15593E+19    0.15593E+19     0.0000         0.0000    
          171.48        0.12311E+19    0.12311E+19     0.0000         0.0000    
          171.54        0.94535E+18    0.94535E+18     0.0000         0.0000    
          171.61        0.70234E+18    0.70234E+18     0.0000         0.0000    


      estimated brilliance maxima, flux and flux-density of S0, S1, S2, S3:

          170.02        0.10256E+20    0.54542E+15    0.98789E+17
          170.02        0.10256E+20    0.54542E+15    0.98789E+17
          0.0000         0.0000         0.0000         0.0000    
          0.0000         0.0000         0.0000         0.0000    

      estimated brilliance maximum of S3*S3/S0:

          0.0000         0.0000    

      ---> flag IFOLD is not set, emittance effects are estimated
      from horizontal beam size [mm] and divergence [mrad]: 
         2.16000000E-04   2.47999997E-05
      vertical beam size [mm] and divergence [mrad]: 
         1.87000005E-05   4.29000011E-06


      Brilliance [photons/sec/BW/mm**2/mrad**2] with emittance

          166.37        0.15981E+17    0.15981E+17     0.0000         0.0000    
          166.44        0.20457E+17    0.20457E+17     0.0000         0.0000    
          166.50        0.25293E+17    0.25293E+17     0.0000         0.0000    
          166.57        0.30352E+17    0.30352E+17     0.0000         0.0000    
          166.63        0.35477E+17    0.35477E+17     0.0000         0.0000    
          166.70        0.40498E+17    0.40498E+17     0.0000         0.0000    
          166.76        0.45236E+17    0.45236E+17     0.0000         0.0000    
          166.83        0.49515E+17    0.49515E+17     0.0000         0.0000    
          166.89        0.53158E+17    0.53158E+17     0.0000         0.0000    
          166.96        0.56007E+17    0.56007E+17     0.0000         0.0000    
          167.02        0.57920E+17    0.57920E+17     0.0000         0.0000    
          167.09        0.58785E+17    0.58785E+17     0.0000         0.0000    
          167.16        0.58524E+17    0.58524E+17     0.0000         0.0000    
          167.22        0.57098E+17    0.57098E+17     0.0000         0.0000    
          167.29        0.54519E+17    0.54519E+17     0.0000         0.0000    
          167.35        0.50845E+17    0.50845E+17     0.0000         0.0000    
          167.42        0.46193E+17    0.46193E+17     0.0000         0.0000    
          167.48        0.40734E+17    0.40734E+17     0.0000         0.0000    
          167.55        0.34695E+17    0.34695E+17     0.0000         0.0000    
          167.61        0.28360E+17    0.28360E+17     0.0000         0.0000    
          167.68        0.22064E+17    0.22064E+17     0.0000         0.0000    
          167.75        0.16189E+17    0.16189E+17     0.0000         0.0000    
          167.81        0.11157E+17    0.11157E+17     0.0000         0.0000    
          167.88        0.74225E+16    0.74225E+16     0.0000         0.0000    
          167.94        0.54619E+16    0.54619E+16     0.0000         0.0000    
          168.01        0.57630E+16    0.57630E+16     0.0000         0.0000    
          168.07        0.88126E+16    0.88126E+16     0.0000         0.0000    
          168.14        0.15084E+17    0.15084E+17     0.0000         0.0000    
          168.20        0.25022E+17    0.25022E+17     0.0000         0.0000    
          168.27        0.39033E+17    0.39033E+17     0.0000         0.0000    
          168.34        0.57469E+17    0.57469E+17     0.0000         0.0000    
          168.40        0.80616E+17    0.80616E+17     0.0000         0.0000    
          168.47        0.10868E+18    0.10868E+18     0.0000         0.0000    
          168.53        0.14179E+18    0.14179E+18     0.0000         0.0000    
          168.60        0.17997E+18    0.17997E+18     0.0000         0.0000    
          168.66        0.22313E+18    0.22313E+18     0.0000         0.0000    
          168.73        0.27110E+18    0.27110E+18     0.0000         0.0000    
          168.79        0.32359E+18    0.32359E+18     0.0000         0.0000    
          168.86        0.38019E+18    0.38019E+18     0.0000         0.0000    
          168.92        0.44040E+18    0.44040E+18     0.0000         0.0000    
          168.99        0.50363E+18    0.50363E+18     0.0000         0.0000    
          169.06        0.56917E+18    0.56917E+18     0.0000         0.0000    
          169.12        0.63626E+18    0.63626E+18     0.0000         0.0000    
          169.19        0.70405E+18    0.70405E+18     0.0000         0.0000    
          169.25        0.77167E+18    0.77167E+18     0.0000         0.0000    
          169.32        0.83818E+18    0.83818E+18     0.0000         0.0000    
          169.38        0.90264E+18    0.90264E+18     0.0000         0.0000    
          169.45        0.96412E+18    0.96412E+18     0.0000         0.0000    
          169.51        0.10217E+19    0.10217E+19     0.0000         0.0000    
          169.58        0.10745E+19    0.10745E+19     0.0000         0.0000    
          169.65        0.11217E+19    0.11217E+19     0.0000         0.0000    
          169.71        0.11625E+19    0.11625E+19     0.0000         0.0000    
          169.78        0.11964E+19    0.11964E+19     0.0000         0.0000    
          169.84        0.12227E+19    0.12227E+19     0.0000         0.0000    
          169.91        0.12410E+19    0.12410E+19     0.0000         0.0000    
          169.97        0.12510E+19    0.12510E+19     0.0000         0.0000    
          170.04        0.12525E+19    0.12525E+19     0.0000         0.0000    
          170.10        0.12456E+19    0.12456E+19     0.0000         0.0000    
          170.17        0.12303E+19    0.12303E+19     0.0000         0.0000    
          170.23        0.12069E+19    0.12069E+19     0.0000         0.0000    
          170.30        0.11756E+19    0.11756E+19     0.0000         0.0000    
          170.37        0.11372E+19    0.11372E+19     0.0000         0.0000    
          170.43        0.10920E+19    0.10920E+19     0.0000         0.0000    
          170.50        0.10409E+19    0.10409E+19     0.0000         0.0000    
          170.56        0.98467E+18    0.98467E+18     0.0000         0.0000    
          170.63        0.92414E+18    0.92414E+18     0.0000         0.0000    
          170.69        0.86022E+18    0.86022E+18     0.0000         0.0000    
          170.76        0.79388E+18    0.79388E+18     0.0000         0.0000    
          170.82        0.72605E+18    0.72605E+18     0.0000         0.0000    
          170.89        0.65769E+18    0.65769E+18     0.0000         0.0000    
          170.96        0.58973E+18    0.58973E+18     0.0000         0.0000    
          171.02        0.52302E+18    0.52302E+18     0.0000         0.0000    
          171.09        0.45840E+18    0.45840E+18     0.0000         0.0000    
          171.15        0.39661E+18    0.39661E+18     0.0000         0.0000    
          171.22        0.33829E+18    0.33829E+18     0.0000         0.0000    
          171.28        0.28401E+18    0.28401E+18     0.0000         0.0000    
          171.35        0.23422E+18    0.23422E+18     0.0000         0.0000    
          171.41        0.18927E+18    0.18927E+18     0.0000         0.0000    
          171.48        0.14938E+18    0.14938E+18     0.0000         0.0000    
          171.54        0.11468E+18    0.11468E+18     0.0000         0.0000    
          171.61        0.85173E+17    0.85173E+17     0.0000         0.0000    


      estimated brilliance maxima, flux and flux-density of S0, S1, S2, S3
      with emittance:

          170.02        0.12530E+19    0.54542E+15    0.74988E+17
          170.02        0.12530E+19    0.54542E+15    0.74988E+17
          0.0000         0.0000         0.0000         0.0000    
          0.0000         0.0000         0.0000         0.0000    

      estimated brilliance maximum of S3*S3/S0 with emittance:

          0.0000         0.0000    

      corresponding sigmas of source size [mm]
      and divergence [mrad] without and with emittance
      (including corr. factors sigrc,sigrpc):

      L/mm, lambda/mm:    4149.60010       7.29259637E-06
      without emit.:    3.91542874E-02   2.96430569E-02
         with emit.:    9.75967124E-02   3.40237021E-02
         (sigrf**2 = sigrxf*sigryf)


      LAST CHECK:

           BMAXGL:  0.47031905768294902     

           XBMAXGL:  -2.0501000018871878     
           YBMAXGL:   0.0000000000000000     
           ZBMAXGL:  -5.0617142362693503E-006


      CURRENT NUMBER:         246


                     --- Program WAVE completed ---



                                                   19:25:22 29.01.16

