
                                                   18:13:42 29.01.16


           *********************************************
           *          PROGRAM WAVE                     *
           *                                           *
           *          VERSION 3.03/01 13.11.2015       *
           *                                           *
           *          Michael Scheer                   *
           *              BESSY                        *
           *********************************************

      USER COMMENT:

      U49 Peter Baumgaertel                                            

      CURRENT NUMBER:         222


      USER NAMELIST:



      MODE FLAGS:

      IUNDULATOR,IWIGGLER:            1           0



      CONTROL FLAGS:


      IUNAME,IUSTEP,IUOUT:            0           0           0
      IOPTIC,IGENFUN:                 0           0
      IMAGSPLN:                   -9999
      IEMIT,IEMIAHW:                  0           0
      IWLSOPT,IBEAMPOL:               0           0
      IENELOSS, IEFIELD:             -1           0
      IPOWER,ISPEC:                   0           1
      IVELOFIELD,ISPECMODE:           0           3
         IWFILL0,IRFILL0:                      0           0
         ISPECINT,IPIN:                        0           1
         IUSEM,ISTOKES:                        0           1
         IBRILL:                               1
         IPINCIRC,IRPHI:                       0           0
         IFOLD,ISIGUSR:                        0           1
         IF1DIM,IPOLA:                         0           0
         IWFILSP0,IWFILSPF:                    0           0
         IRFILSP0,IRFILSTO:                    0           0
         IWFILSTO,IWFLSTOF:                    0           0
         ISPECANA,ISPECANAF:                   0           0
         IAMPLI,IAMPSKIP:                      0           0
         IWFILFL0,IWFILFLF:                    0           0
         IWFILS,IWFILSF:                       0           0
         IWFILSE,IWFILSEF:                     0           0
         IWFILB,IWFILBF:                       0           0
         IWFILBE,IWFILBEF:                     0           0
         IWFILINT,IPINALL:                     0           0
         IRFILOB,IFILTER:                      0           0
         IWFILRAY,IDESYNC:                     1           0
         IPHASE,IPHASEANA:                     0           0
         IDOSE,IEFOLD:                         0           0
         ISPECDIP,IBL0CUT:                     0           0
         IEFFI,IFILMUL:                        0           0
         IBUNCH:                               0
      IWFILF:                         0


      MAGNETIC FIELD FLAGS:



      ICHARGE,IBMASK,JBMASK:          -1           0           0
      IBSUPER,IBERROR:                 1           0
      ICUTFIBO:                        1

      IPERIODG,IBSYM:                 0           0
      IBSYMY,IBSYMZ:                  0           0
      KBEXTERN,KBFELD:                0           0
      KHALBA,KHALBASY:                0           0
      KUCROSS,IRFILP:                 0           0
      KMAGSEQ,IMGSQF:                 0           0
             KMAGCOR:                 1
      IRFILF,IRBTAB:                  0           0
      IRBTABZY,KELLIP:                0           1
      KBPOLYH,KBPOLY3D:               0           0
      KBREC,KELLANA:                  0           0
      KBPOLYMAG,KBGENESIS:            0           0
      KBAMWLS:                        0



      HISTOGRAM FLAGS:

      IHBOOK,IHINDEX:                 1           0


      OTHER OPTIONS:


      IWBTAB,IWFILT0:                 0           0
      IWSECTMAGS:                     0
      IJUST,ISNORDER:                 0           0
      IWBMAP,IWBPOLY3D:               0           0
      IWBPOLY2DH,IWBPHARM:            0           0


      SR BELLIP, Parameters of elliptical undulator:
      horizontal and vertical peak field [T]:   0.00000000      0.626999259    
      number of periods, period and device length [m]:
         84.0000000       4.94000018E-02   4.14960003    
      shift parameter [periods], B_h/B_v:       0.00000000       0.00000000    
      B0_eff [T], deflection parameter K:  0.626999259       2.89211011    
      1. harmonical [nm] and [eV]:   11.2714720       110.000000    
      critical energy [eV]:   1236.43665    

      longitudinal position of device center [m]:   0.0000000000000000     

      scaling factor for taper:   0.0000000000000000     

  
      Subroutine photon (quantum fluctuations):
  
       number of sampling bins (NBING1)        1000
       max. photon energy normalized to characteristic energy (EECMAXG1):
          5.0000000000000000     
  

      Number of tracking steps per meter (MYINUM):         5000

      Start and end of the trajectory [m](XSTART,XSTOP):
        -2.07480001       2.07480001    

      BMOVECUT:   1.00000001E-07

      Initial energy [GeV] and gamma:    1.72200000       3369.8702546331497     
      Final energy [GeV] and gamma:      1.72199810       3369.8666147461768     
      Relative change:                  -1.08012671E-06
      number of photons, RMS (keV) and rel. RMS of quantum fluctuation:
                14  0.986960948       5.73148043E-07


      B-rho [Tm], current [A]:   -5.74397326      0.100000001    

      Offset for vert. and hori. magnetic field (BYGOFF, BZGOFF):
          0.00000000       0.00000000    
      Global scaling factor for mag. field (B0SCGLOB,A0SCGLOB):
          1.00000000       1.00000000    

      Long. shift [m] of device (X(e-) -> X(e-)+XSHIFT):    0.00000000    
      Vert. shift [m] of device (Y(e-) -> Y(e-)+VSHIFT):    0.00000000    
      Hori. shift [m] of device (Z(e-) -> Z(e-)+HSHIFT):    0.00000000    
      Rotation angle [degree] of device:                    0.00000000    
      Y(e-) -> Y(e-)*sin(XROTD) + Y(e-)*cos(XROTD)
      Z(e-) -> Z(e-)*cos(XROTD) - Y(e-)*sin(XROTD)


      Magnetic field [T] at starting point:
         0.00000000       0.00000000       0.00000000    

      Vector potential [T-m] at starting point:
         0.00000000       0.00000000       0.00000000    


      Magnetic field [T] at stopping point:
         0.00000000       0.00000000       0.00000000    

      Vector potential [T-m] at stopping point:
         0.00000000       0.00000000       0.00000000    

      Extrema of magnetic field [T] and the trajectory [m]:

      BXmax,BXmin:    0.00000000       0.00000000    
      BYmax,BYmin:   0.626949251     -0.626999259    
      BZmax,BZmin:    0.00000000       0.00000000    

      Xmax,Xmin:    2.07480001      -2.07480001    
      Ymax,Ymin:    0.00000000       0.00000000    
      Zmax,Zmin:    6.74810735E-06  -6.74686544E-06


      Extrema of magnetic field [T] and the trajectory [m] between
      XIANF and XIEND

      BXmaxAE,BXminAE:    0.00000000       0.00000000    
      BYmaxAE,BYminAE:   0.626949251     -0.626999259    
      BZmaxAE,BZminAE:    0.00000000       0.00000000    

      XmaxAE,XminAE:    2.07479930      -2.07480001    
      YmaxAE,YminAE:    0.00000000       0.00000000    
      ZmaxAE,ZminAE:    6.74810735E-06  -6.74686544E-06


      Start values (coordinates [m] and slopes) of trajectory:

      X0:   -2.0747999999999998     
      Y0:    0.0000000000000000     
      Z0:    0.0000000000000000     

      ZP0:   0.0000000000000000     
      YP0:   0.0000000000000000     

      VX0:   299792444.80029100     
      VY0:   0.0000000000000000     
      VZ0:   0.0000000000000000     

      Values for X=0 (coordinates [m] and slopes) of trajectory:

      YCEN:    0.0000000000000000     
      ZCEN:    6.7477024955896290E-006

      YPCEN:   0.0000000000000000     
      ZPCEN:   2.2458906741154894E-010

      End values (coordinates [m] and slopes) of trajectory:

      XF0:    2.0747999999999998     
      YF0:    0.0000000000000000     
      ZF0:    6.9480313803961116E-010


      ZPF0:    1.3014868747594332E-010
      YPF0:    0.0000000000000000     

      VXF0:    299792444.80026156     
      VYF0:    0.0000000000000000     
      VZF0:    3.9017593205958233E-002


      Values for X=XIANF (coordinates [m] and slopes) of trajectory:

      XIANF:   -1.0000000000000000E+030
      YIANF:   -9999.0000000000000     
      ZIANF:   -9999.0000000000000     

      YPIANF:  -9999.0000000000000     
      ZPIANF:  -9999.0000000000000     



      Values for X=XIEND (coordinates [m] and slopes) of trajectory:

      XIEND:    1.0000000000000000E+030
      YIEND:   -9999.0000000000000     
      ZIEND:   -9999.0000000000000     

      YPIEND:  -9999.0000000000000     
      ZPIEND:  -9999.0000000000000     


      ZF0/(XSTOP-XSTART):    1.6743858155957470E-010
      YF0/(XSTOP-XSTART):    0.0000000000000000     

      YF0-Y0:   0.0000000000000000     
      ZF0-Z0:   6.9480313803961116E-010

      YPF0-YP0:   0.0000000000000000     
      ZPF0-ZP0:   1.3014868747594332E-010

      Straight line fit of z(x):
      offset:  -2.9820904153493628E-008
      slope:   1.9141451105836464E-010

      Straight line fit of vz(x)/vx(x):
      offset:   1.6572468331108471E-010
      slope:   2.1022822018611063E-008

      Straight line fit of y(x):
      offset:   0.0000000000000000     
      slope:   0.0000000000000000     

      Straight line fit of vy(x)/vx(x):
      offset:   0.0000000000000000     
      slope:   0.0000000000000000     

      1. magnetic integral [T-m]:    0.00000000       5.36789502E-11   0.00000000    
      2. mag. integral [T-m**2]:    0.00000000       2.86449711E-13   0.00000000    

      Integrated By**2 [T**2-m]:                     0.810807645    
      Energy irradiated by the device per e- [MeV]:   3.04231979E-03
      Rel. energy loss:                               1.76673620E-06
      Power irradiated by the device [kWATT]:        0.304231972    

      Length of trajectory (BINT0) [m]:
         4.1496007577647056     
      Integrated (YP**2+ZP**2)/2 of trajectory (WTRA2I) [m]:
         7.5776476259327802E-007
      corresponding phase advance [nm and eV]:
         940.46992436494850        1.3183429810090090     
      dE/E and corresponding dL = 2 * dE/E * L [nm]:
         1.00000005E-03   1.51552951    
      Circumference of the ring [m]:                 240.000000    
      Rel. change of total circumference (from BINT0):         
         3.15735305E-09
      Rel. change of total circumference (from WTRA2I):
         3.15735327E-09

      Max. and min. deflection angle [rad]:    8.58232786E-04  -8.58233194E-04


      SPECTRUM
      ===========

      Start and end of points [m] of integration for spectrum
      calculations (XIANF,XIEND):  -1.00000002E+30   1.00000002E+30


      SR WFILL0:

      Parameters:
      WGWINFC:   2646.6899088765672     
      WBL0CUT:   0.0000000000000000     
      WBL0HYS:   1.0000000000000000     

      Pinhole of collimators:
      (X,Y,Z), width, height:

        1.0000E+01  0.0000E+00  0.0000E+00  1.0000E+03  1.0000E+03
        1.0000E+01  0.0000E+00  0.0000E+00  1.0000E+03  1.0000E+03

      Number of sources:           1
      Begin and end of sources (x,y,z):

                 1  -2.07480001       0.00000000       0.00000000    
                 1   2.07480001       0.00000000       6.94803159E-10

      Horiz., vert. slopes and mag. field
      at begin and end of sources:

                 1   0.00000000       0.00000000       0.00000000    
                 1   1.30148683E-10   0.00000000       9.66732694E-10


      SR COHEREN:
      Minimum and maximum number of phases  between
      photons and electrons:
         61.9089088       63.8525467    


       selected observation point:

          10.0000000       0.00000000       0.00000000    


      Source number, mean mag. field (sign from By), abs. mean and rel. rms
      for sources, and critical photon energy [eV] or wavelength [nm]
      (with respect to abs. mean):

           1  -6.66566975E-12  0.397494584      0.486472666       783.855591    

      Photon energy cut-off (SPECCUT):   0.00000000    

      Max. field and photon energy cuts for source points:

           1  0.626999795       0.00000000    

      Data-file written for program RAY
      File: wave_ray.dat                                                                                                                    
      (Device center is assumed at (0,0,0)
      Photon energy:   107.660004    


      Results of spectrum calculations
      ================================


      Reflectivity coefficients (complex):

       (  1.0000000000000000     ,  0.0000000000000000     )
       (  1.0000000000000000     ,  0.0000000000000000     )
       (  1.0000000000000000     ,  0.0000000000000000     )



      Buffer size for integration (NDWSOU):       20849

      Provided number of integration steps for each source
      (controlled by NLPOI)
      (not necessarily used)

       20747

      Bandwidth:   1.00000005E-03


      Pinhole position (x,y,z) [m]:
         10.0000000       0.00000000       0.00000000    

      Numbers defining inner vert. and hori. edges (MMEDGEY,MMEDGEZ):            0           0
      Numbers defining outerer vert. and hori. edges (MEDGEY,MEDGEZ):            1           1
      Total number of vert. and hori. points:                    73          73
      Number of vert. and horiz. points inside pinhole:          71          71

      Vertical and horizontal grid size [m]:        2.85714286E-05   2.85714286E-05
      Vertical and horizontal size [m x m]:         2.00000009E-03   2.00000009E-03
      Total vert. and horiz. size [m x m]:          2.05714279E-03   2.05714279E-03

      Photon energy or wavelength and flux through pinhole:
      (for all sources and sum)

      107.660004       7.60099354E+14   7.60099354E+14
      107.702248       7.77029377E+14   7.77029377E+14
      107.744499       7.93116781E+14   7.93116781E+14
      107.786751       8.08308215E+14   8.08308215E+14
      107.829002       8.22564419E+14   8.22564419E+14
      107.871246       8.35860564E+14   8.35860564E+14
      107.913498       8.48186852E+14   8.48186852E+14
      107.955750       8.59548450E+14   8.59548450E+14
      107.998001       8.69965087E+14   8.69965087E+14
      108.040253       8.79470454E+14   8.79470454E+14
      108.082497       8.88110922E+14   8.88110922E+14
      108.124748       8.95944069E+14   8.95944069E+14
      108.167000       9.03037141E+14   9.03037141E+14
      108.209251       9.09464559E+14   9.09464559E+14
      108.251503       9.15305715E+14   9.15305715E+14
      108.293747       9.20642547E+14   9.20642547E+14
      108.335999       9.25556728E+14   9.25556728E+14
      108.378250       9.30126976E+14   9.30126976E+14
      108.420502       9.34426507E+14   9.34426507E+14
      108.462753       9.38519946E+14   9.38519946E+14
      108.504997       9.42461384E+14   9.42461384E+14
      108.547249       9.46291824E+14   9.46291824E+14
      108.589500       9.50037236E+14   9.50037236E+14
      108.631752       9.53706883E+14   9.53706883E+14
      108.674004       9.57292376E+14   9.57292376E+14
      108.716248       9.60766467E+14   9.60766467E+14
      108.758499       9.64083189E+14   9.64083189E+14
      108.800751       9.67177578E+14   9.67177578E+14
      108.843002       9.69966891E+14   9.69966891E+14
      108.885246       9.72351403E+14   9.72351403E+14
      108.927498       9.74216225E+14   9.74216225E+14
      108.969749       9.75433512E+14   9.75433512E+14
      109.012001       9.75864888E+14   9.75864888E+14
      109.054253       9.75364524E+14   9.75364524E+14
      109.096497       9.73782164E+14   9.73782164E+14
      109.138748       9.70966679E+14   9.70966679E+14
      109.181000       9.66769624E+14   9.66769624E+14
      109.223251       9.61048794E+14   9.61048794E+14
      109.265503       9.53672054E+14   9.53672054E+14
      109.307747       9.44520619E+14   9.44520619E+14
      109.349998       9.33492486E+14   9.33492486E+14
      109.392250       9.20505444E+14   9.20505444E+14
      109.434502       9.05499768E+14   9.05499768E+14
      109.476753       8.88440493E+14   8.88440493E+14
      109.518997       8.69319030E+14   8.69319030E+14
      109.561249       8.48154841E+14   8.48154841E+14
      109.603500       8.24995505E+14   8.24995505E+14
      109.645752       7.99917325E+14   7.99917325E+14
      109.688004       7.73024588E+14   7.73024588E+14
      109.730247       7.44448628E+14   7.44448628E+14
      109.772499       7.14346007E+14   7.14346007E+14
      109.814751       6.82896378E+14   6.82896378E+14
      109.857002       6.50299992E+14   6.50299992E+14
      109.899246       6.16774215E+14   6.16774215E+14
      109.941498       5.82550372E+14   5.82550372E+14
      109.983749       5.47870021E+14   5.47870021E+14
      110.026001       5.12980727E+14   5.12980727E+14
      110.068253       4.78132134E+14   4.78132134E+14
      110.110497       4.43571975E+14   4.43571975E+14
      110.152748       4.09541808E+14   4.09541808E+14
      110.195000       3.76273361E+14   3.76273361E+14
      110.237251       3.43984602E+14   3.43984602E+14
      110.279503       3.12876758E+14   3.12876758E+14
      110.321747       2.83131022E+14   2.83131022E+14
      110.363998       2.54906225E+14   2.54906225E+14
      110.406250       2.28336685E+14   2.28336685E+14
      110.448502       2.03530749E+14   2.03530749E+14
      110.490753       1.80569820E+14   1.80569820E+14
      110.532997       1.59507888E+14   1.59507888E+14
      110.575249       1.40371670E+14   1.40371670E+14
      110.617500       1.23161266E+14   1.23161266E+14
      110.659752       1.07851343E+14   1.07851343E+14
      110.702003       9.43926941E+13   9.43926941E+13
      110.744247       8.27143425E+13   8.27143425E+13
      110.786499       7.27258591E+13   7.27258591E+13
      110.828751       6.43201048E+13   6.43201048E+13
      110.871002       5.73761074E+13   5.73761074E+13
      110.913254       5.17620860E+13   5.17620860E+13
      110.955498       4.73385843E+13   4.73385843E+13
      110.997749       4.39615949E+13   4.39615949E+13
      111.040001       4.14855840E+13   4.14855840E+13

      Estimated maximum:

         109.010437       9.75865559E+14


      Flux density for selected point:

               107.660004       9.08099573E+18   9.08099573E+18
               107.702248       1.15238307E+19   1.15238307E+19
               107.744499       1.41447916E+19   1.41447916E+19
               107.786751       1.68679740E+19   1.68679740E+19
               107.829002       1.96083605E+19   1.96083605E+19
               107.871246       2.22744343E+19   2.22744343E+19
               107.913498       2.47712361E+19   2.47712361E+19
               107.955750       2.70037901E+19   2.70037901E+19
               107.998001       2.88807928E+19   2.88807928E+19
               108.040253       3.03184922E+19   3.03184922E+19
               108.082497       3.12446152E+19   3.12446152E+19
               108.124748       3.16022182E+19   3.16022182E+19
               108.167000       3.13533459E+19   3.13533459E+19
               108.209251       3.04823656E+19   3.04823656E+19
               108.251503       2.89988363E+19   2.89988363E+19
               108.293747       2.69398051E+19   2.69398051E+19
               108.335999       2.43714273E+19   2.43714273E+19
               108.378250       2.13898046E+19   2.13898046E+19
               108.420502       1.81209742E+19   1.81209742E+19
               108.462753       1.47200011E+19   1.47200011E+19
               108.504997       1.13691448E+19   1.13691448E+19
               108.547249       8.27509109E+18   8.27509109E+18
               108.589500       5.66528864E+18   5.66528864E+18
               108.631752       3.78344150E+18   3.78344150E+18
               108.674004       2.88423340E+18   2.88423340E+18
               108.716248       3.22739868E+18   3.22739868E+18
               108.758499       5.07126759E+18   5.07126759E+18
               108.800751       8.66594218E+18   8.66594218E+18
               108.843002       1.42462677E+19   1.42462677E+19
               108.885246       2.20247836E+19   2.20247836E+19
               108.927498       3.21848450E+19   3.21848450E+19
               108.969749       4.48740998E+19   4.48740998E+19
               109.012001       6.01985343E+19   6.01985343E+19
               109.054253       7.82172253E+19   7.82172253E+19
               109.096497       9.89380057E+19   9.89380057E+19
               109.138748       1.22314195E+20   1.22314195E+20
               109.181000       1.48242491E+20   1.48242491E+20
               109.223251       1.76562075E+20   1.76562075E+20
               109.265503       2.07055192E+20   2.07055192E+20
               109.307747       2.39449003E+20   2.39449003E+20
               109.349998       2.73418723E+20   2.73418723E+20
               109.392250       3.08592382E+20   3.08592382E+20
               109.434502       3.44556404E+20   3.44556404E+20
               109.476753       3.80862841E+20   3.80862841E+20
               109.518997       4.17037090E+20   4.17037090E+20
               109.561249       4.52586817E+20   4.52586817E+20
               109.603500       4.87011453E+20   4.87011453E+20
               109.645752       5.19811873E+20   5.19811873E+20
               109.688004       5.50500561E+20   5.50500561E+20
               109.730247       5.78611643E+20   5.78611643E+20
               109.772499       6.03710345E+20   6.03710345E+20
               109.814751       6.25402495E+20   6.25402495E+20
               109.857002       6.43342655E+20   6.43342655E+20
               109.899246       6.57241678E+20   6.57241678E+20
               109.941498       6.66873048E+20   6.66873048E+20
               109.983749       6.72077591E+20   6.72077591E+20
               110.026001       6.72767556E+20   6.72767556E+20
               110.068253       6.68927886E+20   6.68927886E+20
               110.110497       6.60617407E+20   6.60617407E+20
               110.152748       6.47967078E+20   6.47967078E+20
               110.195000       6.31177377E+20   6.31177377E+20
               110.237251       6.10514299E+20   6.10514299E+20
               110.279503       5.86303404E+20   5.86303404E+20
               110.321747       5.58923067E+20   5.58923067E+20
               110.363998       5.28796483E+20   5.28796483E+20
               110.406250       4.96382670E+20   4.96382670E+20
               110.448502       4.62167029E+20   4.62167029E+20
               110.490753       4.26651220E+20   4.26651220E+20
               110.532997       3.90343129E+20   3.90343129E+20
               110.575249       3.53746527E+20   3.53746527E+20
               110.617500       3.17351425E+20   3.17351425E+20
               110.659752       2.81624563E+20   2.81624563E+20
               110.702003       2.47000889E+20   2.47000889E+20
               110.744247       2.13875946E+20   2.13875946E+20
               110.786499       1.82599168E+20   1.82599168E+20
               110.828751       1.53468707E+20   1.53468707E+20
               110.871002       1.26727265E+20   1.26727265E+20
               110.913254       1.02559568E+20   1.02559568E+20
               110.955498       8.10911552E+19   8.10911552E+19
               110.997749       6.23885592E+19   6.23885592E+19
               111.040001       4.64608886E+19   4.64608886E+19

      Estimated maximum:

         110.011307       6.73041291E+20


      Power through pinhole [W]:
      (for all sources and sum)
       19.2799797       19.2799797    


      Power density at selected point [W/m**2]:

                5191719.00       5191719.00    




      Photon energy or wavelength and normalized components S0, S1/S0,
      S2/S0, S3/S0 of STOKES vector and polarization for pinhole:

       1.0766E+02  7.6010E+14  9.9832E-01 -8.8976E-10 -6.0224E-20  9.9832E-01
       1.0770E+02  7.7703E+14  9.9839E-01  1.2185E-09 -5.8912E-20  9.9839E-01
       1.0774E+02  7.9312E+14  9.9846E-01 -2.9684E-09 -9.6195E-20  9.9846E-01
       1.0779E+02  8.0831E+14  9.9852E-01  7.8214E-10  0.0000E+00  9.9852E-01
       1.0783E+02  8.2256E+14  9.9858E-01  4.0494E-09  1.1130E-19  9.9858E-01
       1.0787E+02  8.3586E+14  9.9864E-01 -3.5091E-10  1.8255E-20  9.9864E-01
       1.0791E+02  8.4819E+14  9.9869E-01  2.0604E-09  3.5980E-20  9.9869E-01
       1.0796E+02  8.5955E+14  9.9875E-01 -3.5961E-10  2.2190E-19  9.9875E-01
       1.0800E+02  8.6997E+14  9.9880E-01  6.9891E-10  7.8928E-20  9.9880E-01
       1.0804E+02  8.7947E+14  9.9885E-01 -4.1980E-10 -1.4747E-19  9.9885E-01
       1.0808E+02  8.8811E+14  9.9889E-01  1.6708E-09  2.6201E-19  9.9889E-01
       1.0812E+02  8.9594E+14  9.9894E-01  4.8544E-09 -1.1070E-19  9.9894E-01
       1.0817E+02  9.0304E+14  9.9898E-01 -1.0073E-09  2.2811E-19  9.9898E-01
       1.0821E+02  9.0946E+14  9.9902E-01  4.0784E-10 -1.4681E-20  9.9902E-01
       1.0825E+02  9.1531E+14  9.9906E-01  1.1551E-09  4.1677E-21  9.9906E-01
       1.0829E+02  9.2064E+14  9.9910E-01  1.4755E-09  9.5301E-20  9.9910E-01
       1.0834E+02  9.2556E+14  9.9914E-01 -4.7453E-10 -4.5337E-20  9.9914E-01
       1.0838E+02  9.3013E+14  9.9918E-01  6.2598E-11  2.0506E-21  9.9918E-01
       1.0842E+02  9.3443E+14  9.9922E-01  2.1249E-09  1.2757E-19  9.9922E-01
       1.0846E+02  9.3852E+14  9.9925E-01 -1.5508E-09  3.7039E-19  9.9925E-01
       1.0850E+02  9.4246E+14  9.9928E-01 -1.2278E-09  1.3812E-19  9.9928E-01
       1.0855E+02  9.4629E+14  9.9932E-01 -7.7867E-10  2.0156E-21  9.9932E-01
       1.0859E+02  9.5004E+14  9.9935E-01  4.5166E-09 -2.8107E-20  9.9935E-01
       1.0863E+02  9.5371E+14  9.9938E-01 -5.3065E-09 -1.4200E-19  9.9938E-01
       1.0867E+02  9.5729E+14  9.9941E-01 -4.0904E-09 -1.5541E-19  9.9941E-01
       1.0872E+02  9.6077E+14  9.9944E-01 -1.0937E-09  1.1911E-20  9.9944E-01
       1.0876E+02  9.6408E+14  9.9947E-01  2.3945E-09  2.7302E-19  9.9947E-01
       1.0880E+02  9.6718E+14  9.9949E-01 -1.6162E-09  1.8143E-19  9.9949E-01
       1.0884E+02  9.6997E+14  9.9952E-01  1.9014E-09  4.3261E-20  9.9952E-01
       1.0889E+02  9.7235E+14  9.9954E-01 -9.2587E-10  2.7462E-20  9.9954E-01
       1.0893E+02  9.7422E+14  9.9957E-01  1.0915E-09  9.0060E-20  9.9957E-01
       1.0897E+02  9.7543E+14  9.9959E-01  7.0197E-10 -1.3688E-19  9.9959E-01
       1.0901E+02  9.7586E+14  9.9961E-01 -7.3934E-10  1.2509E-19  9.9961E-01
       1.0905E+02  9.7536E+14  9.9963E-01 -1.7107E-09  3.5199E-20  9.9963E-01
       1.0910E+02  9.7378E+14  9.9965E-01  2.0971E-09  1.2536E-19  9.9965E-01
       1.0914E+02  9.7097E+14  9.9967E-01 -4.5466E-10  1.7679E-19  9.9967E-01
       1.0918E+02  9.6677E+14  9.9969E-01 -3.7941E-09 -2.1307E-19  9.9969E-01
       1.0922E+02  9.6105E+14  9.9970E-01  4.3302E-10 -1.8259E-19  9.9970E-01
       1.0927E+02  9.5367E+14  9.9972E-01  2.0208E-09  4.4000E-20  9.9972E-01
       1.0931E+02  9.4452E+14  9.9973E-01  6.4030E-10  2.8271E-20  9.9973E-01
       1.0935E+02  9.3349E+14  9.9974E-01 -1.9682E-09 -1.6346E-20  9.9974E-01
       1.0939E+02  9.2051E+14  9.9975E-01  5.9629E-10 -1.8234E-19  9.9975E-01
       1.0943E+02  9.0550E+14  9.9977E-01  1.7081E-09 -9.6895E-20  9.9977E-01
       1.0948E+02  8.8844E+14  9.9978E-01  2.5679E-09  2.1469E-20  9.9978E-01
       1.0952E+02  8.6932E+14  9.9978E-01  1.0240E-09 -5.4852E-20  9.9978E-01
       1.0956E+02  8.4815E+14  9.9979E-01  8.4088E-10 -1.7766E-19  9.9979E-01
       1.0960E+02  8.2500E+14  9.9980E-01 -9.8583E-10 -2.0576E-19  9.9980E-01
       1.0965E+02  7.9992E+14  9.9981E-01  1.3316E-09  1.1207E-19  9.9981E-01
       1.0969E+02  7.7302E+14  9.9981E-01 -8.1581E-10  1.7395E-19  9.9981E-01
       1.0973E+02  7.4445E+14  9.9982E-01  3.1062E-10 -1.3963E-19  9.9982E-01
       1.0977E+02  7.1435E+14  9.9982E-01 -3.1525E-09 -3.2842E-19  9.9982E-01
       1.0981E+02  6.8290E+14  9.9982E-01 -7.2498E-11 -1.7596E-19  9.9982E-01
       1.0986E+02  6.5030E+14  9.9982E-01 -1.8357E-10 -1.1439E-19  9.9982E-01
       1.0990E+02  6.1677E+14  9.9982E-01  2.7002E-09  1.5462E-20  9.9982E-01
       1.0994E+02  5.8255E+14  9.9982E-01 -2.3802E-09 -9.8224E-20  9.9982E-01
       1.0998E+02  5.4787E+14  9.9982E-01  2.7149E-10 -1.4100E-19  9.9982E-01
       1.1003E+02  5.1298E+14  9.9982E-01 -3.1593E-09 -2.8444E-19  9.9982E-01
       1.1007E+02  4.7813E+14  9.9981E-01  4.2545E-09 -1.2366E-19  9.9981E-01
       1.1011E+02  4.4357E+14  9.9981E-01 -3.7845E-09  4.3000E-20  9.9981E-01
       1.1015E+02  4.0954E+14  9.9980E-01 -1.9522E-09  3.2601E-20  9.9980E-01
       1.1019E+02  3.7627E+14  9.9979E-01 -4.4497E-10 -2.5345E-20  9.9979E-01
       1.1024E+02  3.4398E+14  9.9978E-01  1.1194E-09 -1.1090E-19  9.9978E-01
       1.1028E+02  3.1288E+14  9.9976E-01 -1.8827E-09 -5.7914E-19  9.9976E-01
       1.1032E+02  2.8313E+14  9.9975E-01  4.1834E-09  2.6947E-19  9.9975E-01
       1.1036E+02  2.5491E+14  9.9973E-01 -4.0979E-10 -8.9791E-20  9.9973E-01
       1.1041E+02  2.2834E+14  9.9970E-01 -1.0345E-09  2.1718E-19  9.9970E-01
       1.1045E+02  2.0353E+14  9.9967E-01  1.1600E-09 -7.4970E-20  9.9967E-01
       1.1049E+02  1.8057E+14  9.9964E-01  5.6156E-09  3.5914E-19  9.9964E-01
       1.1053E+02  1.5951E+14  9.9960E-01  3.1994E-09  5.9789E-20  9.9960E-01
       1.1058E+02  1.4037E+14  9.9955E-01  2.2019E-09  2.0382E-19  9.9955E-01
       1.1062E+02  1.2316E+14  9.9950E-01  1.3758E-09  1.3938E-19  9.9950E-01
       1.1066E+02  1.0785E+14  9.9944E-01  6.7932E-11 -5.8360E-19  9.9944E-01
       1.1070E+02  9.4393E+13  9.9937E-01 -1.6143E-09  1.6165E-19  9.9937E-01
       1.1074E+02  8.2714E+13  9.9929E-01 -3.1827E-09 -2.7671E-19  9.9929E-01
       1.1079E+02  7.2726E+13  9.9921E-01 -3.8747E-09  4.1962E-19  9.9921E-01
       1.1083E+02  6.4320E+13  9.9912E-01 -2.7993E-09 -2.0758E-19  9.9912E-01
       1.1087E+02  5.7376E+13  9.9903E-01 -1.0730E-09 -6.6486E-19  9.9903E-01
       1.1091E+02  5.1762E+13  9.9894E-01 -2.7227E-09 -4.4218E-19  9.9894E-01
       1.1096E+02  4.7339E+13  9.9886E-01  1.7123E-09 -4.2306E-19  9.9886E-01
       1.1100E+02  4.3962E+13  9.9879E-01  9.9576E-10 -1.1931E-18  9.9879E-01
       1.1104E+02  4.1486E+13  9.9874E-01  2.8101E-09  1.1954E-18  9.9874E-01


      Photon energy [eV] or wavelength [nm] for selected point
      of pinhole, S0, S1/S0, S2/S0, S3/S0, P of
      STOKES vector per unit area [m**2]:


           Observation point (x,y,z) [m]:
              10.0000000       0.00000000       0.00000000    

       1.0766E+02  9.0810E+18  1.0000E+00  0.0000E+00  0.0000E+00  1.0000E+00
       1.0770E+02  1.1524E+19  1.0000E+00  0.0000E+00  0.0000E+00  1.0000E+00
       1.0774E+02  1.4145E+19  1.0000E+00  0.0000E+00  0.0000E+00  1.0000E+00
       1.0779E+02  1.6868E+19  1.0000E+00  0.0000E+00  0.0000E+00  1.0000E+00
       1.0783E+02  1.9608E+19  1.0000E+00  0.0000E+00  0.0000E+00  1.0000E+00
       1.0787E+02  2.2274E+19  1.0000E+00  0.0000E+00  0.0000E+00  1.0000E+00
       1.0791E+02  2.4771E+19  1.0000E+00  0.0000E+00  0.0000E+00  1.0000E+00
       1.0796E+02  2.7004E+19  1.0000E+00  0.0000E+00  0.0000E+00  1.0000E+00
       1.0800E+02  2.8881E+19  1.0000E+00  0.0000E+00  0.0000E+00  1.0000E+00
       1.0804E+02  3.0318E+19  1.0000E+00  0.0000E+00  0.0000E+00  1.0000E+00
       1.0808E+02  3.1245E+19  1.0000E+00  0.0000E+00  0.0000E+00  1.0000E+00
       1.0812E+02  3.1602E+19  1.0000E+00  0.0000E+00  0.0000E+00  1.0000E+00
       1.0817E+02  3.1353E+19  1.0000E+00  0.0000E+00  0.0000E+00  1.0000E+00
       1.0821E+02  3.0482E+19  1.0000E+00  0.0000E+00  0.0000E+00  1.0000E+00
       1.0825E+02  2.8999E+19  1.0000E+00  0.0000E+00  0.0000E+00  1.0000E+00
       1.0829E+02  2.6940E+19  1.0000E+00  0.0000E+00  0.0000E+00  1.0000E+00
       1.0834E+02  2.4371E+19  1.0000E+00  0.0000E+00  0.0000E+00  1.0000E+00
       1.0838E+02  2.1390E+19  1.0000E+00  0.0000E+00  0.0000E+00  1.0000E+00
       1.0842E+02  1.8121E+19  1.0000E+00  0.0000E+00  0.0000E+00  1.0000E+00
       1.0846E+02  1.4720E+19  1.0000E+00  0.0000E+00  0.0000E+00  1.0000E+00
       1.0850E+02  1.1369E+19  1.0000E+00  0.0000E+00  0.0000E+00  1.0000E+00
       1.0855E+02  8.2751E+18  1.0000E+00  0.0000E+00  0.0000E+00  1.0000E+00
       1.0859E+02  5.6653E+18  1.0000E+00  0.0000E+00  0.0000E+00  1.0000E+00
       1.0863E+02  3.7834E+18  1.0000E+00  0.0000E+00  0.0000E+00  1.0000E+00
       1.0867E+02  2.8842E+18  1.0000E+00  0.0000E+00  0.0000E+00  1.0000E+00
       1.0872E+02  3.2274E+18  1.0000E+00  0.0000E+00  0.0000E+00  1.0000E+00
       1.0876E+02  5.0713E+18  1.0000E+00  0.0000E+00  0.0000E+00  1.0000E+00
       1.0880E+02  8.6659E+18  1.0000E+00  0.0000E+00  0.0000E+00  1.0000E+00
       1.0884E+02  1.4246E+19  1.0000E+00  0.0000E+00  0.0000E+00  1.0000E+00
       1.0889E+02  2.2025E+19  1.0000E+00  0.0000E+00  0.0000E+00  1.0000E+00
       1.0893E+02  3.2185E+19  1.0000E+00  0.0000E+00  0.0000E+00  1.0000E+00
       1.0897E+02  4.4874E+19  1.0000E+00  0.0000E+00  0.0000E+00  1.0000E+00
       1.0901E+02  6.0199E+19  1.0000E+00  0.0000E+00  0.0000E+00  1.0000E+00
       1.0905E+02  7.8217E+19  1.0000E+00  0.0000E+00  0.0000E+00  1.0000E+00
       1.0910E+02  9.8938E+19  1.0000E+00  0.0000E+00  0.0000E+00  1.0000E+00
       1.0914E+02  1.2231E+20  1.0000E+00  0.0000E+00  0.0000E+00  1.0000E+00
       1.0918E+02  1.4824E+20  1.0000E+00  0.0000E+00  0.0000E+00  1.0000E+00
       1.0922E+02  1.7656E+20  1.0000E+00  0.0000E+00  0.0000E+00  1.0000E+00
       1.0927E+02  2.0706E+20  1.0000E+00  0.0000E+00  0.0000E+00  1.0000E+00
       1.0931E+02  2.3945E+20  1.0000E+00  0.0000E+00  0.0000E+00  1.0000E+00
       1.0935E+02  2.7342E+20  1.0000E+00  0.0000E+00  0.0000E+00  1.0000E+00
       1.0939E+02  3.0859E+20  1.0000E+00  0.0000E+00  0.0000E+00  1.0000E+00
       1.0943E+02  3.4456E+20  1.0000E+00  0.0000E+00  0.0000E+00  1.0000E+00
       1.0948E+02  3.8086E+20  1.0000E+00  0.0000E+00  0.0000E+00  1.0000E+00
       1.0952E+02  4.1704E+20  1.0000E+00  0.0000E+00  0.0000E+00  1.0000E+00
       1.0956E+02  4.5259E+20  1.0000E+00  0.0000E+00  0.0000E+00  1.0000E+00
       1.0960E+02  4.8701E+20  1.0000E+00  0.0000E+00  0.0000E+00  1.0000E+00
       1.0965E+02  5.1981E+20  1.0000E+00  0.0000E+00  0.0000E+00  1.0000E+00
       1.0969E+02  5.5050E+20  1.0000E+00  0.0000E+00  0.0000E+00  1.0000E+00
       1.0973E+02  5.7861E+20  1.0000E+00  0.0000E+00  0.0000E+00  1.0000E+00
       1.0977E+02  6.0371E+20  1.0000E+00  0.0000E+00  0.0000E+00  1.0000E+00
       1.0981E+02  6.2540E+20  1.0000E+00  0.0000E+00  0.0000E+00  1.0000E+00
       1.0986E+02  6.4334E+20  1.0000E+00  0.0000E+00  0.0000E+00  1.0000E+00
       1.0990E+02  6.5724E+20  1.0000E+00  0.0000E+00  0.0000E+00  1.0000E+00
       1.0994E+02  6.6687E+20  1.0000E+00  0.0000E+00  0.0000E+00  1.0000E+00
       1.0998E+02  6.7208E+20  1.0000E+00  0.0000E+00  0.0000E+00  1.0000E+00
       1.1003E+02  6.7277E+20  1.0000E+00  0.0000E+00  0.0000E+00  1.0000E+00
       1.1007E+02  6.6893E+20  1.0000E+00  0.0000E+00  0.0000E+00  1.0000E+00
       1.1011E+02  6.6062E+20  1.0000E+00  0.0000E+00  0.0000E+00  1.0000E+00
       1.1015E+02  6.4797E+20  1.0000E+00  0.0000E+00  0.0000E+00  1.0000E+00
       1.1019E+02  6.3118E+20  1.0000E+00  0.0000E+00  0.0000E+00  1.0000E+00
       1.1024E+02  6.1051E+20  1.0000E+00  0.0000E+00  0.0000E+00  1.0000E+00
       1.1028E+02  5.8630E+20  1.0000E+00  0.0000E+00  0.0000E+00  1.0000E+00
       1.1032E+02  5.5892E+20  1.0000E+00  0.0000E+00  0.0000E+00  1.0000E+00
       1.1036E+02  5.2880E+20  1.0000E+00  0.0000E+00  0.0000E+00  1.0000E+00
       1.1041E+02  4.9638E+20  1.0000E+00  0.0000E+00  0.0000E+00  1.0000E+00
       1.1045E+02  4.6217E+20  1.0000E+00  0.0000E+00  0.0000E+00  1.0000E+00
       1.1049E+02  4.2665E+20  1.0000E+00  0.0000E+00  0.0000E+00  1.0000E+00
       1.1053E+02  3.9034E+20  1.0000E+00  0.0000E+00  0.0000E+00  1.0000E+00
       1.1058E+02  3.5375E+20  1.0000E+00  0.0000E+00  0.0000E+00  1.0000E+00
       1.1062E+02  3.1735E+20  1.0000E+00  0.0000E+00  0.0000E+00  1.0000E+00
       1.1066E+02  2.8162E+20  1.0000E+00  0.0000E+00  0.0000E+00  1.0000E+00
       1.1070E+02  2.4700E+20  1.0000E+00  0.0000E+00  0.0000E+00  1.0000E+00
       1.1074E+02  2.1388E+20  1.0000E+00  0.0000E+00  0.0000E+00  1.0000E+00
       1.1079E+02  1.8260E+20  1.0000E+00  0.0000E+00  0.0000E+00  1.0000E+00
       1.1083E+02  1.5347E+20  1.0000E+00  0.0000E+00  0.0000E+00  1.0000E+00
       1.1087E+02  1.2673E+20  1.0000E+00  0.0000E+00  0.0000E+00  1.0000E+00
       1.1091E+02  1.0256E+20  1.0000E+00  0.0000E+00  0.0000E+00  1.0000E+00
       1.1096E+02  8.1091E+19  1.0000E+00  0.0000E+00  0.0000E+00  1.0000E+00
       1.1100E+02  6.2389E+19  1.0000E+00  0.0000E+00  0.0000E+00  1.0000E+00
       1.1104E+02  4.6461E+19  1.0000E+00  0.0000E+00  0.0000E+00  1.0000E+00

       Total absolut maxima found for Stokes-V. (z,y,Eph,fluxdens.)

       -8.5714E-05  0.0000E+00  1.0998E+02  6.7279E+20
       -8.5714E-05  0.0000E+00  1.0998E+02  6.7279E+20
        1.0000E-03  3.4286E-04  1.0766E+02  1.3794E+19
        7.1429E-04  7.1429E-04  1.0766E+02  2.5503E+19


       Estimated maxima of s0, s1, s2 ,s3 for selected point:
          110.011314       6.73041361E+20
          110.011307       6.73041150E+20
          0.00000000       0.00000000    
          0.00000000       0.00000000    


       Estimated maximum of s3*s3/s0 for selected point:
          0.00000000       0.00000000    


       Estimated maxima of fluxes s0, s1, s2 ,s3:
          109.010437       9.75865559E+14
          109.011360       9.75485119E+14
          108.627609       5070037.00    
          108.463272       3.47648020E-04


       Estimated maxima of fluxes s3*s3/s0:
          108.463013       1.28755605E-22



      Brilliance calculations:
      (only meaningful for undulators)

      sigr=sqrt(2*lambda*L)/2/pi*sigrc and 
      sigrp=sqrt(lambda/2/L)*sigrpc

       sigrc,sigrpc:   1.0000000000000000        1.0000000000000000     

      make sure that the device length agrees to the length
      of the trajectory
      (for rec-fields rangrec and rangpm are substracted by program)

      Observation point:

         10.0000000       0.00000000       0.00000000    

      considered device length [m]:   4.14960003    


      Brilliance [photons/sec/BW/mm**2/mrad**2]

          107.66        0.59698E+17    0.59698E+17     0.0000         0.0000    
          107.70        0.75787E+17    0.75787E+17     0.0000         0.0000    
          107.74        0.93060E+17    0.93060E+17     0.0000         0.0000    
          107.79        0.11102E+18    0.11102E+18     0.0000         0.0000    
          107.83        0.12911E+18    0.12911E+18     0.0000         0.0000    
          107.87        0.14672E+18    0.14672E+18     0.0000         0.0000    
          107.91        0.16323E+18    0.16323E+18     0.0000         0.0000    
          107.96        0.17801E+18    0.17801E+18     0.0000         0.0000    
          108.00        0.19046E+18    0.19046E+18     0.0000         0.0000    
          108.04        0.20002E+18    0.20002E+18     0.0000         0.0000    
          108.08        0.20621E+18    0.20621E+18     0.0000         0.0000    
          108.12        0.20865E+18    0.20865E+18     0.0000         0.0000    
          108.17        0.20709E+18    0.20709E+18     0.0000         0.0000    
          108.21        0.20141E+18    0.20141E+18     0.0000         0.0000    
          108.25        0.19168E+18    0.19168E+18     0.0000         0.0000    
          108.29        0.17814E+18    0.17814E+18     0.0000         0.0000    
          108.34        0.16122E+18    0.16122E+18     0.0000         0.0000    
          108.38        0.14155E+18    0.14155E+18     0.0000         0.0000    
          108.42        0.11997E+18    0.11997E+18     0.0000         0.0000    
          108.46        0.97490E+17    0.97490E+17     0.0000         0.0000    
          108.50        0.75327E+17    0.75327E+17     0.0000         0.0000    
          108.55        0.54848E+17    0.54848E+17     0.0000         0.0000    
          108.59        0.37565E+17    0.37565E+17     0.0000         0.0000    
          108.63        0.25097E+17    0.25097E+17     0.0000         0.0000    
          108.67        0.19139E+17    0.19139E+17     0.0000         0.0000    
          108.72        0.21425E+17    0.21425E+17     0.0000         0.0000    
          108.76        0.33678E+17    0.33678E+17     0.0000         0.0000    
          108.80        0.57573E+17    0.57573E+17     0.0000         0.0000    
          108.84        0.94683E+17    0.94683E+17     0.0000         0.0000    
          108.89        0.14644E+18    0.14644E+18     0.0000         0.0000    
          108.93        0.21407E+18    0.21407E+18     0.0000         0.0000    
          108.97        0.29859E+18    0.29859E+18     0.0000         0.0000    
          109.01        0.40071E+18    0.40071E+18     0.0000         0.0000    
          109.05        0.52085E+18    0.52085E+18     0.0000         0.0000    
          109.10        0.65909E+18    0.65909E+18     0.0000         0.0000    
          109.14        0.81513E+18    0.81513E+18     0.0000         0.0000    
          109.18        0.98830E+18    0.98830E+18     0.0000         0.0000    
          109.22        0.11776E+19    0.11776E+19     0.0000         0.0000    
          109.27        0.13815E+19    0.13815E+19     0.0000         0.0000    
          109.31        0.15982E+19    0.15982E+19     0.0000         0.0000    
          109.35        0.18256E+19    0.18256E+19     0.0000         0.0000    
          109.39        0.20613E+19    0.20613E+19     0.0000         0.0000    
          109.43        0.23024E+19    0.23024E+19     0.0000         0.0000    
          109.48        0.25460E+19    0.25460E+19     0.0000         0.0000    
          109.52        0.27889E+19    0.27889E+19     0.0000         0.0000    
          109.56        0.30278E+19    0.30278E+19     0.0000         0.0000    
          109.60        0.32594E+19    0.32594E+19     0.0000         0.0000    
          109.65        0.34802E+19    0.34802E+19     0.0000         0.0000    
          109.69        0.36871E+19    0.36871E+19     0.0000         0.0000    
          109.73        0.38769E+19    0.38769E+19     0.0000         0.0000    
          109.77        0.40466E+19    0.40466E+19     0.0000         0.0000    
          109.81        0.41936E+19    0.41936E+19     0.0000         0.0000    
          109.86        0.43156E+19    0.43156E+19     0.0000         0.0000    
          109.90        0.44105E+19    0.44105E+19     0.0000         0.0000    
          109.94        0.44769E+19    0.44769E+19     0.0000         0.0000    
          109.98        0.45135E+19    0.45135E+19     0.0000         0.0000    
          110.03        0.45199E+19    0.45199E+19     0.0000         0.0000    
          110.07        0.44958E+19    0.44958E+19     0.0000         0.0000    
          110.11        0.44417E+19    0.44417E+19     0.0000         0.0000    
          110.15        0.43583E+19    0.43583E+19     0.0000         0.0000    
          110.19        0.42470E+19    0.42470E+19     0.0000         0.0000    
          110.24        0.41096E+19    0.41096E+19     0.0000         0.0000    
          110.28        0.39481E+19    0.39481E+19     0.0000         0.0000    
          110.32        0.37652E+19    0.37652E+19     0.0000         0.0000    
          110.36        0.35636E+19    0.35636E+19     0.0000         0.0000    
          110.41        0.33464E+19    0.33464E+19     0.0000         0.0000    
          110.45        0.31169E+19    0.31169E+19     0.0000         0.0000    
          110.49        0.28785E+19    0.28785E+19     0.0000         0.0000    
          110.53        0.26346E+19    0.26346E+19     0.0000         0.0000    
          110.58        0.23885E+19    0.23885E+19     0.0000         0.0000    
          110.62        0.21436E+19    0.21436E+19     0.0000         0.0000    
          110.66        0.19030E+19    0.19030E+19     0.0000         0.0000    
          110.70        0.16696E+19    0.16696E+19     0.0000         0.0000    
          110.74        0.14463E+19    0.14463E+19     0.0000         0.0000    
          110.79        0.12353E+19    0.12353E+19     0.0000         0.0000    
          110.83        0.10386E+19    0.10386E+19     0.0000         0.0000    
          110.87        0.85794E+18    0.85794E+18     0.0000         0.0000    
          110.91        0.69459E+18    0.69459E+18     0.0000         0.0000    
          110.96        0.54941E+18    0.54941E+18     0.0000         0.0000    
          111.00        0.42285E+18    0.42285E+18     0.0000         0.0000    
          111.04        0.31502E+18    0.31502E+18     0.0000         0.0000    


      estimated brilliance maxima, flux and flux-density of S0, S1, S2, S3:

          110.01        0.45212E+19    0.57428E+15    0.67304E+17
          110.01        0.45212E+19    0.57428E+15    0.67304E+17
          0.0000         0.0000         0.0000         0.0000    
          0.0000         0.0000         0.0000         0.0000    

      estimated brilliance maximum of S3*S3/S0:

          0.0000         0.0000    

      ---> flag IFOLD is not set, emittance effects are estimated
      from horizontal beam size [mm] and divergence [mrad]: 
         2.16000000E-04   2.47999997E-05
      vertical beam size [mm] and divergence [mrad]: 
         1.87000005E-05   4.29000011E-06


      Brilliance [photons/sec/BW/mm**2/mrad**2] with emittance

          107.66        0.10249E+17    0.10249E+17     0.0000         0.0000    
          107.70        0.13008E+17    0.13008E+17     0.0000         0.0000    
          107.74        0.15968E+17    0.15968E+17     0.0000         0.0000    
          107.79        0.19045E+17    0.19045E+17     0.0000         0.0000    
          107.83        0.22141E+17    0.22141E+17     0.0000         0.0000    
          107.87        0.25155E+17    0.25155E+17     0.0000         0.0000    
          107.91        0.27978E+17    0.27978E+17     0.0000         0.0000    
          107.96        0.30503E+17    0.30503E+17     0.0000         0.0000    
          108.00        0.32627E+17    0.32627E+17     0.0000         0.0000    
          108.04        0.34255E+17    0.34255E+17     0.0000         0.0000    
          108.08        0.35306E+17    0.35306E+17     0.0000         0.0000    
          108.12        0.35714E+17    0.35714E+17     0.0000         0.0000    
          108.17        0.35437E+17    0.35437E+17     0.0000         0.0000    
          108.21        0.34457E+17    0.34457E+17     0.0000         0.0000    
          108.25        0.32784E+17    0.32784E+17     0.0000         0.0000    
          108.29        0.30459E+17    0.30459E+17     0.0000         0.0000    
          108.34        0.27559E+17    0.27559E+17     0.0000         0.0000    
          108.38        0.24190E+17    0.24190E+17     0.0000         0.0000    
          108.42        0.20496E+17    0.20496E+17     0.0000         0.0000    
          108.46        0.16651E+17    0.16651E+17     0.0000         0.0000    
          108.50        0.12862E+17    0.12862E+17     0.0000         0.0000    
          108.55        0.93628E+16    0.93628E+16     0.0000         0.0000    
          108.59        0.64107E+16    0.64107E+16     0.0000         0.0000    
          108.63        0.42817E+16    0.42817E+16     0.0000         0.0000    
          108.67        0.32645E+16    0.32645E+16     0.0000         0.0000    
          108.72        0.36533E+16    0.36533E+16     0.0000         0.0000    
          108.76        0.57412E+16    0.57412E+16     0.0000         0.0000    
          108.80        0.98118E+16    0.98118E+16     0.0000         0.0000    
          108.84        0.16132E+17    0.16132E+17     0.0000         0.0000    
          108.89        0.24943E+17    0.24943E+17     0.0000         0.0000    
          108.93        0.36453E+17    0.36453E+17     0.0000         0.0000    
          108.97        0.50831E+17    0.50831E+17     0.0000         0.0000    
          109.01        0.68198E+17    0.68198E+17     0.0000         0.0000    
          109.05        0.88622E+17    0.88622E+17     0.0000         0.0000    
          109.10        0.11211E+18    0.11211E+18     0.0000         0.0000    
          109.14        0.13862E+18    0.13862E+18     0.0000         0.0000    
          109.18        0.16802E+18    0.16802E+18     0.0000         0.0000    
          109.22        0.20014E+18    0.20014E+18     0.0000         0.0000    
          109.27        0.23473E+18    0.23473E+18     0.0000         0.0000    
          109.31        0.27149E+18    0.27149E+18     0.0000         0.0000    
          109.35        0.31004E+18    0.31004E+18     0.0000         0.0000    
          109.39        0.34996E+18    0.34996E+18     0.0000         0.0000    
          109.43        0.39079E+18    0.39079E+18     0.0000         0.0000    
          109.48        0.43202E+18    0.43202E+18     0.0000         0.0000    
          109.52        0.47311E+18    0.47311E+18     0.0000         0.0000    
          109.56        0.51350E+18    0.51350E+18     0.0000         0.0000    
          109.60        0.55262E+18    0.55262E+18     0.0000         0.0000    
          109.65        0.58991E+18    0.58991E+18     0.0000         0.0000    
          109.69        0.62481E+18    0.62481E+18     0.0000         0.0000    
          109.73        0.65679E+18    0.65679E+18     0.0000         0.0000    
          109.77        0.68536E+18    0.68536E+18     0.0000         0.0000    
          109.81        0.71006E+18    0.71006E+18     0.0000         0.0000    
          109.86        0.73052E+18    0.73052E+18     0.0000         0.0000    
          109.90        0.74638E+18    0.74638E+18     0.0000         0.0000    
          109.94        0.75741E+18    0.75741E+18     0.0000         0.0000    
          109.98        0.76341E+18    0.76341E+18     0.0000         0.0000    
          110.03        0.76428E+18    0.76428E+18     0.0000         0.0000    
          110.07        0.76000E+18    0.76000E+18     0.0000         0.0000    
          110.11        0.75065E+18    0.75065E+18     0.0000         0.0000    
          110.15        0.73635E+18    0.73636E+18     0.0000         0.0000    
          110.19        0.71736E+18    0.71736E+18     0.0000         0.0000    
          110.24        0.69395E+18    0.69395E+18     0.0000         0.0000    
          110.28        0.66651E+18    0.66651E+18     0.0000         0.0000    
          110.32        0.63545E+18    0.63545E+18     0.0000         0.0000    
          110.36        0.60127E+18    0.60127E+18     0.0000         0.0000    
          110.41        0.56448E+18    0.56448E+18     0.0000         0.0000    
          110.45        0.52563E+18    0.52563E+18     0.0000         0.0000    
          110.49        0.48529E+18    0.48529E+18     0.0000         0.0000    
          110.53        0.44404E+18    0.44404E+18     0.0000         0.0000    
          110.58        0.40246E+18    0.40246E+18     0.0000         0.0000    
          110.62        0.36109E+18    0.36109E+18     0.0000         0.0000    
          110.66        0.32048E+18    0.32048E+18     0.0000         0.0000    
          110.70        0.28111E+18    0.28111E+18     0.0000         0.0000    
          110.74        0.24344E+18    0.24344E+18     0.0000         0.0000    
          110.79        0.20786E+18    0.20786E+18     0.0000         0.0000    
          110.83        0.17472E+18    0.17472E+18     0.0000         0.0000    
          110.87        0.14429E+18    0.14429E+18     0.0000         0.0000    
          110.91        0.11679E+18    0.11679E+18     0.0000         0.0000    
          110.96        0.92351E+17    0.92351E+17     0.0000         0.0000    
          111.00        0.71060E+17    0.71060E+17     0.0000         0.0000    
          111.04        0.52924E+17    0.52924E+17     0.0000         0.0000    


      estimated brilliance maxima, flux and flux-density of S0, S1, S2, S3
      with emittance:

          110.01        0.76456E+18    0.57428E+15    0.55463E+17
          110.01        0.76456E+18    0.57428E+15    0.55463E+17
          0.0000         0.0000         0.0000         0.0000    
          0.0000         0.0000         0.0000         0.0000    

      estimated brilliance maximum of S3*S3/S0 with emittance:

          0.0000         0.0000    

      corresponding sigmas of source size [mm]
      and divergence [mrad] without and with emittance
      (including corr. factors sigrc,sigrpc):

      L/mm, lambda/mm:    4149.60010       1.12703128E-05
      without emit.:    4.86750305E-02   3.68510485E-02
         with emit.:   0.107449703       4.05948050E-02
         (sigrf**2 = sigrxf*sigryf)


      LAST CHECK:

           BMAXGL:  0.62699925524335176     

           XBMAXGL:  -2.0501000025087239     
           YBMAXGL:   0.0000000000000000     
           ZBMAXGL:  -6.7479552001570405E-006


      CURRENT NUMBER:         222


                     --- Program WAVE completed ---



                                                   18:17:37 29.01.16

