
                                                   20:18:03 29.01.16


           *********************************************
           *          PROGRAM WAVE                     *
           *                                           *
           *          VERSION 3.03/01 13.11.2015       *
           *                                           *
           *          Michael Scheer                   *
           *              BESSY                        *
           *********************************************

      USER COMMENT:

      U49 Peter Baumgaertel                                            

      CURRENT NUMBER:         266


      USER NAMELIST:



      MODE FLAGS:

      IUNDULATOR,IWIGGLER:            1           0



      CONTROL FLAGS:


      IUNAME,IUSTEP,IUOUT:            0           0           0
      IOPTIC,IGENFUN:                 0           0
      IMAGSPLN:                   -9999
      IEMIT,IEMIAHW:                  0           0
      IWLSOPT,IBEAMPOL:               0           0
      IENELOSS, IEFIELD:             -1           0
      IPOWER,ISPEC:                   0           1
      IVELOFIELD,ISPECMODE:           0           3
         IWFILL0,IRFILL0:                      0           0
         ISPECINT,IPIN:                        0           1
         IUSEM,ISTOKES:                        0           1
         IBRILL:                               1
         IPINCIRC,IRPHI:                       0           0
         IFOLD,ISIGUSR:                        0           1
         IF1DIM,IPOLA:                         0           0
         IWFILSP0,IWFILSPF:                    0           0
         IRFILSP0,IRFILSTO:                    0           0
         IWFILSTO,IWFLSTOF:                    0           0
         ISPECANA,ISPECANAF:                   0           0
         IAMPLI,IAMPSKIP:                      0           0
         IWFILFL0,IWFILFLF:                    0           0
         IWFILS,IWFILSF:                       0           0
         IWFILSE,IWFILSEF:                     0           0
         IWFILB,IWFILBF:                       0           0
         IWFILBE,IWFILBEF:                     0           0
         IWFILINT,IPINALL:                     0           0
         IRFILOB,IFILTER:                      0           0
         IWFILRAY,IDESYNC:                     1           0
         IPHASE,IPHASEANA:                     0           0
         IDOSE,IEFOLD:                         0           0
         ISPECDIP,IBL0CUT:                     0           0
         IEFFI,IFILMUL:                        0           0
         IBUNCH:                               0
      IWFILF:                         0


      MAGNETIC FIELD FLAGS:



      ICHARGE,IBMASK,JBMASK:          -1           0           0
      IBSUPER,IBERROR:                 1           0
      ICUTFIBO:                        1

      IPERIODG,IBSYM:                 0           0
      IBSYMY,IBSYMZ:                  0           0
      KBEXTERN,KBFELD:                0           0
      KHALBA,KHALBASY:                0           0
      KUCROSS,IRFILP:                 0           0
      KMAGSEQ,IMGSQF:                 0           0
             KMAGCOR:                 1
      IRFILF,IRBTAB:                  0           0
      IRBTABZY,KELLIP:                0           1
      KBPOLYH,KBPOLY3D:               0           0
      KBREC,KELLANA:                  0           0
      KBPOLYMAG,KBGENESIS:            0           0
      KBAMWLS:                        0



      HISTOGRAM FLAGS:

      IHBOOK,IHINDEX:                 1           0


      OTHER OPTIONS:


      IWBTAB,IWFILT0:                 0           0
      IWSECTMAGS:                     0
      IJUST,ISNORDER:                 0           0
      IWBMAP,IWBPOLY3D:               0           0
      IWBPOLY2DH,IWBPHARM:            0           0


      SR BELLIP, Parameters of elliptical undulator:
      horizontal and vertical peak field [T]:   0.00000000      0.386734188    
      number of periods, period and device length [m]:
         84.0000000       4.94000018E-02   4.14960003    
      shift parameter [periods], B_h/B_v:       0.00000000       0.00000000    
      B0_eff [T], deflection parameter K:  0.386734188       1.78385842    
      1. harmonical [nm] and [eV]:   5.63573599       220.000000    
      critical energy [eV]:   762.636169    

      longitudinal position of device center [m]:   0.0000000000000000     

      scaling factor for taper:   0.0000000000000000     

  
      Subroutine photon (quantum fluctuations):
  
       number of sampling bins (NBING1)        1000
       max. photon energy normalized to characteristic energy (EECMAXG1):
          5.0000000000000000     
  

      Number of tracking steps per meter (MYINUM):         5000

      Start and end of the trajectory [m](XSTART,XSTOP):
        -2.07480001       2.07480001    

      BMOVECUT:   1.00000001E-07

      Initial energy [GeV] and gamma:    1.72200000       3369.8702546331497     
      Final energy [GeV] and gamma:      1.72199941       3369.8691512427440     
      Relative change:                  -3.27428154E-07
      number of photons, RMS (keV) and rel. RMS of quantum fluctuation:
                10  0.283340782       1.64541689E-07


      B-rho [Tm], current [A]:   -5.74397326      0.100000001    

      Offset for vert. and hori. magnetic field (BYGOFF, BZGOFF):
          0.00000000       0.00000000    
      Global scaling factor for mag. field (B0SCGLOB,A0SCGLOB):
          1.00000000       1.00000000    

      Long. shift [m] of device (X(e-) -> X(e-)+XSHIFT):    0.00000000    
      Vert. shift [m] of device (Y(e-) -> Y(e-)+VSHIFT):    0.00000000    
      Hori. shift [m] of device (Z(e-) -> Z(e-)+HSHIFT):    0.00000000    
      Rotation angle [degree] of device:                    0.00000000    
      Y(e-) -> Y(e-)*sin(XROTD) + Y(e-)*cos(XROTD)
      Z(e-) -> Z(e-)*cos(XROTD) - Y(e-)*sin(XROTD)


      Magnetic field [T] at starting point:
         0.00000000       0.00000000       0.00000000    

      Vector potential [T-m] at starting point:
         0.00000000       0.00000000       0.00000000    


      Magnetic field [T] at stopping point:
         0.00000000       0.00000000       0.00000000    

      Vector potential [T-m] at stopping point:
         0.00000000       0.00000000       0.00000000    

      Extrema of magnetic field [T] and the trajectory [m]:

      BXmax,BXmin:    0.00000000       0.00000000    
      BYmax,BYmin:   0.386703134     -0.386734188    
      BZmax,BZmin:    0.00000000       0.00000000    

      Xmax,Xmin:    2.07480001      -2.07480001    
      Ymax,Ymin:    0.00000000       0.00000000    
      Zmax,Zmin:    4.16186595E-06  -4.16147805E-06


      Extrema of magnetic field [T] and the trajectory [m] between
      XIANF and XIEND

      BXmaxAE,BXminAE:    0.00000000       0.00000000    
      BYmaxAE,BYminAE:   0.386703134     -0.386734188    
      BZmaxAE,BZminAE:    0.00000000       0.00000000    

      XmaxAE,XminAE:    2.07479954      -2.07480001    
      YmaxAE,YminAE:    0.00000000       0.00000000    
      ZmaxAE,ZminAE:    4.16186595E-06  -4.16147805E-06


      Start values (coordinates [m] and slopes) of trajectory:

      X0:   -2.0747999999999998     
      Y0:    0.0000000000000000     
      Z0:    0.0000000000000000     

      ZP0:   0.0000000000000000     
      YP0:   0.0000000000000000     

      VX0:   299792444.80029100     
      VY0:   0.0000000000000000     
      VZ0:   0.0000000000000000     

      Values for X=0 (coordinates [m] and slopes) of trajectory:

      YCEN:    0.0000000000000000     
      ZCEN:    4.1618433343204245E-006

      YPCEN:   0.0000000000000000     
      ZPCEN:   2.3904214933983284E-011

      End values (coordinates [m] and slopes) of trajectory:

      XF0:    2.0747999999999998     
      YF0:    0.0000000000000000     
      ZF0:    4.9048755981537323E-011


      ZPF0:   -1.3530409580935433E-011
      YPF0:    0.0000000000000000     

      VXF0:    299792444.80028218     
      VYF0:    0.0000000000000000     
      VZF0:   -4.0563145674177951E-003


      Values for X=XIANF (coordinates [m] and slopes) of trajectory:

      XIANF:   -1.0000000000000000E+030
      YIANF:   -9999.0000000000000     
      ZIANF:   -9999.0000000000000     

      YPIANF:  -9999.0000000000000     
      ZPIANF:  -9999.0000000000000     



      Values for X=XIEND (coordinates [m] and slopes) of trajectory:

      XIEND:    1.0000000000000000E+030
      YIEND:   -9999.0000000000000     
      ZIEND:   -9999.0000000000000     

      YPIEND:  -9999.0000000000000     
      ZPIEND:  -9999.0000000000000     


      ZF0/(XSTOP-XSTART):    1.1820116633298951E-011
      YF0/(XSTOP-XSTART):    0.0000000000000000     

      YF0-Y0:   0.0000000000000000     
      ZF0-Z0:   4.9048755981537323E-011

      YPF0-YP0:   0.0000000000000000     
      ZPF0-ZP0:  -1.3530409580935433E-011

      Straight line fit of z(x):
      offset:  -1.8551935635004969E-008
      slope:   1.6095373920634511E-011

      Straight line fit of vz(x)/vx(x):
      offset:   1.1586384002984088E-011
      slope:   1.2945617018744254E-008

      Straight line fit of y(x):
      offset:   0.0000000000000000     
      slope:   0.0000000000000000     

      Straight line fit of vy(x)/vx(x):
      offset:   0.0000000000000000     
      slope:   0.0000000000000000     

      1. magnetic integral [T-m]:    0.00000000       1.79326155E-11   0.00000000    
      2. mag. integral [T-m**2]:    0.00000000       1.87571787E-13   0.00000000    

      Integrated By**2 [T**2-m]:                     0.308467001    
      Energy irradiated by the device per e- [MeV]:   1.15743442E-03
      Rel. energy loss:                               6.72145404E-07
      Power irradiated by the device [kWATT]:        0.115743443    

      Length of trajectory (BINT0) [m]:
         4.1496002882869831     
      Integrated (YP**2+ZP**2)/2 of trajectory (WTRA2I) [m]:
         2.8828685193299711E-007
      corresponding phase advance [nm and eV]:
         470.99173866084806        2.6324494080551246     
      dE/E and corresponding dL = 2 * dE/E * L [nm]:
         1.00000005E-03  0.576573730    
      Circumference of the ring [m]:                 240.000000    
      Rel. change of total circumference (from BINT0):         
         1.20119581E-09
      Rel. change of total circumference (from WTRA2I):
         1.20119525E-09

      Max. and min. deflection angle [rad]:    5.29358920E-04  -5.29359153E-04


      SPECTRUM
      ===========

      Start and end of points [m] of integration for spectrum
      calculations (XIANF,XIEND):  -1.00000002E+30   1.00000002E+30


      SR WFILL0:

      Parameters:
      WGWINFC:   2646.6899088765672     
      WBL0CUT:   0.0000000000000000     
      WBL0HYS:   1.0000000000000000     

      Pinhole of collimators:
      (X,Y,Z), width, height:

        1.0000E+01  0.0000E+00  0.0000E+00  1.0000E+03  1.0000E+03
        1.0000E+01  0.0000E+00  0.0000E+00  1.0000E+03  1.0000E+03

      Number of sources:           1
      Begin and end of sources (x,y,z):

                 1  -2.07480001       0.00000000       0.00000000    
                 1   2.07480001       0.00000000       4.90487546E-11

      Horiz., vert. slopes and mag. field
      at begin and end of sources:

                 1   0.00000000       0.00000000       0.00000000    
                 1  -1.35304094E-11   0.00000000       1.73900783E-10


      SR COHEREN:
      Minimum and maximum number of phases  between
      photons and electrons:
         66.8631592       68.9655380    


       selected observation point:

          10.0000000       0.00000000       0.00000000    


      Source number, mean mag. field (sign from By), abs. mean and rel. rms
      for sources, and critical photon energy [eV] or wavelength [nm]
      (with respect to abs. mean):

           1  -2.28205963E-13  0.245175317      0.486472696       483.483429    

      Photon energy cut-off (SPECCUT):   0.00000000    

      Max. field and photon energy cuts for source points:

           1  0.386734426       0.00000000    

      Data-file written for program RAY
      File: wave_ray.dat                                                                                                                    
      (Device center is assumed at (0,0,0)
      Photon energy:   215.309998    


      Results of spectrum calculations
      ================================


      Reflectivity coefficients (complex):

       (  1.0000000000000000     ,  0.0000000000000000     )
       (  1.0000000000000000     ,  0.0000000000000000     )
       (  1.0000000000000000     ,  0.0000000000000000     )



      Buffer size for integration (NDWSOU):       20849

      Provided number of integration steps for each source
      (controlled by NLPOI)
      (not necessarily used)

       20747

      Bandwidth:   1.00000005E-03


      Pinhole position (x,y,z) [m]:
         10.0000000       0.00000000       0.00000000    

      Numbers defining inner vert. and hori. edges (MMEDGEY,MMEDGEZ):            0           0
      Numbers defining outerer vert. and hori. edges (MEDGEY,MEDGEZ):            1           1
      Total number of vert. and hori. points:                    73          73
      Number of vert. and horiz. points inside pinhole:          71          71

      Vertical and horizontal grid size [m]:        2.85714286E-05   2.85714286E-05
      Vertical and horizontal size [m x m]:         2.00000009E-03   2.00000009E-03
      Total vert. and horiz. size [m x m]:          2.05714279E-03   2.05714279E-03

      Photon energy or wavelength and flux through pinhole:
      (for all sources and sum)

      215.309998       8.74196301E+14   8.74196301E+14
      215.394623       8.75509555E+14   8.75509555E+14
      215.479248       8.76694026E+14   8.76694026E+14
      215.563873       8.77745488E+14   8.77745488E+14
      215.648499       8.78662530E+14   8.78662530E+14
      215.733124       8.79447301E+14   8.79447301E+14
      215.817749       8.80105639E+14   8.80105639E+14
      215.902374       8.80647543E+14   8.80647543E+14
      215.987000       8.81086838E+14   8.81086838E+14
      216.071625       8.81441374E+14   8.81441374E+14
      216.156250       8.81732425E+14   8.81732425E+14
      216.240875       8.81984285E+14   8.81984285E+14
      216.325500       8.82223595E+14   8.82223595E+14
      216.410126       8.82478475E+14   8.82478475E+14
      216.494751       8.82777243E+14   8.82777243E+14
      216.579376       8.83147617E+14   8.83147617E+14
      216.664001       8.83615097E+14   8.83615097E+14
      216.748627       8.84201696E+14   8.84201696E+14
      216.833252       8.84924391E+14   8.84924391E+14
      216.917877       8.85794055E+14   8.85794055E+14
      217.002502       8.86813439E+14   8.86813439E+14
      217.087128       8.87976637E+14   8.87976637E+14
      217.171753       8.89267341E+14   8.89267341E+14
      217.256378       8.90658106E+14   8.90658106E+14
      217.341003       8.92109670E+14   8.92109670E+14
      217.425629       8.93570295E+14   8.93570295E+14
      217.510254       8.94975756E+14   8.94975756E+14
      217.594879       8.96249348E+14   8.96249348E+14
      217.679504       8.97302621E+14   8.97302621E+14
      217.764130       8.98035786E+14   8.98035786E+14
      217.848755       8.98339252E+14   8.98339252E+14
      217.933380       8.98095043E+14   8.98095043E+14
      218.018005       8.97178671E+14   8.97178671E+14
      218.102631       8.95461020E+14   8.95461020E+14
      218.187256       8.92811025E+14   8.92811025E+14
      218.271881       8.89098160E+14   8.89098160E+14
      218.356506       8.84194918E+14   8.84194918E+14
      218.441132       8.77980033E+14   8.77980033E+14
      218.525757       8.70340763E+14   8.70340763E+14
      218.610382       8.61176309E+14   8.61176309E+14
      218.695007       8.50399767E+14   8.50399767E+14
      218.779633       8.37941140E+14   8.37941140E+14
      218.864243       8.23749360E+14   8.23749360E+14
      218.948868       8.07794161E+14   8.07794161E+14
      219.033493       7.90067556E+14   7.90067556E+14
      219.118118       7.70585248E+14   7.70585248E+14
      219.202744       7.49386900E+14   7.49386900E+14
      219.287369       7.26536802E+14   7.26536802E+14
      219.371994       7.02123134E+14   7.02123134E+14
      219.456619       6.76257499E+14   6.76257499E+14
      219.541245       6.49073510E+14   6.49073510E+14
      219.625870       6.20725048E+14   6.20725048E+14
      219.710495       5.91384180E+14   5.91384180E+14
      219.795120       5.61238543E+14   5.61238543E+14
      219.879745       5.30488456E+14   5.30488456E+14
      219.964371       4.99343635E+14   4.99343635E+14
      220.048996       4.68020003E+14   4.68020003E+14
      220.133621       4.36735964E+14   4.36735964E+14
      220.218246       4.05709053E+14   4.05709053E+14
      220.302872       3.75152139E+14   3.75152139E+14
      220.387497       3.45270139E+14   3.45270139E+14
      220.472122       3.16256629E+14   3.16256629E+14
      220.556747       2.88290989E+14   2.88290989E+14
      220.641373       2.61535406E+14   2.61535406E+14
      220.725998       2.36132772E+14   2.36132772E+14
      220.810623       2.12204570E+14   2.12204570E+14
      220.895248       1.89849550E+14   1.89849550E+14
      220.979874       1.69142540E+14   1.69142540E+14
      221.064499       1.50134122E+14   1.50134122E+14
      221.149124       1.32850444E+14   1.32850444E+14
      221.233749       1.17293820E+14   1.17293820E+14
      221.318375       1.03443583E+14   1.03443583E+14
      221.403000       9.12574602E+13   9.12574602E+13
      221.487625       8.06733270E+13   8.06733270E+13
      221.572250       7.16112983E+13   7.16112983E+13
      221.656876       6.39760880E+13   6.39760880E+13
      221.741501       5.76595962E+13   5.76595962E+13
      221.826126       5.25436400E+13   5.25436400E+13
      221.910751       4.85027847E+13   4.85027847E+13
      221.995377       4.54071534E+13   4.54071534E+13
      222.080002       4.31252339E+13   4.31252339E+13

      Estimated maximum:

         217.853333       8.98340057E+14


      Flux density for selected point:

               215.309998       1.57789946E+19   1.57789946E+19
               215.394623       2.01177313E+19   2.01177313E+19
               215.479248       2.47903698E+19   2.47903698E+19
               215.563873       2.96621827E+19   2.96621827E+19
               215.648499       3.45815780E+19   3.45815780E+19
               215.733124       3.93847396E+19   3.93847396E+19
               215.817749       4.39010716E+19   4.39010716E+19
               215.902374       4.79593294E+19   4.79593294E+19
               215.987000       5.13942477E+19   5.13942477E+19
               216.071625       5.40535177E+19   5.40535177E+19
               216.156250       5.58048682E+19   5.58048682E+19
               216.240875       5.65430408E+19   5.65430408E+19
               216.325500       5.61964439E+19   5.61964439E+19
               216.410126       5.47331831E+19   5.47331831E+19
               216.494751       5.21663468E+19   5.21663468E+19
               216.579376       4.85582202E+19   4.85582202E+19
               216.664001       4.40232977E+19   4.40232977E+19
               216.748627       3.87299101E+19   3.87299101E+19
               216.833252       3.29003060E+19   3.29003060E+19
               216.917877       2.68091369E+19   2.68091369E+19
               217.002502       2.07802486E+19   2.07802486E+19
               217.087128       1.51818147E+19   1.51818147E+19
               217.171753       1.04198298E+19   1.04198298E+19
               217.256378       6.93006566E+18   6.93006566E+18
               217.341003       5.16864583E+18   5.16864583E+18
               217.425629       5.60142790E+18   5.60142790E+18
               217.510254       8.69241677E+18   8.69241677E+18
               217.594879       1.48915040E+19   1.48915040E+19
               217.679504       2.46218169E+19   2.46218169E+19
               217.764130       3.82670245E+19   3.82670245E+19
               217.848755       5.61589286E+19   5.61589286E+19
               217.933380       7.85656825E+19   7.85656825E+19
               218.018005       1.05681020E+20   1.05681020E+20
               218.102631       1.37614770E+20   1.37614770E+20
               218.187256       1.74384989E+20   1.74384989E+20
               218.271881       2.15911960E+20   2.15911960E+20
               218.356506       2.62014342E+20   2.62014342E+20
               218.441132       3.12407599E+20   3.12407599E+20
               218.525757       3.66704790E+20   3.66704790E+20
               218.610382       4.24419933E+20   4.24419933E+20
               218.695007       4.84973609E+20   4.84973609E+20
               218.779633       5.47701363E+20   5.47701363E+20
               218.864243       6.11863901E+20   6.11863901E+20
               218.948868       6.76659792E+20   6.76659792E+20
               219.033493       7.41239511E+20   7.41239511E+20
               219.118118       8.04721548E+20   8.04721548E+20
               219.202744       8.66209053E+20   8.66209053E+20
               219.287369       9.24807780E+20   9.24807780E+20
               219.371994       9.79643961E+20   9.79643961E+20
               219.456619       1.02988246E+21   1.02988246E+21
               219.541245       1.07474401E+21   1.07474401E+21
               219.625870       1.11352190E+21   1.11352190E+21
               219.710495       1.14559682E+21   1.14559682E+21
               219.795120       1.17045050E+21   1.17045050E+21
               219.879745       1.18767691E+21   1.18767691E+21
               219.964371       1.19699120E+21   1.19699120E+21
               220.048996       1.19823588E+21   1.19823588E+21
               220.133621       1.19138492E+21   1.19138492E+21
               220.218246       1.17654380E+21   1.17654380E+21
               220.302872       1.15394790E+21   1.15394790E+21
               220.387497       1.12395724E+21   1.12395724E+21
               220.472122       1.08704897E+21   1.08704897E+21
               220.556747       1.04380703E+21   1.04380703E+21
               220.641373       9.94909967E+20   9.94909967E+20
               220.725998       9.41116159E+20   9.41116159E+20
               220.810623       8.83248211E+20   8.83248211E+20
               220.895248       8.22175389E+20   8.22175389E+20
               220.979874       7.58796020E+20   7.58796020E+20
               221.064499       6.94018847E+20   6.94018847E+20
               221.149124       6.28745081E+20   6.28745081E+20
               221.233749       5.63850497E+20   5.63850497E+20
               221.318375       5.00169001E+20   5.00169001E+20
               221.403000       4.38476934E+20   4.38476934E+20
               221.487625       3.79479603E+20   3.79479603E+20
               221.572250       3.23799489E+20   3.23799489E+20
               221.656876       2.71966664E+20   2.71966664E+20
               221.741501       2.24411871E+20   2.24411871E+20
               221.826126       1.81461728E+20   1.81461728E+20
               221.910751       1.43336848E+20   1.43336848E+20
               221.995377       1.10152180E+20   1.10152180E+20
               222.080002       8.19200550E+19   8.19200550E+19

      Estimated maximum:

         220.019699       1.19872114E+21


      Power through pinhole [W]:
      (for all sources and sum)
       11.6295595       11.6295595    


      Power density at selected point [W/m**2]:

                3152919.75       3152919.75    




      Photon energy or wavelength and normalized components S0, S1/S0,
      S2/S0, S3/S0 of STOKES vector and polarization for pinhole:

       2.1531E+02  8.7420E+14  9.9895E-01 -1.6366E-09 -4.6909E-20  9.9895E-01
       2.1539E+02  8.7551E+14  9.9899E-01 -2.8760E-09 -2.1786E-21  9.9899E-01
       2.1548E+02  8.7669E+14  9.9902E-01  3.0383E-09 -2.8283E-20  9.9902E-01
       2.1556E+02  8.7775E+14  9.9905E-01  6.6969E-10  3.6941E-20  9.9905E-01
       2.1565E+02  8.7866E+14  9.9908E-01 -2.0098E-09 -1.2156E-19  9.9908E-01
       2.1573E+02  8.7945E+14  9.9911E-01 -5.1891E-09  1.5182E-20  9.9911E-01
       2.1582E+02  8.8011E+14  9.9914E-01  2.3644E-09  3.0341E-20  9.9914E-01
       2.1590E+02  8.8065E+14  9.9917E-01  2.5065E-09  2.3824E-20  9.9917E-01
       2.1599E+02  8.8109E+14  9.9919E-01  2.5371E-09  3.4636E-20  9.9919E-01
       2.1607E+02  8.8144E+14  9.9922E-01 -2.0144E-09  8.6556E-21  9.9922E-01
       2.1616E+02  8.8173E+14  9.9925E-01 -1.2341E-09 -2.3795E-20  9.9925E-01
       2.1624E+02  8.8198E+14  9.9927E-01 -1.4689E-09 -6.7040E-20  9.9927E-01
       2.1633E+02  8.8222E+14  9.9930E-01 -6.8970E-10 -3.2430E-20  9.9930E-01
       2.1641E+02  8.8248E+14  9.9933E-01 -2.1480E-09 -5.4034E-20  9.9933E-01
       2.1649E+02  8.8278E+14  9.9935E-01 -2.1710E-09  1.2099E-19  9.9935E-01
       2.1658E+02  8.8315E+14  9.9937E-01  3.6107E-10 -9.7187E-20  9.9937E-01
       2.1666E+02  8.8362E+14  9.9940E-01  3.3382E-09 -9.4977E-20  9.9940E-01
       2.1675E+02  8.8420E+14  9.9942E-01 -4.7792E-09 -9.4914E-20  9.9942E-01
       2.1683E+02  8.8492E+14  9.9944E-01 -2.7673E-10  5.6040E-20  9.9944E-01
       2.1692E+02  8.8579E+14  9.9947E-01 -6.3884E-10 -1.5611E-19  9.9947E-01
       2.1700E+02  8.8681E+14  9.9949E-01 -3.8058E-10  6.3448E-20  9.9949E-01
       2.1709E+02  8.8798E+14  9.9951E-01  4.0365E-09  8.4845E-20  9.9951E-01
       2.1717E+02  8.8927E+14  9.9953E-01 -1.6004E-09 -7.1853E-20  9.9953E-01
       2.1726E+02  8.9066E+14  9.9955E-01  4.5473E-09 -5.1396E-20  9.9955E-01
       2.1734E+02  8.9211E+14  9.9957E-01  1.8133E-09 -8.5521E-21  9.9957E-01
       2.1743E+02  8.9357E+14  9.9959E-01 -1.0927E-09 -2.9883E-20  9.9959E-01
       2.1751E+02  8.9498E+14  9.9961E-01 -1.9949E-09  2.2377E-20  9.9961E-01
       2.1759E+02  8.9625E+14  9.9963E-01  2.0690E-11 -2.0217E-20  9.9963E-01
       2.1768E+02  8.9730E+14  9.9964E-01  2.0747E-09 -3.5073E-20  9.9964E-01
       2.1776E+02  8.9804E+14  9.9966E-01 -4.3905E-10  8.3895E-20  9.9966E-01
       2.1785E+02  8.9834E+14  9.9967E-01  1.6413E-09 -1.1678E-20  9.9967E-01
       2.1793E+02  8.9810E+14  9.9969E-01 -3.3056E-10  3.1857E-20  9.9969E-01
       2.1802E+02  8.9718E+14  9.9970E-01  1.9362E-09  2.7637E-20  9.9970E-01
       2.1810E+02  8.9546E+14  9.9972E-01  4.9748E-10  1.5975E-20  9.9972E-01
       2.1819E+02  8.9281E+14  9.9973E-01  3.7176E-09 -4.9136E-20  9.9973E-01
       2.1827E+02  8.8910E+14  9.9974E-01  4.6865E-10  2.0380E-20  9.9974E-01
       2.1836E+02  8.8419E+14  9.9975E-01  1.7616E-09  2.9122E-20  9.9975E-01
       2.1844E+02  8.7798E+14  9.9976E-01 -9.9435E-10  0.0000E+00  9.9976E-01
       2.1853E+02  8.7034E+14  9.9977E-01 -2.0055E-09  2.0381E-19  9.9977E-01
       2.1861E+02  8.6118E+14  9.9978E-01 -2.1781E-09 -3.7652E-20  9.9978E-01
       2.1870E+02  8.5040E+14  9.9979E-01  1.0168E-09 -6.5044E-20  9.9979E-01
       2.1878E+02  8.3794E+14  9.9980E-01 -3.1792E-09 -2.2762E-21  9.9980E-01
       2.1886E+02  8.2375E+14  9.9980E-01  2.0183E-09 -1.2272E-19  9.9980E-01
       2.1895E+02  8.0779E+14  9.9981E-01  4.9802E-09 -4.7224E-21  9.9981E-01
       2.1903E+02  7.9007E+14  9.9981E-01 -1.2451E-09  1.1588E-19  9.9981E-01
       2.1912E+02  7.7059E+14  9.9982E-01  8.3634E-11 -4.0841E-20  9.9982E-01
       2.1920E+02  7.4939E+14  9.9982E-01 -2.5064E-09 -4.0723E-20  9.9982E-01
       2.1929E+02  7.2654E+14  9.9983E-01  3.7269E-09  7.6133E-20  9.9983E-01
       2.1937E+02  7.0212E+14  9.9983E-01 -8.3240E-10  3.2599E-20  9.9983E-01
       2.1946E+02  6.7626E+14  9.9983E-01  2.6748E-09  1.1282E-20  9.9983E-01
       2.1954E+02  6.4907E+14  9.9983E-01 -3.8598E-09  1.0285E-20  9.9983E-01
       2.1963E+02  6.2073E+14  9.9983E-01  5.2819E-09  4.4555E-20  9.9983E-01
       2.1971E+02  5.9138E+14  9.9983E-01  1.1014E-09  9.6757E-20  9.9983E-01
       2.1980E+02  5.6124E+14  9.9983E-01 -4.2300E-09 -6.9668E-20  9.9983E-01
       2.1988E+02  5.3049E+14  9.9982E-01  4.0657E-10  2.6966E-21  9.9982E-01
       2.1996E+02  4.9934E+14  9.9982E-01 -4.8564E-09 -1.1841E-19  9.9982E-01
       2.2005E+02  4.6802E+14  9.9981E-01 -1.2101E-09 -1.6301E-20  9.9981E-01
       2.2013E+02  4.3674E+14  9.9981E-01  2.8814E-09  3.4938E-20  9.9981E-01
       2.2022E+02  4.0571E+14  9.9980E-01  3.0983E-09 -1.3986E-19  9.9980E-01
       2.2030E+02  3.7515E+14  9.9979E-01  2.3646E-09  4.8300E-20  9.9979E-01
       2.2039E+02  3.4527E+14  9.9978E-01  6.7034E-10  1.2429E-19  9.9978E-01
       2.2047E+02  3.1626E+14  9.9976E-01 -8.2498E-10  2.4124E-20  9.9976E-01
       2.2056E+02  2.8829E+14  9.9975E-01  6.8411E-10 -3.6388E-20  9.9975E-01
       2.2064E+02  2.6154E+14  9.9973E-01 -9.7075E-10 -1.5680E-19  9.9973E-01
       2.2073E+02  2.3613E+14  9.9970E-01 -2.9457E-09 -6.4620E-20  9.9970E-01
       2.2081E+02  2.1220E+14  9.9968E-01 -2.2226E-10  2.2471E-20  9.9968E-01
       2.2090E+02  1.8985E+14  9.9964E-01 -4.2064E-09  6.0280E-20  9.9964E-01
       2.2098E+02  1.6914E+14  9.9961E-01 -9.6719E-10 -5.6383E-21  9.9961E-01
       2.2106E+02  1.5013E+14  9.9957E-01 -1.0281E-09 -1.2069E-19  9.9957E-01
       2.2115E+02  1.3285E+14  9.9952E-01 -1.7569E-09 -1.0768E-19  9.9952E-01
       2.2123E+02  1.1729E+14  9.9946E-01  2.3382E-09  1.3822E-19  9.9946E-01
       2.2132E+02  1.0344E+14  9.9940E-01  3.8336E-09 -2.9502E-19  9.9940E-01
       2.2140E+02  9.1257E+13  9.9933E-01 -5.1517E-11  1.3585E-19  9.9933E-01
       2.2149E+02  8.0673E+13  9.9925E-01  5.1107E-09  5.5561E-19  9.9925E-01
       2.2157E+02  7.1611E+13  9.9917E-01  4.8416E-09 -1.3317E-19  9.9917E-01
       2.2166E+02  6.3976E+13  9.9908E-01  2.8315E-10 -4.4720E-20  9.9908E-01
       2.2174E+02  5.7660E+13  9.9900E-01 -2.6783E-10  4.4657E-19  9.9900E-01
       2.2183E+02  5.2544E+13  9.9891E-01  8.7706E-10 -1.4520E-19  9.9891E-01
       2.2191E+02  4.8503E+13  9.9884E-01  1.6221E-09  5.8987E-20  9.9884E-01
       2.2200E+02  4.5407E+13  9.9878E-01 -2.7409E-09  3.7805E-19  9.9878E-01
       2.2208E+02  4.3125E+13  9.9873E-01 -1.4651E-09  1.5480E-19  9.9873E-01


      Photon energy [eV] or wavelength [nm] for selected point
      of pinhole, S0, S1/S0, S2/S0, S3/S0, P of
      STOKES vector per unit area [m**2]:


           Observation point (x,y,z) [m]:
              10.0000000       0.00000000       0.00000000    

       2.1531E+02  1.5779E+19  1.0000E+00  0.0000E+00  0.0000E+00  1.0000E+00
       2.1539E+02  2.0118E+19  1.0000E+00  0.0000E+00  0.0000E+00  1.0000E+00
       2.1548E+02  2.4790E+19  1.0000E+00  0.0000E+00  0.0000E+00  1.0000E+00
       2.1556E+02  2.9662E+19  1.0000E+00  0.0000E+00  0.0000E+00  1.0000E+00
       2.1565E+02  3.4582E+19  1.0000E+00  0.0000E+00  0.0000E+00  1.0000E+00
       2.1573E+02  3.9385E+19  1.0000E+00  0.0000E+00  0.0000E+00  1.0000E+00
       2.1582E+02  4.3901E+19  1.0000E+00  0.0000E+00  0.0000E+00  1.0000E+00
       2.1590E+02  4.7959E+19  1.0000E+00  0.0000E+00  0.0000E+00  1.0000E+00
       2.1599E+02  5.1394E+19  1.0000E+00  0.0000E+00  0.0000E+00  1.0000E+00
       2.1607E+02  5.4054E+19  1.0000E+00  0.0000E+00  0.0000E+00  1.0000E+00
       2.1616E+02  5.5805E+19  1.0000E+00  0.0000E+00  0.0000E+00  1.0000E+00
       2.1624E+02  5.6543E+19  1.0000E+00  0.0000E+00  0.0000E+00  1.0000E+00
       2.1633E+02  5.6196E+19  1.0000E+00  0.0000E+00  0.0000E+00  1.0000E+00
       2.1641E+02  5.4733E+19  1.0000E+00  0.0000E+00  0.0000E+00  1.0000E+00
       2.1649E+02  5.2166E+19  1.0000E+00  0.0000E+00  0.0000E+00  1.0000E+00
       2.1658E+02  4.8558E+19  1.0000E+00  0.0000E+00  0.0000E+00  1.0000E+00
       2.1666E+02  4.4023E+19  1.0000E+00  0.0000E+00  0.0000E+00  1.0000E+00
       2.1675E+02  3.8730E+19  1.0000E+00  0.0000E+00  0.0000E+00  1.0000E+00
       2.1683E+02  3.2900E+19  1.0000E+00  0.0000E+00  0.0000E+00  1.0000E+00
       2.1692E+02  2.6809E+19  1.0000E+00  0.0000E+00  0.0000E+00  1.0000E+00
       2.1700E+02  2.0780E+19  1.0000E+00  0.0000E+00  0.0000E+00  1.0000E+00
       2.1709E+02  1.5182E+19  1.0000E+00  0.0000E+00  0.0000E+00  1.0000E+00
       2.1717E+02  1.0420E+19  1.0000E+00  0.0000E+00  0.0000E+00  1.0000E+00
       2.1726E+02  6.9301E+18  1.0000E+00  0.0000E+00  0.0000E+00  1.0000E+00
       2.1734E+02  5.1686E+18  1.0000E+00  0.0000E+00  0.0000E+00  1.0000E+00
       2.1743E+02  5.6014E+18  1.0000E+00  0.0000E+00  0.0000E+00  1.0000E+00
       2.1751E+02  8.6924E+18  1.0000E+00  0.0000E+00  0.0000E+00  1.0000E+00
       2.1759E+02  1.4892E+19  1.0000E+00  0.0000E+00  0.0000E+00  1.0000E+00
       2.1768E+02  2.4622E+19  1.0000E+00  0.0000E+00  0.0000E+00  1.0000E+00
       2.1776E+02  3.8267E+19  1.0000E+00  0.0000E+00  0.0000E+00  1.0000E+00
       2.1785E+02  5.6159E+19  1.0000E+00  0.0000E+00  0.0000E+00  1.0000E+00
       2.1793E+02  7.8566E+19  1.0000E+00  0.0000E+00  0.0000E+00  1.0000E+00
       2.1802E+02  1.0568E+20  1.0000E+00  0.0000E+00  0.0000E+00  1.0000E+00
       2.1810E+02  1.3761E+20  1.0000E+00  0.0000E+00  0.0000E+00  1.0000E+00
       2.1819E+02  1.7439E+20  1.0000E+00  0.0000E+00  0.0000E+00  1.0000E+00
       2.1827E+02  2.1591E+20  1.0000E+00  0.0000E+00  0.0000E+00  1.0000E+00
       2.1836E+02  2.6201E+20  1.0000E+00  0.0000E+00  0.0000E+00  1.0000E+00
       2.1844E+02  3.1241E+20  1.0000E+00  0.0000E+00  0.0000E+00  1.0000E+00
       2.1853E+02  3.6670E+20  1.0000E+00  0.0000E+00  0.0000E+00  1.0000E+00
       2.1861E+02  4.2442E+20  1.0000E+00  0.0000E+00  0.0000E+00  1.0000E+00
       2.1870E+02  4.8497E+20  1.0000E+00  0.0000E+00  0.0000E+00  1.0000E+00
       2.1878E+02  5.4770E+20  1.0000E+00  0.0000E+00  0.0000E+00  1.0000E+00
       2.1886E+02  6.1186E+20  1.0000E+00  0.0000E+00  0.0000E+00  1.0000E+00
       2.1895E+02  6.7666E+20  1.0000E+00  0.0000E+00  0.0000E+00  1.0000E+00
       2.1903E+02  7.4124E+20  1.0000E+00  0.0000E+00  0.0000E+00  1.0000E+00
       2.1912E+02  8.0472E+20  1.0000E+00  0.0000E+00  0.0000E+00  1.0000E+00
       2.1920E+02  8.6621E+20  1.0000E+00  0.0000E+00  0.0000E+00  1.0000E+00
       2.1929E+02  9.2481E+20  1.0000E+00  0.0000E+00  0.0000E+00  1.0000E+00
       2.1937E+02  9.7964E+20  1.0000E+00  0.0000E+00  0.0000E+00  1.0000E+00
       2.1946E+02  1.0299E+21  1.0000E+00  0.0000E+00  0.0000E+00  1.0000E+00
       2.1954E+02  1.0747E+21  1.0000E+00  0.0000E+00  0.0000E+00  1.0000E+00
       2.1963E+02  1.1135E+21  1.0000E+00  0.0000E+00  0.0000E+00  1.0000E+00
       2.1971E+02  1.1456E+21  1.0000E+00  0.0000E+00  0.0000E+00  1.0000E+00
       2.1980E+02  1.1705E+21  1.0000E+00  0.0000E+00  0.0000E+00  1.0000E+00
       2.1988E+02  1.1877E+21  1.0000E+00  0.0000E+00  0.0000E+00  1.0000E+00
       2.1996E+02  1.1970E+21  1.0000E+00  0.0000E+00  0.0000E+00  1.0000E+00
       2.2005E+02  1.1982E+21  1.0000E+00  0.0000E+00  0.0000E+00  1.0000E+00
       2.2013E+02  1.1914E+21  1.0000E+00  0.0000E+00  0.0000E+00  1.0000E+00
       2.2022E+02  1.1765E+21  1.0000E+00  0.0000E+00  0.0000E+00  1.0000E+00
       2.2030E+02  1.1539E+21  1.0000E+00  0.0000E+00  0.0000E+00  1.0000E+00
       2.2039E+02  1.1240E+21  1.0000E+00  0.0000E+00  0.0000E+00  1.0000E+00
       2.2047E+02  1.0870E+21  1.0000E+00  0.0000E+00  0.0000E+00  1.0000E+00
       2.2056E+02  1.0438E+21  1.0000E+00  0.0000E+00  0.0000E+00  1.0000E+00
       2.2064E+02  9.9491E+20  1.0000E+00  0.0000E+00  0.0000E+00  1.0000E+00
       2.2073E+02  9.4112E+20  1.0000E+00  0.0000E+00  0.0000E+00  1.0000E+00
       2.2081E+02  8.8325E+20  1.0000E+00  0.0000E+00  0.0000E+00  1.0000E+00
       2.2090E+02  8.2218E+20  1.0000E+00  0.0000E+00  0.0000E+00  1.0000E+00
       2.2098E+02  7.5880E+20  1.0000E+00  0.0000E+00  0.0000E+00  1.0000E+00
       2.2106E+02  6.9402E+20  1.0000E+00  0.0000E+00  0.0000E+00  1.0000E+00
       2.2115E+02  6.2875E+20  1.0000E+00  0.0000E+00  0.0000E+00  1.0000E+00
       2.2123E+02  5.6385E+20  1.0000E+00  0.0000E+00  0.0000E+00  1.0000E+00
       2.2132E+02  5.0017E+20  1.0000E+00  0.0000E+00  0.0000E+00  1.0000E+00
       2.2140E+02  4.3848E+20  1.0000E+00  0.0000E+00  0.0000E+00  1.0000E+00
       2.2149E+02  3.7948E+20  1.0000E+00  0.0000E+00  0.0000E+00  1.0000E+00
       2.2157E+02  3.2380E+20  1.0000E+00  0.0000E+00  0.0000E+00  1.0000E+00
       2.2166E+02  2.7197E+20  1.0000E+00  0.0000E+00  0.0000E+00  1.0000E+00
       2.2174E+02  2.2441E+20  1.0000E+00  0.0000E+00  0.0000E+00  1.0000E+00
       2.2183E+02  1.8146E+20  1.0000E+00  0.0000E+00  0.0000E+00  1.0000E+00
       2.2191E+02  1.4334E+20  1.0000E+00  0.0000E+00  0.0000E+00  1.0000E+00
       2.2200E+02  1.1015E+20  1.0000E+00  0.0000E+00  0.0000E+00  1.0000E+00
       2.2208E+02  8.1920E+19  1.0000E+00  0.0000E+00  0.0000E+00  1.0000E+00

       Total absolut maxima found for Stokes-V. (z,y,Eph,fluxdens.)

        0.0000E+00  0.0000E+00  2.2005E+02  1.1982E+21
        0.0000E+00  0.0000E+00  2.2005E+02  1.1982E+21
       -5.1429E-04 -4.8571E-04  2.1531E+02  6.0034E+19
        5.4286E-04  4.8571E-04  2.1531E+02  1.5999E+19


       Estimated maxima of s0, s1, s2 ,s3 for selected point:
          220.019699       1.19872128E+21
          220.019699       1.19872100E+21
          0.00000000       0.00000000    
          0.00000000       0.00000000    


       Estimated maximum of s3*s3/s0 for selected point:
          0.00000000       0.00000000    


       Estimated maxima of fluxes s0, s1, s2 ,s3:
          217.853333       8.98340057E+14
          217.855453       8.98048939E+14
          215.735641       4565848.00    
          218.529999       1.77791138E-04


       Estimated maxima of fluxes s3*s3/s0:
          218.526474       3.61549878E-23



      Brilliance calculations:
      (only meaningful for undulators)

      sigr=sqrt(2*lambda*L)/2/pi*sigrc and 
      sigrp=sqrt(lambda/2/L)*sigrpc

       sigrc,sigrpc:   1.0000000000000000        1.0000000000000000     

      make sure that the device length agrees to the length
      of the trajectory
      (for rec-fields rangrec and rangpm are substracted by program)

      Observation point:

         10.0000000       0.00000000       0.00000000    

      considered device length [m]:   4.14960003    


      Brilliance [photons/sec/BW/mm**2/mrad**2]

          215.31        0.20745E+18    0.20745E+18     0.0000         0.0000    
          215.39        0.26460E+18    0.26460E+18     0.0000         0.0000    
          215.48        0.32618E+18    0.32618E+18     0.0000         0.0000    
          215.56        0.39044E+18    0.39044E+18     0.0000         0.0000    
          215.65        0.45537E+18    0.45537E+18     0.0000         0.0000    
          215.73        0.51882E+18    0.51882E+18     0.0000         0.0000    
          215.82        0.57854E+18    0.57854E+18     0.0000         0.0000    
          215.90        0.63227E+18    0.63227E+18     0.0000         0.0000    
          215.99        0.67782E+18    0.67782E+18     0.0000         0.0000    
          216.07        0.71317E+18    0.71317E+18     0.0000         0.0000    
          216.16        0.73656E+18    0.73656E+18     0.0000         0.0000    
          216.24        0.74660E+18    0.74660E+18     0.0000         0.0000    
          216.33        0.74231E+18    0.74231E+18     0.0000         0.0000    
          216.41        0.72327E+18    0.72327E+18     0.0000         0.0000    
          216.49        0.68962E+18    0.68962E+18     0.0000         0.0000    
          216.58        0.64217E+18    0.64217E+18     0.0000         0.0000    
          216.66        0.58242E+18    0.58242E+18     0.0000         0.0000    
          216.75        0.51259E+18    0.51259E+18     0.0000         0.0000    
          216.83        0.43561E+18    0.43561E+18     0.0000         0.0000    
          216.92        0.35510E+18    0.35510E+18     0.0000         0.0000    
          217.00        0.27535E+18    0.27535E+18     0.0000         0.0000    
          217.09        0.20125E+18    0.20125E+18     0.0000         0.0000    
          217.17        0.13818E+18    0.13818E+18     0.0000         0.0000    
          217.26        0.91935E+17    0.91935E+17     0.0000         0.0000    
          217.34        0.68594E+17    0.68594E+17     0.0000         0.0000    
          217.43        0.74367E+17    0.74367E+17     0.0000         0.0000    
          217.51        0.11545E+18    0.11545E+18     0.0000         0.0000    
          217.59        0.19786E+18    0.19786E+18     0.0000         0.0000    
          217.68        0.32727E+18    0.32727E+18     0.0000         0.0000    
          217.76        0.50884E+18    0.50884E+18     0.0000         0.0000    
          217.85        0.74704E+18    0.74704E+18     0.0000         0.0000    
          217.93        0.10455E+19    0.10455E+19     0.0000         0.0000    
          218.02        0.14069E+19    0.14069E+19     0.0000         0.0000    
          218.10        0.18327E+19    0.18327E+19     0.0000         0.0000    
          218.19        0.23233E+19    0.23233E+19     0.0000         0.0000    
          218.27        0.28777E+19    0.28777E+19     0.0000         0.0000    
          218.36        0.34935E+19    0.34935E+19     0.0000         0.0000    
          218.44        0.41670E+19    0.41670E+19     0.0000         0.0000    
          218.53        0.48932E+19    0.48932E+19     0.0000         0.0000    
          218.61        0.56655E+19    0.56655E+19     0.0000         0.0000    
          218.70        0.64763E+19    0.64763E+19     0.0000         0.0000    
          218.78        0.73168E+19    0.73168E+19     0.0000         0.0000    
          218.86        0.81771E+19    0.81771E+19     0.0000         0.0000    
          218.95        0.90466E+19    0.90466E+19     0.0000         0.0000    
          219.03        0.99138E+19    0.99138E+19     0.0000         0.0000    
          219.12        0.10767E+20    0.10767E+20     0.0000         0.0000    
          219.20        0.11594E+20    0.11594E+20     0.0000         0.0000    
          219.29        0.12383E+20    0.12383E+20     0.0000         0.0000    
          219.37        0.13123E+20    0.13123E+20     0.0000         0.0000    
          219.46        0.13801E+20    0.13801E+20     0.0000         0.0000    
          219.54        0.14408E+20    0.14408E+20     0.0000         0.0000    
          219.63        0.14933E+20    0.14933E+20     0.0000         0.0000    
          219.71        0.15369E+20    0.15369E+20     0.0000         0.0000    
          219.80        0.15709E+20    0.15709E+20     0.0000         0.0000    
          219.88        0.15946E+20    0.15946E+20     0.0000         0.0000    
          219.96        0.16077E+20    0.16077E+20     0.0000         0.0000    
          220.05        0.16100E+20    0.16100E+20     0.0000         0.0000    
          220.13        0.16014E+20    0.16014E+20     0.0000         0.0000    
          220.22        0.15821E+20    0.15821E+20     0.0000         0.0000    
          220.30        0.15523E+20    0.15523E+20     0.0000         0.0000    
          220.39        0.15125E+20    0.15125E+20     0.0000         0.0000    
          220.47        0.14634E+20    0.14634E+20     0.0000         0.0000    
          220.56        0.14058E+20    0.14058E+20     0.0000         0.0000    
          220.64        0.13404E+20    0.13404E+20     0.0000         0.0000    
          220.73        0.12684E+20    0.12684E+20     0.0000         0.0000    
          220.81        0.11909E+20    0.11909E+20     0.0000         0.0000    
          220.90        0.11090E+20    0.11090E+20     0.0000         0.0000    
          220.98        0.10239E+20    0.10239E+20     0.0000         0.0000    
          221.06        0.93683E+19    0.93683E+19     0.0000         0.0000    
          221.15        0.84904E+19    0.84904E+19     0.0000         0.0000    
          221.23        0.76170E+19    0.76170E+19     0.0000         0.0000    
          221.32        0.67593E+19    0.67593E+19     0.0000         0.0000    
          221.40        0.59279E+19    0.59279E+19     0.0000         0.0000    
          221.49        0.51323E+19    0.51323E+19     0.0000         0.0000    
          221.57        0.43809E+19    0.43809E+19     0.0000         0.0000    
          221.66        0.36810E+19    0.36810E+19     0.0000         0.0000    
          221.74        0.30385E+19    0.30385E+19     0.0000         0.0000    
          221.83        0.24579E+19    0.24579E+19     0.0000         0.0000    
          221.91        0.19423E+19    0.19423E+19     0.0000         0.0000    
          222.00        0.14932E+19    0.14932E+19     0.0000         0.0000    
          222.08        0.11109E+19    0.11109E+19     0.0000         0.0000    


      estimated brilliance maxima, flux and flux-density of S0, S1, S2, S3:

          220.02        0.16105E+20    0.51142E+15    0.11987E+18
          220.02        0.16105E+20    0.51142E+15    0.11987E+18
          0.0000         0.0000         0.0000         0.0000    
          0.0000         0.0000         0.0000         0.0000    

      estimated brilliance maximum of S3*S3/S0:

          0.0000         0.0000    

      ---> flag IFOLD is not set, emittance effects are estimated
      from horizontal beam size [mm] and divergence [mrad]: 
         2.16000000E-04   2.47999997E-05
      vertical beam size [mm] and divergence [mrad]: 
         1.87000005E-05   4.29000011E-06


      Brilliance [photons/sec/BW/mm**2/mrad**2] with emittance

          215.31        0.20883E+17    0.20883E+17     0.0000         0.0000    
          215.39        0.26626E+17    0.26626E+17     0.0000         0.0000    
          215.48        0.32813E+17    0.32813E+17     0.0000         0.0000    
          215.56        0.39263E+17    0.39263E+17     0.0000         0.0000    
          215.65        0.45778E+17    0.45778E+17     0.0000         0.0000    
          215.73        0.52139E+17    0.52139E+17     0.0000         0.0000    
          215.82        0.58121E+17    0.58121E+17     0.0000         0.0000    
          215.90        0.63498E+17    0.63498E+17     0.0000         0.0000    
          215.99        0.68050E+17    0.68050E+17     0.0000         0.0000    
          216.07        0.71575E+17    0.71575E+17     0.0000         0.0000    
          216.16        0.73899E+17    0.73899E+17     0.0000         0.0000    
          216.24        0.74881E+17    0.74881E+17     0.0000         0.0000    
          216.33        0.74426E+17    0.74426E+17     0.0000         0.0000    
          216.41        0.72492E+17    0.72492E+17     0.0000         0.0000    
          216.49        0.69097E+17    0.69097E+17     0.0000         0.0000    
          216.58        0.64322E+17    0.64322E+17     0.0000         0.0000    
          216.66        0.58318E+17    0.58318E+17     0.0000         0.0000    
          216.75        0.51309E+17    0.51309E+17     0.0000         0.0000    
          216.83        0.43588E+17    0.43588E+17     0.0000         0.0000    
          216.92        0.35520E+17    0.35520E+17     0.0000         0.0000    
          217.00        0.27534E+17    0.27534E+17     0.0000         0.0000    
          217.09        0.20117E+17    0.20117E+17     0.0000         0.0000    
          217.17        0.13808E+17    0.13808E+17     0.0000         0.0000    
          217.26        0.91841E+16    0.91841E+16     0.0000         0.0000    
          217.34        0.68502E+16    0.68502E+16     0.0000         0.0000    
          217.43        0.74242E+16    0.74242E+16     0.0000         0.0000    
          217.51        0.11522E+17    0.11522E+17     0.0000         0.0000    
          217.59        0.19740E+17    0.19740E+17     0.0000         0.0000    
          217.68        0.32640E+17    0.32640E+17     0.0000         0.0000    
          217.76        0.50731E+17    0.50731E+17     0.0000         0.0000    
          217.85        0.74455E+17    0.74455E+17     0.0000         0.0000    
          217.93        0.10417E+18    0.10417E+18     0.0000         0.0000    
          218.02        0.14013E+18    0.14013E+18     0.0000         0.0000    
          218.10        0.18248E+18    0.18248E+18     0.0000         0.0000    
          218.19        0.23125E+18    0.23125E+18     0.0000         0.0000    
          218.27        0.28634E+18    0.28634E+18     0.0000         0.0000    
          218.36        0.34750E+18    0.34750E+18     0.0000         0.0000    
          218.44        0.41436E+18    0.41436E+18     0.0000         0.0000    
          218.53        0.48640E+18    0.48640E+18     0.0000         0.0000    
          218.61        0.56299E+18    0.56299E+18     0.0000         0.0000    
          218.70        0.64335E+18    0.64335E+18     0.0000         0.0000    
          218.78        0.72660E+18    0.72660E+18     0.0000         0.0000    
          218.86        0.81177E+18    0.81177E+18     0.0000         0.0000    
          218.95        0.89779E+18    0.89779E+18     0.0000         0.0000    
          219.03        0.98353E+18    0.98353E+18     0.0000         0.0000    
          219.12        0.10678E+19    0.10678E+19     0.0000         0.0000    
          219.20        0.11495E+19    0.11495E+19     0.0000         0.0000    
          219.29        0.12273E+19    0.12273E+19     0.0000         0.0000    
          219.37        0.13002E+19    0.13002E+19     0.0000         0.0000    
          219.46        0.13669E+19    0.13669E+19     0.0000         0.0000    
          219.54        0.14265E+19    0.14265E+19     0.0000         0.0000    
          219.63        0.14781E+19    0.14781E+19     0.0000         0.0000    
          219.71        0.15208E+19    0.15208E+19     0.0000         0.0000    
          219.80        0.15538E+19    0.15538E+19     0.0000         0.0000    
          219.88        0.15768E+19    0.15768E+19     0.0000         0.0000    
          219.96        0.15892E+19    0.15892E+19     0.0000         0.0000    
          220.05        0.15910E+19    0.15910E+19     0.0000         0.0000    
          220.13        0.15820E+19    0.15820E+19     0.0000         0.0000    
          220.22        0.15624E+19    0.15624E+19     0.0000         0.0000    
          220.30        0.15324E+19    0.15324E+19     0.0000         0.0000    
          220.39        0.14927E+19    0.14927E+19     0.0000         0.0000    
          220.47        0.14438E+19    0.14438E+19     0.0000         0.0000    
          220.56        0.13864E+19    0.13864E+19     0.0000         0.0000    
          220.64        0.13215E+19    0.13215E+19     0.0000         0.0000    
          220.73        0.12502E+19    0.12502E+19     0.0000         0.0000    
          220.81        0.11734E+19    0.11734E+19     0.0000         0.0000    
          220.90        0.10923E+19    0.10923E+19     0.0000         0.0000    
          220.98        0.10081E+19    0.10081E+19     0.0000         0.0000    
          221.06        0.92213E+18    0.92213E+18     0.0000         0.0000    
          221.15        0.83545E+18    0.83545E+18     0.0000         0.0000    
          221.23        0.74926E+18    0.74926E+18     0.0000         0.0000    
          221.32        0.66467E+18    0.66467E+18     0.0000         0.0000    
          221.40        0.58272E+18    0.58272E+18     0.0000         0.0000    
          221.49        0.50435E+18    0.50435E+18     0.0000         0.0000    
          221.57        0.43037E+18    0.43037E+18     0.0000         0.0000    
          221.66        0.36150E+18    0.36150E+18     0.0000         0.0000    
          221.74        0.29830E+18    0.29830E+18     0.0000         0.0000    
          221.83        0.24123E+18    0.24123E+18     0.0000         0.0000    
          221.91        0.19055E+18    0.19055E+18     0.0000         0.0000    
          222.00        0.14645E+18    0.14645E+18     0.0000         0.0000    
          222.08        0.10892E+18    0.10892E+18     0.0000         0.0000    


      estimated brilliance maxima, flux and flux-density of S0, S1, S2, S3
      with emittance:

          220.02        0.15916E+19    0.51142E+15    0.85679E+17
          220.02        0.15916E+19    0.51142E+15    0.85679E+17
          0.0000         0.0000         0.0000         0.0000    
          0.0000         0.0000         0.0000         0.0000    

      estimated brilliance maximum of S3*S3/S0 with emittance:

          0.0000         0.0000    

      corresponding sigmas of source size [mm]
      and divergence [mrad] without and with emittance
      (including corr. factors sigrc,sigrpc):

      L/mm, lambda/mm:    4149.60010       5.63523145E-06
      without emit.:    3.44186723E-02   2.60578003E-02
         with emit.:    9.25612673E-02   3.08219567E-02
         (sigrf**2 = sigrxf*sigryf)


      LAST CHECK:

           BMAXGL:  0.38673418325311770     

           XBMAXGL:  -2.0501000016282132     
           YBMAXGL:   0.0000000000000000     
           ZBMAXGL:  -4.1621489598453056E-006


      CURRENT NUMBER:         266


                     --- Program WAVE completed ---



                                                   20:21:56 29.01.16

